
**************************************************
*         .-~*~~~*~-.                           *
*        .-~~~~~~~~~-.                           *
*       /  X       X  \                          *
*      |    .-----.    |                         *
*       \  '_______'  /                          *
*        `-.........-'                           *
* *  ____   ___  ____ ____                       *
*   |  _ \ / _ \_   _| __ )                      *
*   | | | | | | || | |  _ \                      *
*   | |_| | |_| || | | |_) |                     *
*   |____/ \___/ |_| |____/                      *
* *
*   Discrete Ordinate with Two Braincells        *
**************************************************
    
mini3x3-pin-cart	2 group
S-16	 quad set, 	 mesh refinement: 16

iteration 	 keff 	 	 error 	 	 iteration 
1	 	0.36887132	 	-1.71097248	 	100
2	 	0.36851430	 	-0.00096881	 	100
3	 	0.36850764	 	-0.00001808	 	100
4	 	0.36850754	 	-0.00000026	 	100
mini3x3-pin-cart  refinement = 16 S-16 keff= 0.36850754
flux distribution is saved in the flux_mini3x3-pin-cart.m and .py file script
--- End of calculation ---


**************************************************
*         .-~*~~~*~-.                           *
*        .-~~~~~~~~~-.                           *
*       /  X       X  \                          *
*      |    .-----.    |                         *
*       \  '_______'  /                          *
*        `-.........-'                           *
* *  ____   ___  ____ ____                       *
*   |  _ \ / _ \_   _| __ )                      *
*   | | | | | | || | |  _ \                      *
*   | |_| | |_| || | | |_) |                     *
*   |____/ \___/ |_| |____/                      *
* *
*   Discrete Ordinate with Two Braincells        *
**************************************************
    
mini3x3-pin-cart	2 group
S-16	 quad set, 	 mesh refinement: 16

iteration 	 keff 	 	 error 	 	 iteration 
1	 	0.73529302	 	-0.36000203	 	100
2	 	0.73675256	 	0.00198105	 	100
3	 	0.73675632	 	0.00000510	 	100
4	 	0.73675644	 	0.00000016	 	100
mini3x3-pin-cart  refinement = 16 S-16 keff= 0.73675644
flux distribution is saved in the flux_mini3x3-pin-cart.m and .py file script
--- End of calculation ---


**************************************************
*         .-~*~~~*~-.                           *
*        .-~~~~~~~~~-.                           *
*       /  X       X  \                          *
*      |    .-----.    |                         *
*       \  '_______'  /                          *
*        `-.........-'                           *
* *  ____   ___  ____ ____                       *
*   |  _ \ / _ \_   _| __ )                      *
*   | | | | | | || | |  _ \                      *
*   | |_| | |_| || | | |_) |                     *
*   |____/ \___/ |_| |____/                      *
* *
*   Discrete Ordinate with Two Braincells        *
**************************************************
    
mini3x3-pin-cart	2 group
S-32	 quad set, 	 mesh refinement: 16

iteration 	 keff 	 	 error 	 	 iteration 
1	 	0.00000000	 	-inf	 	2
2	 	nan	 	nan	 	1
3	 	nan	 	nan	 	1
4	 	nan	 	nan	 	1
5	 	nan	 	nan	 	1
6	 	nan	 	nan	 	1
7	 	nan	 	nan	 	1
8	 	nan	 	nan	 	1
9	 	nan	 	nan	 	1
10	 	nan	 	nan	 	1
11	 	nan	 	nan	 	1
12	 	nan	 	nan	 	1
13	 	nan	 	nan	 	1
14	 	nan	 	nan	 	1
15	 	nan	 	nan	 	1
16	 	nan	 	nan	 	1
17	 	nan	 	nan	 	1
18	 	nan	 	nan	 	1
19	 	nan	 	nan	 	1
20	 	nan	 	nan	 	1
21	 	nan	 	nan	 	1
22	 	nan	 	nan	 	1
23	 	nan	 	nan	 	1
24	 	nan	 	nan	 	1
25	 	nan	 	nan	 	1
26	 	nan	 	nan	 	1
27	 	nan	 	nan	 	1
28	 	nan	 	nan	 	1
29	 	nan	 	nan	 	1
30	 	nan	 	nan	 	1
31	 	nan	 	nan	 	1
32	 	nan	 	nan	 	1
33	 	nan	 	nan	 	1
34	 	nan	 	nan	 	1
35	 	nan	 	nan	 	1
36	 	nan	 	nan	 	1
37	 	nan	 	nan	 	1
38	 	nan	 	nan	 	1
39	 	nan	 	nan	 	1
40	 	nan	 	nan	 	1
41	 	nan	 	nan	 	1
42	 	nan	 	nan	 	1
43	 	nan	 	nan	 	1
44	 	nan	 	nan	 	1
45	 	nan	 	nan	 	1
46	 	nan	 	nan	 	1
47	 	nan	 	nan	 	1
48	 	nan	 	nan	 	1
49	 	nan	 	nan	 	1
50	 	nan	 	nan	 	1
51	 	nan	 	nan	 	1
52	 	nan	 	nan	 	1
53	 	nan	 	nan	 	1
54	 	nan	 	nan	 	1
55	 	nan	 	nan	 	1
56	 	nan	 	nan	 	1
57	 	nan	 	nan	 	1
58	 	nan	 	nan	 	1
59	 	nan	 	nan	 	1
60	 	nan	 	nan	 	1
61	 	nan	 	nan	 	1
62	 	nan	 	nan	 	1
63	 	nan	 	nan	 	1
64	 	nan	 	nan	 	1
65	 	nan	 	nan	 	1
66	 	nan	 	nan	 	1
67	 	nan	 	nan	 	1
68	 	nan	 	nan	 	1
69	 	nan	 	nan	 	1
70	 	nan	 	nan	 	1
71	 	nan	 	nan	 	1
72	 	nan	 	nan	 	1
73	 	nan	 	nan	 	1
74	 	nan	 	nan	 	1
75	 	nan	 	nan	 	1
76	 	nan	 	nan	 	1
77	 	nan	 	nan	 	1
78	 	nan	 	nan	 	1
79	 	nan	 	nan	 	1
80	 	nan	 	nan	 	1
81	 	nan	 	nan	 	1
82	 	nan	 	nan	 	1
83	 	nan	 	nan	 	1
84	 	nan	 	nan	 	1
85	 	nan	 	nan	 	1
86	 	nan	 	nan	 	1
87	 	nan	 	nan	 	1
88	 	nan	 	nan	 	1
89	 	nan	 	nan	 	1
90	 	nan	 	nan	 	1
91	 	nan	 	nan	 	1
92	 	nan	 	nan	 	1
93	 	nan	 	nan	 	1
94	 	nan	 	nan	 	1
95	 	nan	 	nan	 	1
96	 	nan	 	nan	 	1
97	 	nan	 	nan	 	1
98	 	nan	 	nan	 	1
99	 	nan	 	nan	 	1
100	 	nan	 	nan	 	1
101	 	nan	 	nan	 	1
102	 	nan	 	nan	 	1
103	 	nan	 	nan	 	1
104	 	nan	 	nan	 	1
105	 	nan	 	nan	 	1
106	 	nan	 	nan	 	1
107	 	nan	 	nan	 	1
108	 	nan	 	nan	 	1
109	 	nan	 	nan	 	1
110	 	nan	 	nan	 	1
111	 	nan	 	nan	 	1
112	 	nan	 	nan	 	1
113	 	nan	 	nan	 	1
114	 	nan	 	nan	 	1
115	 	nan	 	nan	 	1
116	 	nan	 	nan	 	1
117	 	nan	 	nan	 	1
118	 	nan	 	nan	 	1
119	 	nan	 	nan	 	1
120	 	nan	 	nan	 	1
121	 	nan	 	nan	 	1
122	 	nan	 	nan	 	1
123	 	nan	 	nan	 	1
124	 	nan	 	nan	 	1
125	 	nan	 	nan	 	1
126	 	nan	 	nan	 	1
127	 	nan	 	nan	 	1
128	 	nan	 	nan	 	1
129	 	nan	 	nan	 	1
130	 	nan	 	nan	 	1
131	 	nan	 	nan	 	1
132	 	nan	 	nan	 	1
133	 	nan	 	nan	 	1
134	 	nan	 	nan	 	1
135	 	nan	 	nan	 	1
136	 	nan	 	nan	 	1
137	 	nan	 	nan	 	1
138	 	nan	 	nan	 	1
139	 	nan	 	nan	 	1
140	 	nan	 	nan	 	1
141	 	nan	 	nan	 	1
142	 	nan	 	nan	 	1
143	 	nan	 	nan	 	1
144	 	nan	 	nan	 	1
145	 	nan	 	nan	 	1
146	 	nan	 	nan	 	1
147	 	nan	 	nan	 	1
148	 	nan	 	nan	 	1
149	 	nan	 	nan	 	1
150	 	nan	 	nan	 	1
151	 	nan	 	nan	 	1
152	 	nan	 	nan	 	1
153	 	nan	 	nan	 	1
154	 	nan	 	nan	 	1
155	 	nan	 	nan	 	1
156	 	nan	 	nan	 	1
157	 	nan	 	nan	 	1
158	 	nan	 	nan	 	1
159	 	nan	 	nan	 	1
160	 	nan	 	nan	 	1
161	 	nan	 	nan	 	1
162	 	nan	 	nan	 	1
163	 	nan	 	nan	 	1
164	 	nan	 	nan	 	1
165	 	nan	 	nan	 	1
166	 	nan	 	nan	 	1
167	 	nan	 	nan	 	1
168	 	nan	 	nan	 	1
169	 	nan	 	nan	 	1
170	 	nan	 	nan	 	1
171	 	nan	 	nan	 	1
172	 	nan	 	nan	 	1
173	 	nan	 	nan	 	1
174	 	nan	 	nan	 	1
175	 	nan	 	nan	 	1
176	 	nan	 	nan	 	1
177	 	nan	 	nan	 	1
178	 	nan	 	nan	 	1
179	 	nan	 	nan	 	1
180	 	nan	 	nan	 	1
181	 	nan	 	nan	 	1
182	 	nan	 	nan	 	1
183	 	nan	 	nan	 	1
184	 	nan	 	nan	 	1
185	 	nan	 	nan	 	1
186	 	nan	 	nan	 	1
187	 	nan	 	nan	 	1
188	 	nan	 	nan	 	1
189	 	nan	 	nan	 	1
190	 	nan	 	nan	 	1
191	 	nan	 	nan	 	1
192	 	nan	 	nan	 	1
193	 	nan	 	nan	 	1
194	 	nan	 	nan	 	1
195	 	nan	 	nan	 	1
196	 	nan	 	nan	 	1
197	 	nan	 	nan	 	1
198	 	nan	 	nan	 	1
199	 	nan	 	nan	 	1
200	 	nan	 	nan	 	1
201	 	nan	 	nan	 	1
202	 	nan	 	nan	 	1
203	 	nan	 	nan	 	1
204	 	nan	 	nan	 	1
205	 	nan	 	nan	 	1
206	 	nan	 	nan	 	1
207	 	nan	 	nan	 	1
208	 	nan	 	nan	 	1
209	 	nan	 	nan	 	1
210	 	nan	 	nan	 	1
211	 	nan	 	nan	 	1
212	 	nan	 	nan	 	1
213	 	nan	 	nan	 	1
214	 	nan	 	nan	 	1
215	 	nan	 	nan	 	1
216	 	nan	 	nan	 	1
217	 	nan	 	nan	 	1
218	 	nan	 	nan	 	1
219	 	nan	 	nan	 	1
220	 	nan	 	nan	 	1
221	 	nan	 	nan	 	1
222	 	nan	 	nan	 	1
223	 	nan	 	nan	 	1
224	 	nan	 	nan	 	1
225	 	nan	 	nan	 	1
226	 	nan	 	nan	 	1
227	 	nan	 	nan	 	1
228	 	nan	 	nan	 	1
229	 	nan	 	nan	 	1
230	 	nan	 	nan	 	1
231	 	nan	 	nan	 	1
232	 	nan	 	nan	 	1
233	 	nan	 	nan	 	1
234	 	nan	 	nan	 	1
235	 	nan	 	nan	 	1
236	 	nan	 	nan	 	1
237	 	nan	 	nan	 	1
238	 	nan	 	nan	 	1
239	 	nan	 	nan	 	1
240	 	nan	 	nan	 	1
241	 	nan	 	nan	 	1
242	 	nan	 	nan	 	1
243	 	nan	 	nan	 	1
244	 	nan	 	nan	 	1
245	 	nan	 	nan	 	1
246	 	nan	 	nan	 	1
247	 	nan	 	nan	 	1
248	 	nan	 	nan	 	1
249	 	nan	 	nan	 	1
250	 	nan	 	nan	 	1
251	 	nan	 	nan	 	1
252	 	nan	 	nan	 	1
253	 	nan	 	nan	 	1
254	 	nan	 	nan	 	1
255	 	nan	 	nan	 	1
256	 	nan	 	nan	 	1
257	 	nan	 	nan	 	1
258	 	nan	 	nan	 	1
259	 	nan	 	nan	 	1
260	 	nan	 	nan	 	1
261	 	nan	 	nan	 	1
262	 	nan	 	nan	 	1
263	 	nan	 	nan	 	1
264	 	nan	 	nan	 	1
265	 	nan	 	nan	 	1
266	 	nan	 	nan	 	1
267	 	nan	 	nan	 	1
268	 	nan	 	nan	 	1
269	 	nan	 	nan	 	1
270	 	nan	 	nan	 	1
271	 	nan	 	nan	 	1
272	 	nan	 	nan	 	1
273	 	nan	 	nan	 	1
274	 	nan	 	nan	 	1
275	 	nan	 	nan	 	1
276	 	nan	 	nan	 	1
277	 	nan	 	nan	 	1
278	 	nan	 	nan	 	1
279	 	nan	 	nan	 	1
280	 	nan	 	nan	 	1
281	 	nan	 	nan	 	1
282	 	nan	 	nan	 	1
283	 	nan	 	nan	 	1
284	 	nan	 	nan	 	1
285	 	nan	 	nan	 	1
286	 	nan	 	nan	 	1
287	 	nan	 	nan	 	1
288	 	nan	 	nan	 	1
289	 	nan	 	nan	 	1
290	 	nan	 	nan	 	1
291	 	nan	 	nan	 	1
292	 	nan	 	nan	 	1
293	 	nan	 	nan	 	1
294	 	nan	 	nan	 	1
295	 	nan	 	nan	 	1
296	 	nan	 	nan	 	1
297	 	nan	 	nan	 	1
298	 	nan	 	nan	 	1
299	 	nan	 	nan	 	1
300	 	nan	 	nan	 	1
301	 	nan	 	nan	 	1
302	 	nan	 	nan	 	1
303	 	nan	 	nan	 	1
304	 	nan	 	nan	 	1
305	 	nan	 	nan	 	1
306	 	nan	 	nan	 	1
307	 	nan	 	nan	 	1
308	 	nan	 	nan	 	1
309	 	nan	 	nan	 	1
310	 	nan	 	nan	 	1
311	 	nan	 	nan	 	1
312	 	nan	 	nan	 	1
313	 	nan	 	nan	 	1
314	 	nan	 	nan	 	1
315	 	nan	 	nan	 	1
316	 	nan	 	nan	 	1
317	 	nan	 	nan	 	1
318	 	nan	 	nan	 	1
319	 	nan	 	nan	 	1
320	 	nan	 	nan	 	1
321	 	nan	 	nan	 	1
322	 	nan	 	nan	 	1
323	 	nan	 	nan	 	1
324	 	nan	 	nan	 	1
325	 	nan	 	nan	 	1
326	 	nan	 	nan	 	1
327	 	nan	 	nan	 	1
328	 	nan	 	nan	 	1
329	 	nan	 	nan	 	1
330	 	nan	 	nan	 	1
331	 	nan	 	nan	 	1
332	 	nan	 	nan	 	1
333	 	nan	 	nan	 	1
334	 	nan	 	nan	 	1
335	 	nan	 	nan	 	1
336	 	nan	 	nan	 	1
337	 	nan	 	nan	 	1
338	 	nan	 	nan	 	1
339	 	nan	 	nan	 	1
340	 	nan	 	nan	 	1
341	 	nan	 	nan	 	1
342	 	nan	 	nan	 	1
343	 	nan	 	nan	 	1
344	 	nan	 	nan	 	1
345	 	nan	 	nan	 	1
346	 	nan	 	nan	 	1
347	 	nan	 	nan	 	1
348	 	nan	 	nan	 	1
349	 	nan	 	nan	 	1
350	 	nan	 	nan	 	1
351	 	nan	 	nan	 	1
352	 	nan	 	nan	 	1
353	 	nan	 	nan	 	1
354	 	nan	 	nan	 	1
355	 	nan	 	nan	 	1
356	 	nan	 	nan	 	1
357	 	nan	 	nan	 	1
358	 	nan	 	nan	 	1
359	 	nan	 	nan	 	1
360	 	nan	 	nan	 	1
361	 	nan	 	nan	 	1
362	 	nan	 	nan	 	1
363	 	nan	 	nan	 	1
364	 	nan	 	nan	 	1
365	 	nan	 	nan	 	1
366	 	nan	 	nan	 	1
367	 	nan	 	nan	 	1
368	 	nan	 	nan	 	1
369	 	nan	 	nan	 	1
370	 	nan	 	nan	 	1
371	 	nan	 	nan	 	1
372	 	nan	 	nan	 	1
373	 	nan	 	nan	 	1
374	 	nan	 	nan	 	1
375	 	nan	 	nan	 	1
376	 	nan	 	nan	 	1
377	 	nan	 	nan	 	1
378	 	nan	 	nan	 	1
379	 	nan	 	nan	 	1
380	 	nan	 	nan	 	1
381	 	nan	 	nan	 	1
382	 	nan	 	nan	 	1
383	 	nan	 	nan	 	1
384	 	nan	 	nan	 	1
385	 	nan	 	nan	 	1
386	 	nan	 	nan	 	1
387	 	nan	 	nan	 	1
388	 	nan	 	nan	 	1
389	 	nan	 	nan	 	1
390	 	nan	 	nan	 	1
391	 	nan	 	nan	 	1
392	 	nan	 	nan	 	1
393	 	nan	 	nan	 	1
394	 	nan	 	nan	 	1
395	 	nan	 	nan	 	1
396	 	nan	 	nan	 	1
397	 	nan	 	nan	 	1
398	 	nan	 	nan	 	1
399	 	nan	 	nan	 	1
400	 	nan	 	nan	 	1
401	 	nan	 	nan	 	1
402	 	nan	 	nan	 	1
403	 	nan	 	nan	 	1
404	 	nan	 	nan	 	1
405	 	nan	 	nan	 	1
406	 	nan	 	nan	 	1
407	 	nan	 	nan	 	1
408	 	nan	 	nan	 	1
409	 	nan	 	nan	 	1
410	 	nan	 	nan	 	1
411	 	nan	 	nan	 	1
412	 	nan	 	nan	 	1
413	 	nan	 	nan	 	1
414	 	nan	 	nan	 	1
415	 	nan	 	nan	 	1
416	 	nan	 	nan	 	1
417	 	nan	 	nan	 	1
418	 	nan	 	nan	 	1
419	 	nan	 	nan	 	1
420	 	nan	 	nan	 	1
421	 	nan	 	nan	 	1
422	 	nan	 	nan	 	1
423	 	nan	 	nan	 	1
424	 	nan	 	nan	 	1
425	 	nan	 	nan	 	1
426	 	nan	 	nan	 	1
427	 	nan	 	nan	 	1
428	 	nan	 	nan	 	1
429	 	nan	 	nan	 	1
430	 	nan	 	nan	 	1
431	 	nan	 	nan	 	1
432	 	nan	 	nan	 	1
433	 	nan	 	nan	 	1
434	 	nan	 	nan	 	1
435	 	nan	 	nan	 	1
436	 	nan	 	nan	 	1
437	 	nan	 	nan	 	1
438	 	nan	 	nan	 	1
439	 	nan	 	nan	 	1
440	 	nan	 	nan	 	1
441	 	nan	 	nan	 	1
442	 	nan	 	nan	 	1
443	 	nan	 	nan	 	1
444	 	nan	 	nan	 	1
445	 	nan	 	nan	 	1
446	 	nan	 	nan	 	1
447	 	nan	 	nan	 	1
448	 	nan	 	nan	 	1
449	 	nan	 	nan	 	1
450	 	nan	 	nan	 	1
451	 	nan	 	nan	 	1
452	 	nan	 	nan	 	1
453	 	nan	 	nan	 	1
454	 	nan	 	nan	 	1
455	 	nan	 	nan	 	1
456	 	nan	 	nan	 	1
457	 	nan	 	nan	 	1
458	 	nan	 	nan	 	1
459	 	nan	 	nan	 	1
460	 	nan	 	nan	 	1
461	 	nan	 	nan	 	1
462	 	nan	 	nan	 	1
463	 	nan	 	nan	 	1
464	 	nan	 	nan	 	1
465	 	nan	 	nan	 	1
466	 	nan	 	nan	 	1
467	 	nan	 	nan	 	1
468	 	nan	 	nan	 	1
469	 	nan	 	nan	 	1
470	 	nan	 	nan	 	1
471	 	nan	 	nan	 	1
472	 	nan	 	nan	 	1
473	 	nan	 	nan	 	1
474	 	nan	 	nan	 	1
475	 	nan	 	nan	 	1
476	 	nan	 	nan	 	1
477	 	nan	 	nan	 	1
478	 	nan	 	nan	 	1
479	 	nan	 	nan	 	1
480	 	nan	 	nan	 	1
481	 	nan	 	nan	 	1
482	 	nan	 	nan	 	1
483	 	nan	 	nan	 	1
484	 	nan	 	nan	 	1
485	 	nan	 	nan	 	1
486	 	nan	 	nan	 	1
487	 	nan	 	nan	 	1
488	 	nan	 	nan	 	1
489	 	nan	 	nan	 	1
490	 	nan	 	nan	 	1
491	 	nan	 	nan	 	1
492	 	nan	 	nan	 	1
493	 	nan	 	nan	 	1
494	 	nan	 	nan	 	1
495	 	nan	 	nan	 	1
496	 	nan	 	nan	 	1
497	 	nan	 	nan	 	1
498	 	nan	 	nan	 	1
499	 	nan	 	nan	 	1
500	 	nan	 	nan	 	1
501	 	nan	 	nan	 	1
502	 	nan	 	nan	 	1
503	 	nan	 	nan	 	1
504	 	nan	 	nan	 	1
505	 	nan	 	nan	 	1
506	 	nan	 	nan	 	1
507	 	nan	 	nan	 	1
508	 	nan	 	nan	 	1
509	 	nan	 	nan	 	1
510	 	nan	 	nan	 	1
511	 	nan	 	nan	 	1
512	 	nan	 	nan	 	1
513	 	nan	 	nan	 	1
514	 	nan	 	nan	 	1
515	 	nan	 	nan	 	1
516	 	nan	 	nan	 	1
517	 	nan	 	nan	 	1
518	 	nan	 	nan	 	1
519	 	nan	 	nan	 	1
520	 	nan	 	nan	 	1
521	 	nan	 	nan	 	1
522	 	nan	 	nan	 	1
523	 	nan	 	nan	 	1
524	 	nan	 	nan	 	1
525	 	nan	 	nan	 	1
526	 	nan	 	nan	 	1
527	 	nan	 	nan	 	1
528	 	nan	 	nan	 	1
529	 	nan	 	nan	 	1
530	 	nan	 	nan	 	1
531	 	nan	 	nan	 	1
532	 	nan	 	nan	 	1
533	 	nan	 	nan	 	1
534	 	nan	 	nan	 	1
535	 	nan	 	nan	 	1
536	 	nan	 	nan	 	1
537	 	nan	 	nan	 	1
538	 	nan	 	nan	 	1
539	 	nan	 	nan	 	1
540	 	nan	 	nan	 	1
541	 	nan	 	nan	 	1
542	 	nan	 	nan	 	1
543	 	nan	 	nan	 	1
544	 	nan	 	nan	 	1
545	 	nan	 	nan	 	1
546	 	nan	 	nan	 	1
547	 	nan	 	nan	 	1
548	 	nan	 	nan	 	1
549	 	nan	 	nan	 	1
550	 	nan	 	nan	 	1
551	 	nan	 	nan	 	1
552	 	nan	 	nan	 	1
553	 	nan	 	nan	 	1
554	 	nan	 	nan	 	1
555	 	nan	 	nan	 	1
556	 	nan	 	nan	 	1
557	 	nan	 	nan	 	1
558	 	nan	 	nan	 	1
559	 	nan	 	nan	 	1
560	 	nan	 	nan	 	1
561	 	nan	 	nan	 	1
562	 	nan	 	nan	 	1
563	 	nan	 	nan	 	1
564	 	nan	 	nan	 	1
565	 	nan	 	nan	 	1
566	 	nan	 	nan	 	1
567	 	nan	 	nan	 	1
568	 	nan	 	nan	 	1
569	 	nan	 	nan	 	1
570	 	nan	 	nan	 	1
571	 	nan	 	nan	 	1
572	 	nan	 	nan	 	1
573	 	nan	 	nan	 	1
574	 	nan	 	nan	 	1
575	 	nan	 	nan	 	1
576	 	nan	 	nan	 	1
577	 	nan	 	nan	 	1
578	 	nan	 	nan	 	1
579	 	nan	 	nan	 	1
580	 	nan	 	nan	 	1
581	 	nan	 	nan	 	1
582	 	nan	 	nan	 	1
583	 	nan	 	nan	 	1
584	 	nan	 	nan	 	1
585	 	nan	 	nan	 	1
586	 	nan	 	nan	 	1
587	 	nan	 	nan	 	1
588	 	nan	 	nan	 	1
589	 	nan	 	nan	 	1
590	 	nan	 	nan	 	1
591	 	nan	 	nan	 	1
592	 	nan	 	nan	 	1
593	 	nan	 	nan	 	1
594	 	nan	 	nan	 	1
595	 	nan	 	nan	 	1
596	 	nan	 	nan	 	1
597	 	nan	 	nan	 	1
598	 	nan	 	nan	 	1
599	 	nan	 	nan	 	1
600	 	nan	 	nan	 	1
601	 	nan	 	nan	 	1
602	 	nan	 	nan	 	1
603	 	nan	 	nan	 	1
604	 	nan	 	nan	 	1
605	 	nan	 	nan	 	1
606	 	nan	 	nan	 	1
607	 	nan	 	nan	 	1
608	 	nan	 	nan	 	1
609	 	nan	 	nan	 	1
610	 	nan	 	nan	 	1
611	 	nan	 	nan	 	1
612	 	nan	 	nan	 	1
613	 	nan	 	nan	 	1
614	 	nan	 	nan	 	1
615	 	nan	 	nan	 	1
616	 	nan	 	nan	 	1
617	 	nan	 	nan	 	1
618	 	nan	 	nan	 	1
619	 	nan	 	nan	 	1
620	 	nan	 	nan	 	1
621	 	nan	 	nan	 	1
622	 	nan	 	nan	 	1
623	 	nan	 	nan	 	1
624	 	nan	 	nan	 	1
625	 	nan	 	nan	 	1
626	 	nan	 	nan	 	1
627	 	nan	 	nan	 	1
628	 	nan	 	nan	 	1
629	 	nan	 	nan	 	1
630	 	nan	 	nan	 	1
631	 	nan	 	nan	 	1
632	 	nan	 	nan	 	1
633	 	nan	 	nan	 	1
634	 	nan	 	nan	 	1
635	 	nan	 	nan	 	1
636	 	nan	 	nan	 	1
637	 	nan	 	nan	 	1
638	 	nan	 	nan	 	1
639	 	nan	 	nan	 	1
640	 	nan	 	nan	 	1
641	 	nan	 	nan	 	1
642	 	nan	 	nan	 	1
643	 	nan	 	nan	 	1
644	 	nan	 	nan	 	1
645	 	nan	 	nan	 	1
646	 	nan	 	nan	 	1
647	 	nan	 	nan	 	1
648	 	nan	 	nan	 	1
649	 	nan	 	nan	 	1
650	 	nan	 	nan	 	1
651	 	nan	 	nan	 	1
652	 	nan	 	nan	 	1
653	 	nan	 	nan	 	1
654	 	nan	 	nan	 	1
655	 	nan	 	nan	 	1
656	 	nan	 	nan	 	1
657	 	nan	 	nan	 	1
658	 	nan	 	nan	 	1
659	 	nan	 	nan	 	1
660	 	nan	 	nan	 	1
661	 	nan	 	nan	 	1
662	 	nan	 	nan	 	1
663	 	nan	 	nan	 	1
664	 	nan	 	nan	 	1
665	 	nan	 	nan	 	1
666	 	nan	 	nan	 	1
667	 	nan	 	nan	 	1
668	 	nan	 	nan	 	1
669	 	nan	 	nan	 	1
670	 	nan	 	nan	 	1
671	 	nan	 	nan	 	1
672	 	nan	 	nan	 	1
673	 	nan	 	nan	 	1
674	 	nan	 	nan	 	1
675	 	nan	 	nan	 	1
676	 	nan	 	nan	 	1
677	 	nan	 	nan	 	1
678	 	nan	 	nan	 	1
679	 	nan	 	nan	 	1
680	 	nan	 	nan	 	1
681	 	nan	 	nan	 	1
682	 	nan	 	nan	 	1
683	 	nan	 	nan	 	1
684	 	nan	 	nan	 	1
685	 	nan	 	nan	 	1
686	 	nan	 	nan	 	1
687	 	nan	 	nan	 	1
688	 	nan	 	nan	 	1
689	 	nan	 	nan	 	1
690	 	nan	 	nan	 	1
691	 	nan	 	nan	 	1
692	 	nan	 	nan	 	1
693	 	nan	 	nan	 	1
694	 	nan	 	nan	 	1
695	 	nan	 	nan	 	1
696	 	nan	 	nan	 	1
697	 	nan	 	nan	 	1
698	 	nan	 	nan	 	1
699	 	nan	 	nan	 	1
700	 	nan	 	nan	 	1
701	 	nan	 	nan	 	1
702	 	nan	 	nan	 	1
703	 	nan	 	nan	 	1
704	 	nan	 	nan	 	1
705	 	nan	 	nan	 	1
706	 	nan	 	nan	 	1
707	 	nan	 	nan	 	1
708	 	nan	 	nan	 	1
709	 	nan	 	nan	 	1
710	 	nan	 	nan	 	1
711	 	nan	 	nan	 	1
712	 	nan	 	nan	 	1
713	 	nan	 	nan	 	1
714	 	nan	 	nan	 	1
715	 	nan	 	nan	 	1
716	 	nan	 	nan	 	1
717	 	nan	 	nan	 	1
718	 	nan	 	nan	 	1
719	 	nan	 	nan	 	1
720	 	nan	 	nan	 	1
721	 	nan	 	nan	 	1
722	 	nan	 	nan	 	1
723	 	nan	 	nan	 	1
724	 	nan	 	nan	 	1
725	 	nan	 	nan	 	1
726	 	nan	 	nan	 	1
727	 	nan	 	nan	 	1
728	 	nan	 	nan	 	1
729	 	nan	 	nan	 	1
730	 	nan	 	nan	 	1
731	 	nan	 	nan	 	1
732	 	nan	 	nan	 	1
733	 	nan	 	nan	 	1
734	 	nan	 	nan	 	1
735	 	nan	 	nan	 	1
736	 	nan	 	nan	 	1
737	 	nan	 	nan	 	1
738	 	nan	 	nan	 	1
739	 	nan	 	nan	 	1
740	 	nan	 	nan	 	1
741	 	nan	 	nan	 	1
742	 	nan	 	nan	 	1
743	 	nan	 	nan	 	1
744	 	nan	 	nan	 	1
745	 	nan	 	nan	 	1
746	 	nan	 	nan	 	1
747	 	nan	 	nan	 	1
748	 	nan	 	nan	 	1
749	 	nan	 	nan	 	1
750	 	nan	 	nan	 	1
751	 	nan	 	nan	 	1
752	 	nan	 	nan	 	1
753	 	nan	 	nan	 	1
754	 	nan	 	nan	 	1
755	 	nan	 	nan	 	1
756	 	nan	 	nan	 	1
757	 	nan	 	nan	 	1
758	 	nan	 	nan	 	1
759	 	nan	 	nan	 	1
760	 	nan	 	nan	 	1
761	 	nan	 	nan	 	1
762	 	nan	 	nan	 	1
763	 	nan	 	nan	 	1
764	 	nan	 	nan	 	1
765	 	nan	 	nan	 	1
766	 	nan	 	nan	 	1
767	 	nan	 	nan	 	1
768	 	nan	 	nan	 	1
769	 	nan	 	nan	 	1
770	 	nan	 	nan	 	1
771	 	nan	 	nan	 	1
772	 	nan	 	nan	 	1
773	 	nan	 	nan	 	1
774	 	nan	 	nan	 	1
775	 	nan	 	nan	 	1
776	 	nan	 	nan	 	1
777	 	nan	 	nan	 	1
778	 	nan	 	nan	 	1
779	 	nan	 	nan	 	1
780	 	nan	 	nan	 	1
781	 	nan	 	nan	 	1
782	 	nan	 	nan	 	1
783	 	nan	 	nan	 	1
784	 	nan	 	nan	 	1
785	 	nan	 	nan	 	1
786	 	nan	 	nan	 	1
787	 	nan	 	nan	 	1
788	 	nan	 	nan	 	1
789	 	nan	 	nan	 	1
790	 	nan	 	nan	 	1
791	 	nan	 	nan	 	1
792	 	nan	 	nan	 	1
793	 	nan	 	nan	 	1
794	 	nan	 	nan	 	1
795	 	nan	 	nan	 	1
796	 	nan	 	nan	 	1
797	 	nan	 	nan	 	1
798	 	nan	 	nan	 	1
799	 	nan	 	nan	 	1
800	 	nan	 	nan	 	1
801	 	nan	 	nan	 	1
802	 	nan	 	nan	 	1
803	 	nan	 	nan	 	1
804	 	nan	 	nan	 	1
805	 	nan	 	nan	 	1
806	 	nan	 	nan	 	1
807	 	nan	 	nan	 	1
808	 	nan	 	nan	 	1
809	 	nan	 	nan	 	1
810	 	nan	 	nan	 	1
811	 	nan	 	nan	 	1
812	 	nan	 	nan	 	1
813	 	nan	 	nan	 	1
814	 	nan	 	nan	 	1
815	 	nan	 	nan	 	1
816	 	nan	 	nan	 	1
817	 	nan	 	nan	 	1
818	 	nan	 	nan	 	1
819	 	nan	 	nan	 	1
820	 	nan	 	nan	 	1
821	 	nan	 	nan	 	1
822	 	nan	 	nan	 	1
823	 	nan	 	nan	 	1
824	 	nan	 	nan	 	1
825	 	nan	 	nan	 	1
826	 	nan	 	nan	 	1
827	 	nan	 	nan	 	1
828	 	nan	 	nan	 	1
829	 	nan	 	nan	 	1
830	 	nan	 	nan	 	1
831	 	nan	 	nan	 	1
832	 	nan	 	nan	 	1
833	 	nan	 	nan	 	1
834	 	nan	 	nan	 	1
835	 	nan	 	nan	 	1
836	 	nan	 	nan	 	1
837	 	nan	 	nan	 	1
838	 	nan	 	nan	 	1
839	 	nan	 	nan	 	1
840	 	nan	 	nan	 	1
841	 	nan	 	nan	 	1
842	 	nan	 	nan	 	1
843	 	nan	 	nan	 	1
844	 	nan	 	nan	 	1
845	 	nan	 	nan	 	1
846	 	nan	 	nan	 	1
847	 	nan	 	nan	 	1
848	 	nan	 	nan	 	1
849	 	nan	 	nan	 	1
850	 	nan	 	nan	 	1
851	 	nan	 	nan	 	1
852	 	nan	 	nan	 	1
853	 	nan	 	nan	 	1
854	 	nan	 	nan	 	1
855	 	nan	 	nan	 	1
856	 	nan	 	nan	 	1
857	 	nan	 	nan	 	1
858	 	nan	 	nan	 	1
859	 	nan	 	nan	 	1
860	 	nan	 	nan	 	1
861	 	nan	 	nan	 	1
862	 	nan	 	nan	 	1
863	 	nan	 	nan	 	1
864	 	nan	 	nan	 	1
865	 	nan	 	nan	 	1
866	 	nan	 	nan	 	1
867	 	nan	 	nan	 	1
868	 	nan	 	nan	 	1
869	 	nan	 	nan	 	1
870	 	nan	 	nan	 	1
871	 	nan	 	nan	 	1
872	 	nan	 	nan	 	1
873	 	nan	 	nan	 	1
874	 	nan	 	nan	 	1
875	 	nan	 	nan	 	1
876	 	nan	 	nan	 	1
877	 	nan	 	nan	 	1
878	 	nan	 	nan	 	1
879	 	nan	 	nan	 	1
880	 	nan	 	nan	 	1
881	 	nan	 	nan	 	1
882	 	nan	 	nan	 	1
883	 	nan	 	nan	 	1
884	 	nan	 	nan	 	1
885	 	nan	 	nan	 	1
886	 	nan	 	nan	 	1
887	 	nan	 	nan	 	1
888	 	nan	 	nan	 	1
889	 	nan	 	nan	 	1
890	 	nan	 	nan	 	1
891	 	nan	 	nan	 	1
892	 	nan	 	nan	 	1
893	 	nan	 	nan	 	1
894	 	nan	 	nan	 	1
895	 	nan	 	nan	 	1
896	 	nan	 	nan	 	1
897	 	nan	 	nan	 	1
898	 	nan	 	nan	 	1
899	 	nan	 	nan	 	1
900	 	nan	 	nan	 	1
901	 	nan	 	nan	 	1
902	 	nan	 	nan	 	1
903	 	nan	 	nan	 	1
904	 	nan	 	nan	 	1
905	 	nan	 	nan	 	1
906	 	nan	 	nan	 	1
907	 	nan	 	nan	 	1
908	 	nan	 	nan	 	1
909	 	nan	 	nan	 	1
910	 	nan	 	nan	 	1
911	 	nan	 	nan	 	1
912	 	nan	 	nan	 	1
913	 	nan	 	nan	 	1
914	 	nan	 	nan	 	1
915	 	nan	 	nan	 	1
916	 	nan	 	nan	 	1
917	 	nan	 	nan	 	1
918	 	nan	 	nan	 	1
919	 	nan	 	nan	 	1
920	 	nan	 	nan	 	1
921	 	nan	 	nan	 	1
922	 	nan	 	nan	 	1
923	 	nan	 	nan	 	1
924	 	nan	 	nan	 	1
925	 	nan	 	nan	 	1
926	 	nan	 	nan	 	1
927	 	nan	 	nan	 	1
928	 	nan	 	nan	 	1
929	 	nan	 	nan	 	1
930	 	nan	 	nan	 	1
931	 	nan	 	nan	 	1
932	 	nan	 	nan	 	1
933	 	nan	 	nan	 	1
934	 	nan	 	nan	 	1
935	 	nan	 	nan	 	1
936	 	nan	 	nan	 	1
937	 	nan	 	nan	 	1
938	 	nan	 	nan	 	1
939	 	nan	 	nan	 	1
940	 	nan	 	nan	 	1
941	 	nan	 	nan	 	1
942	 	nan	 	nan	 	1
943	 	nan	 	nan	 	1
944	 	nan	 	nan	 	1
945	 	nan	 	nan	 	1
946	 	nan	 	nan	 	1
947	 	nan	 	nan	 	1
948	 	nan	 	nan	 	1
949	 	nan	 	nan	 	1
950	 	nan	 	nan	 	1
951	 	nan	 	nan	 	1
952	 	nan	 	nan	 	1
953	 	nan	 	nan	 	1
954	 	nan	 	nan	 	1
955	 	nan	 	nan	 	1
956	 	nan	 	nan	 	1
957	 	nan	 	nan	 	1
958	 	nan	 	nan	 	1
959	 	nan	 	nan	 	1
960	 	nan	 	nan	 	1
961	 	nan	 	nan	 	1
962	 	nan	 	nan	 	1
963	 	nan	 	nan	 	1
964	 	nan	 	nan	 	1
965	 	nan	 	nan	 	1
966	 	nan	 	nan	 	1
967	 	nan	 	nan	 	1
968	 	nan	 	nan	 	1
969	 	nan	 	nan	 	1
970	 	nan	 	nan	 	1
971	 	nan	 	nan	 	1
972	 	nan	 	nan	 	1
973	 	nan	 	nan	 	1
974	 	nan	 	nan	 	1
975	 	nan	 	nan	 	1
976	 	nan	 	nan	 	1
977	 	nan	 	nan	 	1
978	 	nan	 	nan	 	1
979	 	nan	 	nan	 	1
980	 	nan	 	nan	 	1
981	 	nan	 	nan	 	1
982	 	nan	 	nan	 	1
983	 	nan	 	nan	 	1
984	 	nan	 	nan	 	1
985	 	nan	 	nan	 	1
986	 	nan	 	nan	 	1
987	 	nan	 	nan	 	1
988	 	nan	 	nan	 	1
989	 	nan	 	nan	 	1
990	 	nan	 	nan	 	1
991	 	nan	 	nan	 	1
992	 	nan	 	nan	 	1
993	 	nan	 	nan	 	1
994	 	nan	 	nan	 	1
995	 	nan	 	nan	 	1
996	 	nan	 	nan	 	1
997	 	nan	 	nan	 	1
998	 	nan	 	nan	 	1
999	 	nan	 	nan	 	1
1000	 	nan	 	nan	 	1
1001	 	nan	 	nan	 	1
1002	 	nan	 	nan	 	1
1003	 	nan	 	nan	 	1
1004	 	nan	 	nan	 	1
1005	 	nan	 	nan	 	1
1006	 	nan	 	nan	 	1
1007	 	nan	 	nan	 	1
1008	 	nan	 	nan	 	1
1009	 	nan	 	nan	 	1
1010	 	nan	 	nan	 	1
1011	 	nan	 	nan	 	1
1012	 	nan	 	nan	 	1
1013	 	nan	 	nan	 	1
1014	 	nan	 	nan	 	1
1015	 	nan	 	nan	 	1
1016	 	nan	 	nan	 	1
1017	 	nan	 	nan	 	1
1018	 	nan	 	nan	 	1
1019	 	nan	 	nan	 	1
1020	 	nan	 	nan	 	1
1021	 	nan	 	nan	 	1
1022	 	nan	 	nan	 	1
1023	 	nan	 	nan	 	1
1024	 	nan	 	nan	 	1
1025	 	nan	 	nan	 	1
1026	 	nan	 	nan	 	1
1027	 	nan	 	nan	 	1
1028	 	nan	 	nan	 	1
1029	 	nan	 	nan	 	1
1030	 	nan	 	nan	 	1
1031	 	nan	 	nan	 	1
1032	 	nan	 	nan	 	1
1033	 	nan	 	nan	 	1
1034	 	nan	 	nan	 	1
1035	 	nan	 	nan	 	1
1036	 	nan	 	nan	 	1
1037	 	nan	 	nan	 	1
1038	 	nan	 	nan	 	1
1039	 	nan	 	nan	 	1
1040	 	nan	 	nan	 	1
1041	 	nan	 	nan	 	1
1042	 	nan	 	nan	 	1
1043	 	nan	 	nan	 	1
1044	 	nan	 	nan	 	1
1045	 	nan	 	nan	 	1
1046	 	nan	 	nan	 	1
1047	 	nan	 	nan	 	1
1048	 	nan	 	nan	 	1
1049	 	nan	 	nan	 	1
1050	 	nan	 	nan	 	1
1051	 	nan	 	nan	 	1
1052	 	nan	 	nan	 	1
1053	 	nan	 	nan	 	1
1054	 	nan	 	nan	 	1
1055	 	nan	 	nan	 	1
1056	 	nan	 	nan	 	1
1057	 	nan	 	nan	 	1
1058	 	nan	 	nan	 	1
1059	 	nan	 	nan	 	1
1060	 	nan	 	nan	 	1
1061	 	nan	 	nan	 	1
1062	 	nan	 	nan	 	1
1063	 	nan	 	nan	 	1
1064	 	nan	 	nan	 	1
1065	 	nan	 	nan	 	1
1066	 	nan	 	nan	 	1
1067	 	nan	 	nan	 	1
1068	 	nan	 	nan	 	1
1069	 	nan	 	nan	 	1
1070	 	nan	 	nan	 	1
1071	 	nan	 	nan	 	1
1072	 	nan	 	nan	 	1
1073	 	nan	 	nan	 	1
1074	 	nan	 	nan	 	1
1075	 	nan	 	nan	 	1
1076	 	nan	 	nan	 	1
1077	 	nan	 	nan	 	1
1078	 	nan	 	nan	 	1
1079	 	nan	 	nan	 	1
1080	 	nan	 	nan	 	1
1081	 	nan	 	nan	 	1
1082	 	nan	 	nan	 	1
1083	 	nan	 	nan	 	1
1084	 	nan	 	nan	 	1
1085	 	nan	 	nan	 	1
1086	 	nan	 	nan	 	1
1087	 	nan	 	nan	 	1
1088	 	nan	 	nan	 	1
1089	 	nan	 	nan	 	1
1090	 	nan	 	nan	 	1
1091	 	nan	 	nan	 	1
1092	 	nan	 	nan	 	1
1093	 	nan	 	nan	 	1
1094	 	nan	 	nan	 	1
1095	 	nan	 	nan	 	1
1096	 	nan	 	nan	 	1
1097	 	nan	 	nan	 	1
1098	 	nan	 	nan	 	1
1099	 	nan	 	nan	 	1
1100	 	nan	 	nan	 	1
1101	 	nan	 	nan	 	1
1102	 	nan	 	nan	 	1
1103	 	nan	 	nan	 	1
1104	 	nan	 	nan	 	1
1105	 	nan	 	nan	 	1
1106	 	nan	 	nan	 	1
1107	 	nan	 	nan	 	1
1108	 	nan	 	nan	 	1
1109	 	nan	 	nan	 	1
1110	 	nan	 	nan	 	1
1111	 	nan	 	nan	 	1
1112	 	nan	 	nan	 	1
1113	 	nan	 	nan	 	1
1114	 	nan	 	nan	 	1
1115	 	nan	 	nan	 	1
1116	 	nan	 	nan	 	1
1117	 	nan	 	nan	 	1
1118	 	nan	 	nan	 	1
1119	 	nan	 	nan	 	1
1120	 	nan	 	nan	 	1
1121	 	nan	 	nan	 	1
1122	 	nan	 	nan	 	1
1123	 	nan	 	nan	 	1
1124	 	nan	 	nan	 	1
1125	 	nan	 	nan	 	1
1126	 	nan	 	nan	 	1
1127	 	nan	 	nan	 	1
1128	 	nan	 	nan	 	1
1129	 	nan	 	nan	 	1
1130	 	nan	 	nan	 	1
1131	 	nan	 	nan	 	1
1132	 	nan	 	nan	 	1
1133	 	nan	 	nan	 	1
1134	 	nan	 	nan	 	1
1135	 	nan	 	nan	 	1
1136	 	nan	 	nan	 	1
1137	 	nan	 	nan	 	1
1138	 	nan	 	nan	 	1
1139	 	nan	 	nan	 	1
1140	 	nan	 	nan	 	1
1141	 	nan	 	nan	 	1
1142	 	nan	 	nan	 	1
1143	 	nan	 	nan	 	1
1144	 	nan	 	nan	 	1
1145	 	nan	 	nan	 	1
1146	 	nan	 	nan	 	1
1147	 	nan	 	nan	 	1
1148	 	nan	 	nan	 	1
1149	 	nan	 	nan	 	1
1150	 	nan	 	nan	 	1
1151	 	nan	 	nan	 	1
1152	 	nan	 	nan	 	1
1153	 	nan	 	nan	 	1
1154	 	nan	 	nan	 	1
1155	 	nan	 	nan	 	1
1156	 	nan	 	nan	 	1
1157	 	nan	 	nan	 	1
1158	 	nan	 	nan	 	1
1159	 	nan	 	nan	 	1
1160	 	nan	 	nan	 	1
1161	 	nan	 	nan	 	1
1162	 	nan	 	nan	 	1
1163	 	nan	 	nan	 	1
1164	 	nan	 	nan	 	1
1165	 	nan	 	nan	 	1
1166	 	nan	 	nan	 	1
1167	 	nan	 	nan	 	1
1168	 	nan	 	nan	 	1
1169	 	nan	 	nan	 	1
1170	 	nan	 	nan	 	1
1171	 	nan	 	nan	 	1
1172	 	nan	 	nan	 	1
1173	 	nan	 	nan	 	1
1174	 	nan	 	nan	 	1
1175	 	nan	 	nan	 	1
1176	 	nan	 	nan	 	1
1177	 	nan	 	nan	 	1
1178	 	nan	 	nan	 	1
1179	 	nan	 	nan	 	1
1180	 	nan	 	nan	 	1
1181	 	nan	 	nan	 	1
1182	 	nan	 	nan	 	1
1183	 	nan	 	nan	 	1
1184	 	nan	 	nan	 	1
1185	 	nan	 	nan	 	1
1186	 	nan	 	nan	 	1
1187	 	nan	 	nan	 	1
1188	 	nan	 	nan	 	1
1189	 	nan	 	nan	 	1
1190	 	nan	 	nan	 	1
1191	 	nan	 	nan	 	1
1192	 	nan	 	nan	 	1
1193	 	nan	 	nan	 	1
1194	 	nan	 	nan	 	1
1195	 	nan	 	nan	 	1
1196	 	nan	 	nan	 	1
1197	 	nan	 	nan	 	1
1198	 	nan	 	nan	 	1
1199	 	nan	 	nan	 	1
1200	 	nan	 	nan	 	1
1201	 	nan	 	nan	 	1
1202	 	nan	 	nan	 	1
1203	 	nan	 	nan	 	1
1204	 	nan	 	nan	 	1
1205	 	nan	 	nan	 	1
1206	 	nan	 	nan	 	1
1207	 	nan	 	nan	 	1
1208	 	nan	 	nan	 	1
1209	 	nan	 	nan	 	1
1210	 	nan	 	nan	 	1
1211	 	nan	 	nan	 	1
1212	 	nan	 	nan	 	1
1213	 	nan	 	nan	 	1
1214	 	nan	 	nan	 	1
1215	 	nan	 	nan	 	1
1216	 	nan	 	nan	 	1
1217	 	nan	 	nan	 	1
1218	 	nan	 	nan	 	1
1219	 	nan	 	nan	 	1
1220	 	nan	 	nan	 	1
1221	 	nan	 	nan	 	1
1222	 	nan	 	nan	 	1
1223	 	nan	 	nan	 	1
1224	 	nan	 	nan	 	1
1225	 	nan	 	nan	 	1
1226	 	nan	 	nan	 	1
1227	 	nan	 	nan	 	1
1228	 	nan	 	nan	 	1
1229	 	nan	 	nan	 	1
1230	 	nan	 	nan	 	1
1231	 	nan	 	nan	 	1
1232	 	nan	 	nan	 	1
1233	 	nan	 	nan	 	1
1234	 	nan	 	nan	 	1
1235	 	nan	 	nan	 	1
1236	 	nan	 	nan	 	1
1237	 	nan	 	nan	 	1
1238	 	nan	 	nan	 	1
1239	 	nan	 	nan	 	1
1240	 	nan	 	nan	 	1
1241	 	nan	 	nan	 	1
1242	 	nan	 	nan	 	1
1243	 	nan	 	nan	 	1
1244	 	nan	 	nan	 	1
1245	 	nan	 	nan	 	1
1246	 	nan	 	nan	 	1
1247	 	nan	 	nan	 	1
1248	 	nan	 	nan	 	1
1249	 	nan	 	nan	 	1
1250	 	nan	 	nan	 	1
1251	 	nan	 	nan	 	1
1252	 	nan	 	nan	 	1
1253	 	nan	 	nan	 	1
1254	 	nan	 	nan	 	1
1255	 	nan	 	nan	 	1
1256	 	nan	 	nan	 	1
1257	 	nan	 	nan	 	1
1258	 	nan	 	nan	 	1
1259	 	nan	 	nan	 	1
1260	 	nan	 	nan	 	1
1261	 	nan	 	nan	 	1
1262	 	nan	 	nan	 	1
1263	 	nan	 	nan	 	1
1264	 	nan	 	nan	 	1
1265	 	nan	 	nan	 	1
1266	 	nan	 	nan	 	1
1267	 	nan	 	nan	 	1
1268	 	nan	 	nan	 	1
1269	 	nan	 	nan	 	1
1270	 	nan	 	nan	 	1
1271	 	nan	 	nan	 	1
1272	 	nan	 	nan	 	1
1273	 	nan	 	nan	 	1
1274	 	nan	 	nan	 	1
1275	 	nan	 	nan	 	1
1276	 	nan	 	nan	 	1
1277	 	nan	 	nan	 	1
1278	 	nan	 	nan	 	1
1279	 	nan	 	nan	 	1
1280	 	nan	 	nan	 	1
1281	 	nan	 	nan	 	1
1282	 	nan	 	nan	 	1
1283	 	nan	 	nan	 	1
1284	 	nan	 	nan	 	1
1285	 	nan	 	nan	 	1
1286	 	nan	 	nan	 	1
1287	 	nan	 	nan	 	1
1288	 	nan	 	nan	 	1
1289	 	nan	 	nan	 	1
1290	 	nan	 	nan	 	1
1291	 	nan	 	nan	 	1
1292	 	nan	 	nan	 	1
1293	 	nan	 	nan	 	1
1294	 	nan	 	nan	 	1
1295	 	nan	 	nan	 	1
1296	 	nan	 	nan	 	1
1297	 	nan	 	nan	 	1
1298	 	nan	 	nan	 	1
1299	 	nan	 	nan	 	1
1300	 	nan	 	nan	 	1
1301	 	nan	 	nan	 	1
1302	 	nan	 	nan	 	1
1303	 	nan	 	nan	 	1
1304	 	nan	 	nan	 	1
1305	 	nan	 	nan	 	1
1306	 	nan	 	nan	 	1
1307	 	nan	 	nan	 	1
1308	 	nan	 	nan	 	1
1309	 	nan	 	nan	 	1
1310	 	nan	 	nan	 	1
1311	 	nan	 	nan	 	1
1312	 	nan	 	nan	 	1
1313	 	nan	 	nan	 	1
1314	 	nan	 	nan	 	1
1315	 	nan	 	nan	 	1
1316	 	nan	 	nan	 	1
1317	 	nan	 	nan	 	1
1318	 	nan	 	nan	 	1
1319	 	nan	 	nan	 	1
1320	 	nan	 	nan	 	1
1321	 	nan	 	nan	 	1
1322	 	nan	 	nan	 	1
1323	 	nan	 	nan	 	1
1324	 	nan	 	nan	 	1
1325	 	nan	 	nan	 	1
1326	 	nan	 	nan	 	1
1327	 	nan	 	nan	 	1
1328	 	nan	 	nan	 	1
1329	 	nan	 	nan	 	1
1330	 	nan	 	nan	 	1
1331	 	nan	 	nan	 	1
1332	 	nan	 	nan	 	1
1333	 	nan	 	nan	 	1
1334	 	nan	 	nan	 	1
1335	 	nan	 	nan	 	1
1336	 	nan	 	nan	 	1
1337	 	nan	 	nan	 	1
1338	 	nan	 	nan	 	1
1339	 	nan	 	nan	 	1
1340	 	nan	 	nan	 	1
1341	 	nan	 	nan	 	1
1342	 	nan	 	nan	 	1
1343	 	nan	 	nan	 	1
1344	 	nan	 	nan	 	1
1345	 	nan	 	nan	 	1
1346	 	nan	 	nan	 	1
1347	 	nan	 	nan	 	1
1348	 	nan	 	nan	 	1
1349	 	nan	 	nan	 	1
1350	 	nan	 	nan	 	1
1351	 	nan	 	nan	 	1
1352	 	nan	 	nan	 	1
1353	 	nan	 	nan	 	1
1354	 	nan	 	nan	 	1
1355	 	nan	 	nan	 	1
1356	 	nan	 	nan	 	1
1357	 	nan	 	nan	 	1
1358	 	nan	 	nan	 	1
1359	 	nan	 	nan	 	1
1360	 	nan	 	nan	 	1
1361	 	nan	 	nan	 	1
1362	 	nan	 	nan	 	1
1363	 	nan	 	nan	 	1
1364	 	nan	 	nan	 	1
1365	 	nan	 	nan	 	1
1366	 	nan	 	nan	 	1
1367	 	nan	 	nan	 	1
1368	 	nan	 	nan	 	1
1369	 	nan	 	nan	 	1
1370	 	nan	 	nan	 	1
1371	 	nan	 	nan	 	1
1372	 	nan	 	nan	 	1
1373	 	nan	 	nan	 	1
1374	 	nan	 	nan	 	1
1375	 	nan	 	nan	 	1
1376	 	nan	 	nan	 	1
1377	 	nan	 	nan	 	1
1378	 	nan	 	nan	 	1
1379	 	nan	 	nan	 	1
1380	 	nan	 	nan	 	1
1381	 	nan	 	nan	 	1
1382	 	nan	 	nan	 	1
1383	 	nan	 	nan	 	1
1384	 	nan	 	nan	 	1
1385	 	nan	 	nan	 	1
1386	 	nan	 	nan	 	1
1387	 	nan	 	nan	 	1
1388	 	nan	 	nan	 	1
1389	 	nan	 	nan	 	1
1390	 	nan	 	nan	 	1
1391	 	nan	 	nan	 	1
1392	 	nan	 	nan	 	1
1393	 	nan	 	nan	 	1
1394	 	nan	 	nan	 	1
1395	 	nan	 	nan	 	1
1396	 	nan	 	nan	 	1
1397	 	nan	 	nan	 	1
1398	 	nan	 	nan	 	1
1399	 	nan	 	nan	 	1
1400	 	nan	 	nan	 	1
1401	 	nan	 	nan	 	1
1402	 	nan	 	nan	 	1
1403	 	nan	 	nan	 	1
1404	 	nan	 	nan	 	1
1405	 	nan	 	nan	 	1
1406	 	nan	 	nan	 	1
1407	 	nan	 	nan	 	1
1408	 	nan	 	nan	 	1
1409	 	nan	 	nan	 	1
1410	 	nan	 	nan	 	1
1411	 	nan	 	nan	 	1
1412	 	nan	 	nan	 	1
1413	 	nan	 	nan	 	1
1414	 	nan	 	nan	 	1
1415	 	nan	 	nan	 	1
1416	 	nan	 	nan	 	1
1417	 	nan	 	nan	 	1
1418	 	nan	 	nan	 	1
1419	 	nan	 	nan	 	1
1420	 	nan	 	nan	 	1
1421	 	nan	 	nan	 	1
1422	 	nan	 	nan	 	1
1423	 	nan	 	nan	 	1
1424	 	nan	 	nan	 	1
1425	 	nan	 	nan	 	1
1426	 	nan	 	nan	 	1
1427	 	nan	 	nan	 	1
1428	 	nan	 	nan	 	1
1429	 	nan	 	nan	 	1
1430	 	nan	 	nan	 	1
1431	 	nan	 	nan	 	1
1432	 	nan	 	nan	 	1
1433	 	nan	 	nan	 	1
1434	 	nan	 	nan	 	1
1435	 	nan	 	nan	 	1
1436	 	nan	 	nan	 	1
1437	 	nan	 	nan	 	1
1438	 	nan	 	nan	 	1
1439	 	nan	 	nan	 	1
1440	 	nan	 	nan	 	1
1441	 	nan	 	nan	 	1
1442	 	nan	 	nan	 	1
1443	 	nan	 	nan	 	1
1444	 	nan	 	nan	 	1
1445	 	nan	 	nan	 	1
1446	 	nan	 	nan	 	1
1447	 	nan	 	nan	 	1
1448	 	nan	 	nan	 	1
1449	 	nan	 	nan	 	1
1450	 	nan	 	nan	 	1
1451	 	nan	 	nan	 	1
1452	 	nan	 	nan	 	1
1453	 	nan	 	nan	 	1
1454	 	nan	 	nan	 	1
1455	 	nan	 	nan	 	1
1456	 	nan	 	nan	 	1
1457	 	nan	 	nan	 	1
1458	 	nan	 	nan	 	1
1459	 	nan	 	nan	 	1
1460	 	nan	 	nan	 	1
1461	 	nan	 	nan	 	1
1462	 	nan	 	nan	 	1
1463	 	nan	 	nan	 	1
1464	 	nan	 	nan	 	1
1465	 	nan	 	nan	 	1
1466	 	nan	 	nan	 	1
1467	 	nan	 	nan	 	1
1468	 	nan	 	nan	 	1
1469	 	nan	 	nan	 	1
1470	 	nan	 	nan	 	1
1471	 	nan	 	nan	 	1
1472	 	nan	 	nan	 	1
1473	 	nan	 	nan	 	1
1474	 	nan	 	nan	 	1
1475	 	nan	 	nan	 	1
1476	 	nan	 	nan	 	1
1477	 	nan	 	nan	 	1
1478	 	nan	 	nan	 	1
1479	 	nan	 	nan	 	1
1480	 	nan	 	nan	 	1
1481	 	nan	 	nan	 	1
1482	 	nan	 	nan	 	1
1483	 	nan	 	nan	 	1
1484	 	nan	 	nan	 	1
1485	 	nan	 	nan	 	1
1486	 	nan	 	nan	 	1
1487	 	nan	 	nan	 	1
1488	 	nan	 	nan	 	1
1489	 	nan	 	nan	 	1
1490	 	nan	 	nan	 	1
1491	 	nan	 	nan	 	1
1492	 	nan	 	nan	 	1
1493	 	nan	 	nan	 	1
1494	 	nan	 	nan	 	1
1495	 	nan	 	nan	 	1
1496	 	nan	 	nan	 	1
1497	 	nan	 	nan	 	1
1498	 	nan	 	nan	 	1
1499	 	nan	 	nan	 	1
1500	 	nan	 	nan	 	1
1501	 	nan	 	nan	 	1
1502	 	nan	 	nan	 	1
1503	 	nan	 	nan	 	1
1504	 	nan	 	nan	 	1
1505	 	nan	 	nan	 	1
1506	 	nan	 	nan	 	1
1507	 	nan	 	nan	 	1
1508	 	nan	 	nan	 	1
1509	 	nan	 	nan	 	1
1510	 	nan	 	nan	 	1
1511	 	nan	 	nan	 	1
1512	 	nan	 	nan	 	1
1513	 	nan	 	nan	 	1
1514	 	nan	 	nan	 	1
1515	 	nan	 	nan	 	1
1516	 	nan	 	nan	 	1
1517	 	nan	 	nan	 	1
1518	 	nan	 	nan	 	1
1519	 	nan	 	nan	 	1
1520	 	nan	 	nan	 	1
1521	 	nan	 	nan	 	1
1522	 	nan	 	nan	 	1
1523	 	nan	 	nan	 	1
1524	 	nan	 	nan	 	1
1525	 	nan	 	nan	 	1
1526	 	nan	 	nan	 	1
1527	 	nan	 	nan	 	1
1528	 	nan	 	nan	 	1
1529	 	nan	 	nan	 	1
1530	 	nan	 	nan	 	1
1531	 	nan	 	nan	 	1
1532	 	nan	 	nan	 	1
1533	 	nan	 	nan	 	1
1534	 	nan	 	nan	 	1
1535	 	nan	 	nan	 	1
1536	 	nan	 	nan	 	1
1537	 	nan	 	nan	 	1
1538	 	nan	 	nan	 	1
1539	 	nan	 	nan	 	1
1540	 	nan	 	nan	 	1
1541	 	nan	 	nan	 	1
1542	 	nan	 	nan	 	1
1543	 	nan	 	nan	 	1
1544	 	nan	 	nan	 	1
1545	 	nan	 	nan	 	1
1546	 	nan	 	nan	 	1
1547	 	nan	 	nan	 	1
1548	 	nan	 	nan	 	1
1549	 	nan	 	nan	 	1
1550	 	nan	 	nan	 	1
1551	 	nan	 	nan	 	1
1552	 	nan	 	nan	 	1
1553	 	nan	 	nan	 	1
1554	 	nan	 	nan	 	1
1555	 	nan	 	nan	 	1
1556	 	nan	 	nan	 	1
1557	 	nan	 	nan	 	1
1558	 	nan	 	nan	 	1
1559	 	nan	 	nan	 	1
1560	 	nan	 	nan	 	1
1561	 	nan	 	nan	 	1
1562	 	nan	 	nan	 	1
1563	 	nan	 	nan	 	1
1564	 	nan	 	nan	 	1
1565	 	nan	 	nan	 	1
1566	 	nan	 	nan	 	1
1567	 	nan	 	nan	 	1
1568	 	nan	 	nan	 	1
1569	 	nan	 	nan	 	1
1570	 	nan	 	nan	 	1
1571	 	nan	 	nan	 	1
1572	 	nan	 	nan	 	1
1573	 	nan	 	nan	 	1
1574	 	nan	 	nan	 	1
1575	 	nan	 	nan	 	1
1576	 	nan	 	nan	 	1
1577	 	nan	 	nan	 	1
1578	 	nan	 	nan	 	1
1579	 	nan	 	nan	 	1
1580	 	nan	 	nan	 	1
1581	 	nan	 	nan	 	1
1582	 	nan	 	nan	 	1
1583	 	nan	 	nan	 	1
1584	 	nan	 	nan	 	1
1585	 	nan	 	nan	 	1
1586	 	nan	 	nan	 	1
1587	 	nan	 	nan	 	1
1588	 	nan	 	nan	 	1
1589	 	nan	 	nan	 	1
1590	 	nan	 	nan	 	1
1591	 	nan	 	nan	 	1
1592	 	nan	 	nan	 	1
1593	 	nan	 	nan	 	1
1594	 	nan	 	nan	 	1
1595	 	nan	 	nan	 	1
1596	 	nan	 	nan	 	1
1597	 	nan	 	nan	 	1
1598	 	nan	 	nan	 	1
1599	 	nan	 	nan	 	1
1600	 	nan	 	nan	 	1
1601	 	nan	 	nan	 	1
1602	 	nan	 	nan	 	1
1603	 	nan	 	nan	 	1
1604	 	nan	 	nan	 	1
1605	 	nan	 	nan	 	1
1606	 	nan	 	nan	 	1
1607	 	nan	 	nan	 	1
1608	 	nan	 	nan	 	1
1609	 	nan	 	nan	 	1
1610	 	nan	 	nan	 	1
1611	 	nan	 	nan	 	1
1612	 	nan	 	nan	 	1
1613	 	nan	 	nan	 	1
1614	 	nan	 	nan	 	1
1615	 	nan	 	nan	 	1
1616	 	nan	 	nan	 	1
1617	 	nan	 	nan	 	1
1618	 	nan	 	nan	 	1
1619	 	nan	 	nan	 	1
1620	 	nan	 	nan	 	1
1621	 	nan	 	nan	 	1
1622	 	nan	 	nan	 	1
1623	 	nan	 	nan	 	1
1624	 	nan	 	nan	 	1
1625	 	nan	 	nan	 	1
1626	 	nan	 	nan	 	1
1627	 	nan	 	nan	 	1
1628	 	nan	 	nan	 	1
1629	 	nan	 	nan	 	1
1630	 	nan	 	nan	 	1
1631	 	nan	 	nan	 	1
1632	 	nan	 	nan	 	1
1633	 	nan	 	nan	 	1
1634	 	nan	 	nan	 	1
1635	 	nan	 	nan	 	1
1636	 	nan	 	nan	 	1
1637	 	nan	 	nan	 	1
1638	 	nan	 	nan	 	1
1639	 	nan	 	nan	 	1
1640	 	nan	 	nan	 	1
1641	 	nan	 	nan	 	1
1642	 	nan	 	nan	 	1
1643	 	nan	 	nan	 	1
1644	 	nan	 	nan	 	1
1645	 	nan	 	nan	 	1
1646	 	nan	 	nan	 	1
1647	 	nan	 	nan	 	1
1648	 	nan	 	nan	 	1
1649	 	nan	 	nan	 	1
1650	 	nan	 	nan	 	1
1651	 	nan	 	nan	 	1
1652	 	nan	 	nan	 	1
1653	 	nan	 	nan	 	1
1654	 	nan	 	nan	 	1
1655	 	nan	 	nan	 	1
1656	 	nan	 	nan	 	1
1657	 	nan	 	nan	 	1
1658	 	nan	 	nan	 	1
1659	 	nan	 	nan	 	1
1660	 	nan	 	nan	 	1
1661	 	nan	 	nan	 	1
1662	 	nan	 	nan	 	1
1663	 	nan	 	nan	 	1
1664	 	nan	 	nan	 	1
1665	 	nan	 	nan	 	1
1666	 	nan	 	nan	 	1
1667	 	nan	 	nan	 	1
1668	 	nan	 	nan	 	1
1669	 	nan	 	nan	 	1
1670	 	nan	 	nan	 	1
1671	 	nan	 	nan	 	1
1672	 	nan	 	nan	 	1
1673	 	nan	 	nan	 	1
1674	 	nan	 	nan	 	1
1675	 	nan	 	nan	 	1
1676	 	nan	 	nan	 	1
1677	 	nan	 	nan	 	1
1678	 	nan	 	nan	 	1
1679	 	nan	 	nan	 	1
1680	 	nan	 	nan	 	1
1681	 	nan	 	nan	 	1
1682	 	nan	 	nan	 	1
1683	 	nan	 	nan	 	1
1684	 	nan	 	nan	 	1
1685	 	nan	 	nan	 	1
1686	 	nan	 	nan	 	1
1687	 	nan	 	nan	 	1
1688	 	nan	 	nan	 	1
1689	 	nan	 	nan	 	1
1690	 	nan	 	nan	 	1
1691	 	nan	 	nan	 	1
1692	 	nan	 	nan	 	1
1693	 	nan	 	nan	 	1
1694	 	nan	 	nan	 	1
1695	 	nan	 	nan	 	1
1696	 	nan	 	nan	 	1
1697	 	nan	 	nan	 	1
1698	 	nan	 	nan	 	1
1699	 	nan	 	nan	 	1
1700	 	nan	 	nan	 	1
1701	 	nan	 	nan	 	1
1702	 	nan	 	nan	 	1
1703	 	nan	 	nan	 	1
1704	 	nan	 	nan	 	1
1705	 	nan	 	nan	 	1
1706	 	nan	 	nan	 	1
1707	 	nan	 	nan	 	1
1708	 	nan	 	nan	 	1
1709	 	nan	 	nan	 	1
1710	 	nan	 	nan	 	1
1711	 	nan	 	nan	 	1
1712	 	nan	 	nan	 	1
1713	 	nan	 	nan	 	1
1714	 	nan	 	nan	 	1
1715	 	nan	 	nan	 	1
1716	 	nan	 	nan	 	1
1717	 	nan	 	nan	 	1
1718	 	nan	 	nan	 	1
1719	 	nan	 	nan	 	1
1720	 	nan	 	nan	 	1
1721	 	nan	 	nan	 	1
1722	 	nan	 	nan	 	1
1723	 	nan	 	nan	 	1
1724	 	nan	 	nan	 	1
1725	 	nan	 	nan	 	1
1726	 	nan	 	nan	 	1
1727	 	nan	 	nan	 	1
1728	 	nan	 	nan	 	1
1729	 	nan	 	nan	 	1
1730	 	nan	 	nan	 	1
1731	 	nan	 	nan	 	1
1732	 	nan	 	nan	 	1
1733	 	nan	 	nan	 	1
1734	 	nan	 	nan	 	1
1735	 	nan	 	nan	 	1
1736	 	nan	 	nan	 	1
1737	 	nan	 	nan	 	1
1738	 	nan	 	nan	 	1
1739	 	nan	 	nan	 	1
1740	 	nan	 	nan	 	1
1741	 	nan	 	nan	 	1
1742	 	nan	 	nan	 	1
1743	 	nan	 	nan	 	1
1744	 	nan	 	nan	 	1
1745	 	nan	 	nan	 	1
1746	 	nan	 	nan	 	1
1747	 	nan	 	nan	 	1
1748	 	nan	 	nan	 	1
1749	 	nan	 	nan	 	1
1750	 	nan	 	nan	 	1
1751	 	nan	 	nan	 	1
1752	 	nan	 	nan	 	1
1753	 	nan	 	nan	 	1
1754	 	nan	 	nan	 	1
1755	 	nan	 	nan	 	1
1756	 	nan	 	nan	 	1
1757	 	nan	 	nan	 	1
1758	 	nan	 	nan	 	1
1759	 	nan	 	nan	 	1
1760	 	nan	 	nan	 	1
1761	 	nan	 	nan	 	1
1762	 	nan	 	nan	 	1
1763	 	nan	 	nan	 	1
1764	 	nan	 	nan	 	1
1765	 	nan	 	nan	 	1
1766	 	nan	 	nan	 	1
1767	 	nan	 	nan	 	1
1768	 	nan	 	nan	 	1
1769	 	nan	 	nan	 	1
1770	 	nan	 	nan	 	1
1771	 	nan	 	nan	 	1
1772	 	nan	 	nan	 	1
1773	 	nan	 	nan	 	1
1774	 	nan	 	nan	 	1
1775	 	nan	 	nan	 	1
1776	 	nan	 	nan	 	1
1777	 	nan	 	nan	 	1
1778	 	nan	 	nan	 	1
1779	 	nan	 	nan	 	1
1780	 	nan	 	nan	 	1
1781	 	nan	 	nan	 	1
1782	 	nan	 	nan	 	1
1783	 	nan	 	nan	 	1
1784	 	nan	 	nan	 	1
1785	 	nan	 	nan	 	1
1786	 	nan	 	nan	 	1
1787	 	nan	 	nan	 	1
1788	 	nan	 	nan	 	1
1789	 	nan	 	nan	 	1
1790	 	nan	 	nan	 	1
1791	 	nan	 	nan	 	1
1792	 	nan	 	nan	 	1
1793	 	nan	 	nan	 	1
1794	 	nan	 	nan	 	1
1795	 	nan	 	nan	 	1
1796	 	nan	 	nan	 	1
1797	 	nan	 	nan	 	1
1798	 	nan	 	nan	 	1
1799	 	nan	 	nan	 	1
1800	 	nan	 	nan	 	1
1801	 	nan	 	nan	 	1
1802	 	nan	 	nan	 	1
1803	 	nan	 	nan	 	1
1804	 	nan	 	nan	 	1
1805	 	nan	 	nan	 	1
1806	 	nan	 	nan	 	1
1807	 	nan	 	nan	 	1
1808	 	nan	 	nan	 	1
1809	 	nan	 	nan	 	1
1810	 	nan	 	nan	 	1
1811	 	nan	 	nan	 	1
1812	 	nan	 	nan	 	1
1813	 	nan	 	nan	 	1
1814	 	nan	 	nan	 	1
1815	 	nan	 	nan	 	1
1816	 	nan	 	nan	 	1
1817	 	nan	 	nan	 	1
1818	 	nan	 	nan	 	1
1819	 	nan	 	nan	 	1
1820	 	nan	 	nan	 	1
1821	 	nan	 	nan	 	1
1822	 	nan	 	nan	 	1
1823	 	nan	 	nan	 	1
1824	 	nan	 	nan	 	1
1825	 	nan	 	nan	 	1
1826	 	nan	 	nan	 	1
1827	 	nan	 	nan	 	1
1828	 	nan	 	nan	 	1
1829	 	nan	 	nan	 	1
1830	 	nan	 	nan	 	1
1831	 	nan	 	nan	 	1
1832	 	nan	 	nan	 	1
1833	 	nan	 	nan	 	1
1834	 	nan	 	nan	 	1
1835	 	nan	 	nan	 	1
1836	 	nan	 	nan	 	1
1837	 	nan	 	nan	 	1
1838	 	nan	 	nan	 	1
1839	 	nan	 	nan	 	1
1840	 	nan	 	nan	 	1
1841	 	nan	 	nan	 	1
1842	 	nan	 	nan	 	1
1843	 	nan	 	nan	 	1
1844	 	nan	 	nan	 	1
1845	 	nan	 	nan	 	1
1846	 	nan	 	nan	 	1
1847	 	nan	 	nan	 	1
1848	 	nan	 	nan	 	1
1849	 	nan	 	nan	 	1
1850	 	nan	 	nan	 	1
1851	 	nan	 	nan	 	1
1852	 	nan	 	nan	 	1
1853	 	nan	 	nan	 	1
1854	 	nan	 	nan	 	1
1855	 	nan	 	nan	 	1
1856	 	nan	 	nan	 	1
1857	 	nan	 	nan	 	1
1858	 	nan	 	nan	 	1
1859	 	nan	 	nan	 	1
1860	 	nan	 	nan	 	1
1861	 	nan	 	nan	 	1
1862	 	nan	 	nan	 	1
1863	 	nan	 	nan	 	1
1864	 	nan	 	nan	 	1
1865	 	nan	 	nan	 	1
1866	 	nan	 	nan	 	1
1867	 	nan	 	nan	 	1
1868	 	nan	 	nan	 	1
1869	 	nan	 	nan	 	1
1870	 	nan	 	nan	 	1
1871	 	nan	 	nan	 	1
1872	 	nan	 	nan	 	1
1873	 	nan	 	nan	 	1
1874	 	nan	 	nan	 	1
1875	 	nan	 	nan	 	1
1876	 	nan	 	nan	 	1
1877	 	nan	 	nan	 	1
1878	 	nan	 	nan	 	1
1879	 	nan	 	nan	 	1
1880	 	nan	 	nan	 	1
1881	 	nan	 	nan	 	1
1882	 	nan	 	nan	 	1
1883	 	nan	 	nan	 	1
1884	 	nan	 	nan	 	1
1885	 	nan	 	nan	 	1
1886	 	nan	 	nan	 	1
1887	 	nan	 	nan	 	1
1888	 	nan	 	nan	 	1
1889	 	nan	 	nan	 	1
1890	 	nan	 	nan	 	1
1891	 	nan	 	nan	 	1
1892	 	nan	 	nan	 	1
1893	 	nan	 	nan	 	1
1894	 	nan	 	nan	 	1
1895	 	nan	 	nan	 	1
1896	 	nan	 	nan	 	1
1897	 	nan	 	nan	 	1
1898	 	nan	 	nan	 	1
1899	 	nan	 	nan	 	1
1900	 	nan	 	nan	 	1
1901	 	nan	 	nan	 	1
1902	 	nan	 	nan	 	1
1903	 	nan	 	nan	 	1
1904	 	nan	 	nan	 	1
1905	 	nan	 	nan	 	1
1906	 	nan	 	nan	 	1
1907	 	nan	 	nan	 	1
1908	 	nan	 	nan	 	1
1909	 	nan	 	nan	 	1
1910	 	nan	 	nan	 	1
1911	 	nan	 	nan	 	1
1912	 	nan	 	nan	 	1
1913	 	nan	 	nan	 	1

**************************************************
*         .-~*~~~*~-.                           *
*        .-~~~~~~~~~-.                           *
*       /  X       X  \                          *
*      |    .-----.    |                         *
*       \  '_______'  /                          *
*        `-.........-'                           *
* *  ____   ___  ____ ____                       *
*   |  _ \ / _ \_   _| __ )                      *
*   | | | | | | || | |  _ \                      *
*   | |_| | |_| || | | |_) |                     *
*   |____/ \___/ |_| |____/                      *
* *
*   Discrete Ordinate with Two Braincells        *
**************************************************
    
mini3x3-pin-cart	2 group
S-16	 quad set, 	 mesh refinement: 64

iteration 	 keff 	 	 error 	 	 iteration 

**************************************************
*         .-~*~~~*~-.                           *
*        .-~~~~~~~~~-.                           *
*       /  X       X  \                          *
*      |    .-----.    |                         *
*       \  '_______'  /                          *
*        `-.........-'                           *
* *  ____   ___  ____ ____                       *
*   |  _ \ / _ \_   _| __ )                      *
*   | | | | | | || | |  _ \                      *
*   | |_| | |_| || | | |_) |                     *
*   |____/ \___/ |_| |____/                      *
* *
*   Discrete Ordinate with Two Braincells        *
**************************************************
    
mini3x3-pin-cart	2 group
S-16	 quad set, 	 mesh refinement: 64

iteration 	 keff 	 	 error 	 	 iteration 
1	 	0.62321285	 	-0.60458823	 	20
2	 	0.68620755	 	0.09180124	 	20
3	 	0.72041338	 	0.04748083	 	20
4	 	0.73207206	 	0.01592559	 	20
5	 	0.73550159	 	0.00466284	 	20
6	 	0.73644228	 	0.00127735	 	20
7	 	0.73669039	 	0.00033679	 	20
8	 	0.73675428	 	0.00008671	 	20
9	 	0.73677048	 	0.00002199	 	20
10	 	0.73677453	 	0.00000550	 	20
11	 	0.73677554	 	0.00000137	 	20
12	 	0.73677581	 	0.00000036	 	20
mini3x3-pin-cart  refinement = 64 S-16 keff= 0.73677581
flux distribution is saved in the flux_mini3x3-pin-cart.m and .py file script
--- End of calculation ---


**************************************************
*         .-~*~~~*~-.                           *
*        .-~~~~~~~~~-.                           *
*       /  X       X  \                          *
*      |    .-----.    |                         *
*       \  '_______'  /                          *
*        `-.........-'                           *
* *  ____   ___  ____ ____                       *
*   |  _ \ / _ \_   _| __ )                      *
*   | | | | | | || | |  _ \                      *
*   | |_| | |_| || | | |_) |                     *
*   |____/ \___/ |_| |____/                      *
* *
*   Discrete Ordinate with Two Braincells        *
**************************************************
    
mini3x3-pin-cart	2 group
S-16	 quad set, 	 mesh refinement: 1

iteration 	 keff 	 	 error 	 	 iteration 
1	 	0.61444883	 	-0.62747482	 	20
2	 	0.67062950	 	0.08377304	 	20
3	 	0.70102949	 	0.04336478	 	20
4	 	0.71068933	 	0.01359221	 	20
5	 	0.71330234	 	0.00366326	 	20
6	 	0.71395707	 	0.00091704	 	20
7	 	0.71411412	 	0.00021992	 	20
8	 	0.71415077	 	0.00005132	 	20
9	 	0.71415226	 	0.00000209	 	2
10	 	0.71415293	 	0.00000094	 	1
mini3x3-pin-cart  refinement = 1 S-16 keff= 0.71415293
flux distribution is saved in the flux_mini3x3-pin-cart.m and .py file script
--- End of calculation ---


**************************************************
*         .-~*~~~*~-.                           *
*        .-~~~~~~~~~-.                           *
*       /  X       X  \                          *
*      |    .-----.    |                         *
*       \  '_______'  /                          *
*        `-.........-'                           *
* *  ____   ___  ____ ____                       *
*   |  _ \ / _ \_   _| __ )                      *
*   | | | | | | || | |  _ \                      *
*   | |_| | |_| || | | |_) |                     *
*   |____/ \___/ |_| |____/                      *
* *
*   Discrete Ordinate with Two Braincells        *
**************************************************
    
mini3x3-pin-cart	2 group
S-16	 quad set, 	 mesh refinement: 1

iteration 	 keff 	 	 error 	 	 iteration 
1	 	0.60725214	 	-0.64676242	 	20
2	 	0.66744979	 	0.09019054	 	20
3	 	0.69938394	 	0.04566040	 	20
4	 	0.70950979	 	0.01427162	 	20
5	 	0.71226304	 	0.00386549	 	20
6	 	0.71296044	 	0.00097817	 	20
7	 	0.71313038	 	0.00023831	 	20
8	 	0.71317085	 	0.00005674	 	20
9	 	0.71317327	 	0.00000340	 	3
10	 	0.71317397	 	0.00000097	 	1
mini3x3-pin-cart  refinement = 1 S-16 keff= 0.71317397
flux distribution is saved in the flux_mini3x3-pin-cart.m and .py file script
--- End of calculation ---


**************************************************
*         .-~*~~~*~-.                           *
*        .-~~~~~~~~~-.                           *
*       /  X       X  \                          *
*      |    .-----.    |                         *
*       \  '_______'  /                          *
*        `-.........-'                           *
* *  ____   ___  ____ ____                       *
*   |  _ \ / _ \_   _| __ )                      *
*   | | | | | | || | |  _ \                      *
*   | |_| | |_| || | | |_) |                     *
*   |____/ \___/ |_| |____/                      *
* *
*   Discrete Ordinate with Two Braincells        *
**************************************************
    
mini3x3-pin-cart	2 group
S-16	 quad set, 	 mesh refinement: 2

iteration 	 keff 	 	 error 	 	 iteration 
1	 	0.62419526	 	-0.60206278	 	20
2	 	0.69252982	 	0.09867382	 	20
3	 	0.72930021	 	0.05041873	 	20
4	 	0.74195380	 	0.01705441	 	20
5	 	0.74573749	 	0.00507376	 	20
6	 	0.74679744	 	0.00141932	 	20
7	 	0.74708419	 	0.00038383	 	20
8	 	0.74716032	 	0.00010190	 	20
9	 	0.74718036	 	0.00002682	 	20
10	 	0.74718561	 	0.00000702	 	20
11	 	0.74718704	 	0.00000191	 	20
12	 	0.74718743	 	0.00000052	 	20
mini3x3-pin-cart  refinement = 2 S-16 keff= 0.74718743
flux distribution is saved in the flux_mini3x3-pin-cart.m and .py file script
--- End of calculation ---


**************************************************
*         .-~*~~~*~-.                           *
*        .-~~~~~~~~~-.                           *
*       /  X       X  \                          *
*      |    .-----.    |                         *
*       \  '_______'  /                          *
*        `-.........-'                           *
* *  ____   ___  ____ ____                       *
*   |  _ \ / _ \_   _| __ )                      *
*   | | | | | | || | |  _ \                      *
*   | |_| | |_| || | | |_) |                     *
*   |____/ \___/ |_| |____/                      *
* *
*   Discrete Ordinate with Two Braincells        *
**************************************************
    
mini3x3-pin-cart	2 group
S-16	 quad set, 	 mesh refinement: 4

iteration 	 keff 	 	 error 	 	 iteration 
1	 	0.61947152	 	-0.61427921	 	20
2	 	0.68690158	 	0.09816553	 	20
3	 	0.72316569	 	0.05014634	 	20
4	 	0.73559200	 	0.01689294	 	20
5	 	0.73928883	 	0.00500052	 	20
6	 	0.74031843	 	0.00139076	 	20
7	 	0.74059523	 	0.00037376	 	20
8	 	0.74066862	 	0.00009909	 	20
9	 	0.74068745	 	0.00002542	 	20
10	 	0.74069233	 	0.00000659	 	20
11	 	0.74069379	 	0.00000197	 	20
12	 	0.74069394	 	0.00000020	 	20
mini3x3-pin-cart  refinement = 4 S-16 keff= 0.74069394
flux distribution is saved in the flux_mini3x3-pin-cart.m and .py file script
--- End of calculation ---


**************************************************
*         .-~*~~~*~-.                           *
*        .-~~~~~~~~~-.                           *
*       /  X       X  \                          *
*      |    .-----.    |                         *
*       \  '_______'  /                          *
*        `-.........-'                           *
* *  ____   ___  ____ ____                       *
*   |  _ \ / _ \_   _| __ )                      *
*   | | | | | | || | |  _ \                      *
*   | |_| | |_| || | | |_) |                     *
*   |____/ \___/ |_| |____/                      *
* *
*   Discrete Ordinate with Two Braincells        *
**************************************************
    
mini3x3-pin-cart	2 group
S-16	 quad set, 	 mesh refinement: 8

iteration 	 keff 	 	 error 	 	 iteration 
1	 	0.61926397	 	-0.61482024	 	20
2	 	0.68667854	 	0.09817486	 	20
3	 	0.72292740	 	0.05014178	 	20
4	 	0.73534630	 	0.01688851	 	20
5	 	0.73904010	 	0.00499810	 	20
6	 	0.74006826	 	0.00138927	 	20
7	 	0.74034517	 	0.00037403	 	20
8	 	0.74041834	 	0.00009882	 	20
9	 	0.74043680	 	0.00002494	 	20
10	 	0.74044203	 	0.00000706	 	20
11	 	0.74044325	 	0.00000165	 	20
12	 	0.74044338	 	0.00000017	 	20
mini3x3-pin-cart  refinement = 8 S-16 keff= 0.74044338
flux distribution is saved in the flux_mini3x3-pin-cart.m and .py file script
--- End of calculation ---


**************************************************
*         .-~*~~~*~-.                           *
*        .-~~~~~~~~~-.                           *
*       /  X       X  \                          *
*      |    .-----.    |                         *
*       \  '_______'  /                          *
*        `-.........-'                           *
* *  ____   ___  ____ ____                       *
*   |  _ \ / _ \_   _| __ )                      *
*   | | | | | | || | |  _ \                      *
*   | |_| | |_| || | | |_) |                     *
*   |____/ \___/ |_| |____/                      *
* *
*   Discrete Ordinate with Two Braincells        *
**************************************************
    
mini3x3-pin-cart	2 group
S-16	 quad set, 	 mesh refinement: 8

iteration 	 keff 	 	 error 	 	 iteration 
1	 	0.61961871	 	-0.61389574	 	20
2	 	0.68389530	 	0.09398601	 	20
3	 	0.71920965	 	0.04910161	 	20
4	 	0.73147812	 	0.01677216	 	20
5	 	0.73517640	 	0.00503046	 	20
6	 	0.73622001	 	0.00141753	 	20
7	 	0.73650501	 	0.00038696	 	20
8	 	0.73658147	 	0.00010380	 	20
9	 	0.73660108	 	0.00002663	 	20
10	 	0.73660669	 	0.00000761	 	20
11	 	0.73660801	 	0.00000179	 	20
12	 	0.73660818	 	0.00000023	 	20
mini3x3-pin-cart  refinement = 8 S-16 keff= 0.73660818
flux distribution is saved in the flux_mini3x3-pin-cart.m and .py file script
--- End of calculation ---


**************************************************
*         .-~*~~~*~-.                           *
*        .-~~~~~~~~~-.                           *
*       /  X       X  \                          *
*      |    .-----.    |                         *
*       \  '_______'  /                          *
*        `-.........-'                           *
* *  ____   ___  ____ ____                       *
*   |  _ \ / _ \_   _| __ )                      *
*   | | | | | | || | |  _ \                      *
*   | |_| | |_| || | | |_) |                     *
*   |____/ \___/ |_| |____/                      *
* *
*   Discrete Ordinate with Two Braincells        *
**************************************************
    
mini3x3-pin-cart	2 group
S-16	 quad set, 	 mesh refinement: 8

iteration 	 keff 	 	 error 	 	 iteration 
1	 	0.62369725	 	-0.60334200	 	20
2	 	0.68349962	 	0.08749437	 	20
3	 	0.71672152	 	0.04635259	 	20
4	 	0.72820355	 	0.01576761	 	20
5	 	0.73162704	 	0.00467928	 	20
6	 	0.73257856	 	0.00129887	 	20
7	 	0.73283377	 	0.00034825	 	20
8	 	0.73290085	 	0.00009153	 	20
9	 	0.73291754	 	0.00002278	 	20
10	 	0.73292231	 	0.00000651	 	20
11	 	0.73292337	 	0.00000144	 	20
12	 	0.73292345	 	0.00000012	 	20
mini3x3-pin-cart  refinement = 8 S-16 keff= 0.73292345
flux distribution is saved in the flux_mini3x3-pin-cart.m and .py file script
--- End of calculation ---

