iteration 	 keff 	 	 error	
1	 	0.982082	 	-0.0179183
2	 	1.00014	 	0.018057
3	 	1.0034	 	0.00326227
4	 	1.00406	 	0.000656833
5	 	1.0042	 	0.000137635
6	 	1.00422	 	2.93079e-05
7	 	1.00423	 	6.283e-06
8	 	1.00423	 	1.35037e-06
9	 	1.00423	 	2.89457e-07
10	 	1.00423	 	6.26801e-08
11	 	1.00423	 	1.34539e-08
12	 	1.00423	 	3.33388e-09
13	 	1.00423	 	6.15433e-10
PUa-1-SL  delx = 0.0185372 keff= 1.00423 with error: 6.15433e-10

pos	 flux1 	 	 flux2
0	1.1881	 	
1	1.188	 	
2	1.18778	 	
3	1.18746	 	
4	1.18704	 	
5	1.1865	 	
6	1.18586	 	
7	1.18511	 	
8	1.18426	 	
9	1.1833	 	
10	1.18223	 	
11	1.18105	 	
12	1.17977	 	
13	1.17838	 	
14	1.17688	 	
15	1.17528	 	
16	1.17357	 	
17	1.17175	 	
18	1.16982	 	
19	1.16779	 	
20	1.16565	 	
21	1.1634	 	
22	1.16105	 	
23	1.15858	 	
24	1.15601	 	
25	1.15333	 	
26	1.15054	 	
27	1.14765	 	
28	1.14464	 	
29	1.14153	 	
30	1.13831	 	
31	1.13498	 	
32	1.13154	 	
33	1.12799	 	
34	1.12433	 	
35	1.12056	 	
36	1.11669	 	
37	1.1127	 	
38	1.1086	 	
39	1.10439	 	
40	1.10007	 	
41	1.09564	 	
42	1.0911	 	
43	1.08645	 	
44	1.08168	 	
45	1.0768	 	
46	1.07181	 	
47	1.06671	 	
48	1.06149	 	
49	1.05616	 	
50	1.05071	 	
51	1.04515	 	
52	1.03948	 	
53	1.03368	 	
54	1.02777	 	
55	1.02175	 	
56	1.0156	 	
57	1.00934	 	
58	1.00296	 	
59	0.996456	 	
60	0.989833	 	
61	0.983089	 	
62	0.976222	 	
63	0.969233	 	
64	0.962119	 	
65	0.95488	 	
66	0.947516	 	
67	0.940024	 	
68	0.932404	 	
69	0.924654	 	
70	0.916775	 	
71	0.908763	 	
72	0.900618	 	
73	0.892339	 	
74	0.883924	 	
75	0.875372	 	
76	0.86668	 	
77	0.857849	 	
78	0.848874	 	
79	0.839756	 	
80	0.830492	 	
81	0.821081	 	
82	0.811519	 	
83	0.801805	 	
84	0.791938	 	
85	0.781914	 	
86	0.771731	 	
87	0.761387	 	
88	0.750879	 	
89	0.740205	 	
90	0.729361	 	
91	0.718345	 	
92	0.707154	 	
93	0.695784	 	
94	0.684233	 	
95	0.672496	 	
96	0.660571	 	
97	0.648453	 	
98	0.636139	 	
99	0.623625	 	


iteration 	 keff 	 	 error	
1	 	0.982082	 	-0.0179183
2	 	1.00014	 	0.018057
3	 	1.0034	 	0.00326227
4	 	1.00406	 	0.000656833
5	 	1.0042	 	0.000137635
6	 	1.00422	 	2.93078e-05
7	 	1.00423	 	6.28208e-06
8	 	1.00423	 	1.35075e-06
9	 	1.00423	 	2.90592e-07
10	 	1.00423	 	6.23981e-08
11	 	1.00423	 	1.31163e-08
12	 	1.00423	 	3.78445e-09
13	 	1.00423	 	6.45107e-10
PUa-1-SL  delx = 0.0185372 keff= 1.00423 with error: 6.45107e-10

pos	 flux1 	 	 flux2
0	0.623625	 	
1	0.636139	 	
2	0.648453	 	
3	0.660571	 	
4	0.672496	 	
5	0.684233	 	
6	0.695784	 	
7	0.707154	 	
8	0.718345	 	
9	0.729361	 	
10	0.740205	 	
11	0.750879	 	
12	0.761387	 	
13	0.771731	 	
14	0.781914	 	
15	0.791938	 	
16	0.801805	 	
17	0.811519	 	
18	0.821081	 	
19	0.830492	 	
20	0.839756	 	
21	0.848874	 	
22	0.857849	 	
23	0.86668	 	
24	0.875372	 	
25	0.883924	 	
26	0.892339	 	
27	0.900618	 	
28	0.908763	 	
29	0.916775	 	
30	0.924654	 	
31	0.932404	 	
32	0.940024	 	
33	0.947516	 	
34	0.95488	 	
35	0.962119	 	
36	0.969233	 	
37	0.976223	 	
38	0.983089	 	
39	0.989833	 	
40	0.996456	 	
41	1.00296	 	
42	1.00934	 	
43	1.0156	 	
44	1.02175	 	
45	1.02777	 	
46	1.03368	 	
47	1.03948	 	
48	1.04515	 	
49	1.05071	 	
50	1.05616	 	
51	1.06149	 	
52	1.06671	 	
53	1.07181	 	
54	1.0768	 	
55	1.08168	 	
56	1.08645	 	
57	1.0911	 	
58	1.09564	 	
59	1.10007	 	
60	1.10439	 	
61	1.1086	 	
62	1.1127	 	
63	1.11669	 	
64	1.12056	 	
65	1.12433	 	
66	1.12799	 	
67	1.13154	 	
68	1.13498	 	
69	1.13831	 	
70	1.14153	 	
71	1.14464	 	
72	1.14765	 	
73	1.15054	 	
74	1.15333	 	
75	1.15601	 	
76	1.15858	 	
77	1.16105	 	
78	1.1634	 	
79	1.16565	 	
80	1.16779	 	
81	1.16982	 	
82	1.17175	 	
83	1.17357	 	
84	1.17528	 	
85	1.17688	 	
86	1.17838	 	
87	1.17977	 	
88	1.18105	 	
89	1.18223	 	
90	1.1833	 	
91	1.18426	 	
92	1.18511	 	
93	1.18586	 	
94	1.1865	 	
95	1.18704	 	
96	1.18746	 	
97	1.18778	 	
98	1.188	 	
99	1.1881	 	
100	1.1881	 	
101	1.188	 	
102	1.18778	 	
103	1.18746	 	
104	1.18704	 	
105	1.1865	 	
106	1.18586	 	
107	1.18511	 	
108	1.18426	 	
109	1.1833	 	
110	1.18223	 	
111	1.18105	 	
112	1.17977	 	
113	1.17838	 	
114	1.17688	 	
115	1.17528	 	
116	1.17357	 	
117	1.17175	 	
118	1.16982	 	
119	1.16779	 	
120	1.16565	 	
121	1.1634	 	
122	1.16105	 	
123	1.15858	 	
124	1.15601	 	
125	1.15333	 	
126	1.15054	 	
127	1.14765	 	
128	1.14464	 	
129	1.14153	 	
130	1.13831	 	
131	1.13498	 	
132	1.13154	 	
133	1.12799	 	
134	1.12433	 	
135	1.12056	 	
136	1.11669	 	
137	1.1127	 	
138	1.1086	 	
139	1.10439	 	
140	1.10007	 	
141	1.09564	 	
142	1.0911	 	
143	1.08645	 	
144	1.08168	 	
145	1.0768	 	
146	1.07181	 	
147	1.06671	 	
148	1.06149	 	
149	1.05616	 	
150	1.05071	 	
151	1.04515	 	
152	1.03948	 	
153	1.03368	 	
154	1.02777	 	
155	1.02175	 	
156	1.0156	 	
157	1.00934	 	
158	1.00296	 	
159	0.996456	 	
160	0.989833	 	
161	0.983089	 	
162	0.976223	 	
163	0.969233	 	
164	0.962119	 	
165	0.95488	 	
166	0.947516	 	
167	0.940024	 	
168	0.932404	 	
169	0.924654	 	
170	0.916775	 	
171	0.908763	 	
172	0.900618	 	
173	0.892339	 	
174	0.883924	 	
175	0.875372	 	
176	0.86668	 	
177	0.857849	 	
178	0.848874	 	
179	0.839756	 	
180	0.830492	 	
181	0.821081	 	
182	0.811519	 	
183	0.801805	 	
184	0.791938	 	
185	0.781914	 	
186	0.771731	 	
187	0.761387	 	
188	0.750879	 	
189	0.740205	 	
190	0.729361	 	
191	0.718345	 	
192	0.707154	 	
193	0.695784	 	
194	0.684233	 	
195	0.672496	 	
196	0.660571	 	
197	0.648453	 	
198	0.636139	 	
199	0.623625	 	


iteration 	 keff 	 	 error	
1	 	0.982074	 	-0.0179264
2	 	1.00013	 	0.0180535
3	 	1.00339	 	0.00326093
4	 	1.00404	 	0.000656381
5	 	1.00418	 	0.000137495
6	 	1.00421	 	2.92673e-05
7	 	1.00422	 	6.27069e-06
8	 	1.00422	 	1.34774e-06
9	 	1.00422	 	2.897e-07
10	 	1.00422	 	6.2e-08
11	 	1.00422	 	1.40498e-08
12	 	1.00422	 	3.86106e-09
13	 	1.00422	 	6.51723e-10
PUa-1-SL  delx = 1 keff= 1.00422 with error: 6.51723e-10

pos	 flux1 	 	 flux2
0	0.62984	 	
1	0.62984	 	


iteration 	 keff 	 	 error	
1	 	0.982082	 	-0.0179183
2	 	1.00014	 	0.018057
3	 	1.0034	 	0.00326227
4	 	1.00406	 	0.000656833
5	 	1.0042	 	0.000137635
6	 	1.00422	 	2.93078e-05
7	 	1.00423	 	6.28214e-06
8	 	1.00423	 	1.34998e-06
9	 	1.00423	 	2.90424e-07
10	 	1.00423	 	6.33048e-08
11	 	1.00423	 	1.31159e-08
12	 	1.00423	 	3.76834e-09
13	 	1.00423	 	6.38602e-10
PUa-1-SL  delx = 1 keff= 1.00423 with error: 6.38602e-10

pos	 flux1 	 	 flux2
0	0.623625	 	
1	0.623625	 	


iteration 	 keff 	 	 error	
1	 	0.982082	 	-0.0179183
2	 	1.00014	 	0.018057
3	 	1.0034	 	0.00326227
4	 	1.00406	 	0.000656833
5	 	1.0042	 	0.000137635
6	 	1.00422	 	2.93078e-05
7	 	1.00423	 	6.28214e-06
8	 	1.00423	 	1.34998e-06
9	 	1.00423	 	2.90424e-07
10	 	1.00423	 	6.33048e-08
11	 	1.00423	 	1.31159e-08
12	 	1.00423	 	3.76834e-09
13	 	1.00423	 	6.38602e-10
PUa-1-SL  delx = 1 keff= 1.00423 with error: 6.38602e-10

pos	 flux1 	 	 flux2
0	0.623625	 	
1	0.623625	 	


iteration 	 keff 	 	 error	
1	 	0.389682	 	-0.610318
2	 	0.37575	 	-0.0139317
3	 	0.369818	 	-0.005932
4	 	0.367588	 	-0.00222994
5	 	0.366774	 	-0.00081423
6	 	0.366466	 	-0.000307779
7	 	0.366342	 	-0.000123976
8	 	0.366289	 	-5.29909e-05
9	 	0.366266	 	-2.36002e-05
10	 	0.366255	 	-1.07737e-05
11	 	0.36625	 	-4.98837e-06
12	 	0.366247	 	-2.32906e-06
13	 	0.366246	 	-1.09324e-06
14	 	0.366246	 	-5.13848e-07
15	 	0.366246	 	-2.42214e-07
16	 	0.366245	 	-1.14144e-07
17	 	0.366245	 	-5.41256e-08
18	 	0.366245	 	-2.54908e-08
19	 	0.366245	 	-1.18255e-08
20	 	0.366245	 	-5.77948e-09
21	 	0.366245	 	-2.55127e-09
22	 	0.366245	 	-1.2703e-09
23	 	0.366245	 	-7.38649e-10
24	 	0.366245	 	-2.53061e-10
PUa-1-SL  delx = 1 keff= 0.366245 with error: -2.53061e-10

pos	 flux1 	 	 flux2
0	0.173064	 	
1	0.206447	 	


iteration 	 keff 	 	 error	
1	 	0.982082	 	-0.0179183
2	 	1.00014	 	0.018057
3	 	1.0034	 	0.00326227
4	 	1.00406	 	0.000656833
5	 	1.0042	 	0.000137635
6	 	1.00422	 	2.93078e-05
7	 	1.00423	 	6.28214e-06
8	 	1.00423	 	1.34998e-06
9	 	1.00423	 	2.90424e-07
10	 	1.00423	 	6.33048e-08
11	 	1.00423	 	1.31159e-08
12	 	1.00423	 	3.76834e-09
13	 	1.00423	 	6.38602e-10
PUa-1-SL  delx = 1 keff= 1.00423 with error: 6.38602e-10

pos	 flux1 	 	 flux2
0	0.623625	 	
1	0.623625	 	


iteration 	 keff 	 	 error	
1	 	1.48641	 	0.486412
2	 	1.52543	 	0.0390161
3	 	1.53494	 	0.00950794
4	 	1.53752	 	0.0025857
5	 	1.53826	 	0.000735849
6	 	1.53847	 	0.000213884
7	 	1.53853	 	6.28152e-05
8	 	1.53855	 	1.85442e-05
9	 	1.53856	 	5.48876e-06
10	 	1.53856	 	1.62516e-06
11	 	1.53856	 	4.80562e-07
12	 	1.53856	 	1.43525e-07
13	 	1.53856	 	4.27194e-08
14	 	1.53856	 	1.37459e-08
15	 	1.53856	 	4.41136e-09
16	 	1.53856	 	1.33021e-09
PUa-1-SL  delx = 0.0185372 keff= 1.53856 with error: 1.33021e-09

pos	 flux1 	 	 flux2
0	1.91008	 	
1	1.91003	 	
2	1.90992	 	
3	1.90975	 	
4	1.90952	 	
5	1.90924	 	
6	1.90891	 	
7	1.90852	 	
8	1.90807	 	
9	1.90756	 	
10	1.907	 	
11	1.90639	 	
12	1.90571	 	
13	1.90499	 	
14	1.9042	 	
15	1.90336	 	
16	1.90247	 	
17	1.90151	 	
18	1.90051	 	
19	1.89944	 	
20	1.89832	 	
21	1.89715	 	
22	1.89592	 	
23	1.89463	 	
24	1.89329	 	
25	1.89189	 	
26	1.89043	 	
27	1.88892	 	
28	1.88736	 	
29	1.88574	 	
30	1.88406	 	
31	1.88233	 	
32	1.88054	 	
33	1.8787	 	
34	1.8768	 	
35	1.87484	 	
36	1.87283	 	
37	1.87077	 	
38	1.86865	 	
39	1.86647	 	
40	1.86424	 	
41	1.86196	 	
42	1.85961	 	
43	1.85722	 	
44	1.85477	 	
45	1.85226	 	
46	1.8497	 	
47	1.84708	 	
48	1.84441	 	
49	1.84168	 	
50	1.8389	 	
51	1.83606	 	
52	1.83317	 	
53	1.83022	 	
54	1.82722	 	
55	1.82417	 	
56	1.82106	 	
57	1.81789	 	
58	1.81467	 	
59	1.8114	 	
60	1.80807	 	
61	1.80468	 	
62	1.80125	 	
63	1.79776	 	
64	1.79421	 	
65	1.79061	 	
66	1.78695	 	
67	1.78324	 	
68	1.77948	 	
69	1.77566	 	
70	1.77179	 	
71	1.76787	 	
72	1.76389	 	
73	1.75986	 	
74	1.75577	 	
75	1.75163	 	
76	1.74743	 	
77	1.74318	 	
78	1.73888	 	
79	1.73452	 	
80	1.73011	 	
81	1.72565	 	
82	1.72113	 	
83	1.71656	 	
84	1.71194	 	
85	1.70726	 	
86	1.70253	 	
87	1.69774	 	
88	1.6929	 	
89	1.68801	 	
90	1.68306	 	
91	1.67806	 	
92	1.67301	 	
93	1.66791	 	
94	1.66275	 	
95	1.65753	 	
96	1.65226	 	
97	1.64694	 	
98	1.64157	 	
99	1.63614	 	
100	1.63066	 	
101	1.62513	 	
102	1.61954	 	
103	1.61389	 	
104	1.6082	 	
105	1.60245	 	
106	1.59664	 	
107	1.59079	 	
108	1.58488	 	
109	1.57891	 	
110	1.57289	 	
111	1.56682	 	
112	1.56069	 	
113	1.55451	 	
114	1.54827	 	
115	1.54198	 	
116	1.53563	 	
117	1.52923	 	
118	1.52277	 	
119	1.51626	 	
120	1.5097	 	
121	1.50307	 	
122	1.4964	 	
123	1.48966	 	
124	1.48287	 	
125	1.47603	 	
126	1.46912	 	
127	1.46217	 	
128	1.45515	 	
129	1.44808	 	
130	1.44094	 	
131	1.43376	 	
132	1.42651	 	
133	1.4192	 	
134	1.41184	 	
135	1.40442	 	
136	1.39693	 	
137	1.38939	 	
138	1.38179	 	
139	1.37412	 	
140	1.3664	 	
141	1.35861	 	
142	1.35076	 	
143	1.34285	 	
144	1.33487	 	
145	1.32683	 	
146	1.31873	 	
147	1.31056	 	
148	1.30232	 	
149	1.29402	 	
150	1.28565	 	
151	1.27721	 	
152	1.2687	 	
153	1.26013	 	
154	1.25148	 	
155	1.24276	 	
156	1.23397	 	
157	1.2251	 	
158	1.21616	 	
159	1.20715	 	
160	1.19805	 	
161	1.18888	 	
162	1.17963	 	
163	1.1703	 	
164	1.16089	 	
165	1.15139	 	
166	1.14181	 	
167	1.13215	 	
168	1.12239	 	
169	1.11255	 	
170	1.10261	 	
171	1.09258	 	
172	1.08246	 	
173	1.07224	 	
174	1.06192	 	
175	1.0515	 	
176	1.04098	 	
177	1.03035	 	
178	1.01961	 	
179	1.00876	 	
180	0.997805	 	
181	0.986731	 	
182	0.975538	 	
183	0.964224	 	
184	0.952786	 	
185	0.941221	 	
186	0.929525	 	
187	0.917696	 	
188	0.905729	 	
189	0.893622	 	
190	0.881369	 	
191	0.868968	 	
192	0.856415	 	
193	0.843704	 	
194	0.830833	 	
195	0.817795	 	
196	0.804586	 	
197	0.791202	 	
198	0.777637	 	
199	0.763886	 	


iteration 	 keff 	 	 error	
1	 	1.48641	 	0.486412
2	 	1.52543	 	0.0390161
3	 	1.53494	 	0.00950794
4	 	1.53752	 	0.0025857
5	 	1.53826	 	0.000735849
6	 	1.53847	 	0.000213884
7	 	1.53853	 	6.28152e-05
8	 	1.53855	 	1.85442e-05
9	 	1.53856	 	5.48876e-06
10	 	1.53856	 	1.62516e-06
11	 	1.53856	 	4.80562e-07
12	 	1.53856	 	1.43525e-07
13	 	1.53856	 	4.27194e-08
14	 	1.53856	 	1.37459e-08
15	 	1.53856	 	4.41136e-09
16	 	1.53856	 	1.33021e-09
PUa-1-SL  delx = 0.0185372 keff= 1.53856 with error: 1.33021e-09

pos	 flux1 	 	 flux2
0	1.91008	 	
1	1.91003	 	
2	1.90992	 	
3	1.90975	 	
4	1.90952	 	
5	1.90924	 	
6	1.90891	 	
7	1.90852	 	
8	1.90807	 	
9	1.90756	 	
10	1.907	 	
11	1.90639	 	
12	1.90571	 	
13	1.90499	 	
14	1.9042	 	
15	1.90336	 	
16	1.90247	 	
17	1.90151	 	
18	1.90051	 	
19	1.89944	 	
20	1.89832	 	
21	1.89715	 	
22	1.89592	 	
23	1.89463	 	
24	1.89329	 	
25	1.89189	 	
26	1.89043	 	
27	1.88892	 	
28	1.88736	 	
29	1.88574	 	
30	1.88406	 	
31	1.88233	 	
32	1.88054	 	
33	1.8787	 	
34	1.8768	 	
35	1.87484	 	
36	1.87283	 	
37	1.87077	 	
38	1.86865	 	
39	1.86647	 	
40	1.86424	 	
41	1.86196	 	
42	1.85961	 	
43	1.85722	 	
44	1.85477	 	
45	1.85226	 	
46	1.8497	 	
47	1.84708	 	
48	1.84441	 	
49	1.84168	 	
50	1.8389	 	
51	1.83606	 	
52	1.83317	 	
53	1.83022	 	
54	1.82722	 	
55	1.82417	 	
56	1.82106	 	
57	1.81789	 	
58	1.81467	 	
59	1.8114	 	
60	1.80807	 	
61	1.80468	 	
62	1.80125	 	
63	1.79776	 	
64	1.79421	 	
65	1.79061	 	
66	1.78695	 	
67	1.78324	 	
68	1.77948	 	
69	1.77566	 	
70	1.77179	 	
71	1.76787	 	
72	1.76389	 	
73	1.75986	 	
74	1.75577	 	
75	1.75163	 	
76	1.74743	 	
77	1.74318	 	
78	1.73888	 	
79	1.73452	 	
80	1.73011	 	
81	1.72565	 	
82	1.72113	 	
83	1.71656	 	
84	1.71194	 	
85	1.70726	 	
86	1.70253	 	
87	1.69774	 	
88	1.6929	 	
89	1.68801	 	
90	1.68306	 	
91	1.67806	 	
92	1.67301	 	
93	1.66791	 	
94	1.66275	 	
95	1.65753	 	
96	1.65226	 	
97	1.64694	 	
98	1.64157	 	
99	1.63614	 	
100	1.63066	 	
101	1.62513	 	
102	1.61954	 	
103	1.61389	 	
104	1.6082	 	
105	1.60245	 	
106	1.59664	 	
107	1.59079	 	
108	1.58488	 	
109	1.57891	 	
110	1.57289	 	
111	1.56682	 	
112	1.56069	 	
113	1.55451	 	
114	1.54827	 	
115	1.54198	 	
116	1.53563	 	
117	1.52923	 	
118	1.52277	 	
119	1.51626	 	
120	1.5097	 	
121	1.50307	 	
122	1.4964	 	
123	1.48966	 	
124	1.48287	 	
125	1.47603	 	
126	1.46912	 	
127	1.46217	 	
128	1.45515	 	
129	1.44808	 	
130	1.44094	 	
131	1.43376	 	
132	1.42651	 	
133	1.4192	 	
134	1.41184	 	
135	1.40442	 	
136	1.39693	 	
137	1.38939	 	
138	1.38179	 	
139	1.37412	 	
140	1.3664	 	
141	1.35861	 	
142	1.35076	 	
143	1.34285	 	
144	1.33487	 	
145	1.32683	 	
146	1.31873	 	
147	1.31056	 	
148	1.30232	 	
149	1.29402	 	
150	1.28565	 	
151	1.27721	 	
152	1.2687	 	
153	1.26013	 	
154	1.25148	 	
155	1.24276	 	
156	1.23397	 	
157	1.2251	 	
158	1.21616	 	
159	1.20715	 	
160	1.19805	 	
161	1.18888	 	
162	1.17963	 	
163	1.1703	 	
164	1.16089	 	
165	1.15139	 	
166	1.14181	 	
167	1.13215	 	
168	1.12239	 	
169	1.11255	 	
170	1.10261	 	
171	1.09258	 	
172	1.08246	 	
173	1.07224	 	
174	1.06192	 	
175	1.0515	 	
176	1.04098	 	
177	1.03035	 	
178	1.01961	 	
179	1.00876	 	
180	0.997805	 	
181	0.986731	 	
182	0.975538	 	
183	0.964224	 	
184	0.952786	 	
185	0.941221	 	
186	0.929525	 	
187	0.917696	 	
188	0.905729	 	
189	0.893622	 	
190	0.881369	 	
191	0.868968	 	
192	0.856415	 	
193	0.843704	 	
194	0.830833	 	
195	0.817795	 	
196	0.804586	 	
197	0.791202	 	
198	0.777637	 	
199	0.763886	 	


iteration 	 keff 	 	 error	
1	 	0.982082	 	-0.0179183
2	 	1.00014	 	0.018057
3	 	1.0034	 	0.00326227
4	 	1.00406	 	0.000656833
5	 	1.0042	 	0.000137635
6	 	1.00422	 	2.93079e-05
7	 	1.00423	 	6.283e-06
8	 	1.00423	 	1.35037e-06
9	 	1.00423	 	2.89457e-07
10	 	1.00423	 	6.26801e-08
11	 	1.00423	 	1.34539e-08
12	 	1.00423	 	3.33388e-09
13	 	1.00423	 	6.15433e-10
PUa-1-SL  delx = 0.0185372 keff= 1.00423 with error: 6.15433e-10

pos	 flux1 	 	 flux2
0	1.1881	 	
1	1.188	 	
2	1.18778	 	
3	1.18746	 	
4	1.18704	 	
5	1.1865	 	
6	1.18586	 	
7	1.18511	 	
8	1.18426	 	
9	1.1833	 	
10	1.18223	 	
11	1.18105	 	
12	1.17977	 	
13	1.17838	 	
14	1.17688	 	
15	1.17528	 	
16	1.17357	 	
17	1.17175	 	
18	1.16982	 	
19	1.16779	 	
20	1.16565	 	
21	1.1634	 	
22	1.16105	 	
23	1.15858	 	
24	1.15601	 	
25	1.15333	 	
26	1.15054	 	
27	1.14765	 	
28	1.14464	 	
29	1.14153	 	
30	1.13831	 	
31	1.13498	 	
32	1.13154	 	
33	1.12799	 	
34	1.12433	 	
35	1.12056	 	
36	1.11669	 	
37	1.1127	 	
38	1.1086	 	
39	1.10439	 	
40	1.10007	 	
41	1.09564	 	
42	1.0911	 	
43	1.08645	 	
44	1.08168	 	
45	1.0768	 	
46	1.07181	 	
47	1.06671	 	
48	1.06149	 	
49	1.05616	 	
50	1.05071	 	
51	1.04515	 	
52	1.03948	 	
53	1.03368	 	
54	1.02777	 	
55	1.02175	 	
56	1.0156	 	
57	1.00934	 	
58	1.00296	 	
59	0.996456	 	
60	0.989833	 	
61	0.983089	 	
62	0.976222	 	
63	0.969233	 	
64	0.962119	 	
65	0.95488	 	
66	0.947516	 	
67	0.940024	 	
68	0.932404	 	
69	0.924654	 	
70	0.916775	 	
71	0.908763	 	
72	0.900618	 	
73	0.892339	 	
74	0.883924	 	
75	0.875372	 	
76	0.86668	 	
77	0.857849	 	
78	0.848874	 	
79	0.839756	 	
80	0.830492	 	
81	0.821081	 	
82	0.811519	 	
83	0.801805	 	
84	0.791938	 	
85	0.781914	 	
86	0.771731	 	
87	0.761387	 	
88	0.750879	 	
89	0.740205	 	
90	0.729361	 	
91	0.718345	 	
92	0.707154	 	
93	0.695784	 	
94	0.684233	 	
95	0.672496	 	
96	0.660571	 	
97	0.648453	 	
98	0.636139	 	
99	0.623625	 	


