iteration 	 keff 	 	 error	
1	0.88975	 	-0.11025
2	0.984179	 	0.0944288
3	0.996923	 	0.0127447
4	0.999193	 	0.00227018
5	0.999624	 	0.000430932
6	0.999708	 	8.32274e-05
7	0.999724	 	1.61555e-05
8	0.999727	 	3.14254e-06
9	0.999727	 	6.12341e-07
10	0.999728	 	1.21982e-07
11	0.999728	 	2.49238e-08
12	0.999728	 	9.50039e-09
13	0.999728	 	3.83409e-09
14	0.999728	 	9.20701e-10

URRa-2-0-SL  delx = 0.0945857 keff= 0.999728 with error: 9.20701e-10

pos	 flux1 	 	 flux2
0	3.88981	 	1.40348	 	
1	3.88862	 	1.40305	 	
2	3.88623	 	1.40218	 	
3	3.88265	 	1.40087	 	
4	3.87788	 	1.39913	 	
5	3.87192	 	1.39695	 	
6	3.86477	 	1.39435	 	
7	3.85644	 	1.3913	 	
8	3.84692	 	1.38783	 	
9	3.83622	 	1.38392	 	
10	3.82435	 	1.37959	 	
11	3.8113	 	1.37482	 	
12	3.79708	 	1.36962	 	
13	3.7817	 	1.364	 	
14	3.76516	 	1.35796	 	
15	3.74746	 	1.35148	 	
16	3.72862	 	1.34459	 	
17	3.70863	 	1.33727	 	
18	3.6875	 	1.32954	 	
19	3.66524	 	1.32138	 	
20	3.64186	 	1.31282	 	
21	3.61736	 	1.30383	 	
22	3.59175	 	1.29444	 	
23	3.56504	 	1.28464	 	
24	3.53724	 	1.27442	 	
25	3.50835	 	1.26381	 	
26	3.47838	 	1.25279	 	
27	3.44735	 	1.24137	 	
28	3.41527	 	1.22955	 	
29	3.38213	 	1.21733	 	
30	3.34796	 	1.20473	 	
31	3.31276	 	1.19173	 	
32	3.27655	 	1.17834	 	
33	3.23933	 	1.16456	 	
34	3.20112	 	1.1504	 	
35	3.16193	 	1.13586	 	
36	3.12177	 	1.12094	 	
37	3.08066	 	1.10565	 	
38	3.0386	 	1.08998	 	
39	2.99561	 	1.07393	 	
40	2.9517	 	1.05752	 	
41	2.90689	 	1.04074	 	
42	2.86119	 	1.02359	 	
43	2.81461	 	1.00607	 	
44	2.76717	 	0.988199	 	
45	2.71888	 	0.969962	 	
46	2.66975	 	0.951364	 	
47	2.61981	 	0.932408	 	
48	2.56907	 	0.913093	 	
49	2.51753	 	0.893421	 	
50	2.46523	 	0.873391	 	
51	2.41216	 	0.853004	 	
52	2.35835	 	0.83226	 	
53	2.30382	 	0.811157	 	
54	2.24857	 	0.789694	 	
55	2.19263	 	0.767871	 	
56	2.136	 	0.745684	 	
57	2.07871	 	0.723131	 	
58	2.02077	 	0.700209	 	
59	1.96219	 	0.676915	 	
60	1.90299	 	0.653242	 	
61	1.84318	 	0.629187	 	
62	1.78277	 	0.604742	 	
63	1.72176	 	0.579901	 	
64	1.66018	 	0.554654	 	
65	1.59802	 	0.528994	 	
66	1.53528	 	0.502907	 	
67	1.47195	 	0.476382	 	
68	1.40802	 	0.449403	 	
69	1.34346	 	0.421953	 	
70	1.27821	 	0.39401	 	
71	1.21221	 	0.365549	 	
72	1.14533	 	0.336535	 	
73	1.0774	 	0.306926	 	
74	1.00816	 	0.276665	 	
75	0.937215	 	0.24567	 	
76	0.86399	 	0.213813	 	
77	0.787642	 	0.180842	 	
78	0.706924	 	0.145965	 	
79	0.62002	 	0.105186	 	


iteration 	 keff 	 	 error	
1	 	0.890615	 	-0.109385
2	 	0.984768	 	0.0941528
3	 	0.997528	 	0.0127602
4	 	0.999807	 	0.00227896
5	 	1.00024	 	0.000433806
6	 	1.00033	 	8.40261e-05
7	 	1.00034	 	1.63605e-05
8	 	1.00034	 	3.18974e-06
9	 	1.00035	 	6.25136e-07
10	 	1.00035	 	1.23184e-07
11	 	1.00035	 	2.64674e-08
12	 	1.00035	 	9.5119e-09
13	 	1.00035	 	3.83379e-09
14	 	1.00035	 	9.2034e-10
URRa-2-0-SL  delx = 0.0945857 keff= 1.00035 with error: 9.2034e-10

pos	 flux1 	 	 flux2
0	3.89043	 	1.40383	 	
1	3.88924	 	1.40339	 	
2	3.88686	 	1.40252	 	
3	3.88328	 	1.40122	 	
4	3.87852	 	1.39948	 	
5	3.87256	 	1.3973	 	
6	3.86542	 	1.3947	 	
7	3.85709	 	1.39166	 	
8	3.84759	 	1.38818	 	
9	3.8369	 	1.38428	 	
10	3.82504	 	1.37995	 	
11	3.812	 	1.37519	 	
12	3.7978	 	1.36999	 	
13	3.78243	 	1.36438	 	
14	3.76591	 	1.35833	 	
15	3.74822	 	1.35187	 	
16	3.7294	 	1.34498	 	
17	3.70942	 	1.33767	 	
18	3.68832	 	1.32994	 	
19	3.66608	 	1.32179	 	
20	3.64272	 	1.31323	 	
21	3.61824	 	1.30426	 	
22	3.59266	 	1.29487	 	
23	3.56597	 	1.28507	 	
24	3.53819	 	1.27487	 	
25	3.50933	 	1.26426	 	
26	3.47939	 	1.25325	 	
27	3.44839	 	1.24184	 	
28	3.41633	 	1.23003	 	
29	3.38323	 	1.21782	 	
30	3.34909	 	1.20522	 	
31	3.31392	 	1.19223	 	
32	3.27774	 	1.17885	 	
33	3.24056	 	1.16509	 	
34	3.20238	 	1.15094	 	
35	3.16322	 	1.13641	 	
36	3.1231	 	1.1215	 	
37	3.08202	 	1.10622	 	
38	3.04	 	1.09055	 	
39	2.99704	 	1.07452	 	
40	2.95317	 	1.05812	 	
41	2.9084	 	1.04135	 	
42	2.86274	 	1.02421	 	
43	2.8162	 	1.00671	 	
44	2.76879	 	0.988844	 	
45	2.72055	 	0.970618	 	
46	2.67146	 	0.952031	 	
47	2.62156	 	0.933086	 	
48	2.57086	 	0.913782	 	
49	2.51937	 	0.894121	 	
50	2.46711	 	0.874102	 	
51	2.41409	 	0.853726	 	
52	2.36033	 	0.832992	 	
53	2.30584	 	0.8119	 	
54	2.25064	 	0.790448	 	
55	2.19475	 	0.768634	 	
56	2.13818	 	0.746457	 	
57	2.08094	 	0.723914	 	
58	2.02305	 	0.701001	 	
59	1.96453	 	0.677715	 	
60	1.90539	 	0.654051	 	
61	1.84564	 	0.630003	 	
62	1.7853	 	0.605565	 	
63	1.72437	 	0.58073	 	
64	1.66287	 	0.555489	 	
65	1.60079	 	0.529833	 	
66	1.53814	 	0.50375	 	
67	1.47492	 	0.477227	 	
68	1.4111	 	0.450249	 	
69	1.34665	 	0.422797	 	
70	1.28153	 	0.394852	 	
71	1.21566	 	0.366385	 	
72	1.14891	 	0.337365	 	
73	1.08108	 	0.307749	 	
74	1.0119	 	0.277481	 	
75	0.94093	 	0.246482	 	
76	0.867521	 	0.214632	 	
77	0.790707	 	0.181693	 	
78	0.709046	 	0.146874	 	
79	0.620404	 	0.1057	 	


iteration 	 keff 	 	 error	
1	 	0.890611	 	-0.109389
2	 	0.984767	 	0.0941553
3	 	0.997528	 	0.0127617
4	 	0.999808	 	0.00227956
5	 	1.00024	 	0.000434082
6	 	1.00033	 	8.42465e-05
7	 	1.00034	 	1.66381e-05
8	 	1.00035	 	3.19164e-06
9	 	1.00035	 	1.22539e-06
10	 	1.00035	 	4.95222e-07
11	 	1.00035	 	1.87127e-07
12	 	1.00035	 	9.12306e-08
URRa-2-0-SL  delx = 0.0756685 keff= 1.00035 with error: 9.12306e-08

pos	 flux1 	 	 flux2
0	3.89052	 	1.40385	 	
1	3.88976	 	1.40357	 	
2	3.88823	 	1.40302	 	
3	3.88595	 	1.40218	 	
4	3.88289	 	1.40107	 	
5	3.87908	 	1.39968	 	
6	3.87451	 	1.39801	 	
7	3.86917	 	1.39606	 	
8	3.86308	 	1.39384	 	
9	3.85623	 	1.39134	 	
10	3.84863	 	1.38856	 	
11	3.84026	 	1.3855	 	
12	3.83115	 	1.38218	 	
13	3.82128	 	1.37857	 	
14	3.81067	 	1.37469	 	
15	3.79931	 	1.37054	 	
16	3.7872	 	1.36612	 	
17	3.77435	 	1.36142	 	
18	3.76076	 	1.35645	 	
19	3.74643	 	1.35121	 	
20	3.73136	 	1.34569	 	
21	3.71557	 	1.33991	 	
22	3.69905	 	1.33386	 	
23	3.6818	 	1.32755	 	
24	3.66383	 	1.32096	 	
25	3.64514	 	1.31411	 	
26	3.62573	 	1.307	 	
27	3.60562	 	1.29962	 	
28	3.5848	 	1.29198	 	
29	3.56327	 	1.28408	 	
30	3.54105	 	1.27592	 	
31	3.51813	 	1.26749	 	
32	3.49453	 	1.25881	 	
33	3.47024	 	1.24988	 	
34	3.44526	 	1.24068	 	
35	3.41962	 	1.23123	 	
36	3.3933	 	1.22153	 	
37	3.36632	 	1.21158	 	
38	3.33867	 	1.20137	 	
39	3.31038	 	1.19092	 	
40	3.28143	 	1.18022	 	
41	3.25185	 	1.16927	 	
42	3.22162	 	1.15807	 	
43	3.19077	 	1.14663	 	
44	3.15928	 	1.13494	 	
45	3.12718	 	1.12302	 	
46	3.09447	 	1.11085	 	
47	3.06115	 	1.09844	 	
48	3.02724	 	1.08579	 	
49	2.99273	 	1.0729	 	
50	2.95763	 	1.05978	 	
51	2.92195	 	1.04642	 	
52	2.88571	 	1.03283	 	
53	2.84889	 	1.019	 	
54	2.81152	 	1.00494	 	
55	2.7736	 	0.990653	 	
56	2.73513	 	0.976129	 	
57	2.69613	 	0.961375	 	
58	2.6566	 	0.946391	 	
59	2.61655	 	0.931178	 	
60	2.57599	 	0.915735	 	
61	2.53492	 	0.900063	 	
62	2.49336	 	0.884162	 	
63	2.4513	 	0.868033	 	
64	2.40877	 	0.851675	 	
65	2.36576	 	0.835088	 	
66	2.32228	 	0.818271	 	
67	2.27835	 	0.801225	 	
68	2.23396	 	0.783948	 	
69	2.18914	 	0.766439	 	
70	2.14388	 	0.748697	 	
71	2.0982	 	0.730722	 	
72	2.05209	 	0.71251	 	
73	2.00558	 	0.694061	 	
74	1.95866	 	0.675372	 	
75	1.91135	 	0.656441	 	
76	1.86365	 	0.637265	 	
77	1.81556	 	0.61784	 	
78	1.7671	 	0.598164	 	
79	1.71826	 	0.578232	 	
80	1.66905	 	0.55804	 	
81	1.61948	 	0.537582	 	
82	1.56955	 	0.516854	 	
83	1.51924	 	0.495848	 	
84	1.46857	 	0.474559	 	
85	1.41751	 	0.452977	 	
86	1.36605	 	0.431094	 	
87	1.31418	 	0.408898	 	
88	1.26185	 	0.386379	 	
89	1.20901	 	0.36352	 	
90	1.15561	 	0.340305	 	
91	1.10154	 	0.316712	 	
92	1.04667	 	0.292715	 	
93	0.990808	 	0.268277	 	
94	0.933708	 	0.243352	 	
95	0.875014	 	0.21787	 	
96	0.814241	 	0.191707	 	
97	0.750723	 	0.164575	 	
98	0.683545	 	0.13559	 	
99	0.611461	 	0.101513	 	


iteration 	 keff 	 	 error	
1	 	0.890046	 	-0.109954
2	 	0.984185	 	0.0941396
3	 	0.996974	 	0.0127889
4	 	0.999292	 	0.00231825
5	 	0.999732	 	0.000439133
6	 	0.999868	 	0.000136609
7	 	0.999918	 	5.02579e-05
8	 	0.999937	 	1.9004e-05
9	 	0.999947	 	9.26814e-06
URRa-2-0-SL  delx = 0.0756685 keff= 0.999947 with error: 9.26814e-06

pos	 flux1 	 	 flux2
0	3.88988	 	1.403	 	
1	3.88912	 	1.40273	 	
2	3.8876	 	1.40217	 	
3	3.88531	 	1.40134	 	
4	3.88226	 	1.40023	 	
5	3.87845	 	1.39884	 	
6	3.87388	 	1.39717	 	
7	3.86855	 	1.39523	 	
8	3.86246	 	1.39301	 	
9	3.85562	 	1.39052	 	
10	3.84802	 	1.38775	 	
11	3.83966	 	1.3847	 	
12	3.83055	 	1.38138	 	
13	3.82069	 	1.37778	 	
14	3.81008	 	1.37391	 	
15	3.79873	 	1.36976	 	
16	3.78663	 	1.36534	 	
17	3.77378	 	1.36065	 	
18	3.7602	 	1.35569	 	
19	3.74588	 	1.35046	 	
20	3.73082	 	1.34496	 	
21	3.71504	 	1.33919	 	
22	3.69852	 	1.33315	 	
23	3.68128	 	1.32684	 	
24	3.66332	 	1.32027	 	
25	3.64464	 	1.31343	 	
26	3.62525	 	1.30632	 	
27	3.60515	 	1.29896	 	
28	3.58433	 	1.29133	 	
29	3.56282	 	1.28344	 	
30	3.54061	 	1.27529	 	
31	3.5177	 	1.26688	 	
32	3.49411	 	1.25821	 	
33	3.46983	 	1.24928	 	
34	3.44486	 	1.2401	 	
35	3.41923	 	1.23067	 	
36	3.39292	 	1.22098	 	
37	3.36595	 	1.21104	 	
38	3.33832	 	1.20084	 	
39	3.31004	 	1.1904	 	
40	3.2811	 	1.17971	 	
41	3.25153	 	1.16877	 	
42	3.22132	 	1.15759	 	
43	3.19047	 	1.14616	 	
44	3.159	 	1.13449	 	
45	3.12691	 	1.12258	 	
46	3.09421	 	1.11042	 	
47	3.0609	 	1.09802	 	
48	3.027	 	1.08539	 	
49	2.9925	 	1.07252	 	
50	2.95741	 	1.05941	 	
51	2.92175	 	1.04606	 	
52	2.88551	 	1.03248	 	
53	2.84871	 	1.01866	 	
54	2.81135	 	1.00462	 	
55	2.77343	 	0.990337	 	
56	2.73498	 	0.975825	 	
57	2.69599	 	0.961083	 	
58	2.65647	 	0.94611	 	
59	2.61643	 	0.930908	 	
60	2.57587	 	0.915476	 	
61	2.53481	 	0.899815	 	
62	2.49326	 	0.883924	 	
63	2.45121	 	0.867806	 	
64	2.40868	 	0.851458	 	
65	2.36568	 	0.83488	 	
66	2.32221	 	0.818073	 	
67	2.27828	 	0.801036	 	
68	2.23391	 	0.783768	 	
69	2.18909	 	0.766268	 	
70	2.14384	 	0.748536	 	
71	2.09816	 	0.730568	 	
72	2.05206	 	0.712365	 	
73	2.00555	 	0.693924	 	
74	1.95864	 	0.675242	 	
75	1.91133	 	0.656318	 	
76	1.86363	 	0.637149	 	
77	1.81555	 	0.617732	 	
78	1.76709	 	0.598062	 	
79	1.71825	 	0.578136	 	
80	1.66905	 	0.55795	 	
81	1.61948	 	0.537498	 	
82	1.56955	 	0.516776	 	
83	1.51925	 	0.495776	 	
84	1.46857	 	0.474491	 	
85	1.41751	 	0.452914	 	
86	1.36606	 	0.431036	 	
87	1.31419	 	0.408845	 	
88	1.26186	 	0.386329	 	
89	1.20903	 	0.363475	 	
90	1.15562	 	0.340264	 	
91	1.10155	 	0.316675	 	
92	1.04668	 	0.292681	 	
93	0.990819	 	0.268247	 	
94	0.933718	 	0.243326	 	
95	0.875023	 	0.217847	 	
96	0.814249	 	0.191687	 	
97	0.75073	 	0.164558	 	
98	0.683551	 	0.135576	 	
99	0.611467	 	0.101502	 	


iteration 	 keff 	 	 error	
1	 	0.890049	 	-0.109951
2	 	0.984193	 	0.0941442
3	 	0.996984	 	0.0127913
4	 	0.999303	 	0.00231911
5	 	0.999743	 	0.000439348
6	 	0.999879	 	0.000136686
7	 	0.99993	 	5.0288e-05
8	 	0.999949	 	1.90156e-05
9	 	0.999958	 	9.27385e-06
URRa-2-0-SL  delx = 0.00756685 keff= 0.999958 with error: 9.27385e-06

pos	 flux1 	 	 flux2
0	3.89005	 	1.40306	 	
1	3.89004	 	1.40306	 	
2	3.89002	 	1.40305	 	
3	3.89	 	1.40304	 	
4	3.88997	 	1.40303	 	
5	3.88993	 	1.40302	 	
6	3.88989	 	1.403	 	
7	3.88983	 	1.40298	 	
8	3.88977	 	1.40296	 	
9	3.88971	 	1.40294	 	
10	3.88963	 	1.40291	 	
11	3.88955	 	1.40288	 	
12	3.88945	 	1.40285	 	
13	3.88936	 	1.40281	 	
14	3.88925	 	1.40277	 	
15	3.88913	 	1.40273	 	
16	3.88901	 	1.40269	 	
17	3.88888	 	1.40264	 	
18	3.88875	 	1.40259	 	
19	3.8886	 	1.40254	 	
20	3.88845	 	1.40248	 	
21	3.88829	 	1.40242	 	
22	3.88812	 	1.40236	 	
23	3.88795	 	1.4023	 	
24	3.88776	 	1.40223	 	
25	3.88757	 	1.40216	 	
26	3.88737	 	1.40209	 	
27	3.88717	 	1.40202	 	
28	3.88695	 	1.40194	 	
29	3.88673	 	1.40186	 	
30	3.8865	 	1.40177	 	
31	3.88627	 	1.40169	 	
32	3.88602	 	1.4016	 	
33	3.88577	 	1.40151	 	
34	3.88551	 	1.40141	 	
35	3.88525	 	1.40132	 	
36	3.88497	 	1.40122	 	
37	3.88469	 	1.40111	 	
38	3.8844	 	1.40101	 	
39	3.8841	 	1.4009	 	
40	3.8838	 	1.40079	 	
41	3.88349	 	1.40068	 	
42	3.88317	 	1.40056	 	
43	3.88284	 	1.40044	 	
44	3.8825	 	1.40032	 	
45	3.88216	 	1.40019	 	
46	3.88181	 	1.40006	 	
47	3.88145	 	1.39993	 	
48	3.88109	 	1.3998	 	
49	3.88071	 	1.39966	 	
50	3.88033	 	1.39953	 	
51	3.87994	 	1.39938	 	
52	3.87955	 	1.39924	 	
53	3.87914	 	1.39909	 	
54	3.87873	 	1.39894	 	
55	3.87831	 	1.39879	 	
56	3.87789	 	1.39863	 	
57	3.87745	 	1.39848	 	
58	3.87701	 	1.39832	 	
59	3.87656	 	1.39815	 	
60	3.8761	 	1.39799	 	
61	3.87564	 	1.39782	 	
62	3.87517	 	1.39764	 	
63	3.87469	 	1.39747	 	
64	3.8742	 	1.39729	 	
65	3.8737	 	1.39711	 	
66	3.8732	 	1.39693	 	
67	3.87269	 	1.39674	 	
68	3.87217	 	1.39655	 	
69	3.87165	 	1.39636	 	
70	3.87112	 	1.39617	 	
71	3.87058	 	1.39597	 	
72	3.87003	 	1.39577	 	
73	3.86947	 	1.39557	 	
74	3.86891	 	1.39536	 	
75	3.86834	 	1.39515	 	
76	3.86776	 	1.39494	 	
77	3.86717	 	1.39473	 	
78	3.86658	 	1.39451	 	
79	3.86598	 	1.39429	 	
80	3.86537	 	1.39407	 	
81	3.86475	 	1.39385	 	
82	3.86413	 	1.39362	 	
83	3.8635	 	1.39339	 	
84	3.86286	 	1.39316	 	
85	3.86221	 	1.39292	 	
86	3.86156	 	1.39268	 	
87	3.86089	 	1.39244	 	
88	3.86022	 	1.3922	 	
89	3.85955	 	1.39195	 	
90	3.85886	 	1.3917	 	
91	3.85817	 	1.39145	 	
92	3.85747	 	1.39119	 	
93	3.85676	 	1.39094	 	
94	3.85605	 	1.39068	 	
95	3.85533	 	1.39041	 	
96	3.8546	 	1.39015	 	
97	3.85386	 	1.38988	 	
98	3.85311	 	1.38961	 	
99	3.85236	 	1.38933	 	
100	3.8516	 	1.38905	 	
101	3.85083	 	1.38877	 	
102	3.85006	 	1.38849	 	
103	3.84928	 	1.38821	 	
104	3.84849	 	1.38792	 	
105	3.84769	 	1.38763	 	
106	3.84688	 	1.38733	 	
107	3.84607	 	1.38704	 	
108	3.84525	 	1.38674	 	
109	3.84442	 	1.38643	 	
110	3.84358	 	1.38613	 	
111	3.84274	 	1.38582	 	
112	3.84189	 	1.38551	 	
113	3.84103	 	1.3852	 	
114	3.84017	 	1.38488	 	
115	3.83929	 	1.38456	 	
116	3.83841	 	1.38424	 	
117	3.83752	 	1.38392	 	
118	3.83663	 	1.38359	 	
119	3.83572	 	1.38326	 	
120	3.83481	 	1.38293	 	
121	3.8339	 	1.3826	 	
122	3.83297	 	1.38226	 	
123	3.83204	 	1.38192	 	
124	3.8311	 	1.38157	 	
125	3.83015	 	1.38123	 	
126	3.82919	 	1.38088	 	
127	3.82823	 	1.38053	 	
128	3.82726	 	1.38017	 	
129	3.82628	 	1.37982	 	
130	3.82529	 	1.37946	 	
131	3.8243	 	1.37909	 	
132	3.8233	 	1.37873	 	
133	3.82229	 	1.37836	 	
134	3.82127	 	1.37799	 	
135	3.82025	 	1.37762	 	
136	3.81922	 	1.37724	 	
137	3.81818	 	1.37686	 	
138	3.81713	 	1.37648	 	
139	3.81608	 	1.3761	 	
140	3.81502	 	1.37571	 	
141	3.81395	 	1.37532	 	
142	3.81287	 	1.37493	 	
143	3.81179	 	1.37453	 	
144	3.8107	 	1.37413	 	
145	3.8096	 	1.37373	 	
146	3.8085	 	1.37333	 	
147	3.80738	 	1.37292	 	
148	3.80626	 	1.37251	 	
149	3.80513	 	1.3721	 	
150	3.804	 	1.37169	 	
151	3.80286	 	1.37127	 	
152	3.80171	 	1.37085	 	
153	3.80055	 	1.37043	 	
154	3.79938	 	1.37	 	
155	3.79821	 	1.36957	 	
156	3.79703	 	1.36914	 	
157	3.79584	 	1.36871	 	
158	3.79465	 	1.36827	 	
159	3.79344	 	1.36783	 	
160	3.79223	 	1.36739	 	
161	3.79102	 	1.36695	 	
162	3.78979	 	1.3665	 	
163	3.78856	 	1.36605	 	
164	3.78732	 	1.3656	 	
165	3.78607	 	1.36514	 	
166	3.78482	 	1.36468	 	
167	3.78355	 	1.36422	 	
168	3.78228	 	1.36376	 	
169	3.78101	 	1.36329	 	
170	3.77972	 	1.36282	 	
171	3.77843	 	1.36235	 	
172	3.77713	 	1.36188	 	
173	3.77583	 	1.3614	 	
174	3.77451	 	1.36092	 	
175	3.77319	 	1.36044	 	
176	3.77186	 	1.35995	 	
177	3.77053	 	1.35946	 	
178	3.76918	 	1.35897	 	
179	3.76783	 	1.35848	 	
180	3.76647	 	1.35798	 	
181	3.76511	 	1.35749	 	
182	3.76373	 	1.35698	 	
183	3.76235	 	1.35648	 	
184	3.76097	 	1.35597	 	
185	3.75957	 	1.35546	 	
186	3.75817	 	1.35495	 	
187	3.75676	 	1.35444	 	
188	3.75534	 	1.35392	 	
189	3.75392	 	1.3534	 	
190	3.75248	 	1.35287	 	
191	3.75104	 	1.35235	 	
192	3.7496	 	1.35182	 	
193	3.74814	 	1.35129	 	
194	3.74668	 	1.35075	 	
195	3.74521	 	1.35022	 	
196	3.74374	 	1.34968	 	
197	3.74225	 	1.34914	 	
198	3.74076	 	1.34859	 	
199	3.73926	 	1.34804	 	
200	3.73776	 	1.34749	 	
201	3.73625	 	1.34694	 	
202	3.73473	 	1.34638	 	
203	3.7332	 	1.34583	 	
204	3.73166	 	1.34526	 	
205	3.73012	 	1.3447	 	
206	3.72857	 	1.34413	 	
207	3.72701	 	1.34357	 	
208	3.72545	 	1.34299	 	
209	3.72388	 	1.34242	 	
210	3.7223	 	1.34184	 	
211	3.72071	 	1.34126	 	
212	3.71912	 	1.34068	 	
213	3.71752	 	1.34009	 	
214	3.71591	 	1.33951	 	
215	3.7143	 	1.33892	 	
216	3.71268	 	1.33832	 	
217	3.71105	 	1.33773	 	
218	3.70941	 	1.33713	 	
219	3.70776	 	1.33653	 	
220	3.70611	 	1.33592	 	
221	3.70445	 	1.33532	 	
222	3.70279	 	1.33471	 	
223	3.70112	 	1.3341	 	
224	3.69943	 	1.33348	 	
225	3.69775	 	1.33286	 	
226	3.69605	 	1.33224	 	
227	3.69435	 	1.33162	 	
228	3.69264	 	1.331	 	
229	3.69092	 	1.33037	 	
230	3.6892	 	1.32974	 	
231	3.68747	 	1.3291	 	
232	3.68573	 	1.32847	 	
233	3.68398	 	1.32783	 	
234	3.68223	 	1.32719	 	
235	3.68047	 	1.32654	 	
236	3.6787	 	1.3259	 	
237	3.67693	 	1.32525	 	
238	3.67515	 	1.32459	 	
239	3.67336	 	1.32394	 	
240	3.67156	 	1.32328	 	
241	3.66976	 	1.32262	 	
242	3.66795	 	1.32196	 	
243	3.66613	 	1.32129	 	
244	3.66431	 	1.32063	 	
245	3.66247	 	1.31996	 	
246	3.66063	 	1.31928	 	
247	3.65879	 	1.31861	 	
248	3.65693	 	1.31793	 	
249	3.65507	 	1.31725	 	
250	3.65321	 	1.31656	 	
251	3.65133	 	1.31588	 	
252	3.64945	 	1.31519	 	
253	3.64756	 	1.3145	 	
254	3.64566	 	1.3138	 	
255	3.64376	 	1.3131	 	
256	3.64185	 	1.3124	 	
257	3.63993	 	1.3117	 	
258	3.638	 	1.311	 	
259	3.63607	 	1.31029	 	
260	3.63413	 	1.30958	 	
261	3.63219	 	1.30887	 	
262	3.63023	 	1.30815	 	
263	3.62827	 	1.30743	 	
264	3.6263	 	1.30671	 	
265	3.62433	 	1.30599	 	
266	3.62235	 	1.30526	 	
267	3.62036	 	1.30453	 	
268	3.61836	 	1.3038	 	
269	3.61636	 	1.30307	 	
270	3.61435	 	1.30233	 	
271	3.61233	 	1.30159	 	
272	3.6103	 	1.30085	 	
273	3.60827	 	1.3001	 	
274	3.60623	 	1.29936	 	
275	3.60419	 	1.29861	 	
276	3.60213	 	1.29785	 	
277	3.60007	 	1.2971	 	
278	3.59801	 	1.29634	 	
279	3.59593	 	1.29558	 	
280	3.59385	 	1.29482	 	
281	3.59176	 	1.29405	 	
282	3.58967	 	1.29328	 	
283	3.58757	 	1.29251	 	
284	3.58546	 	1.29174	 	
285	3.58334	 	1.29096	 	
286	3.58122	 	1.29019	 	
287	3.57909	 	1.2894	 	
288	3.57695	 	1.28862	 	
289	3.57481	 	1.28783	 	
290	3.57265	 	1.28704	 	
291	3.5705	 	1.28625	 	
292	3.56833	 	1.28546	 	
293	3.56616	 	1.28466	 	
294	3.56398	 	1.28386	 	
295	3.56179	 	1.28306	 	
296	3.5596	 	1.28226	 	
297	3.5574	 	1.28145	 	
298	3.55519	 	1.28064	 	
299	3.55298	 	1.27983	 	
300	3.55075	 	1.27901	 	
301	3.54853	 	1.27819	 	
302	3.54629	 	1.27737	 	
303	3.54405	 	1.27655	 	
304	3.5418	 	1.27572	 	
305	3.53954	 	1.2749	 	
306	3.53728	 	1.27406	 	
307	3.53501	 	1.27323	 	
308	3.53273	 	1.2724	 	
309	3.53045	 	1.27156	 	
310	3.52816	 	1.27072	 	
311	3.52586	 	1.26987	 	
312	3.52356	 	1.26903	 	
313	3.52125	 	1.26818	 	
314	3.51893	 	1.26733	 	
315	3.5166	 	1.26647	 	
316	3.51427	 	1.26562	 	
317	3.51193	 	1.26476	 	
318	3.50959	 	1.26389	 	
319	3.50723	 	1.26303	 	
320	3.50487	 	1.26216	 	
321	3.50251	 	1.26129	 	
322	3.50013	 	1.26042	 	
323	3.49775	 	1.25955	 	
324	3.49537	 	1.25867	 	
325	3.49297	 	1.25779	 	
326	3.49057	 	1.25691	 	
327	3.48816	 	1.25602	 	
328	3.48575	 	1.25514	 	
329	3.48333	 	1.25425	 	
330	3.4809	 	1.25335	 	
331	3.47847	 	1.25246	 	
332	3.47602	 	1.25156	 	
333	3.47357	 	1.25066	 	
334	3.47112	 	1.24976	 	
335	3.46866	 	1.24885	 	
336	3.46619	 	1.24794	 	
337	3.46371	 	1.24703	 	
338	3.46123	 	1.24612	 	
339	3.45874	 	1.24521	 	
340	3.45624	 	1.24429	 	
341	3.45374	 	1.24337	 	
342	3.45123	 	1.24244	 	
343	3.44872	 	1.24152	 	
344	3.44619	 	1.24059	 	
345	3.44366	 	1.23966	 	
346	3.44113	 	1.23872	 	
347	3.43858	 	1.23779	 	
348	3.43603	 	1.23685	 	
349	3.43347	 	1.23591	 	
350	3.43091	 	1.23497	 	
351	3.42834	 	1.23402	 	
352	3.42576	 	1.23307	 	
353	3.42318	 	1.23212	 	
354	3.42059	 	1.23117	 	
355	3.41799	 	1.23021	 	
356	3.41539	 	1.22925	 	
357	3.41278	 	1.22829	 	
358	3.41016	 	1.22733	 	
359	3.40754	 	1.22636	 	
360	3.40491	 	1.22539	 	
361	3.40227	 	1.22442	 	
362	3.39962	 	1.22345	 	
363	3.39697	 	1.22247	 	
364	3.39432	 	1.22149	 	
365	3.39165	 	1.22051	 	
366	3.38898	 	1.21952	 	
367	3.3863	 	1.21854	 	
368	3.38362	 	1.21755	 	
369	3.38093	 	1.21656	 	
370	3.37823	 	1.21556	 	
371	3.37553	 	1.21457	 	
372	3.37282	 	1.21357	 	
373	3.3701	 	1.21256	 	
374	3.36738	 	1.21156	 	
375	3.36465	 	1.21055	 	
376	3.36191	 	1.20954	 	
377	3.35917	 	1.20853	 	
378	3.35642	 	1.20752	 	
379	3.35366	 	1.2065	 	
380	3.3509	 	1.20548	 	
381	3.34813	 	1.20446	 	
382	3.34535	 	1.20344	 	
383	3.34257	 	1.20241	 	
384	3.33978	 	1.20138	 	
385	3.33698	 	1.20035	 	
386	3.33418	 	1.19932	 	
387	3.33137	 	1.19828	 	
388	3.32856	 	1.19724	 	
389	3.32574	 	1.1962	 	
390	3.32291	 	1.19515	 	
391	3.32007	 	1.19411	 	
392	3.31723	 	1.19306	 	
393	3.31438	 	1.19201	 	
394	3.31153	 	1.19095	 	
395	3.30867	 	1.18989	 	
396	3.3058	 	1.18884	 	
397	3.30292	 	1.18777	 	
398	3.30004	 	1.18671	 	
399	3.29716	 	1.18564	 	
400	3.29426	 	1.18457	 	
401	3.29136	 	1.1835	 	
402	3.28846	 	1.18243	 	
403	3.28554	 	1.18135	 	
404	3.28263	 	1.18027	 	
405	3.2797	 	1.17919	 	
406	3.27677	 	1.17811	 	
407	3.27383	 	1.17702	 	
408	3.27088	 	1.17593	 	
409	3.26793	 	1.17484	 	
410	3.26498	 	1.17375	 	
411	3.26201	 	1.17265	 	
412	3.25904	 	1.17155	 	
413	3.25606	 	1.17045	 	
414	3.25308	 	1.16935	 	
415	3.25009	 	1.16824	 	
416	3.2471	 	1.16713	 	
417	3.24409	 	1.16602	 	
418	3.24108	 	1.16491	 	
419	3.23807	 	1.16379	 	
420	3.23505	 	1.16267	 	
421	3.23202	 	1.16155	 	
422	3.22899	 	1.16043	 	
423	3.22595	 	1.1593	 	
424	3.2229	 	1.15818	 	
425	3.21985	 	1.15705	 	
426	3.21679	 	1.15591	 	
427	3.21372	 	1.15478	 	
428	3.21065	 	1.15364	 	
429	3.20757	 	1.1525	 	
430	3.20449	 	1.15136	 	
431	3.2014	 	1.15021	 	
432	3.1983	 	1.14906	 	
433	3.19519	 	1.14791	 	
434	3.19209	 	1.14676	 	
435	3.18897	 	1.1456	 	
436	3.18585	 	1.14445	 	
437	3.18272	 	1.14329	 	
438	3.17958	 	1.14212	 	
439	3.17644	 	1.14096	 	
440	3.1733	 	1.13979	 	
441	3.17014	 	1.13862	 	
442	3.16698	 	1.13745	 	
443	3.16382	 	1.13628	 	
444	3.16065	 	1.1351	 	
445	3.15747	 	1.13392	 	
446	3.15428	 	1.13274	 	
447	3.15109	 	1.13155	 	
448	3.1479	 	1.13037	 	
449	3.14469	 	1.12918	 	
450	3.14149	 	1.12799	 	
451	3.13827	 	1.12679	 	
452	3.13505	 	1.1256	 	
453	3.13182	 	1.1244	 	
454	3.12859	 	1.1232	 	
455	3.12535	 	1.12199	 	
456	3.1221	 	1.12079	 	
457	3.11885	 	1.11958	 	
458	3.11559	 	1.11837	 	
459	3.11233	 	1.11715	 	
460	3.10906	 	1.11594	 	
461	3.10578	 	1.11472	 	
462	3.1025	 	1.1135	 	
463	3.09921	 	1.11228	 	
464	3.09592	 	1.11105	 	
465	3.09262	 	1.10982	 	
466	3.08931	 	1.10859	 	
467	3.086	 	1.10736	 	
468	3.08268	 	1.10613	 	
469	3.07935	 	1.10489	 	
470	3.07602	 	1.10365	 	
471	3.07269	 	1.10241	 	
472	3.06934	 	1.10116	 	
473	3.06599	 	1.09992	 	
474	3.06264	 	1.09867	 	
475	3.05928	 	1.09742	 	
476	3.05591	 	1.09616	 	
477	3.05254	 	1.09491	 	
478	3.04916	 	1.09365	 	
479	3.04577	 	1.09239	 	
480	3.04238	 	1.09112	 	
481	3.03899	 	1.08986	 	
482	3.03558	 	1.08859	 	
483	3.03218	 	1.08732	 	
484	3.02876	 	1.08604	 	
485	3.02534	 	1.08477	 	
486	3.02191	 	1.08349	 	
487	3.01848	 	1.08221	 	
488	3.01504	 	1.08093	 	
489	3.0116	 	1.07964	 	
490	3.00815	 	1.07836	 	
491	3.00469	 	1.07707	 	
492	3.00123	 	1.07577	 	
493	2.99776	 	1.07448	 	
494	2.99429	 	1.07318	 	
495	2.99081	 	1.07188	 	
496	2.98733	 	1.07058	 	
497	2.98383	 	1.06928	 	
498	2.98034	 	1.06797	 	
499	2.97683	 	1.06666	 	
500	2.97333	 	1.06535	 	
501	2.96981	 	1.06404	 	
502	2.96629	 	1.06272	 	
503	2.96277	 	1.0614	 	
504	2.95923	 	1.06008	 	
505	2.9557	 	1.05876	 	
506	2.95215	 	1.05744	 	
507	2.9486	 	1.05611	 	
508	2.94505	 	1.05478	 	
509	2.94149	 	1.05345	 	
510	2.93792	 	1.05211	 	
511	2.93435	 	1.05077	 	
512	2.93077	 	1.04944	 	
513	2.92719	 	1.04809	 	
514	2.9236	 	1.04675	 	
515	2.92	 	1.0454	 	
516	2.9164	 	1.04405	 	
517	2.91279	 	1.0427	 	
518	2.90918	 	1.04135	 	
519	2.90556	 	1.03999	 	
520	2.90194	 	1.03864	 	
521	2.89831	 	1.03728	 	
522	2.89467	 	1.03591	 	
523	2.89103	 	1.03455	 	
524	2.88739	 	1.03318	 	
525	2.88373	 	1.03181	 	
526	2.88008	 	1.03044	 	
527	2.87641	 	1.02906	 	
528	2.87274	 	1.02769	 	
529	2.86907	 	1.02631	 	
530	2.86539	 	1.02493	 	
531	2.8617	 	1.02354	 	
532	2.85801	 	1.02216	 	
533	2.85431	 	1.02077	 	
534	2.85061	 	1.01938	 	
535	2.8469	 	1.01798	 	
536	2.84319	 	1.01659	 	
537	2.83947	 	1.01519	 	
538	2.83574	 	1.01379	 	
539	2.83201	 	1.01239	 	
540	2.82828	 	1.01098	 	
541	2.82453	 	1.00958	 	
542	2.82079	 	1.00817	 	
543	2.81703	 	1.00676	 	
544	2.81328	 	1.00534	 	
545	2.80951	 	1.00392	 	
546	2.80574	 	1.00251	 	
547	2.80197	 	1.00108	 	
548	2.79819	 	0.999661	 	
549	2.7944	 	0.998236	 	
550	2.79061	 	0.996808	 	
551	2.78681	 	0.995377	 	
552	2.78301	 	0.993945	 	
553	2.7792	 	0.99251	 	
554	2.77539	 	0.991072	 	
555	2.77157	 	0.989633	 	
556	2.76775	 	0.988191	 	
557	2.76392	 	0.986747	 	
558	2.76008	 	0.9853	 	
559	2.75624	 	0.983851	 	
560	2.7524	 	0.9824	 	
561	2.74855	 	0.980946	 	
562	2.74469	 	0.979491	 	
563	2.74083	 	0.978033	 	
564	2.73696	 	0.976572	 	
565	2.73309	 	0.975109	 	
566	2.72921	 	0.973644	 	
567	2.72533	 	0.972177	 	
568	2.72144	 	0.970707	 	
569	2.71755	 	0.969235	 	
570	2.71365	 	0.967761	 	
571	2.70974	 	0.966285	 	
572	2.70583	 	0.964806	 	
573	2.70192	 	0.963324	 	
574	2.698	 	0.961841	 	
575	2.69407	 	0.960355	 	
576	2.69014	 	0.958867	 	
577	2.6862	 	0.957377	 	
578	2.68226	 	0.955884	 	
579	2.67831	 	0.954389	 	
580	2.67436	 	0.952892	 	
581	2.6704	 	0.951392	 	
582	2.66644	 	0.94989	 	
583	2.66247	 	0.948386	 	
584	2.6585	 	0.946879	 	
585	2.65452	 	0.945371	 	
586	2.65054	 	0.94386	 	
587	2.64655	 	0.942346	 	
588	2.64256	 	0.94083	 	
589	2.63856	 	0.939312	 	
590	2.63455	 	0.937792	 	
591	2.63054	 	0.93627	 	
592	2.62653	 	0.934745	 	
593	2.62251	 	0.933218	 	
594	2.61849	 	0.931688	 	
595	2.61446	 	0.930156	 	
596	2.61042	 	0.928622	 	
597	2.60638	 	0.927086	 	
598	2.60233	 	0.925547	 	
599	2.59828	 	0.924006	 	
600	2.59423	 	0.922463	 	
601	2.59017	 	0.920918	 	
602	2.5861	 	0.91937	 	
603	2.58203	 	0.91782	 	
604	2.57796	 	0.916267	 	
605	2.57387	 	0.914713	 	
606	2.56979	 	0.913156	 	
607	2.5657	 	0.911596	 	
608	2.5616	 	0.910035	 	
609	2.5575	 	0.908471	 	
610	2.55339	 	0.906905	 	
611	2.54928	 	0.905337	 	
612	2.54517	 	0.903766	 	
613	2.54105	 	0.902193	 	
614	2.53692	 	0.900618	 	
615	2.53279	 	0.89904	 	
616	2.52865	 	0.89746	 	
617	2.52451	 	0.895878	 	
618	2.52037	 	0.894293	 	
619	2.51622	 	0.892707	 	
620	2.51206	 	0.891118	 	
621	2.5079	 	0.889526	 	
622	2.50373	 	0.887933	 	
623	2.49956	 	0.886337	 	
624	2.49539	 	0.884739	 	
625	2.49121	 	0.883138	 	
626	2.48702	 	0.881535	 	
627	2.48283	 	0.87993	 	
628	2.47864	 	0.878323	 	
629	2.47444	 	0.876713	 	
630	2.47023	 	0.875102	 	
631	2.46602	 	0.873487	 	
632	2.46181	 	0.871871	 	
633	2.45759	 	0.870252	 	
634	2.45336	 	0.868631	 	
635	2.44913	 	0.867008	 	
636	2.4449	 	0.865382	 	
637	2.44066	 	0.863754	 	
638	2.43642	 	0.862124	 	
639	2.43217	 	0.860491	 	
640	2.42792	 	0.858856	 	
641	2.42366	 	0.857219	 	
642	2.4194	 	0.85558	 	
643	2.41513	 	0.853938	 	
644	2.41086	 	0.852294	 	
645	2.40658	 	0.850648	 	
646	2.4023	 	0.848999	 	
647	2.39801	 	0.847349	 	
648	2.39372	 	0.845695	 	
649	2.38943	 	0.84404	 	
650	2.38513	 	0.842382	 	
651	2.38082	 	0.840722	 	
652	2.37651	 	0.83906	 	
653	2.3722	 	0.837395	 	
654	2.36788	 	0.835728	 	
655	2.36355	 	0.834059	 	
656	2.35923	 	0.832388	 	
657	2.35489	 	0.830714	 	
658	2.35055	 	0.829038	 	
659	2.34621	 	0.827359	 	
660	2.34187	 	0.825679	 	
661	2.33751	 	0.823996	 	
662	2.33316	 	0.82231	 	
663	2.3288	 	0.820623	 	
664	2.32443	 	0.818933	 	
665	2.32006	 	0.817241	 	
666	2.31569	 	0.815546	 	
667	2.31131	 	0.813849	 	
668	2.30692	 	0.81215	 	
669	2.30254	 	0.810449	 	
670	2.29814	 	0.808745	 	
671	2.29375	 	0.807039	 	
672	2.28934	 	0.805331	 	
673	2.28494	 	0.80362	 	
674	2.28053	 	0.801907	 	
675	2.27611	 	0.800192	 	
676	2.27169	 	0.798474	 	
677	2.26727	 	0.796754	 	
678	2.26284	 	0.795032	 	
679	2.2584	 	0.793308	 	
680	2.25397	 	0.791581	 	
681	2.24952	 	0.789852	 	
682	2.24508	 	0.78812	 	
683	2.24063	 	0.786387	 	
684	2.23617	 	0.78465	 	
685	2.23171	 	0.782912	 	
686	2.22725	 	0.781171	 	
687	2.22278	 	0.779428	 	
688	2.2183	 	0.777683	 	
689	2.21383	 	0.775935	 	
690	2.20935	 	0.774185	 	
691	2.20486	 	0.772433	 	
692	2.20037	 	0.770678	 	
693	2.19587	 	0.768921	 	
694	2.19137	 	0.767162	 	
695	2.18687	 	0.7654	 	
696	2.18236	 	0.763637	 	
697	2.17785	 	0.76187	 	
698	2.17333	 	0.760102	 	
699	2.16881	 	0.758331	 	
700	2.16429	 	0.756557	 	
701	2.15976	 	0.754782	 	
702	2.15522	 	0.753004	 	
703	2.15068	 	0.751223	 	
704	2.14614	 	0.749441	 	
705	2.14159	 	0.747656	 	
706	2.13704	 	0.745868	 	
707	2.13249	 	0.744079	 	
708	2.12793	 	0.742287	 	
709	2.12336	 	0.740492	 	
710	2.1188	 	0.738696	 	
711	2.11422	 	0.736897	 	
712	2.10965	 	0.735095	 	
713	2.10507	 	0.733291	 	
714	2.10048	 	0.731485	 	
715	2.09589	 	0.729677	 	
716	2.0913	 	0.727866	 	
717	2.0867	 	0.726053	 	
718	2.0821	 	0.724237	 	
719	2.07749	 	0.722419	 	
720	2.07288	 	0.720599	 	
721	2.06827	 	0.718776	 	
722	2.06365	 	0.716951	 	
723	2.05903	 	0.715124	 	
724	2.0544	 	0.713294	 	
725	2.04977	 	0.711462	 	
726	2.04514	 	0.709627	 	
727	2.0405	 	0.70779	 	
728	2.03586	 	0.705951	 	
729	2.03121	 	0.704109	 	
730	2.02656	 	0.702265	 	
731	2.0219	 	0.700418	 	
732	2.01724	 	0.698569	 	
733	2.01258	 	0.696718	 	
734	2.00791	 	0.694864	 	
735	2.00324	 	0.693008	 	
736	1.99857	 	0.69115	 	
737	1.99389	 	0.689289	 	
738	1.9892	 	0.687426	 	
739	1.98452	 	0.68556	 	
740	1.97983	 	0.683692	 	
741	1.97513	 	0.681821	 	
742	1.97043	 	0.679948	 	
743	1.96573	 	0.678073	 	
744	1.96102	 	0.676195	 	
745	1.95631	 	0.674315	 	
746	1.95159	 	0.672432	 	
747	1.94687	 	0.670547	 	
748	1.94215	 	0.66866	 	
749	1.93742	 	0.66677	 	
750	1.93269	 	0.664878	 	
751	1.92796	 	0.662983	 	
752	1.92322	 	0.661086	 	
753	1.91848	 	0.659186	 	
754	1.91373	 	0.657284	 	
755	1.90898	 	0.655379	 	
756	1.90422	 	0.653472	 	
757	1.89947	 	0.651563	 	
758	1.8947	 	0.649651	 	
759	1.88994	 	0.647736	 	
760	1.88517	 	0.645819	 	
761	1.88039	 	0.6439	 	
762	1.87562	 	0.641978	 	
763	1.87083	 	0.640054	 	
764	1.86605	 	0.638127	 	
765	1.86126	 	0.636198	 	
766	1.85647	 	0.634266	 	
767	1.85167	 	0.632332	 	
768	1.84687	 	0.630395	 	
769	1.84206	 	0.628456	 	
770	1.83726	 	0.626514	 	
771	1.83244	 	0.62457	 	
772	1.82763	 	0.622623	 	
773	1.82281	 	0.620674	 	
774	1.81798	 	0.618722	 	
775	1.81316	 	0.616768	 	
776	1.80832	 	0.614811	 	
777	1.80349	 	0.612852	 	
778	1.79865	 	0.61089	 	
779	1.79381	 	0.608926	 	
780	1.78896	 	0.606959	 	
781	1.78411	 	0.604989	 	
782	1.77926	 	0.603017	 	
783	1.7744	 	0.601043	 	
784	1.76954	 	0.599066	 	
785	1.76468	 	0.597086	 	
786	1.75981	 	0.595104	 	
787	1.75493	 	0.593119	 	
788	1.75006	 	0.591132	 	
789	1.74518	 	0.589142	 	
790	1.74029	 	0.587149	 	
791	1.73541	 	0.585154	 	
792	1.73052	 	0.583156	 	
793	1.72562	 	0.581156	 	
794	1.72072	 	0.579153	 	
795	1.71582	 	0.577148	 	
796	1.71092	 	0.57514	 	
797	1.70601	 	0.573129	 	
798	1.70109	 	0.571116	 	
799	1.69618	 	0.5691	 	
800	1.69126	 	0.567081	 	
801	1.68633	 	0.56506	 	
802	1.6814	 	0.563036	 	
803	1.67647	 	0.56101	 	
804	1.67154	 	0.558981	 	
805	1.6666	 	0.556949	 	
806	1.66166	 	0.554914	 	
807	1.65671	 	0.552877	 	
808	1.65176	 	0.550838	 	
809	1.64681	 	0.548795	 	
810	1.64185	 	0.54675	 	
811	1.63689	 	0.544702	 	
812	1.63192	 	0.542652	 	
813	1.62696	 	0.540599	 	
814	1.62198	 	0.538543	 	
815	1.61701	 	0.536484	 	
816	1.61203	 	0.534423	 	
817	1.60705	 	0.532359	 	
818	1.60206	 	0.530292	 	
819	1.59707	 	0.528223	 	
820	1.59208	 	0.526151	 	
821	1.58708	 	0.524076	 	
822	1.58208	 	0.521998	 	
823	1.57707	 	0.519917	 	
824	1.57207	 	0.517834	 	
825	1.56705	 	0.515748	 	
826	1.56204	 	0.51366	 	
827	1.55702	 	0.511568	 	
828	1.55199	 	0.509474	 	
829	1.54697	 	0.507377	 	
830	1.54194	 	0.505277	 	
831	1.5369	 	0.503174	 	
832	1.53187	 	0.501068	 	
833	1.52682	 	0.49896	 	
834	1.52178	 	0.496849	 	
835	1.51673	 	0.494735	 	
836	1.51168	 	0.492618	 	
837	1.50662	 	0.490498	 	
838	1.50156	 	0.488376	 	
839	1.4965	 	0.48625	 	
840	1.49143	 	0.484122	 	
841	1.48636	 	0.48199	 	
842	1.48128	 	0.479856	 	
843	1.4762	 	0.477719	 	
844	1.47112	 	0.475579	 	
845	1.46603	 	0.473437	 	
846	1.46094	 	0.471291	 	
847	1.45585	 	0.469142	 	
848	1.45075	 	0.46699	 	
849	1.44565	 	0.464836	 	
850	1.44054	 	0.462678	 	
851	1.43543	 	0.460518	 	
852	1.43032	 	0.458354	 	
853	1.4252	 	0.456187	 	
854	1.42008	 	0.454018	 	
855	1.41495	 	0.451845	 	
856	1.40982	 	0.44967	 	
857	1.40469	 	0.447491	 	
858	1.39955	 	0.44531	 	
859	1.39441	 	0.443125	 	
860	1.38926	 	0.440937	 	
861	1.38411	 	0.438746	 	
862	1.37896	 	0.436552	 	
863	1.3738	 	0.434355	 	
864	1.36864	 	0.432155	 	
865	1.36347	 	0.429952	 	
866	1.3583	 	0.427746	 	
867	1.35313	 	0.425536	 	
868	1.34795	 	0.423324	 	
869	1.34276	 	0.421108	 	
870	1.33758	 	0.418889	 	
871	1.33238	 	0.416667	 	
872	1.32719	 	0.414442	 	
873	1.32199	 	0.412213	 	
874	1.31678	 	0.409981	 	
875	1.31157	 	0.407746	 	
876	1.30636	 	0.405508	 	
877	1.30114	 	0.403266	 	
878	1.29591	 	0.401022	 	
879	1.29068	 	0.398774	 	
880	1.28545	 	0.396522	 	
881	1.28021	 	0.394268	 	
882	1.27497	 	0.392009	 	
883	1.26972	 	0.389748	 	
884	1.26447	 	0.387483	 	
885	1.25921	 	0.385215	 	
886	1.25395	 	0.382944	 	
887	1.24868	 	0.380669	 	
888	1.24341	 	0.37839	 	
889	1.23813	 	0.376109	 	
890	1.23285	 	0.373823	 	
891	1.22756	 	0.371535	 	
892	1.22226	 	0.369242	 	
893	1.21696	 	0.366947	 	
894	1.21166	 	0.364647	 	
895	1.20635	 	0.362344	 	
896	1.20103	 	0.360038	 	
897	1.19571	 	0.357728	 	
898	1.19038	 	0.355414	 	
899	1.18505	 	0.353097	 	
900	1.17971	 	0.350776	 	
901	1.17436	 	0.348452	 	
902	1.16901	 	0.346123	 	
903	1.16365	 	0.343791	 	
904	1.15828	 	0.341456	 	
905	1.15291	 	0.339116	 	
906	1.14753	 	0.336773	 	
907	1.14214	 	0.334426	 	
908	1.13675	 	0.332075	 	
909	1.13135	 	0.32972	 	
910	1.12594	 	0.327361	 	
911	1.12053	 	0.324999	 	
912	1.11511	 	0.322632	 	
913	1.10968	 	0.320262	 	
914	1.10424	 	0.317887	 	
915	1.0988	 	0.315509	 	
916	1.09334	 	0.313126	 	
917	1.08788	 	0.310739	 	
918	1.08241	 	0.308348	 	
919	1.07694	 	0.305954	 	
920	1.07145	 	0.303554	 	
921	1.06595	 	0.301151	 	
922	1.06045	 	0.298743	 	
923	1.05494	 	0.296331	 	
924	1.04941	 	0.293915	 	
925	1.04388	 	0.291495	 	
926	1.03834	 	0.28907	 	
927	1.03278	 	0.28664	 	
928	1.02722	 	0.284206	 	
929	1.02165	 	0.281767	 	
930	1.01606	 	0.279324	 	
931	1.01047	 	0.276877	 	
932	1.00486	 	0.274424	 	
933	0.999244	 	0.271967	 	
934	0.993615	 	0.269505	 	
935	0.987973	 	0.267038	 	
936	0.982318	 	0.264566	 	
937	0.976651	 	0.26209	 	
938	0.970971	 	0.259608	 	
939	0.965278	 	0.257121	 	
940	0.959571	 	0.254629	 	
941	0.95385	 	0.252132	 	
942	0.948115	 	0.24963	 	
943	0.942365	 	0.247122	 	
944	0.9366	 	0.244609	 	
945	0.93082	 	0.24209	 	
946	0.925024	 	0.239565	 	
947	0.919211	 	0.237035	 	
948	0.913382	 	0.234499	 	
949	0.907536	 	0.231957	 	
950	0.901672	 	0.229409	 	
951	0.89579	 	0.226854	 	
952	0.88989	 	0.224294	 	
953	0.883971	 	0.221727	 	
954	0.878032	 	0.219153	 	
955	0.872073	 	0.216573	 	
956	0.866093	 	0.213985	 	
957	0.860092	 	0.211391	 	
958	0.85407	 	0.208789	 	
959	0.848025	 	0.206179	 	
960	0.841957	 	0.203562	 	
961	0.835865	 	0.200937	 	
962	0.82975	 	0.198303	 	
963	0.823609	 	0.195661	 	
964	0.817442	 	0.193009	 	
965	0.81125	 	0.190349	 	
966	0.80503	 	0.187678	 	
967	0.798782	 	0.184998	 	
968	0.792505	 	0.182306	 	
969	0.786199	 	0.179603	 	
970	0.779862	 	0.176889	 	
971	0.773495	 	0.174162	 	
972	0.767095	 	0.171421	 	
973	0.760661	 	0.168667	 	
974	0.754194	 	0.165897	 	
975	0.747692	 	0.163112	 	
976	0.741154	 	0.160309	 	
977	0.734578	 	0.157488	 	
978	0.727964	 	0.154647	 	
979	0.721311	 	0.151784	 	
980	0.714617	 	0.148898	 	
981	0.707882	 	0.145988	 	
982	0.701104	 	0.143049	 	
983	0.694281	 	0.140081	 	
984	0.687413	 	0.13708	 	
985	0.680498	 	0.134043	 	
986	0.673534	 	0.130967	 	
987	0.666521	 	0.127848	 	
988	0.659457	 	0.124681	 	
989	0.65234	 	0.121461	 	
990	0.645168	 	0.118183	 	
991	0.637941	 	0.11484	 	
992	0.630655	 	0.111426	 	
993	0.623311	 	0.107932	 	
994	0.615905	 	0.104349	 	
995	0.608437	 	0.100667	 	
996	0.600904	 	0.0968741	 	
997	0.593304	 	0.0929583	 	
998	0.585635	 	0.0889045	 	
999	0.577895	 	0.0846963	 	


iteration 	 keff 	 	 error	
1	 	1.63145	 	0.631451
2	 	1.63145	 	2.77919e-09
3	 	1.63145	 	2.69981e-09
4	 	1.63145	 	2.62296e-09
5	 	1.63145	 	2.54824e-09
6	 	1.63145	 	2.47566e-09
7	 	1.63145	 	2.40515e-09
8	 	1.63145	 	2.33665e-09
9	 	1.63145	 	2.27011e-09
10	 	1.63145	 	2.20546e-09
11	 	1.63145	 	2.14265e-09
12	 	1.63145	 	2.08163e-09
13	 	1.63145	 	2.02234e-09
14	 	1.63145	 	1.96475e-09
15	 	1.63145	 	1.9088e-09
16	 	1.63145	 	1.85444e-09
17	 	1.63145	 	1.80163e-09
18	 	1.63145	 	1.75032e-09
19	 	1.63145	 	1.70048e-09
20	 	1.63145	 	1.65205e-09
21	 	1.63145	 	1.605e-09
URRa-2-0-SL  delx = 3.78343 keff= 1.63145 with error: 1.605e-09

pos	 flux1 	 	 flux2
0	4.13047	 	1.57971	 	
1	4.13047	 	1.57971	 	


