
**************************************************
*         .-~*~~~*~-.                           *
*        .-~~~~~~~~~-.                           *
*       /  X       X  \                          *
*      |    .-----.    |                         *
*       \  '_______'  /                          *
*        `-.........-'                           *
* *  ____   ___  ____ ____                       *
*   |  _ \ / _ \_   _| __ )                      *
*   | | | | | | || | |  _ \                      *
*   | |_| | |_| || | | |_) |                     *
*   |____/ \___/ |_| |____/                      *
* *
*   Discrete Ordinate with Two Braincells        *
**************************************************
    
34x34-Bare-3x3samepinxs	2 group
XS file: mini3x3-largepins-2g.xs
S-2	 quad set, 	 mesh refinement: 1

iteration 	 keff 	 	 error 	 	 iteration 
1	 	0.53358361	 	-0.87412053	 	20
2	 	0.66794285	 	0.20115380	 	20
3	 	0.72225893	 	0.07520306	 	20
4	 	0.74477550	 	0.03023269	 	20
5	 	0.75459189	 	0.01300887	 	20
6	 	0.75897666	 	0.00577722	 	20
7	 	0.76095910	 	0.00260519	 	20
8	 	0.76186214	 	0.00118530	 	20
9	 	0.76227591	 	0.00054281	 	20
10	 	0.76246653	 	0.00025000	 	20
11	 	0.76255482	 	0.00011578	 	20
12	 	0.76259594	 	0.00005392	 	20
13	 	0.76261520	 	0.00002526	 	20
14	 	0.76262429	 	0.00001191	 	20
15	 	0.76262860	 	0.00000566	 	20
16	 	0.76263067	 	0.00000271	 	20
17	 	0.76263160	 	0.00000123	 	18
18	 	0.76263200	 	0.00000052	 	13
34x34-Bare-3x3samepinxs  refinement = 1 S-2 keff= 0.76263200
flux distribution is saved in the flux_34x34-Bare-3x3samepinxs.m and .py file script
--- End of calculation ---


**************************************************
*         .-~*~~~*~-.                           *
*        .-~~~~~~~~~-.                           *
*       /  X       X  \                          *
*      |    .-----.    |                         *
*       \  '_______'  /                          *
*        `-.........-'                           *
* *  ____   ___  ____ ____                       *
*   |  _ \ / _ \_   _| __ )                      *
*   | | | | | | || | |  _ \                      *
*   | |_| | |_| || | | |_) |                     *
*   |____/ \___/ |_| |____/                      *
* *
*   Discrete Ordinate with Two Braincells        *
**************************************************
    
34x34-Bare-3x3samepinxs	2 group
XS file: mini3x3-largepins-2g.xs
S-2	 quad set, 	 mesh refinement: 1

iteration 	 keff 	 	 error 	 	 iteration 
1	 	0.53358361	 	-0.87412053	 	20
2	 	0.66794285	 	0.20115380	 	20
3	 	0.72225893	 	0.07520306	 	20
4	 	0.74477550	 	0.03023269	 	20
5	 	0.75459189	 	0.01300887	 	20
6	 	0.75897666	 	0.00577722	 	20
7	 	0.76095910	 	0.00260519	 	20
8	 	0.76186214	 	0.00118530	 	20
9	 	0.76227591	 	0.00054281	 	20
10	 	0.76246653	 	0.00025000	 	20
11	 	0.76255482	 	0.00011578	 	20
12	 	0.76259594	 	0.00005392	 	20
13	 	0.76261520	 	0.00002526	 	20
14	 	0.76262429	 	0.00001191	 	20
15	 	0.76262860	 	0.00000566	 	20
16	 	0.76263067	 	0.00000271	 	20
17	 	0.76263160	 	0.00000123	 	18
18	 	0.76263200	 	0.00000052	 	13
34x34-Bare-3x3samepinxs  refinement = 1 S-2 keff= 0.76263200
flux distribution is saved in the flux_34x34-Bare-3x3samepinxs.m and .py file script
--- End of calculation ---


**************************************************
*         .-~*~~~*~-.                           *
*        .-~~~~~~~~~-.                           *
*       /  X       X  \                          *
*      |    .-----.    |                         *
*       \  '_______'  /                          *
*        `-.........-'                           *
* *  ____   ___  ____ ____                       *
*   |  _ \ / _ \_   _| __ )                      *
*   | | | | | | || | |  _ \                      *
*   | |_| | |_| || | | |_) |                     *
*   |____/ \___/ |_| |____/                      *
* *
*   Discrete Ordinate with Two Braincells        *
**************************************************
    
34x34-Bare-3x3samepinxs	2 group
XS file: mini3x3-largepins-2g.xs
S-2	 quad set, 	 mesh refinement: 4

iteration 	 keff 	 	 error 	 	 iteration 
1	 	0.53448453	 	-0.87096152	 	20
2	 	0.66893209	 	0.20098834	 	20
3	 	0.72321362	 	0.07505602	 	20
4	 	0.74562408	 	0.03005597	 	20
5	 	0.75541862	 	0.01296570	 	20
6	 	0.75982543	 	0.00579977	 	20
7	 	0.76183636	 	0.00263958	 	20
8	 	0.76276119	 	0.00121248	 	20
9	 	0.76318880	 	0.00056029	 	20
10	 	0.76338739	 	0.00026014	 	20
11	 	0.76348000	 	0.00012130	 	20
12	 	0.76352336	 	0.00005680	 	20
13	 	0.76354376	 	0.00002671	 	20
14	 	0.76355340	 	0.00001262	 	20
15	 	0.76355798	 	0.00000600	 	20
16	 	0.76356017	 	0.00000286	 	20
17	 	0.76356115	 	0.00000129	 	18
18	 	0.76356157	 	0.00000055	 	13
34x34-Bare-3x3samepinxs  refinement = 4 S-2 keff= 0.76356157
flux distribution is saved in the flux_34x34-Bare-3x3samepinxs.m and .py file script
--- End of calculation ---


**************************************************
*         .-~*~~~*~-.                           *
*        .-~~~~~~~~~-.                           *
*       /  X       X  \                          *
*      |    .-----.    |                         *
*       \  '_______'  /                          *
*        `-.........-'                           *
* *  ____   ___  ____ ____                       *
*   |  _ \ / _ \_   _| __ )                      *
*   | | | | | | || | |  _ \                      *
*   | |_| | |_| || | | |_) |                     *
*   |____/ \___/ |_| |____/                      *
* *
*   Discrete Ordinate with Two Braincells        *
**************************************************
    
34x34-Bare-3x3samepinxs	2 group
XS file: mini3x3-largepins-2g.xs
S-6	 quad set, 	 mesh refinement: 2

iteration 	 keff 	 	 error 	 	 iteration 
1	 	0.54878023	 	-0.82222308	 	20
2	 	0.67805009	 	0.19064942	 	20
3	 	0.72979817	 	0.07090739	 	20
4	 	0.75161463	 	0.02902613	 	20
5	 	0.76148379	 	0.01296044	 	20
6	 	0.76611338	 	0.00604296	 	20
7	 	0.76832534	 	0.00287893	 	20
8	 	0.76939307	 	0.00138776	 	20
9	 	0.76991190	 	0.00067389	 	20
10	 	0.77016528	 	0.00032900	 	20
11	 	0.77028956	 	0.00016134	 	20
12	 	0.77035076	 	0.00007945	 	20
13	 	0.77038103	 	0.00003928	 	20
14	 	0.77039605	 	0.00001950	 	20
15	 	0.77040355	 	0.00000973	 	20
16	 	0.77040730	 	0.00000487	 	20
17	 	0.77040919	 	0.00000245	 	20
18	 	0.77041009	 	0.00000116	 	18
19	 	0.77041048	 	0.00000051	 	13
34x34-Bare-3x3samepinxs  refinement = 2 S-6 keff= 0.77041048
flux distribution is saved in the flux_34x34-Bare-3x3samepinxs.m and .py file script
--- End of calculation ---


%********************************************************
%*                 .-~*~~~*~-.                          *
%*                .-~~~~~~~~~-.                         *
%*               /  X       X  \                        *
%*              |    .-----.    |                       *
%*               \  '_______'  /                        *
%*                `-.........-'                         *
%* *          ____   ___  ____ ____                     *
%*           |  _ \ / _ \_   _| __ )                    *
%*           | | | | | | || | |  _ \                    *
%*           | |_| | |_| || | | |_) |                   *
%*           |____/ \___/ |_| |____/                    *
%********************************************************
%*      Discrete Ordinate with Two Braincells           *
%********************************************************
    
34x34-Bare-3x3samepinxs	2 group
XS file: mini3x3-largepins-2g.xs
S-6	 quad set, 	 mesh refinement: 2

iteration 	 keff 	 	 error 	 	 iteration 
1	 	0.54878023	 	-0.82222308	 	20
2	 	0.67805009	 	0.19064942	 	20
3	 	0.72979817	 	0.07090739	 	20
4	 	0.75161463	 	0.02902613	 	20
5	 	0.76148379	 	0.01296044	 	20
6	 	0.76611338	 	0.00604296	 	20
7	 	0.76832534	 	0.00287893	 	20
8	 	0.76939307	 	0.00138776	 	20
9	 	0.76991190	 	0.00067389	 	20
10	 	0.77016528	 	0.00032900	 	20
11	 	0.77028956	 	0.00016134	 	20
12	 	0.77035076	 	0.00007945	 	20
13	 	0.77038103	 	0.00003928	 	20
14	 	0.77039605	 	0.00001950	 	20
15	 	0.77040355	 	0.00000973	 	20
16	 	0.77040730	 	0.00000487	 	20
17	 	0.77040919	 	0.00000245	 	20
18	 	0.77041009	 	0.00000116	 	18
19	 	0.77041048	 	0.00000051	 	13
34x34-Bare-3x3samepinxs  refinement = 2 S-6 keff= 0.77041048
flux distribution is saved in the flux_34x34-Bare-3x3samepinxs.m and .py file script
--- End of calculation ---


%********************************************************
%*                 .-~*~~~*~-.                          *
%*                .-~~~~~~~~~-.                         *
%*               /  X       X  \                        *
%*              |    .-----.    |                       *
%*               \  '_______'  /                        *
%*                `-.........-'                         *
%* *          ____   ___  ____ ____                     *
%*           |  _ \ / _ \_   _| __ )                    *
%*           | | | | | | || | |  _ \                    *
%*           | |_| | |_| || | | |_) |                   *
%*           |____/ \___/ |_| |____/                    *
%********************************************************
%*      Discrete Ordinate with Two Braincells           *
%********************************************************
    
34x34-Bare-3x3samepinxs	2 group
XS file: mini3x3-largepins-2g.xs
S-6	 quad set, 	 mesh refinement: 2

iteration 	 keff 	 	 error 	 	 iteration 
1	 	0.54878023	 	-0.82222308	 	20
2	 	0.67805009	 	0.19064942	 	20
3	 	0.72979817	 	0.07090739	 	20
4	 	0.75161463	 	0.02902613	 	20
5	 	0.76148379	 	0.01296044	 	20
6	 	0.76611338	 	0.00604296	 	20
7	 	0.76832534	 	0.00287893	 	20
8	 	0.76939307	 	0.00138776	 	20
9	 	0.76991190	 	0.00067389	 	20
10	 	0.77016528	 	0.00032900	 	20
11	 	0.77028956	 	0.00016134	 	20
12	 	0.77035076	 	0.00007945	 	20
13	 	0.77038103	 	0.00003928	 	20
14	 	0.77039605	 	0.00001950	 	20
15	 	0.77040355	 	0.00000973	 	20
16	 	0.77040730	 	0.00000487	 	20
17	 	0.77040919	 	0.00000245	 	20
18	 	0.77041009	 	0.00000116	 	18
19	 	0.77041048	 	0.00000051	 	13
34x34-Bare-3x3samepinxs  refinement = 2 S-6 keff= 0.77041048
flux distribution is saved in the flux_34x34-Bare-3x3samepinxs.m and .py file script
--- End of calculation ---


%********************************************************
%*                 .-~*~~~*~-.                          *
%*                .-~~~~~~~~~-.                         *
%*               /  X       X  \                        *
%*              |    .-----.    |                       *
%*               \  '_______'  /                        *
%*                `-.........-'                         *
%* *          ____   ___  ____ ____                     *
%*           |  _ \ / _ \_   _| __ )                    *
%*           | | | | | | || | |  _ \                    *
%*           | |_| | |_| || | | |_) |                   *
%*           |____/ \___/ |_| |____/                    *
%********************************************************
%*      Discrete Ordinate with Two Braincells           *
%********************************************************
    
34x34-Bare-3x3samepinxs	2 group
XS file: mini3x3-largepins-2g.xs
S-6	 quad set, 	 mesh refinement: 2

iteration 	 keff 	 	 error 	 	 iteration 
1	 	0.54878023	 	-0.82222308	 	20
2	 	0.67805009	 	0.19064942	 	20
3	 	0.72979817	 	0.07090739	 	20
4	 	0.75161463	 	0.02902613	 	20
5	 	0.76148379	 	0.01296044	 	20
6	 	0.76611338	 	0.00604296	 	20
7	 	0.76832534	 	0.00287893	 	20
8	 	0.76939307	 	0.00138776	 	20
9	 	0.76991190	 	0.00067389	 	20
10	 	0.77016528	 	0.00032900	 	20
11	 	0.77028956	 	0.00016134	 	20
12	 	0.77035076	 	0.00007945	 	20
13	 	0.77038103	 	0.00003928	 	20
14	 	0.77039605	 	0.00001950	 	20
15	 	0.77040355	 	0.00000973	 	20
16	 	0.77040730	 	0.00000487	 	20
17	 	0.77040919	 	0.00000245	 	20
18	 	0.77041009	 	0.00000116	 	18
19	 	0.77041048	 	0.00000051	 	13
34x34-Bare-3x3samepinxs  refinement = 2 S-6 keff= 0.77041048
flux distribution is saved in the flux_34x34-Bare-3x3samepinxs.m and .py file script
--- End of calculation ---


%********************************************************
%*                 .-~*~~~*~-.                          *
%*                .-~~~~~~~~~-.                         *
%*               /  X       X  \                        *
%*              |    .-----.    |                       *
%*               \  '_______'  /                        *
%*                `-.........-'                         *
%* *          ____   ___  ____ ____                     *
%*           |  _ \ / _ \_   _| __ )                    *
%*           | | | | | | || | |  _ \                    *
%*           | |_| | |_| || | | |_) |                   *
%*           |____/ \___/ |_| |____/                    *
%********************************************************
%*      Discrete Ordinate with Two Braincells           *
%********************************************************
    
34x34-Bare-3x3samepinxs	2 group
XS file: mini3x3-largepins-2g.xs
S-6	 quad set, 	 mesh refinement: 2

iteration 	 keff 	 	 error 	 	 iteration 
1	 	0.54878023	 	-0.82222308	 	20
2	 	0.67805009	 	0.19064942	 	20
3	 	0.72979817	 	0.07090739	 	20
4	 	0.75161463	 	0.02902613	 	20
5	 	0.76148379	 	0.01296044	 	20
6	 	0.76611338	 	0.00604296	 	20
7	 	0.76832534	 	0.00287893	 	20
8	 	0.76939307	 	0.00138776	 	20
9	 	0.76991190	 	0.00067389	 	20
10	 	0.77016528	 	0.00032900	 	20
11	 	0.77028956	 	0.00016134	 	20
12	 	0.77035076	 	0.00007945	 	20
13	 	0.77038103	 	0.00003928	 	20
14	 	0.77039605	 	0.00001950	 	20
15	 	0.77040355	 	0.00000973	 	20
16	 	0.77040730	 	0.00000487	 	20
17	 	0.77040919	 	0.00000245	 	20
18	 	0.77041009	 	0.00000116	 	18
19	 	0.77041048	 	0.00000051	 	13
34x34-Bare-3x3samepinxs  refinement = 2 S-6 keff= 0.77041048
flux distribution is saved in the flux_34x34-Bare-3x3samepinxs.m and .py file script
--- End of calculation ---


%********************************************************
%*                 .-~*~~~*~-.                          *
%*                .-~~~~~~~~~-.                         *
%*               /  X       X  \                        *
%*              |    .-----.    |                       *
%*               \  '_______'  /                        *
%*                `-.........-'                         *
%* *          ____   ___  ____ ____                     *
%*           |  _ \ / _ \_   _| __ )                    *
%*           | | | | | | || | |  _ \                    *
%*           | |_| | |_| || | | |_) |                   *
%*           |____/ \___/ |_| |____/                    *
%********************************************************
%*      Discrete Ordinate with Two Braincells           *
%********************************************************
    
34x34-Bare-3x3samepinxs	2 group
XS file: mini3x3-largepins-2g.xs
S-6	 quad set, 	 mesh refinement: 2

iteration 	 keff 	 	 error 	 	 iteration 
1	 	0.54878023	 	-0.82222308	 	20
2	 	0.67805009	 	0.19064942	 	20
3	 	0.72979817	 	0.07090739	 	20
4	 	0.75161463	 	0.02902613	 	20
5	 	0.76148379	 	0.01296044	 	20
6	 	0.76611338	 	0.00604296	 	20
7	 	0.76832534	 	0.00287893	 	20
8	 	0.76939307	 	0.00138776	 	20
9	 	0.76991190	 	0.00067389	 	20
10	 	0.77016528	 	0.00032900	 	20
11	 	0.77028956	 	0.00016134	 	20
12	 	0.77035076	 	0.00007945	 	20
13	 	0.77038103	 	0.00003928	 	20
14	 	0.77039605	 	0.00001950	 	20
15	 	0.77040355	 	0.00000973	 	20
16	 	0.77040730	 	0.00000487	 	20
17	 	0.77040919	 	0.00000245	 	20
18	 	0.77041009	 	0.00000116	 	18
19	 	0.77041048	 	0.00000051	 	13
34x34-Bare-3x3samepinxs  refinement = 2 S-6 keff= 0.77041048
flux distribution is saved in the flux_34x34-Bare-3x3samepinxs.m and .py file script
--- End of calculation ---


%********************************************************
%*                 .-~*~~~*~-.                          *
%*                .-~~~~~~~~~-.                         *
%*               /  X       X  \                        *
%*              |    .-----.    |                       *
%*               \  '_______'  /                        *
%*                `-.........-'                         *
%* *          ____   ___  ____ ____                     *
%*           |  _ \ / _ \_   _| __ )                    *
%*           | | | | | | || | |  _ \                    *
%*           | |_| | |_| || | | |_) |                   *
%*           |____/ \___/ |_| |____/                    *
%********************************************************
%*      Discrete Ordinate with Two Braincells           *
%********************************************************
    
34x34-Bare-3x3samepinxs	2 group
XS file: mini3x3-largepins-2g.xs
S-6	 quad set, 	 mesh refinement: 2

iteration 	 keff 	 	 error 	 	 iteration 
1	 	0.54878023	 	-0.82222308	 	20
2	 	0.67805009	 	0.19064942	 	20
3	 	0.72979817	 	0.07090739	 	20
4	 	0.75161463	 	0.02902613	 	20
5	 	0.76148379	 	0.01296044	 	20
6	 	0.76611338	 	0.00604296	 	20
7	 	0.76832534	 	0.00287893	 	20
8	 	0.76939307	 	0.00138776	 	20
9	 	0.76991190	 	0.00067389	 	20
10	 	0.77016528	 	0.00032900	 	20
11	 	0.77028956	 	0.00016134	 	20
12	 	0.77035076	 	0.00007945	 	20
13	 	0.77038103	 	0.00003928	 	20
14	 	0.77039605	 	0.00001950	 	20
15	 	0.77040355	 	0.00000973	 	20
16	 	0.77040730	 	0.00000487	 	20
17	 	0.77040919	 	0.00000245	 	20
18	 	0.77041009	 	0.00000116	 	18
19	 	0.77041048	 	0.00000051	 	13
34x34-Bare-3x3samepinxs  refinement = 2 S-6 keff= 0.77041048
flux distribution is saved in the flux_34x34-Bare-3x3samepinxs.m and .py file script
--- End of calculation ---


%********************************************************
%*                 .-~*~~~*~-.                          *
%*                .-~~~~~~~~~-.                         *
%*               /  X       X  \                        *
%*              |    .-----.    |                       *
%*               \  '_______'  /                        *
%*                `-.........-'                         *
%* *          ____   ___  ____ ____                     *
%*           |  _ \ / _ \_   _| __ )                    *
%*           | | | | | | || | |  _ \                    *
%*           | |_| | |_| || | | |_) |                   *
%*           |____/ \___/ |_| |____/                    *
%********************************************************
%*      Discrete Ordinate with Two Braincells           *
%********************************************************
    
34x34-Bare-3x3samepinxs	2 group
XS file: mini3x3-largepins-2g.xs
S-16	 quad set, 	 mesh refinement: 4

iteration 	 keff 	 	 error 	 	 iteration 
1	 	0.54661250	 	-0.82944957	 	20
2	 	0.67558476	 	0.19090464	 	20
3	 	0.72749158	 	0.07135040	 	20
4	 	0.74939442	 	0.02922740	 	20
5	 	0.75928321	 	0.01302385	 	20
6	 	0.76390700	 	0.00605282	 	20
7	 	0.76610781	 	0.00287270	 	20
8	 	0.76716586	 	0.00137918	 	20
9	 	0.76767788	 	0.00066697	 	20
10	 	0.76792690	 	0.00032428	 	20
11	 	0.76804855	 	0.00015838	 	20
12	 	0.76810822	 	0.00007768	 	20
13	 	0.76813761	 	0.00003826	 	20
14	 	0.76815215	 	0.00001893	 	20
15	 	0.76815937	 	0.00000941	 	20
16	 	0.76816298	 	0.00000470	 	20
17	 	0.76816479	 	0.00000236	 	20
18	 	0.76816562	 	0.00000108	 	17
19	 	0.76816602	 	0.00000052	 	13
34x34-Bare-3x3samepinxs  refinement = 4 S-16 keff= 0.76816602
flux distribution is saved in the flux_34x34-Bare-3x3samepinxs.m and .py file script
--- End of calculation ---


%********************************************************
%*                 .-~*~~~*~-.                          *
%*                .-~~~~~~~~~-.                         *
%*               /  X       X  \                        *
%*              |    .-----.    |                       *
%*               \  '_______'  /                        *
%*                `-.........-'                         *
%* *          ____   ___  ____ ____                     *
%*           |  _ \ / _ \_   _| __ )                    *
%*           | | | | | | || | |  _ \                    *
%*           | |_| | |_| || | | |_) |                   *
%*           |____/ \___/ |_| |____/                    *
%********************************************************
%*      Discrete Ordinate with Two Braincells           *
%********************************************************
    
34x34-Bare-3x3samepinxs	2 group
XS file: mini3x3-largepins-2g.xs
S-16	 quad set, 	 mesh refinement: 8

iteration 	 keff 	 	 error 	 	 iteration 
1	 	0.54648530	 	-0.82987538	 	20
2	 	0.67544214	 	0.19092212	 	20
3	 	0.72735351	 	0.07137020	 	20
4	 	0.74925941	 	0.02923674	 	20
5	 	0.75915028	 	0.01302887	 	20
6	 	0.76377552	 	0.00605576	 	20
7	 	0.76597728	 	0.00287445	 	20
8	 	0.76703594	 	0.00138019	 	20
9	 	0.76754832	 	0.00066755	 	20
10	 	0.76779756	 	0.00032461	 	20
11	 	0.76791932	 	0.00015857	 	20
12	 	0.76797906	 	0.00007778	 	20
13	 	0.76800849	 	0.00003832	 	20
14	 	0.76802305	 	0.00001896	 	20
15	 	0.76803028	 	0.00000942	 	20
16	 	0.76803390	 	0.00000470	 	20
17	 	0.76803571	 	0.00000236	 	20
18	 	0.76803654	 	0.00000108	 	17
19	 	0.76803694	 	0.00000052	 	13
34x34-Bare-3x3samepinxs  refinement = 8 S-16 keff= 0.76803694
flux distribution is saved in the flux_34x34-Bare-3x3samepinxs.m and .py file script
--- End of calculation ---


%********************************************************
%*                 .-~*~~~*~-.                          *
%*                .-~~~~~~~~~-.                         *
%*               /  X       X  \                        *
%*              |    .-----.    |                       *
%*               \  '_______'  /                        *
%*                `-.........-'                         *
%* *          ____   ___  ____ ____                     *
%*           |  _ \ / _ \_   _| __ )                    *
%*           | | | | | | || | |  _ \                    *
%*           | |_| | |_| || | | |_) |                   *
%*           |____/ \___/ |_| |____/                    *
%********************************************************
%*      Discrete Ordinate with Two Braincells           *
%********************************************************
    
34x34-Bare-3x3samepinxs	2 group
XS file: mini3x3-largepins-2g.xs
S-16	 quad set, 	 mesh refinement: 8

iteration 	 keff 	 	 error 	 	 iteration 
1	 	0.54648530	 	-0.82987538	 	20
2	 	0.67544214	 	0.19092212	 	20
3	 	0.72735351	 	0.07137020	 	20
4	 	0.74925941	 	0.02923674	 	20
5	 	0.75915028	 	0.01302887	 	20
6	 	0.76377552	 	0.00605576	 	20
7	 	0.76597728	 	0.00287445	 	20
8	 	0.76703594	 	0.00138019	 	20
9	 	0.76754832	 	0.00066755	 	20
10	 	0.76779756	 	0.00032461	 	20
11	 	0.76791932	 	0.00015857	 	20
12	 	0.76797906	 	0.00007778	 	20
13	 	0.76800849	 	0.00003832	 	20
14	 	0.76802305	 	0.00001896	 	20
15	 	0.76803028	 	0.00000942	 	20
16	 	0.76803390	 	0.00000470	 	20
17	 	0.76803571	 	0.00000236	 	20
18	 	0.76803654	 	0.00000108	 	17
19	 	0.76803694	 	0.00000052	 	13
34x34-Bare-3x3samepinxs  refinement = 8 S-16 keff= 0.76803694
flux distribution is saved in the flux_34x34-Bare-3x3samepinxs.m and .py file script
--- End of calculation ---


%********************************************************
%*                 .-~*~~~*~-.                          *
%*                .-~~~~~~~~~-.                         *
%*               /  X       X  \                        *
%*              |    .-----.    |                       *
%*               \  '_______'  /                        *
%*                `-.........-'                         *
%* *          ____   ___  ____ ____                     *
%*           |  _ \ / _ \_   _| __ )                    *
%*           | | | | | | || | |  _ \                    *
%*           | |_| | |_| || | | |_) |                   *
%*           |____/ \___/ |_| |____/                    *
%********************************************************
%*      Discrete Ordinate with Two Braincells           *
%********************************************************
    
34x34-Bare-3x3samepinxs	2 group
XS file: mini3x3-largepins-2g.xs
S-16	 quad set, 	 mesh refinement: 4

iteration 	 keff 	 	 error 	 	 iteration 
1	 	0.54661250	 	-0.82944957	 	20
2	 	0.67558476	 	0.19090464	 	20
3	 	0.72749158	 	0.07135040	 	20
4	 	0.74939442	 	0.02922740	 	20
5	 	0.75928321	 	0.01302385	 	20

%********************************************************
%*                 .-~*~~~*~-.                          *
%*                .-~~~~~~~~~-.                         *
%*               /  X       X  \                        *
%*              |    .-----.    |                       *
%*               \  '_______'  /                        *
%*                `-.........-'                         *
%* *          ____   ___  ____ ____                     *
%*           |  _ \ / _ \_   _| __ )                    *
%*           | | | | | | || | |  _ \                    *
%*           | |_| | |_| || | | |_) |                   *
%*           |____/ \___/ |_| |____/                    *
%********************************************************
%*      Discrete Ordinate with Two Braincells           *
%********************************************************
    
34x34-Bare-3x3samepinxs	2 group
XS file: mini3x3-largepins-2g.xs
S-16	 quad set, 	 mesh refinement: 1

iteration 	 keff 	 	 error 	 	 iteration 
1	 	0.54734006	 	-0.82701773	 	20
2	 	0.67616359	 	0.19052124	 	20
3	 	0.72797502	 	0.07117198	 	20
4	 	0.74997207	 	0.02933050	 	20
5	 	0.75990499	 	0.01307126	 	20
6	 	0.76452734	 	0.00604602	 	20
7	 	0.76671204	 	0.00284945	 	20
8	 	0.76775445	 	0.00135774	 	20
9	 	0.76825529	 	0.00065192	 	20
10	 	0.76849736	 	0.00031498	 	20
11	 	0.76861499	 	0.00015305	 	20
12	 	0.76867247	 	0.00007477	 	20
13	 	0.76870071	 	0.00003674	 	20
14	 	0.76871466	 	0.00001815	 	20
15	 	0.76872160	 	0.00000903	 	20
16	 	0.76872507	 	0.00000452	 	20
17	 	0.76872682	 	0.00000227	 	20
18	 	0.76872765	 	0.00000108	 	18
19	 	0.76872802	 	0.00000048	 	13
34x34-Bare-3x3samepinxs  refinement = 1 S-16 keff= 0.76872802
flux distribution is saved in the flux_34x34-Bare-3x3samepinxs.m and .py file script
--- End of calculation ---


%********************************************************
%*                 .-~*~~~*~-.                          *
%*                .-~~~~~~~~~-.                         *
%*               /  X       X  \                        *
%*              |    .-----.    |                       *
%*               \  '_______'  /                        *
%*                `-.........-'                         *
%* *          ____   ___  ____ ____                     *
%*           |  _ \ / _ \_   _| __ )                    *
%*           | | | | | | || | |  _ \                    *
%*           | |_| | |_| || | | |_) |                   *
%*           |____/ \___/ |_| |____/                    *
%********************************************************
%*      Discrete Ordinate with Two Braincells           *
%********************************************************
    
34x34-Bare-3x3samepinxs	2 group
XS file: mini3x3-largepins-2g.xs
S-16	 quad set, 	 mesh refinement: 1

iteration 	 keff 	 	 error 	 	 iteration 
1	 	0.54734006	 	-0.82701773	 	20
2	 	0.67616359	 	0.19052124	 	20
3	 	0.72797502	 	0.07117198	 	20
4	 	0.74997207	 	0.02933050	 	20
5	 	0.75990499	 	0.01307126	 	20
6	 	0.76452734	 	0.00604602	 	20
7	 	0.76671204	 	0.00284945	 	20
8	 	0.76775445	 	0.00135774	 	20
9	 	0.76825529	 	0.00065192	 	20
10	 	0.76849736	 	0.00031498	 	20
11	 	0.76861499	 	0.00015305	 	20
12	 	0.76867247	 	0.00007477	 	20
13	 	0.76870071	 	0.00003674	 	20
14	 	0.76871466	 	0.00001815	 	20
15	 	0.76872160	 	0.00000903	 	20
16	 	0.76872507	 	0.00000452	 	20
17	 	0.76872682	 	0.00000227	 	20
18	 	0.76872765	 	0.00000108	 	18
19	 	0.76872802	 	0.00000048	 	13
34x34-Bare-3x3samepinxs  refinement = 1 S-16 keff= 0.76872802
flux distribution is saved in the flux_34x34-Bare-3x3samepinxs.m and .py file script
--- End of calculation ---


%********************************************************
%*                 .-~*~~~*~-.                          *
%*                .-~~~~~~~~~-.                         *
%*               /  X       X  \                        *
%*              |    .-----.    |                       *
%*               \  '_______'  /                        *
%*                `-.........-'                         *
%* *          ____   ___  ____ ____                     *
%*           |  _ \ / _ \_   _| __ )                    *
%*           | | | | | | || | |  _ \                    *
%*           | |_| | |_| || | | |_) |                   *
%*           |____/ \___/ |_| |____/                    *
%********************************************************
%*      Discrete Ordinate with Two Braincells           *
%********************************************************
    
34x34-Bare-3x3samepinxs	2 group
XS file: mini3x3-largepins-2g.xs
S-16	 quad set, 	 mesh refinement: 1

iteration 	 keff 	 	 error 	 	 iteration 
1	 	0.54734006	 	-0.82701773	 	20
2	 	0.67616359	 	0.19052124	 	20
3	 	0.72797502	 	0.07117198	 	20
4	 	0.74997207	 	0.02933050	 	20
5	 	0.75990499	 	0.01307126	 	20
6	 	0.76452734	 	0.00604602	 	20
7	 	0.76671204	 	0.00284945	 	20
8	 	0.76775445	 	0.00135774	 	20
9	 	0.76825529	 	0.00065192	 	20
10	 	0.76849736	 	0.00031498	 	20
11	 	0.76861499	 	0.00015305	 	20
12	 	0.76867247	 	0.00007477	 	20
13	 	0.76870071	 	0.00003674	 	20
14	 	0.76871466	 	0.00001815	 	20
15	 	0.76872160	 	0.00000903	 	20
16	 	0.76872507	 	0.00000452	 	20
17	 	0.76872682	 	0.00000227	 	20
18	 	0.76872765	 	0.00000108	 	18
19	 	0.76872802	 	0.00000048	 	13
34x34-Bare-3x3samepinxs  refinement = 1 S-16 keff= 0.76872802
flux distribution is saved in the flux_34x34-Bare-3x3samepinxs.m and .py file script
--- End of calculation ---


%********************************************************
%*                 .-~*~~~*~-.                          *
%*                .-~~~~~~~~~-.                         *
%*               /  X       X  \                        *
%*              |    .-----.    |                       *
%*               \  '_______'  /                        *
%*                `-.........-'                         *
%* *          ____   ___  ____ ____                     *
%*           |  _ \ / _ \_   _| __ )                    *
%*           | | | | | | || | |  _ \                    *
%*           | |_| | |_| || | | |_) |                   *
%*           |____/ \___/ |_| |____/                    *
%********************************************************
%*      Discrete Ordinate with Two Braincells           *
%********************************************************
    
34x34-Bare-3x3samepinxs	2 group
XS file: mini3x3-largepins-2g.xs
S-16	 quad set, 	 mesh refinement: 1

iteration 	 keff 	 	 error 	 	 iteration 
1	 	0.54734006	 	-0.82701773	 	20
2	 	0.67616359	 	0.19052124	 	20
3	 	0.72797502	 	0.07117198	 	20
4	 	0.74997207	 	0.02933050	 	20
5	 	0.75990499	 	0.01307126	 	20

%********************************************************
%*                 .-~*~~~*~-.                          *
%*                .-~~~~~~~~~-.                         *
%*               /  X       X  \                        *
%*              |    .-----.    |                       *
%*               \  '_______'  /                        *
%*                `-.........-'                         *
%* *          ____   ___  ____ ____                     *
%*           |  _ \ / _ \_   _| __ )                    *
%*           | | | | | | || | |  _ \                    *
%*           | |_| | |_| || | | |_) |                   *
%*           |____/ \___/ |_| |____/                    *
%********************************************************
%*      Discrete Ordinate with Two Braincells           *
%********************************************************
    
34x34-Bare-3x3samepinxs	2 group
XS file: mini3x3-largepins-2g.xs
S-16	 quad set, 	 mesh refinement: 1

iteration 	 keff 	 	 error 	 	 iteration 
1	 	0.54734006	 	-0.82701773	 	20
2	 	0.67616359	 	0.19052124	 	20
3	 	0.72797502	 	0.07117198	 	20
4	 	0.74997207	 	0.02933050	 	20
5	 	0.75990499	 	0.01307126	 	20
6	 	0.76452734	 	0.00604602	 	20
7	 	0.76671204	 	0.00284945	 	20
8	 	0.76775445	 	0.00135774	 	20
9	 	0.76825529	 	0.00065192	 	20
10	 	0.76849736	 	0.00031498	 	20
11	 	0.76861499	 	0.00015305	 	20
12	 	0.76867247	 	0.00007477	 	20
13	 	0.76870071	 	0.00003674	 	20
14	 	0.76871466	 	0.00001815	 	20
15	 	0.76872160	 	0.00000903	 	20
16	 	0.76872507	 	0.00000452	 	20
17	 	0.76872682	 	0.00000227	 	20
18	 	0.76872765	 	0.00000108	 	18
19	 	0.76872802	 	0.00000048	 	13
34x34-Bare-3x3samepinxs  refinement = 1 S-16 keff= 0.76872802
flux distribution is saved in the flux_34x34-Bare-3x3samepinxs.m and .py file script
--- End of calculation ---


%********************************************************
%*                 .-~*~~~*~-.                          *
%*                .-~~~~~~~~~-.                         *
%*               /  X       X  \                        *
%*              |    .-----.    |                       *
%*               \  '_______'  /                        *
%*                `-.........-'                         *
%* *          ____   ___  ____ ____                     *
%*           |  _ \ / _ \_   _| __ )                    *
%*           | | | | | | || | |  _ \                    *
%*           | |_| | |_| || | | |_) |                   *
%*           |____/ \___/ |_| |____/                    *
%********************************************************
%*      Discrete Ordinate with Two Braincells           *
%********************************************************
    
34x34-Bare-3x3samepinxs	2 group
XS file: mini3x3-largepins-2g.xs
S-16	 quad set, 	 mesh refinement: 4

iteration 	 keff 	 	 error 	 	 iteration 
1	 	0.54661250	 	-0.82944957	 	20
2	 	0.67558476	 	0.19090464	 	20
3	 	0.72749158	 	0.07135040	 	20
4	 	0.74939442	 	0.02922740	 	20
5	 	0.75928321	 	0.01302385	 	20
6	 	0.76390700	 	0.00605282	 	20
7	 	0.76610781	 	0.00287270	 	20
8	 	0.76716586	 	0.00137918	 	20
9	 	0.76767788	 	0.00066697	 	20
10	 	0.76792690	 	0.00032428	 	20
11	 	0.76804855	 	0.00015838	 	20
12	 	0.76810822	 	0.00007768	 	20
13	 	0.76813761	 	0.00003826	 	20
14	 	0.76815215	 	0.00001893	 	20
15	 	0.76815937	 	0.00000941	 	20
16	 	0.76816298	 	0.00000470	 	20
17	 	0.76816479	 	0.00000236	 	20
18	 	0.76816562	 	0.00000108	 	17
19	 	0.76816602	 	0.00000052	 	13
34x34-Bare-3x3samepinxs  refinement = 4 S-16 keff= 0.76816602
flux distribution is saved in the flux_34x34-Bare-3x3samepinxs.m and .py file script
--- End of calculation ---




%********************************************************
%*                 .-~*~~~*~-.                          *
%*                .-~~~~~~~~~-.                         *
%*               /  X       X  \                        *
%*              |    .-----.    |                       *
%*               \  '_______'  /                        *
%*                `-.........-'                         *
%* *          ____   ___  ____ ____                     *
%*           |  _ \ / _ \_   _| __ )                    *
%*           | | | | | | || | |  _ \                    *
%*           | |_| | |_| || | | |_) |                   *
%*           |____/ \___/ |_| |____/                    *
%********************************************************
%*      Discrete Ordinate with Two Braincells           *
%********************************************************
    
34x34-Bare-3x3samepinxs	2 group
XS file: mini3x3-largepins-2g.xs
Calculation Start Time Tue Nov  4 15:04:13 2025
S-16	 quad set, 	 mesh refinement: 1

outer 	 	 keff 	 	 	error 	 	 	inner 
1	 	0.54300501	 	-0.84160364	 	20
2	 	0.67076999	 	0.19047510	 	20
3	 	0.72176090	 	0.07064792	 	20
4	 	0.74323791	 	0.02889654	 	20
5	 	0.75295296	 	0.01290260	 	20
6	 	0.75750938	 	0.00601500	 	20
7	 	0.75968531	 	0.00286425	 	20
8	 	0.76073492	 	0.00137973	 	20
9	 	0.76124455	 	0.00066947	 	20
10	 	0.76149324	 	0.00032658	 	20
11	 	0.76161512	 	0.00016003	 	20
12	 	0.76167510	 	0.00007875	 	20
13	 	0.76170475	 	0.00003892	 	20
14	 	0.76171946	 	0.00001931	 	20
15	 	0.76172555	 	0.00000800	 	15
16	 	0.76172860	 	0.00000401	 	11
17	 	0.76173007	 	0.00000193	 	7
18	 	0.76173094	 	0.00000114	 	5
19	 	0.76173139	 	0.00000059	 	3
34x34-Bare-3x3samepinxs  refinement = 1 S-16 keff= 0.76173139
time for calculation: 125.20589340 s
--- End of calculation ---


%********************************************************
%*                 .-~*~~~*~-.                          *
%*                .-~~~~~~~~~-.                         *
%*               /  X       X  \                        *
%*              |    .-----.    |                       *
%*               \  '_______'  /                        *
%*                `-.........-'                         *
%* *          ____   ___  ____ ____                     *
%*           |  _ \ / _ \_   _| __ )                    *
%*           | | | | | | || | |  _ \                    *
%*           | |_| | |_| || | | |_) |                   *
%*           |____/ \___/ |_| |____/                    *
%********************************************************
%*      Discrete Ordinate with Two Braincells           *
%********************************************************
    
34x34-Bare-3x3samepinxs	2 group
XS file: mini3x3-largepins-2g.xs
Calculation Start Time Wed Nov  5 13:56:09 2025
S-2	 quad set, 	 mesh refinement: 1

outer 	 	 keff 	 	 	error 	 	 	inner 
1	 	0.53102286	 	-0.88315811	 	20
2	 	0.66430148	 	0.20062973	 	20
3	 	0.71766881	 	0.07436206	 	20
4	 	0.73965717	 	0.02972778	 	20
5	 	0.74928402	 	0.01284807	 	20
6	 	0.75362852	 	0.00576477	 	20
7	 	0.75561773	 	0.00263257	 	20
8	 	0.75653577	 	0.00121347	 	20
9	 	0.75696172	 	0.00056272	 	20
10	 	0.75716023	 	0.00026218	 	20
11	 	0.75725313	 	0.00012268	 	20
12	 	0.75729678	 	0.00005764	 	20
13	 	0.75731739	 	0.00002720	 	20
14	 	0.75732626	 	0.00001172	 	17
15	 	0.75733007	 	0.00000503	 	12
16	 	0.75733191	 	0.00000243	 	8
17	 	0.75733283	 	0.00000121	 	5
18	 	0.75733330	 	0.00000063	 	3
34x34-Bare-3x3samepinxs  refinement = 1 S-2 keff= 0.75733330
time for calculation: 5.07030170 s
--- End of calculation ---


%********************************************************
%*                 .-~*~~~*~-.                          *
%*                .-~~~~~~~~~-.                         *
%*               /  X       X  \                        *
%*              |    .-----.    |                       *
%*               \  '_______'  /                        *
%*                `-.........-'                         *
%* *          ____   ___  ____ ____                     *
%*           |  _ \ / _ \_   _| __ )                    *
%*           | | | | | | || | |  _ \                    *
%*           | |_| | |_| || | | |_) |                   *
%*           |____/ \___/ |_| |____/                    *
%********************************************************
%*      Discrete Ordinate with Two Braincells           *
%********************************************************
    
34x34-Bare-3x3samepinxs	2 group
XS file: mini3x3-largepins-2g.xs
Calculation Start Time Wed Nov  5 14:32:31 2025
S-4	 quad set, 	 mesh refinement: 1

outer 	 	 keff 	 	 	error 	 	 	inner 
1	 	0.54549988	 	-0.83318096	 	20
2	 	0.67371381	 	0.19030918	 	20
3	 	0.72442279	 	0.06999915	 	20
4	 	0.74577146	 	0.02862630	 	20
5	 	0.75548100	 	0.01285213	 	20
6	 	0.76007185	 	0.00604003	 	20
7	 	0.76228485	 	0.00290312	 	20
8	 	0.76336314	 	0.00141254	 	20
9	 	0.76389220	 	0.00069258	 	20
10	 	0.76415315	 	0.00034150	 	20
11	 	0.76428245	 	0.00016917	 	20
12	 	0.76434678	 	0.00008417	 	20
13	 	0.76437892	 	0.00004205	 	20
14	 	0.76439505	 	0.00002110	 	20
15	 	0.76440212	 	0.00000925	 	16
16	 	0.76440560	 	0.00000455	 	12
17	 	0.76440731	 	0.00000223	 	8
18	 	0.76440818	 	0.00000114	 	5
19	 	0.76440863	 	0.00000060	 	3
34x34-Bare-3x3samepinxs  refinement = 1 S-4 keff= 0.76440863
time for calculation: 12.22015340 s
--- End of calculation ---


%********************************************************
%*                 .-~*~~~*~-.                          *
%*                .-~~~~~~~~~-.                         *
%*               /  X       X  \                        *
%*              |    .-----.    |                       *
%*               \  '_______'  /                        *
%*                `-.........-'                         *
%* *          ____   ___  ____ ____                     *
%*           |  _ \ / _ \_   _| __ )                    *
%*           | | | | | | || | |  _ \                    *
%*           | |_| | |_| || | | |_) |                   *
%*           |____/ \___/ |_| |____/                    *
%********************************************************
%*      Discrete Ordinate with Two Braincells           *
%********************************************************
    
34x34-Bare-3x3samepinxs	2 group
XS file: mini3x3-largepins-2g.xs
Calculation Start Time Wed Nov  5 14:55:42 2025
S-6	 quad set, 	 mesh refinement: 1

outer 	 	 keff 	 	 	error 	 	 	inner 
1	 	0.54430988	 	-0.83718876	 	20
2	 	0.67228050	 	0.19035301	 	20
3	 	0.72313999	 	0.07033147	 	20
4	 	0.74455982	 	0.02876845	 	20
5	 	0.75426987	 	0.01287343	 	20
6	 	0.75883774	 	0.00601956	 	20
7	 	0.76102662	 	0.00287622	 	20
8	 	0.76208634	 	0.00139056	 	20
9	 	0.76260284	 	0.00067728	 	20
10	 	0.76285586	 	0.00033168	 	20
11	 	0.76298035	 	0.00016317	 	20
12	 	0.76304187	 	0.00008061	 	20
13	 	0.76307238	 	0.00003999	 	20
14	 	0.76308759	 	0.00001993	 	20
15	 	0.76309421	 	0.00000867	 	16
16	 	0.76309723	 	0.00000396	 	11
17	 	0.76309871	 	0.00000194	 	7
18	 	0.76309959	 	0.00000115	 	5
19	 	0.76310005	 	0.00000060	 	3
34x34-Bare-3x3samepinxs  refinement = 1 S-6 keff= 0.76310005
time for calculation: 22.19490780 s
--- End of calculation ---


%********************************************************
%*                 .-~*~~~*~-.                          *
%*                .-~~~~~~~~~-.                         *
%*               /  X       X  \                        *
%*              |    .-----.    |                       *
%*               \  '_______'  /                        *
%*                `-.........-'                         *
%* *          ____   ___  ____ ____                     *
%*           |  _ \ / _ \_   _| __ )                    *
%*           | | | | | | || | |  _ \                    *
%*           | |_| | |_| || | | |_) |                   *
%*           |____/ \___/ |_| |____/                    *
%********************************************************
%*      Discrete Ordinate with Two Braincells           *
%********************************************************
    
34x34-Bare-3x3samepinxs	2 group
XS file: mini3x3-largepins-2g.xs
Calculation Start Time Wed Nov  5 15:12:15 2025
S-8	 quad set, 	 mesh refinement: 1

outer 	 	 keff 	 	 	error 	 	 	inner 
1	 	0.54383609	 	-0.83878933	 	20
2	 	0.67172458	 	0.19038828	 	20
3	 	0.72264866	 	0.07046866	 	20
4	 	0.74409775	 	0.02882563	 	20
5	 	0.75381005	 	0.01288428	 	20
6	 	0.75837134	 	0.00601459	 	20
7	 	0.76055287	 	0.00286835	 	20
8	 	0.76160686	 	0.00138391	 	20
9	 	0.76211947	 	0.00067261	 	20
10	 	0.76237004	 	0.00032867	 	20
11	 	0.76249305	 	0.00016134	 	20
12	 	0.76255370	 	0.00007953	 	20
13	 	0.76258372	 	0.00003937	 	20
14	 	0.76259865	 	0.00001957	 	20
15	 	0.76260513	 	0.00000850	 	16
16	 	0.76260809	 	0.00000388	 	11
17	 	0.76260954	 	0.00000190	 	7
18	 	0.76261039	 	0.00000113	 	5
19	 	0.76261084	 	0.00000059	 	3
34x34-Bare-3x3samepinxs  refinement = 1 S-8 keff= 0.76261084
time for calculation: 35.97422620 s
--- End of calculation ---


%********************************************************
%*                 .-~*~~~*~-.                          *
%*                .-~~~~~~~~~-.                         *
%*               /  X       X  \                        *
%*              |    .-----.    |                       *
%*               \  '_______'  /                        *
%*                `-.........-'                         *
%* *          ____   ___  ____ ____                     *
%*           |  _ \ / _ \_   _| __ )                    *
%*           | | | | | | || | |  _ \                    *
%*           | |_| | |_| || | | |_) |                   *
%*           |____/ \___/ |_| |____/                    *
%********************************************************
%*      Discrete Ordinate with Two Braincells           *
%********************************************************
    
34x34-Bare-3x3samepinxs	2 group
XS file: mini3x3-largepins-2g.xs
Calculation Start Time Wed Nov  5 15:24:47 2025
S-12	 quad set, 	 mesh refinement: 1

outer 	 	 keff 	 	 	error 	 	 	inner 
1	 	0.54328533	 	-0.84065342	 	20
2	 	0.67109007	 	0.19044350	 	20
3	 	0.72206301	 	0.07059348	 	20
4	 	0.74353311	 	0.02887577	 	20
5	 	0.75324771	 	0.01289696	 	20
6	 	0.75780548	 	0.00601442	 	20
7	 	0.75998285	 	0.00286503	 	20
8	 	0.76103356	 	0.00138064	 	20
9	 	0.76154394	 	0.00067018	 	20
10	 	0.76179309	 	0.00032707	 	20
11	 	0.76191526	 	0.00016034	 	20
12	 	0.76197540	 	0.00007894	 	20
13	 	0.76200514	 	0.00003902	 	20
14	 	0.76201990	 	0.00001937	 	20
15	 	0.76202602	 	0.00000803	 	15
16	 	0.76202909	 	0.00000402	 	11
17	 	0.76203056	 	0.00000194	 	7
18	 	0.76203143	 	0.00000114	 	5
19	 	0.76203189	 	0.00000059	 	3
34x34-Bare-3x3samepinxs  refinement = 1 S-12 keff= 0.76203189
time for calculation: 73.86172200 s
--- End of calculation ---


%********************************************************
%*                 .-~*~~~*~-.                          *
%*                .-~~~~~~~~~-.                         *
%*               /  X       X  \                        *
%*              |    .-----.    |                       *
%*               \  '_______'  /                        *
%*                `-.........-'                         *
%* *          ____   ___  ____ ____                     *
%*           |  _ \ / _ \_   _| __ )                    *
%*           | | | | | | || | |  _ \                    *
%*           | |_| | |_| || | | |_) |                   *
%*           |____/ \___/ |_| |____/                    *
%********************************************************
%*      Discrete Ordinate with Two Braincells           *
%********************************************************
    
34x34-Bare-3x3samepinxs	2 group
XS file: mini3x3-largepins-2g.xs
Calculation Start Time Wed Nov  5 15:39:47 2025
S-16	 quad set, 	 mesh refinement: 1

outer 	 	 keff 	 	 	error 	 	 	inner 
1	 	0.54300501	 	-0.84160364	 	20
2	 	0.67076999	 	0.19047510	 	20
3	 	0.72176090	 	0.07064792	 	20
4	 	0.74323791	 	0.02889654	 	20
5	 	0.75295296	 	0.01290260	 	20
6	 	0.75750938	 	0.00601500	 	20
7	 	0.75968531	 	0.00286425	 	20
8	 	0.76073492	 	0.00137973	 	20
9	 	0.76124455	 	0.00066947	 	20
10	 	0.76149324	 	0.00032658	 	20
11	 	0.76161512	 	0.00016003	 	20
12	 	0.76167510	 	0.00007875	 	20
13	 	0.76170475	 	0.00003892	 	20
14	 	0.76171946	 	0.00001931	 	20
15	 	0.76172555	 	0.00000800	 	15
16	 	0.76172860	 	0.00000401	 	11
17	 	0.76173007	 	0.00000193	 	7
18	 	0.76173094	 	0.00000114	 	5
19	 	0.76173139	 	0.00000059	 	3
34x34-Bare-3x3samepinxs  refinement = 1 S-16 keff= 0.76173139
time for calculation: 125.51612900 s
--- End of calculation ---

