iteration 	 keff 	 	 error	
1	 	0.901897	 	-0.0981029
2	 	0.938554	 	0.0366571
3	 	0.955678	 	0.0171237
4	 	0.965692	 	0.0100143
5	 	0.972349	 	0.00665737
6	 	0.977175	 	0.00482591
7	 	0.980902	 	0.00372708
8	 	0.98392	 	0.00301777
9	 	0.98645	 	0.00253025
10	 	0.988626	 	0.0021757
11	 	0.990531	 	0.00190446
12	 	0.992218	 	0.0016877
13	 	0.993726	 	0.00150813
14	 	0.995082	 	0.00135505
15	 	0.996303	 	0.00122175
16	 	0.997407	 	0.00110387
17	 	0.998406	 	0.000998492
18	 	0.999309	 	0.000903625
19	 	1.00013	 	0.000817792
20	 	1.00087	 	0.000739933
21	 	1.00154	 	0.000669204
22	 	1.00214	 	0.000604915
23	 	1.00269	 	0.000546479
24	 	1.00318	 	0.000493387
25	 	1.00363	 	0.000445182
26	 	1.00403	 	0.000401447
27	 	1.00439	 	0.000361804
28	 	1.00472	 	0.00032592
29	 	1.00501	 	0.000293412
30	 	1.00527	 	0.000264043
31	 	1.00551	 	0.000237513
32	 	1.00572	 	0.000213566
33	 	1.00592	 	0.000191965
34	 	1.00609	 	0.000172494
35	 	1.00624	 	0.000154952
36	 	1.00638	 	0.000139159
37	 	1.00651	 	0.000124945
38	 	1.00662	 	0.00011216
39	 	1.00672	 	0.000100663
40	 	1.00681	 	9.03306e-05
41	 	1.00689	 	8.10464e-05
42	 	1.00696	 	7.2707e-05
43	 	1.00703	 	6.51929e-05
44	 	1.00709	 	5.84988e-05
45	 	1.00714	 	5.24642e-05
46	 	1.00719	 	4.70491e-05
47	 	1.00723	 	4.21594e-05
48	 	1.00727	 	3.78034e-05
49	 	1.0073	 	3.38966e-05
50	 	1.00733	 	3.04296e-05
51	 	1.00736	 	2.72476e-05
52	 	1.00738	 	2.44309e-05
53	 	1.00741	 	2.19069e-05
54	 	1.00743	 	1.96449e-05
55	 	1.00744	 	1.76182e-05
56	 	1.00746	 	1.58027e-05
57	 	1.00747	 	1.41116e-05
58	 	1.00749	 	1.27224e-05
59	 	1.0075	 	1.13439e-05
60	 	1.00751	 	1.01733e-05
61	 	1.00752	 	9.12569e-06
62	 	1.00752	 	8.18717e-06
63	 	1.00753	 	7.44391e-06
64	 	1.00754	 	6.48544e-06
65	 	1.00754	 	6.02823e-06
66	 	1.00755	 	5.19265e-06
67	 	1.00755	 	4.77183e-06
68	 	1.00756	 	4.28829e-06
69	 	1.00756	 	3.7175e-06
70	 	1.00757	 	3.46567e-06
71	 	1.00757	 	2.9726e-06
72	 	1.00757	 	2.66005e-06
73	 	1.00757	 	2.24509e-06
74	 	1.00758	 	2.14523e-06
75	 	1.00758	 	1.79437e-06
76	 	1.00758	 	1.6096e-06
77	 	1.00758	 	1.44831e-06
78	 	1.00758	 	1.41633e-06
79	 	1.00758	 	1.16047e-06
80	 	1.00758	 	1.03879e-06
81	 	1.00758	 	9.34918e-07
IAEA-Pool  delx = 2 keff= 1.00758 with error: 9.34918e-07

flux distribution is saved in the flux___IAEA-Pool.m and .py file script
iteration 	 keff 	 	 error	
1	 	0.9019	 	-0.0981004
2	 	0.938575	 	0.0366756
3	 	0.95573	 	0.0171545
4	 	0.965781	 	0.0100511
5	 	0.972476	 	0.006695
6	 	0.977336	 	0.00486062
7	 	0.981093	 	0.00375691
8	 	0.984136	 	0.00304227
9	 	0.986685	 	0.00254972
10	 	0.988876	 	0.00219078
11	 	0.990792	 	0.00191599
12	 	0.992489	 	0.00169641
13	 	0.994003	 	0.00151464
14	 	0.995363	 	0.00135994
15	 	0.996589	 	0.00122545
16	 	0.997695	 	0.00110667
17	 	0.998696	 	0.00100066
18	 	0.999601	 	0.000905349
19	 	1.00042	 	0.000819205
20	 	1.00116	 	0.000741131
21	 	1.00183	 	0.000670254
22	 	1.00244	 	0.000605863
23	 	1.00299	 	0.000547358
24	 	1.00348	 	0.000494215
25	 	1.00393	 	0.000445972
26	 	1.00433	 	0.000402207
27	 	1.00469	 	0.000362537
28	 	1.00502	 	0.000326628
29	 	1.00531	 	0.000294095
30	 	1.00558	 	0.000264701
31	 	1.00581	 	0.000238146
32	 	1.00603	 	0.000214172
33	 	1.00622	 	0.000192544
34	 	1.00639	 	0.000173045
35	 	1.00655	 	0.000155476
36	 	1.00669	 	0.000139654
37	 	1.00681	 	0.000125413
38	 	1.00693	 	0.0001126
39	 	1.00703	 	0.000101078
40	 	1.00712	 	9.0719e-05
41	 	1.0072	 	8.13866e-05
42	 	1.00727	 	7.305e-05
43	 	1.00734	 	6.55378e-05
44	 	1.0074	 	5.87922e-05
45	 	1.00745	 	5.27093e-05
46	 	1.0075	 	4.73054e-05
47	 	1.00754	 	4.2398e-05
48	 	1.00758	 	3.8056e-05
49	 	1.00761	 	3.40966e-05
50	 	1.00764	 	3.05771e-05
51	 	1.00767	 	2.74212e-05
52	 	1.00769	 	2.45913e-05
53	 	1.00772	 	2.20541e-05
54	 	1.00774	 	1.97798e-05
55	 	1.00775	 	1.77417e-05
56	 	1.00777	 	1.59157e-05
57	 	1.00778	 	1.42176e-05
58	 	1.0078	 	1.28165e-05
59	 	1.00781	 	1.14327e-05
60	 	1.00782	 	1.03321e-05
61	 	1.00783	 	9.19607e-06
62	 	1.00784	 	8.25031e-06
63	 	1.00784	 	7.40427e-06
64	 	1.00785	 	6.64633e-06
65	 	1.00786	 	5.96721e-06
66	 	1.00786	 	5.35866e-06
67	 	1.00787	 	4.69265e-06
68	 	1.00787	 	4.32815e-06
69	 	1.00787	 	3.76188e-06
70	 	1.00788	 	3.50112e-06
71	 	1.00788	 	3.01094e-06
72	 	1.00788	 	2.69564e-06
73	 	1.00789	 	2.41519e-06
74	 	1.00789	 	2.03148e-06
75	 	1.00789	 	1.94847e-06
76	 	1.00789	 	1.62345e-06
77	 	1.00789	 	1.45607e-06
78	 	1.00789	 	1.42358e-06
79	 	1.0079	 	1.16625e-06
80	 	1.0079	 	1.04399e-06
81	 	1.0079	 	9.39652e-07
IAEA-Pool  delx = 1 keff= 1.0079 with error: 9.39652e-07

flux distribution is saved in the flux___IAEA-Pool.m and .py file script
iteration 	 keff 	 	 error	
iteration 	 keff 	 	 error	
1	 	0.901901	 	-0.0980992
2	 	0.938583	 	0.0366825
3	 	0.955748	 	0.0171649
4	 	0.965812	 	0.0100634
5	 	0.972519	 	0.00670746
6	 	0.977391	 	0.00487202
7	 	0.981158	 	0.00376673
8	 	0.984208	 	0.00305033
9	 	0.986764	 	0.00255614
10	 	0.98896	 	0.00219578
11	 	0.99088	 	0.00191982
12	 	0.992579	 	0.00169933
13	 	0.994096	 	0.00151683
14	 	0.995458	 	0.0013616
15	 	0.996684	 	0.00122669
16	 	0.997792	 	0.00110765
17	 	0.998793	 	0.00100141
18	 	0.999699	 	0.000905944
19	 	1.00052	 	0.000819692
20	 	1.00126	 	0.000741544
21	 	1.00193	 	0.000670615
22	 	1.00254	 	0.000606188
23	 	1.00308	 	0.000547657
24	 	1.00358	 	0.000494496
25	 	1.00403	 	0.000446238
26	 	1.00443	 	0.000402462
27	 	1.00479	 	0.000362782
28	 	1.00512	 	0.000326846
29	 	1.00541	 	0.000294326
30	 	1.00568	 	0.000264941
31	 	1.00592	 	0.000238354
32	 	1.00613	 	0.000214372
33	 	1.00632	 	0.000192735
34	 	1.0065	 	0.000173227
35	 	1.00665	 	0.000155648
36	 	1.00679	 	0.000139817
37	 	1.00692	 	0.000125567
38	 	1.00703	 	0.000112745
39	 	1.00713	 	0.000101214
40	 	1.00722	 	9.08244e-05
41	 	1.0073	 	8.15331e-05
42	 	1.00738	 	7.3161e-05
43	 	1.00744	 	6.56411e-05
44	 	1.0075	 	5.88626e-05
45	 	1.00755	 	5.28298e-05
46	 	1.0076	 	4.73884e-05
47	 	1.00764	 	4.24745e-05
48	 	1.00768	 	3.80948e-05
49	 	1.00772	 	3.41997e-05
50	 	1.00775	 	3.06379e-05
51	 	1.00777	 	2.74767e-05
52	 	1.0078	 	2.46426e-05
53	 	1.00782	 	2.21015e-05
54	 	1.00784	 	1.98236e-05
55	 	1.00786	 	1.7782e-05
56	 	1.00787	 	1.58958e-05
57	 	1.00789	 	1.43154e-05
58	 	1.0079	 	1.28484e-05
59	 	1.00791	 	1.14606e-05
60	 	1.00792	 	1.02801e-05
61	 	1.00793	 	9.30593e-06
62	 	1.00794	 	8.27274e-06
63	 	1.00795	 	7.42333e-06
64	 	1.00795	 	6.6637e-06
65	 	1.00796	 	5.98316e-06
66	 	1.00797	 	5.25986e-06
67	 	1.00797	 	4.83046e-06
68	 	1.00798	 	4.34189e-06
69	 	1.00798	 	3.77189e-06
70	 	1.00798	 	3.51042e-06
71	 	1.00799	 	3.01898e-06
72	 	1.00799	 	2.70296e-06
73	 	1.00799	 	2.42187e-06
74	 	1.00799	 	2.03712e-06
75	 	1.00799	 	1.95404e-06
76	 	1.008	 	1.6281e-06
77	 	1.008	 	1.4603e-06
78	 	1.008	 	1.42784e-06
79	 	1.008	 	1.16974e-06
80	 	1.008	 	1.04715e-06
81	 	1.008	 	9.42532e-07
IAEA-Pool  delx = 0.25 keff= 1.008 with error: 9.42532e-07

flux distribution is saved in the flux___IAEA-Pool.m and .py file script
iteration 	 keff 	 	 error	
1	 	0.851306	 	-0.148694
2	 	0.857965	 	0.00665932
3	 	0.864418	 	0.00645263
4	 	0.870574	 	0.0061559
5	 	0.876361	 	0.00578762
6	 	0.881729	 	0.00536735
7	 	0.886643	 	0.0049145
8	 	0.891091	 	0.00444781
9	 	0.895074	 	0.00398302
10	 	0.898607	 	0.00353321
11	 	0.901715	 	0.00310812
12	 	0.904429	 	0.00271391
13	 	0.906784	 	0.00235444
14	 	0.908815	 	0.00203132
15	 	0.910559	 	0.00174381
16	 	0.91205	 	0.00149106
17	 	0.91332	 	0.0012703
18	 	0.914399	 	0.00107895
19	 	0.915313	 	0.000914068
20	 	0.916086	 	0.000772698
21	 	0.916738	 	0.000651989
22	 	0.917287	 	0.000549282
23	 	0.91775	 	0.00046231
24	 	0.918138	 	0.000388375
25	 	0.918464	 	0.000326101
26	 	0.918738	 	0.000273769
27	 	0.918967	 	0.000229364
28	 	0.91916	 	0.000192377
29	 	0.919321	 	0.000160948
30	 	0.919455	 	0.000134932
31	 	0.919568	 	0.000112739
32	 	0.919663	 	9.45095e-05
33	 	0.919742	 	7.88522e-05
34	 	0.919808	 	6.59298e-05
35	 	0.919862	 	5.4927e-05
36	 	0.919909	 	4.60966e-05
37	 	0.919947	 	3.85127e-05
38	 	0.919979	 	3.19838e-05
39	 	0.920006	 	2.67128e-05
40	 	0.920028	 	2.24685e-05
41	 	0.920047	 	1.85787e-05
42	 	0.920062	 	1.54887e-05
43	 	0.920075	 	1.27733e-05
44	 	0.920086	 	1.0666e-05
45	 	0.920095	 	8.91455e-06
46	 	0.920102	 	7.44817e-06
47	 	0.920108	 	6.11706e-06
48	 	0.920113	 	5.21975e-06
49	 	0.920118	 	4.27646e-06
50	 	0.920121	 	3.57814e-06
51	 	0.920124	 	3.00065e-06
52	 	0.920127	 	2.44431e-06
53	 	0.920129	 	2.0634e-06
54	 	0.920131	 	1.75083e-06
55	 	0.920132	 	1.48446e-06
56	 	0.920133	 	1.25295e-06
57	 	0.920134	 	1.00933e-06
58	 	0.920135	 	9.01744e-07
IAEA-Pool  delx = 18 keff= 0.920135 with error: 9.01744e-07

flux distribution is saved in the flux___IAEA-Pool.m and .py file script
iteration 	 keff 	 	 error	
1	 	0.851306	 	-0.148694
2	 	0.857965	 	0.00665932
3	 	0.864418	 	0.00645263
4	 	0.870574	 	0.0061559
5	 	0.876361	 	0.00578762
6	 	0.881729	 	0.00536735
7	 	0.886643	 	0.0049145
8	 	0.891091	 	0.00444781
9	 	0.895074	 	0.00398302
10	 	0.898607	 	0.00353321
11	 	0.901715	 	0.00310812
12	 	0.904429	 	0.00271391
13	 	0.906784	 	0.00235444
14	 	0.908815	 	0.00203132
15	 	0.910559	 	0.00174381
16	 	0.91205	 	0.00149106
17	 	0.91332	 	0.0012703
18	 	0.914399	 	0.00107895
19	 	0.915313	 	0.000914068
20	 	0.916086	 	0.000772698
21	 	0.916738	 	0.000651989
22	 	0.917287	 	0.000549282
23	 	0.91775	 	0.00046231
24	 	0.918138	 	0.000388375
25	 	0.918464	 	0.000326101
26	 	0.918738	 	0.000273769
27	 	0.918967	 	0.000229364
28	 	0.91916	 	0.000192377
29	 	0.919321	 	0.000160948
30	 	0.919455	 	0.000134932
31	 	0.919568	 	0.000112739
32	 	0.919663	 	9.45095e-05
33	 	0.919742	 	7.88522e-05
34	 	0.919808	 	6.59298e-05
35	 	0.919862	 	5.4927e-05
36	 	0.919909	 	4.60966e-05
37	 	0.919947	 	3.85127e-05
38	 	0.919979	 	3.19838e-05
39	 	0.920006	 	2.67128e-05
40	 	0.920028	 	2.24685e-05
41	 	0.920047	 	1.85787e-05
42	 	0.920062	 	1.54887e-05
43	 	0.920075	 	1.27733e-05
44	 	0.920086	 	1.0666e-05
45	 	0.920095	 	8.91455e-06
46	 	0.920102	 	7.44817e-06
47	 	0.920108	 	6.11706e-06
48	 	0.920113	 	5.21975e-06
49	 	0.920118	 	4.27646e-06
50	 	0.920121	 	3.57814e-06
51	 	0.920124	 	3.00065e-06
52	 	0.920127	 	2.44431e-06
53	 	0.920129	 	2.0634e-06
54	 	0.920131	 	1.75083e-06
55	 	0.920132	 	1.48446e-06
56	 	0.920133	 	1.25295e-06
57	 	0.920134	 	1.00933e-06
58	 	0.920135	 	9.01744e-07
IAEA-Pool  delx = 18 keff= 0.920135 with error: 9.01744e-07

flux distribution is saved in the flux___IAEA-Pool.m and .py file script
iteration 	 keff 	 	 error	
1	 	0.851306	 	-0.148694
2	 	0.857965	 	0.00665932
3	 	0.864418	 	0.00645263
4	 	0.870574	 	0.0061559
5	 	0.876361	 	0.00578762
6	 	0.881729	 	0.00536735
7	 	0.886643	 	0.0049145
8	 	0.891091	 	0.00444781
9	 	0.895074	 	0.00398302
10	 	0.898607	 	0.00353321
11	 	0.901715	 	0.00310812
12	 	0.904429	 	0.00271391
13	 	0.906784	 	0.00235444
14	 	0.908815	 	0.00203132
15	 	0.910559	 	0.00174381
16	 	0.91205	 	0.00149106
17	 	0.91332	 	0.0012703
18	 	0.914399	 	0.00107895
19	 	0.915313	 	0.000914068
20	 	0.916086	 	0.000772698
21	 	0.916738	 	0.000651989
22	 	0.917287	 	0.000549282
23	 	0.91775	 	0.00046231
24	 	0.918138	 	0.000388375
25	 	0.918464	 	0.000326101
26	 	0.918738	 	0.000273769
27	 	0.918967	 	0.000229364
28	 	0.91916	 	0.000192377
29	 	0.919321	 	0.000160948
30	 	0.919455	 	0.000134932
31	 	0.919568	 	0.000112739
32	 	0.919663	 	9.45095e-05
33	 	0.919742	 	7.88522e-05
34	 	0.919808	 	6.59298e-05
35	 	0.919862	 	5.4927e-05
36	 	0.919909	 	4.60966e-05
37	 	0.919947	 	3.85127e-05
38	 	0.919979	 	3.19838e-05
39	 	0.920006	 	2.67128e-05
40	 	0.920028	 	2.24685e-05
41	 	0.920047	 	1.85787e-05
42	 	0.920062	 	1.54887e-05
43	 	0.920075	 	1.27733e-05
44	 	0.920086	 	1.0666e-05
45	 	0.920095	 	8.91455e-06
46	 	0.920102	 	7.44817e-06
47	 	0.920108	 	6.11706e-06
48	 	0.920113	 	5.21975e-06
49	 	0.920118	 	4.27646e-06
50	 	0.920121	 	3.57814e-06
51	 	0.920124	 	3.00065e-06
52	 	0.920127	 	2.44431e-06
53	 	0.920129	 	2.0634e-06
54	 	0.920131	 	1.75083e-06
55	 	0.920132	 	1.48446e-06
56	 	0.920133	 	1.25295e-06
57	 	0.920134	 	1.00933e-06
58	 	0.920135	 	9.01744e-07
IAEA-Pool  delx = 18 keff= 0.920135 with error: 9.01744e-07

flux distribution is saved in the flux___IAEA-Pool.m and .py file script
iteration 	 keff 	 	 error	
1	 	0.851306	 	-0.148694
2	 	0.857965	 	0.00665932
3	 	0.864418	 	0.00645263
4	 	0.870574	 	0.0061559
5	 	0.876361	 	0.00578762
6	 	0.881729	 	0.00536735
7	 	0.886643	 	0.0049145
8	 	0.891091	 	0.00444781
9	 	0.895074	 	0.00398302
10	 	0.898607	 	0.00353321
11	 	0.901715	 	0.00310812
12	 	0.904429	 	0.00271391
13	 	0.906784	 	0.00235444
14	 	0.908815	 	0.00203132
15	 	0.910559	 	0.00174381
16	 	0.91205	 	0.00149106
17	 	0.91332	 	0.0012703
18	 	0.914399	 	0.00107895
19	 	0.915313	 	0.000914068
20	 	0.916086	 	0.000772698
21	 	0.916738	 	0.000651989
22	 	0.917287	 	0.000549282
23	 	0.91775	 	0.00046231
24	 	0.918138	 	0.000388375
25	 	0.918464	 	0.000326101
26	 	0.918738	 	0.000273769
27	 	0.918967	 	0.000229364
28	 	0.91916	 	0.000192377
29	 	0.919321	 	0.000160948
30	 	0.919455	 	0.000134932
31	 	0.919568	 	0.000112739
32	 	0.919663	 	9.45095e-05
33	 	0.919742	 	7.88522e-05
34	 	0.919808	 	6.59298e-05
35	 	0.919862	 	5.4927e-05
36	 	0.919909	 	4.60966e-05
37	 	0.919947	 	3.85127e-05
38	 	0.919979	 	3.19838e-05
39	 	0.920006	 	2.67128e-05
40	 	0.920028	 	2.24685e-05
41	 	0.920047	 	1.85787e-05
42	 	0.920062	 	1.54887e-05
43	 	0.920075	 	1.27733e-05
44	 	0.920086	 	1.0666e-05
45	 	0.920095	 	8.91455e-06
46	 	0.920102	 	7.44817e-06
47	 	0.920108	 	6.11706e-06
48	 	0.920113	 	5.21975e-06
49	 	0.920118	 	4.27646e-06
50	 	0.920121	 	3.57814e-06
51	 	0.920124	 	3.00065e-06
52	 	0.920127	 	2.44431e-06
53	 	0.920129	 	2.0634e-06
54	 	0.920131	 	1.75083e-06
55	 	0.920132	 	1.48446e-06
56	 	0.920133	 	1.25295e-06
57	 	0.920134	 	1.00933e-06
58	 	0.920135	 	9.01744e-07
IAEA-Pool  delx = 18 keff= 0.920135 with error: 9.01744e-07

flux distribution is saved in the flux___IAEA-Pool.m and .py file script
iteration 	 keff 	 	 error	
1	 	0.851306	 	-0.148694
2	 	0.857965	 	0.00665932
3	 	0.864418	 	0.00645263
4	 	0.870574	 	0.0061559
5	 	0.876361	 	0.00578762
6	 	0.881729	 	0.00536735
7	 	0.886643	 	0.0049145
8	 	0.891091	 	0.00444781
9	 	0.895074	 	0.00398302
10	 	0.898607	 	0.00353321
11	 	0.901715	 	0.00310812
12	 	0.904429	 	0.00271391
13	 	0.906784	 	0.00235444
14	 	0.908815	 	0.00203132
15	 	0.910559	 	0.00174381
16	 	0.91205	 	0.00149106
17	 	0.91332	 	0.0012703
18	 	0.914399	 	0.00107895
19	 	0.915313	 	0.000914068
20	 	0.916086	 	0.000772698
21	 	0.916738	 	0.000651989
22	 	0.917287	 	0.000549282
23	 	0.91775	 	0.00046231
24	 	0.918138	 	0.000388375
25	 	0.918464	 	0.000326101
26	 	0.918738	 	0.000273769
27	 	0.918967	 	0.000229364
28	 	0.91916	 	0.000192377
29	 	0.919321	 	0.000160948
30	 	0.919455	 	0.000134932
31	 	0.919568	 	0.000112739
32	 	0.919663	 	9.45095e-05
33	 	0.919742	 	7.88522e-05
34	 	0.919808	 	6.59298e-05
35	 	0.919862	 	5.4927e-05
36	 	0.919909	 	4.60966e-05
37	 	0.919947	 	3.85127e-05
38	 	0.919979	 	3.19838e-05
39	 	0.920006	 	2.67128e-05
40	 	0.920028	 	2.24685e-05
41	 	0.920047	 	1.85787e-05
42	 	0.920062	 	1.54887e-05
43	 	0.920075	 	1.27733e-05
44	 	0.920086	 	1.0666e-05
45	 	0.920095	 	8.91455e-06
46	 	0.920102	 	7.44817e-06
47	 	0.920108	 	6.11706e-06
48	 	0.920113	 	5.21975e-06
49	 	0.920118	 	4.27646e-06
50	 	0.920121	 	3.57814e-06
51	 	0.920124	 	3.00065e-06
52	 	0.920127	 	2.44431e-06
53	 	0.920129	 	2.0634e-06
54	 	0.920131	 	1.75083e-06
55	 	0.920132	 	1.48446e-06
56	 	0.920133	 	1.25295e-06
57	 	0.920134	 	1.00933e-06
58	 	0.920135	 	9.01744e-07
IAEA-Pool  delx = 18 keff= 0.920135 with error: 9.01744e-07

flux distribution is saved in the flux___IAEA-Pool.m and .py file script
iteration 	 keff 	 	 error	
1	 	0.851306	 	-0.148694
2	 	0.857965	 	0.00665932
3	 	0.864418	 	0.00645263
4	 	0.870574	 	0.0061559
5	 	0.876361	 	0.00578762
6	 	0.881729	 	0.00536735
7	 	0.886643	 	0.0049145
8	 	0.891091	 	0.00444781
9	 	0.895074	 	0.00398302
10	 	0.898607	 	0.00353321
11	 	0.901715	 	0.00310812
12	 	0.904429	 	0.00271391
13	 	0.906784	 	0.00235444
14	 	0.908815	 	0.00203132
15	 	0.910559	 	0.00174381
16	 	0.91205	 	0.00149106
17	 	0.91332	 	0.0012703
18	 	0.914399	 	0.00107895
19	 	0.915313	 	0.000914068
20	 	0.916086	 	0.000772698
21	 	0.916738	 	0.000651989
22	 	0.917287	 	0.000549282
23	 	0.91775	 	0.00046231
24	 	0.918138	 	0.000388375
25	 	0.918464	 	0.000326101
26	 	0.918738	 	0.000273769
27	 	0.918967	 	0.000229364
28	 	0.91916	 	0.000192377
29	 	0.919321	 	0.000160948
30	 	0.919455	 	0.000134932
31	 	0.919568	 	0.000112739
32	 	0.919663	 	9.45095e-05
33	 	0.919742	 	7.88522e-05
34	 	0.919808	 	6.59298e-05
35	 	0.919862	 	5.4927e-05
36	 	0.919909	 	4.60966e-05
37	 	0.919947	 	3.85127e-05
38	 	0.919979	 	3.19838e-05
39	 	0.920006	 	2.67128e-05
40	 	0.920028	 	2.24685e-05
41	 	0.920047	 	1.85787e-05
42	 	0.920062	 	1.54887e-05
43	 	0.920075	 	1.27733e-05
44	 	0.920086	 	1.0666e-05
45	 	0.920095	 	8.91455e-06
46	 	0.920102	 	7.44817e-06
47	 	0.920108	 	6.11706e-06
48	 	0.920113	 	5.21975e-06
49	 	0.920118	 	4.27646e-06
50	 	0.920121	 	3.57814e-06
51	 	0.920124	 	3.00065e-06
52	 	0.920127	 	2.44431e-06
53	 	0.920129	 	2.0634e-06
54	 	0.920131	 	1.75083e-06
55	 	0.920132	 	1.48446e-06
56	 	0.920133	 	1.25295e-06
57	 	0.920134	 	1.00933e-06
58	 	0.920135	 	9.01744e-07
IAEA-Pool  delx = 18 keff= 0.920135 with error: 9.01744e-07

flux distribution is saved in the flux___IAEA-Pool.m and .py file script
iteration 	 keff 	 	 error	
1	 	0.851306	 	-0.148694
2	 	0.857965	 	0.00665932
3	 	0.864418	 	0.00645263
4	 	0.870574	 	0.0061559
5	 	0.876361	 	0.00578762
6	 	0.881729	 	0.00536735
7	 	0.886643	 	0.0049145
8	 	0.891091	 	0.00444781
9	 	0.895074	 	0.00398302
10	 	0.898607	 	0.00353321
11	 	0.901715	 	0.00310812
12	 	0.904429	 	0.00271391
13	 	0.906784	 	0.00235444
14	 	0.908815	 	0.00203132
15	 	0.910559	 	0.00174381
16	 	0.91205	 	0.00149106
17	 	0.91332	 	0.0012703
18	 	0.914399	 	0.00107895
19	 	0.915313	 	0.000914068
20	 	0.916086	 	0.000772698
21	 	0.916738	 	0.000651989
22	 	0.917287	 	0.000549282
23	 	0.91775	 	0.00046231
24	 	0.918138	 	0.000388375
25	 	0.918464	 	0.000326101
26	 	0.918738	 	0.000273769
27	 	0.918967	 	0.000229364
28	 	0.91916	 	0.000192377
29	 	0.919321	 	0.000160948
30	 	0.919455	 	0.000134932
31	 	0.919568	 	0.000112739
32	 	0.919663	 	9.45095e-05
33	 	0.919742	 	7.88522e-05
34	 	0.919808	 	6.59298e-05
35	 	0.919862	 	5.4927e-05
36	 	0.919909	 	4.60966e-05
37	 	0.919947	 	3.85127e-05
38	 	0.919979	 	3.19838e-05
39	 	0.920006	 	2.67128e-05
40	 	0.920028	 	2.24685e-05
41	 	0.920047	 	1.85787e-05
42	 	0.920062	 	1.54887e-05
43	 	0.920075	 	1.27733e-05
44	 	0.920086	 	1.0666e-05
45	 	0.920095	 	8.91455e-06
46	 	0.920102	 	7.44817e-06
47	 	0.920108	 	6.11706e-06
48	 	0.920113	 	5.21975e-06
49	 	0.920118	 	4.27646e-06
50	 	0.920121	 	3.57814e-06
51	 	0.920124	 	3.00065e-06
52	 	0.920127	 	2.44431e-06
53	 	0.920129	 	2.0634e-06
54	 	0.920131	 	1.75083e-06
55	 	0.920132	 	1.48446e-06
56	 	0.920133	 	1.25295e-06
57	 	0.920134	 	1.00933e-06
58	 	0.920135	 	9.01744e-07
IAEA-Pool  delx = 18 keff= 0.920135 with error: 9.01744e-07

flux distribution is saved in the flux___IAEA-Pool.m and .py file script
iteration 	 keff 	 	 error	
1	 	0.851306	 	-0.148694
2	 	0.857965	 	0.00665932
3	 	0.864418	 	0.00645263
4	 	0.870574	 	0.0061559
5	 	0.876361	 	0.00578762
6	 	0.881729	 	0.00536735
7	 	0.886643	 	0.0049145
8	 	0.891091	 	0.00444781
9	 	0.895074	 	0.00398302
10	 	0.898607	 	0.00353321
11	 	0.901715	 	0.00310812
12	 	0.904429	 	0.00271391
13	 	0.906784	 	0.00235444
14	 	0.908815	 	0.00203132
15	 	0.910559	 	0.00174381
16	 	0.91205	 	0.00149106
17	 	0.91332	 	0.0012703
18	 	0.914399	 	0.00107895
19	 	0.915313	 	0.000914068
20	 	0.916086	 	0.000772698
21	 	0.916738	 	0.000651989
22	 	0.917287	 	0.000549282
23	 	0.91775	 	0.00046231
24	 	0.918138	 	0.000388375
25	 	0.918464	 	0.000326101
26	 	0.918738	 	0.000273769
27	 	0.918967	 	0.000229364
28	 	0.91916	 	0.000192377
29	 	0.919321	 	0.000160948
30	 	0.919455	 	0.000134932
31	 	0.919568	 	0.000112739
32	 	0.919663	 	9.45095e-05
33	 	0.919742	 	7.88522e-05
34	 	0.919808	 	6.59298e-05
35	 	0.919862	 	5.4927e-05
36	 	0.919909	 	4.60966e-05
37	 	0.919947	 	3.85127e-05
38	 	0.919979	 	3.19838e-05
39	 	0.920006	 	2.67128e-05
40	 	0.920028	 	2.24685e-05
41	 	0.920047	 	1.85787e-05
42	 	0.920062	 	1.54887e-05
43	 	0.920075	 	1.27733e-05
44	 	0.920086	 	1.0666e-05
45	 	0.920095	 	8.91455e-06
46	 	0.920102	 	7.44817e-06
47	 	0.920108	 	6.11706e-06
48	 	0.920113	 	5.21975e-06
49	 	0.920118	 	4.27646e-06
50	 	0.920121	 	3.57814e-06
51	 	0.920124	 	3.00065e-06
52	 	0.920127	 	2.44431e-06
53	 	0.920129	 	2.0634e-06
54	 	0.920131	 	1.75083e-06
55	 	0.920132	 	1.48446e-06
56	 	0.920133	 	1.25295e-06
57	 	0.920134	 	1.00933e-06
58	 	0.920135	 	9.01744e-07
IAEA-Pool  delx = 18 keff= 0.920135 with error: 9.01744e-07

flux distribution is saved in the flux___IAEA-Pool.m and .py file script
iteration 	 keff 	 	 error	
1	 	0.851306	 	-0.148694
2	 	0.857965	 	0.00665932
3	 	0.864418	 	0.00645263
4	 	0.870574	 	0.0061559
5	 	0.876361	 	0.00578762
6	 	0.881729	 	0.00536735
7	 	0.886643	 	0.0049145
8	 	0.891091	 	0.00444781
9	 	0.895074	 	0.00398302
10	 	0.898607	 	0.00353321
11	 	0.901715	 	0.00310812
12	 	0.904429	 	0.00271391
13	 	0.906784	 	0.00235444
14	 	0.908815	 	0.00203132
15	 	0.910559	 	0.00174381
16	 	0.91205	 	0.00149106
17	 	0.91332	 	0.0012703
18	 	0.914399	 	0.00107895
19	 	0.915313	 	0.000914068
20	 	0.916086	 	0.000772698
21	 	0.916738	 	0.000651989
22	 	0.917287	 	0.000549282
23	 	0.91775	 	0.00046231
24	 	0.918138	 	0.000388375
25	 	0.918464	 	0.000326101
26	 	0.918738	 	0.000273769
27	 	0.918967	 	0.000229364
28	 	0.91916	 	0.000192377
29	 	0.919321	 	0.000160948
30	 	0.919455	 	0.000134932
31	 	0.919568	 	0.000112739
32	 	0.919663	 	9.45095e-05
33	 	0.919742	 	7.88522e-05
34	 	0.919808	 	6.59298e-05
35	 	0.919862	 	5.4927e-05
36	 	0.919909	 	4.60966e-05
37	 	0.919947	 	3.85127e-05
38	 	0.919979	 	3.19838e-05
39	 	0.920006	 	2.67128e-05
40	 	0.920028	 	2.24685e-05
41	 	0.920047	 	1.85787e-05
42	 	0.920062	 	1.54887e-05
43	 	0.920075	 	1.27733e-05
44	 	0.920086	 	1.0666e-05
45	 	0.920095	 	8.91455e-06
46	 	0.920102	 	7.44817e-06
47	 	0.920108	 	6.11706e-06
48	 	0.920113	 	5.21975e-06
49	 	0.920118	 	4.27646e-06
50	 	0.920121	 	3.57814e-06
51	 	0.920124	 	3.00065e-06
52	 	0.920127	 	2.44431e-06
53	 	0.920129	 	2.0634e-06
54	 	0.920131	 	1.75083e-06
55	 	0.920132	 	1.48446e-06
56	 	0.920133	 	1.25295e-06
57	 	0.920134	 	1.00933e-06
58	 	0.920135	 	9.01744e-07
IAEA-Pool  delx = 18 keff= 0.920135 with error: 9.01744e-07

flux distribution is saved in the flux___IAEA-Pool.m and .py file script
iteration 	 keff 	 	 error	
1	 	0.933194	 	-0.0668059
2	 	0.94267	 	0.00947614
3	 	0.949338	 	0.00666768
4	 	0.954319	 	0.00498101
5	 	0.958258	 	0.00393871
6	 	0.96152	 	0.00326239
7	 	0.964316	 	0.00279596
8	 	0.966768	 	0.00245197
9	 	0.96895	 	0.00218174
10	 	0.970908	 	0.00195796
11	 	0.972673	 	0.00176526
12	 	0.974268	 	0.00159481
13	 	0.975709	 	0.00144155
14	 	0.977012	 	0.00130239
15	 	0.978187	 	0.00117546
16	 	0.979247	 	0.00105957
17	 	0.9802	 	0.000953729
18	 	0.981058	 	0.000857166
19	 	0.981827	 	0.000769294
20	 	0.982516	 	0.000689489
21	 	0.983134	 	0.000617196
22	 	0.983685	 	0.000551788
23	 	0.984178	 	0.000492819
24	 	0.984618	 	0.000439699
25	 	0.98501	 	0.000391954
26	 	0.985359	 	0.000349089
27	 	0.98567	 	0.00031073
28	 	0.985946	 	0.000276388
29	 	0.986192	 	0.000245698
30	 	0.98641	 	0.000218303
31	 	0.986604	 	0.000193872
32	 	0.986776	 	0.000172105
33	 	0.986929	 	0.000152725
34	 	0.987064	 	0.000135484
35	 	0.987184	 	0.000120155
36	 	0.987291	 	0.000106533
37	 	0.987385	 	9.44337e-05
38	 	0.987469	 	8.36925e-05
39	 	0.987543	 	7.41606e-05
40	 	0.987609	 	6.56745e-05
41	 	0.987667	 	5.82075e-05
42	 	0.987719	 	5.15297e-05
43	 	0.987764	 	4.56379e-05
44	 	0.987805	 	4.04196e-05
45	 	0.98784	 	3.57977e-05
46	 	0.987872	 	3.17047e-05
47	 	0.9879	 	2.80366e-05
48	 	0.987925	 	2.48724e-05
49	 	0.987947	 	2.20386e-05
50	 	0.987967	 	1.94709e-05
51	 	0.987984	 	1.73082e-05
52	 	0.987999	 	1.52791e-05
53	 	0.988013	 	1.35371e-05
54	 	0.988025	 	1.20002e-05
55	 	0.988035	 	1.06429e-05
56	 	0.988045	 	9.44385e-06
57	 	0.988053	 	8.38484e-06
58	 	0.98806	 	7.31799e-06
59	 	0.988067	 	6.61981e-06
60	 	0.988073	 	5.73872e-06
61	 	0.988078	 	4.9282e-06
62	 	0.988082	 	4.35736e-06
63	 	0.988086	 	3.85747e-06
64	 	0.988089	 	3.27112e-06
65	 	0.988092	 	3.04139e-06
66	 	0.988095	 	2.69881e-06
67	 	0.988097	 	2.39096e-06
68	 	0.988099	 	2.1164e-06
69	 	0.988101	 	1.74065e-06
70	 	0.988103	 	1.66813e-06
71	 	0.988104	 	1.35856e-06
72	 	0.988106	 	1.31767e-06
73	 	0.988107	 	1.05874e-06
74	 	0.988108	 	1.03755e-06
75	 	0.988108	 	8.22081e-07
IAEA-Pool  delx = 9 keff= 0.988108 with error: 8.22081e-07

flux distribution is saved in the flux___IAEA-Pool.m and .py file script
iteration 	 keff 	 	 error	
1	 	0.933194	 	-0.0668059
2	 	0.94267	 	0.00947614
3	 	0.949338	 	0.00666768
4	 	0.954319	 	0.00498101
5	 	0.958258	 	0.00393871
6	 	0.96152	 	0.00326239
7	 	0.964316	 	0.00279596
8	 	0.966768	 	0.00245197
9	 	0.96895	 	0.00218174
10	 	0.970908	 	0.00195796
11	 	0.972673	 	0.00176526
12	 	0.974268	 	0.00159481
13	 	0.975709	 	0.00144155
14	 	0.977012	 	0.00130239
15	 	0.978187	 	0.00117546
16	 	0.979247	 	0.00105957
17	 	0.9802	 	0.000953729
18	 	0.981058	 	0.000857166
19	 	0.981827	 	0.000769294
20	 	0.982516	 	0.000689489
21	 	0.983134	 	0.000617196
22	 	0.983685	 	0.000551788
23	 	0.984178	 	0.000492819
24	 	0.984618	 	0.000439699
25	 	0.98501	 	0.000391954
26	 	0.985359	 	0.000349089
27	 	0.98567	 	0.00031073
28	 	0.985946	 	0.000276388
29	 	0.986192	 	0.000245698
30	 	0.98641	 	0.000218303
31	 	0.986604	 	0.000193872
32	 	0.986776	 	0.000172105
33	 	0.986929	 	0.000152725
34	 	0.987064	 	0.000135484
35	 	0.987184	 	0.000120155
36	 	0.987291	 	0.000106533
37	 	0.987385	 	9.44337e-05
38	 	0.987469	 	8.36925e-05
39	 	0.987543	 	7.41606e-05
40	 	0.987609	 	6.56745e-05
41	 	0.987667	 	5.82075e-05
42	 	0.987719	 	5.15297e-05
43	 	0.987764	 	4.56379e-05
44	 	0.987805	 	4.04196e-05
45	 	0.98784	 	3.57977e-05
46	 	0.987872	 	3.17047e-05
47	 	0.9879	 	2.80366e-05
48	 	0.987925	 	2.48724e-05
49	 	0.987947	 	2.20386e-05
50	 	0.987967	 	1.94709e-05
51	 	0.987984	 	1.73082e-05
52	 	0.987999	 	1.52791e-05
53	 	0.988013	 	1.35371e-05
54	 	0.988025	 	1.20002e-05
55	 	0.988035	 	1.06429e-05
56	 	0.988045	 	9.44385e-06
57	 	0.988053	 	8.38484e-06
58	 	0.98806	 	7.31799e-06
59	 	0.988067	 	6.61981e-06
60	 	0.988073	 	5.73872e-06
61	 	0.988078	 	4.9282e-06
62	 	0.988082	 	4.35736e-06
63	 	0.988086	 	3.85747e-06
64	 	0.988089	 	3.27112e-06
65	 	0.988092	 	3.04139e-06
66	 	0.988095	 	2.69881e-06
67	 	0.988097	 	2.39096e-06
68	 	0.988099	 	2.1164e-06
69	 	0.988101	 	1.74065e-06
70	 	0.988103	 	1.66813e-06
71	 	0.988104	 	1.35856e-06
72	 	0.988106	 	1.31767e-06
73	 	0.988107	 	1.05874e-06
74	 	0.988108	 	1.03755e-06
75	 	0.988108	 	8.22081e-07
IAEA-Pool  delx = 9 keff= 0.988108 with error: 8.22081e-07

flux distribution is saved in the flux___IAEA-Pool.m and .py file script
iteration 	 keff 	 	 error	
1	 	0.902636	 	-0.0973639
2	 	0.938249	 	0.0356131
3	 	0.955317	 	0.017068
4	 	0.964692	 	0.00937445
5	 	0.970535	 	0.00584285
6	 	0.974625	 	0.00409012
7	 	0.977773	 	0.0031487
8	 	0.980368	 	0.00259457
9	 	0.982601	 	0.00223337
10	 	0.984574	 	0.00197299
11	 	0.986343	 	0.00176856
12	 	0.987941	 	0.00159765
13	 	0.989389	 	0.00144872
14	 	0.990705	 	0.00131563
15	 	0.9919	 	0.00119502
16	 	0.992985	 	0.00108496
17	 	0.993969	 	0.000984172
18	 	0.994861	 	0.000891824
19	 	0.995668	 	0.000807254
20	 	0.996398	 	0.000729884
21	 	0.997057	 	0.000659267
22	 	0.997652	 	0.000594868
23	 	0.998188	 	0.000536278
24	 	0.998671	 	0.000483005
25	 	0.999106	 	0.000434701
26	 	0.999497	 	0.000390945
27	 	0.999848	 	0.000351382
28	 	1.00016	 	0.000315597
29	 	1.00045	 	0.000283324
30	 	1.0007	 	0.000254247
31	 	1.00093	 	0.000228015
32	 	1.00113	 	0.00020445
33	 	1.00132	 	0.000183215
34	 	1.00148	 	0.000164154
35	 	1.00163	 	0.000147056
36	 	1.00176	 	0.000131662
37	 	1.00188	 	0.000117875
38	 	1.00198	 	0.00010551
39	 	1.00208	 	9.44252e-05
40	 	1.00216	 	8.44915e-05
41	 	1.00224	 	7.55925e-05
42	 	1.00231	 	6.76226e-05
43	 	1.00237	 	6.04869e-05
44	 	1.00242	 	5.4071e-05
45	 	1.00247	 	4.83865e-05
46	 	1.00251	 	4.32718e-05
47	 	1.00255	 	3.86963e-05
48	 	1.00259	 	3.45678e-05
49	 	1.00262	 	3.09483e-05
50	 	1.00264	 	2.76352e-05
51	 	1.00267	 	2.47564e-05
52	 	1.00269	 	2.20941e-05
53	 	1.00271	 	1.97579e-05
54	 	1.00273	 	1.77327e-05
55	 	1.00274	 	1.58061e-05
56	 	1.00276	 	1.41415e-05
57	 	1.00277	 	1.25746e-05
58	 	1.00278	 	1.13323e-05
59	 	1.00279	 	1.00544e-05
60	 	1.0028	 	8.99354e-06
IAEA-Pool  delx = 4.5 keff= 1.0028 with error: 8.99354e-06

flux distribution is saved in the flux___IAEA-Pool.m and .py file script
iteration 	 keff 	 	 error	
1	 	0.901942	 	-0.0980579
2	 	0.938497	 	0.0365547
3	 	0.955548	 	0.0170509
4	 	0.965466	 	0.00991791
5	 	0.972021	 	0.0065549
6	 	0.97675	 	0.00472931
7	 	0.980393	 	0.003643
8	 	0.983341	 	0.00294849
9	 	0.985817	 	0.00247533
10	 	0.98795	 	0.00213333
11	 	0.989822	 	0.00187241
12	 	0.991486	 	0.00166377
13	 	0.992977	 	0.00149041
14	 	0.994319	 	0.00134196
15	 	0.995531	 	0.00121205
16	 	0.996627	 	0.00109661
17	 	0.99762	 	0.000992962
18	 	0.998519	 	0.000899268
19	 	0.999334	 	0.000814248
20	 	1.00007	 	0.000736936
21	 	1.00074	 	0.000666568
22	 	1.00134	 	0.000602515
23	 	1.00188	 	0.000544235
24	 	1.00238	 	0.000491248
25	 	1.00282	 	0.000443118
26	 	1.00322	 	0.000399462
27	 	1.00358	 	0.00035985
28	 	1.0039	 	0.000324002
29	 	1.00419	 	0.000291571
30	 	1.00446	 	0.000262279
31	 	1.00469	 	0.000235788
32	 	1.0049	 	0.000211908
33	 	1.00509	 	0.000190378
34	 	1.00526	 	0.000170979
35	 	1.00542	 	0.000153512
36	 	1.00556	 	0.000137793
37	 	1.00568	 	0.000123654
38	 	1.00579	 	0.000110942
39	 	1.00589	 	9.95191e-05
40	 	1.00598	 	8.92571e-05
41	 	1.00606	 	8.00416e-05
42	 	1.00613	 	7.17684e-05
43	 	1.0062	 	6.43172e-05
44	 	1.00625	 	5.76842e-05
45	 	1.0063	 	5.17073e-05
46	 	1.00635	 	4.63165e-05
47	 	1.00639	 	4.1543e-05
48	 	1.00643	 	3.72001e-05
49	 	1.00646	 	3.33382e-05
50	 	1.00649	 	2.99151e-05
51	 	1.00652	 	2.67722e-05
52	 	1.00654	 	2.39928e-05
53	 	1.00657	 	2.15036e-05
54	 	1.00658	 	1.9274e-05
55	 	1.0066	 	1.72773e-05
56	 	1.00662	 	1.54288e-05
57	 	1.00663	 	1.38909e-05
58	 	1.00664	 	1.2389e-05
59	 	1.00665	 	1.11789e-05
60	 	1.00666	 	9.95055e-06
IAEA-Pool  delx = 2.25 keff= 1.00666 with error: 9.95055e-06

flux distribution is saved in the flux___IAEA-Pool.m and .py file script
iteration 	 keff 	 	 error	
1	 	0.901896	 	-0.0981037
2	 	0.93856	 	0.0366635
3	 	0.955696	 	0.017136
4	 	0.965724	 	0.0100285
5	 	0.972396	 	0.00667152
6	 	0.977234	 	0.00483865
7	 	0.980972	 	0.0037377
8	 	0.983998	 	0.00302624
9	 	0.986535	 	0.00253676
10	 	0.988716	 	0.00218054
11	 	0.990624	 	0.00190803
12	 	0.992314	 	0.0016903
13	 	0.993824	 	0.00150997
14	 	0.99518	 	0.00135638
15	 	0.996403	 	0.00122272
16	 	0.997508	 	0.0011046
17	 	0.998507	 	0.000999035
18	 	0.999411	 	0.000904057
19	 	1.00023	 	0.000818153
20	 	1.00097	 	0.000740249
21	 	1.00164	 	0.000669491
22	 	1.00224	 	0.000605184
23	 	1.00279	 	0.000546738
24	 	1.00328	 	0.000493638
25	 	1.00373	 	0.000445427
26	 	1.00413	 	0.000401687
27	 	1.00449	 	0.000362038
28	 	1.00482	 	0.000326147
29	 	1.00511	 	0.000293632
30	 	1.00538	 	0.000264256
31	 	1.00562	 	0.000237718
32	 	1.00583	 	0.000213762
33	 	1.00602	 	0.000192152
34	 	1.00619	 	0.000172672
35	 	1.00635	 	0.000155121
36	 	1.00649	 	0.000139318
37	 	1.00661	 	0.000125095
38	 	1.00673	 	0.000112301
39	 	1.00683	 	0.000100796
40	 	1.00692	 	9.04543e-05
41	 	1.007	 	8.11619e-05
42	 	1.00707	 	7.27905e-05
43	 	1.00714	 	6.5322e-05
44	 	1.00719	 	5.85914e-05
45	 	1.00725	 	5.25224e-05
46	 	1.00729	 	4.71317e-05
47	 	1.00734	 	4.22675e-05
48	 	1.00737	 	3.78708e-05
49	 	1.00741	 	3.39585e-05
50	 	1.00744	 	3.04501e-05
51	 	1.00747	 	2.73433e-05
52	 	1.00749	 	2.448e-05
53	 	1.00751	 	2.19514e-05
54	 	1.00753	 	1.96363e-05
55	 	1.00755	 	1.76578e-05
56	 	1.00757	 	1.58394e-05
57	 	1.00758	 	1.41475e-05
58	 	1.00759	 	1.27515e-05
59	 	1.0076	 	1.14463e-05
60	 	1.00761	 	1.01961e-05
61	 	1.00762	 	9.14531e-06
IAEA-Pool  delx = 1.125 keff= 1.00762 with error: 9.14531e-06

flux distribution is saved in the flux___IAEA-Pool.m and .py file script

**************************************************
*         .-~*~~~*~-.                           *
*        .-~~~~~~~~~-.                           *
*       /  X       X  \                          *
*      |    .-----.    |                         *
*       \  '_______'  /                          *
*        `-.........-'                           *
* *  ____   ___  ____ ____                       *
*   |  _ \ / _ \_   _| __ )                      *
*   | | | | | | || | |  _ \                      *
*   | |_| | |_| || | | |_) |                     *
*   |____/ \___/ |_| |____/                      *
* *
*   Discrete Ordinate with Two Braincells        *
**************************************************
    
IAEA-Pool	1 group
S-4	 quad set, 	 mesh refinement: 16

iteration 	 keff 	 	 error 	 iteration 
1	 	0.902604	 	-0.107905	 	535
2	 	0.93903	 	0.0387911	 	322
3	 	0.956014	 	0.0177651	 	312
4	 	0.965982	 	0.0103196	 	305
5	 	0.972631	 	0.00683535	 	302
6	 	0.977461	 	0.00494219	 	300
7	 	0.981198	 	0.0038082	 	298
8	 	0.984226	 	0.00307644	 	296
9	 	0.986765	 	0.00257346	 	293
10	 	0.988949	 	0.0022077	 	291
11	 	0.990859	 	0.00192818	 	288
12	 	0.992552	 	0.00170517	 	284
13	 	0.994064	 	0.0015208	 	281
14	 	0.995421	 	0.00136412	 	277
15	 	0.996645	 	0.00122807	 	273
16	 	0.997751	 	0.00110812	 	268
17	 	0.998751	 	0.00100115	 	264
18	 	0.999656	 	0.000905118	 	259
19	 	1.00047	 	0.000818425	 	254
20	 	1.00122	 	0.000739944	 	249
21	 	1.00189	 	0.000668776	 	244
22	 	1.00249	 	0.000604186	 	239
23	 	1.00304	 	0.000545557	 	234
24	 	1.00353	 	0.00049235	 	229
25	 	1.00398	 	0.000444088	 	224
26	 	1.00438	 	0.00040034	 	219
27	 	1.00474	 	0.000360715	 	214
28	 	1.00507	 	0.000324852	 	209
29	 	1.00536	 	0.000292437	 	203
30	 	1.00563	 	0.000263107	 	198
31	 	1.00587	 	0.000236644	 	193
32	 	1.00608	 	0.000212765	 	188
33	 	1.00627	 	0.000191233	 	183
34	 	1.00645	 	0.000171827	 	178
35	 	1.0066	 	0.000154349	 	173
36	 	1.00674	 	0.000138615	 	168
37	 	1.00687	 	0.000124457	 	163
38	 	1.00698	 	0.000111723	 	158
39	 	1.00708	 	0.000100274	 	153
40	 	1.00717	 	8.9984e-05	 	148
41	 	1.00725	 	8.07158e-05	 	144
42	 	1.00732	 	7.24383e-05	 	139
43	 	1.00739	 	6.49808e-05	 	134
44	 	1.00745	 	5.82857e-05	 	129
45	 	1.0075	 	5.22493e-05	 	125
46	 	1.00755	 	4.68876e-05	 	120
47	 	1.00759	 	4.20192e-05	 	116
48	 	1.00763	 	3.77123e-05	 	111
49	 	1.00766	 	3.37855e-05	 	107
50	 	1.00769	 	3.02954e-05	 	103
51	 	1.00772	 	2.71663e-05	 	99
52	 	1.00774	 	2.43606e-05	 	95
53	 	1.00777	 	2.18909e-05	 	90
54	 	1.00779	 	1.95398e-05	 	87
55	 	1.0078	 	1.75709e-05	 	83
56	 	1.00782	 	1.57623e-05	 	79
57	 	1.00783	 	1.40795e-05	 	76
58	 	1.00785	 	1.2691e-05	 	72
59	 	1.00786	 	1.132e-05	 	69
60	 	1.00787	 	1.02295e-05	 	65
61	 	1.00788	 	9.10423e-06	 	62
IAEA-Pool  refinement = 16 S-4 keff= 1.00788
flux distribution is saved in the flux_IAEA-Pool.m and .py file script
--- End of calculation ---


**************************************************
*         .-~*~~~*~-.                           *
*        .-~~~~~~~~~-.                           *
*       /  X       X  \                          *
*      |    .-----.    |                         *
*       \  '_______'  /                          *
*        `-.........-'                           *
* *  ____   ___  ____ ____                       *
*   |  _ \ / _ \_   _| __ )                      *
*   | | | | | | || | |  _ \                      *
*   | |_| | |_| || | | |_) |                     *
*   |____/ \___/ |_| |____/                      *
* *
*   Discrete Ordinate with Two Braincells        *
**************************************************
    
IAEA-Pool	1 group
S-4	 quad set, 	 mesh refinement: 16

iteration 	 keff 	 	 error 	 iteration 
1	 	0.902604	 	-0.107905	 	535
2	 	0.93903	 	0.0387911	 	322
3	 	0.956014	 	0.0177651	 	312
4	 	0.965982	 	0.0103196	 	305

%********************************************************
%*                 .-~*~~~*~-.                          *
%*                .-~~~~~~~~~-.                         *
%*               /  X       X  \                        *
%*              |    .-----.    |                       *
%*               \  '_______'  /                        *
%*                `-.........-'                         *
%* *          ____   ___  ____ ____                     *
%*           |  _ \ / _ \_   _| __ )                    *
%*           | | | | | | || | |  _ \                    *
%*           | |_| | |_| || | | |_) |                   *
%*           |____/ \___/ |_| |____/                    *
%********************************************************
%*      Discrete Ordinate with Two Braincells           *
%********************************************************
    
IAEA-Pool	1 group
XS file: iaea_pool.xs
S-4	 quad set, 	 mesh refinement: 16

iteration 	 keff 	 	 error 	 	 iteration 
1	 	0.90314767	 	-0.10723865	 	535
2	 	0.93954241	 	0.03873667	 	323
3	 	0.95653990	 	0.01776977	 	312
4	 	0.96655228	 	0.01035885	 	306
5	 	0.97325736	 	0.00688932	 	303
6	 	0.97814800	 	0.00499989	 	301
7	 	0.98194188	 	0.00386365	 	299
8	 	0.98502168	 	0.00312664	 	297
9	 	0.98760643	 	0.00261718	 	294
10	 	0.98982839	 	0.00224479	 	291
11	 	0.99177123	 	0.00195896	 	288
12	 	0.99349022	 	0.00173024	 	285
13	 	0.99502342	 	0.00154088	 	281
14	 	0.99639824	 	0.00137979	 	277
15	 	0.99763526	 	0.00123995	 	273
16	 	0.99875060	 	0.00111674	 	268
17	 	0.99975736	 	0.00100701	 	263
18	 	1.00066655	 	0.00090858	 	259
19	 	1.00148768	 	0.00081992	 	254
20	 	1.00222910	 	0.00073977	 	249
21	 	1.00289826	 	0.00066723	 	244
22	 	1.00350189	 	0.00060152	 	239
23	 	1.00404608	 	0.00054200	 	233
24	 	1.00453637	 	0.00048807	 	228
25	 	1.00497783	 	0.00043928	 	223
26	 	1.00537509	 	0.00039514	 	218
27	 	1.00573238	 	0.00035525	 	213
28	 	1.00605354	 	0.00031922	 	208
29	 	1.00634209	 	0.00028674	 	202
30	 	1.00660120	 	0.00025741	 	197
31	 	1.00683379	 	0.00023101	 	192
32	 	1.00704249	 	0.00020724	 	187
33	 	1.00722969	 	0.00018586	 	182
34	 	1.00739755	 	0.00016663	 	177
35	 	1.00754805	 	0.00014937	 	171
36	 	1.00768291	 	0.00013383	 	166
37	 	1.00780374	 	0.00011990	 	161
38	 	1.00791198	 	0.00010739	 	156
39	 	1.00800893	 	0.00009618	 	151
40	 	1.00809575	 	0.00008612	 	146
41	 	1.00817349	 	0.00007711	 	141
42	 	1.00824306	 	0.00006900	 	137
43	 	1.00830536	 	0.00006179	 	132
44	 	1.00836113	 	0.00005531	 	127
45	 	1.00841105	 	0.00004950	 	122
46	 	1.00845569	 	0.00004427	 	118
47	 	1.00849567	 	0.00003965	 	113
48	 	1.00853142	 	0.00003545	 	109
49	 	1.00856341	 	0.00003172	 	105
50	 	1.00859207	 	0.00002842	 	100
51	 	1.00861769	 	0.00002539	 	96
52	 	1.00864061	 	0.00002272	 	92
53	 	1.00866112	 	0.00002034	 	88
54	 	1.00867948	 	0.00001820	 	84
55	 	1.00869591	 	0.00001629	 	80
56	 	1.00871056	 	0.00001453	 	77
57	 	1.00872374	 	0.00001306	 	73
58	 	1.00873554	 	0.00001170	 	69
59	 	1.00874603	 	0.00001040	 	66
60	 	1.00875543	 	0.00000931	 	63
IAEA-Pool  refinement = 16 S-4 keff= 1.00875543
flux distribution is saved in the flux_IAEA-Pool.m and .py file script
--- End of calculation ---


%********************************************************
%*                 .-~*~~~*~-.                          *
%*                .-~~~~~~~~~-.                         *
%*               /  X       X  \                        *
%*              |    .-----.    |                       *
%*               \  '_______'  /                        *
%*                `-.........-'                         *
%* *          ____   ___  ____ ____                     *
%*           |  _ \ / _ \_   _| __ )                    *
%*           | | | | | | || | |  _ \                    *
%*           | |_| | |_| || | | |_) |                   *
%*           |____/ \___/ |_| |____/                    *
%********************************************************
%*      Discrete Ordinate with Two Braincells           *
%********************************************************
    
IAEA-Pool	1 group
XS file: iaea_pool.xs
S-4	 quad set, 	 mesh refinement: 1

iteration 	 keff 	 	 error 	 	 iteration 
1	 	0.85192465	 	-0.17381273	 	396
2	 	0.85894608	 	0.00817447	 	267
3	 	0.86573352	 	0.00784010	 	266
4	 	0.87218952	 	0.00740207	 	264
5	 	0.87823690	 	0.00688582	 	262
6	 	0.88382102	 	0.00631815	 	259
7	 	0.88890950	 	0.00572441	 	255
8	 	0.89349053	 	0.00512713	 	251
9	 	0.89757011	 	0.00454513	 	247
10	 	0.90116805	 	0.00399254	 	243
11	 	0.90431434	 	0.00347920	 	238
12	 	0.90704516	 	0.00301068	 	232
13	 	0.90939976	 	0.00258917	 	227
14	 	0.91141888	 	0.00221536	 	221
15	 	0.91314173	 	0.00188674	 	216
16	 	0.91460605	 	0.00160104	 	210
17	 	0.91584617	 	0.00135406	 	204
18	 	0.91689345	 	0.00114221	 	197
19	 	0.91777540	 	0.00096097	 	191
20	 	0.91851669	 	0.00080705	 	185
21	 	0.91913881	 	0.00067685	 	178
22	 	0.91965984	 	0.00056655	 	172
23	 	0.92009597	 	0.00047401	 	165
24	 	0.92046035	 	0.00039586	 	159
25	 	0.92076482	 	0.00033067	 	152
26	 	0.92101874	 	0.00027569	 	146
27	 	0.92123068	 	0.00023006	 	139
28	 	0.92140735	 	0.00019174	 	132
29	 	0.92155436	 	0.00015953	 	126
30	 	0.92167699	 	0.00013305	 	119
31	 	0.92177890	 	0.00011056	 	113
32	 	0.92186372	 	0.00009201	 	107
33	 	0.92193431	 	0.00007656	 	101
34	 	0.92199303	 	0.00006369	 	95
35	 	0.92204186	 	0.00005296	 	89
36	 	0.92208246	 	0.00004403	 	83
37	 	0.92211603	 	0.00003641	 	78
38	 	0.92214410	 	0.00003044	 	72
39	 	0.92216725	 	0.00002511	 	67
40	 	0.92218663	 	0.00002101	 	61
41	 	0.92220255	 	0.00001727	 	56
42	 	0.92221562	 	0.00001417	 	52
43	 	0.92222661	 	0.00001192	 	47
44	 	0.92223573	 	0.00000989	 	42
IAEA-Pool  refinement = 1 S-4 keff= 0.92223573
flux distribution is saved in the flux_IAEA-Pool.m and .py file script
--- End of calculation ---


%********************************************************
%*                 .-~*~~~*~-.                          *
%*                .-~~~~~~~~~-.                         *
%*               /  X       X  \                        *
%*              |    .-----.    |                       *
%*               \  '_______'  /                        *
%*                `-.........-'                         *
%* *          ____   ___  ____ ____                     *
%*           |  _ \ / _ \_   _| __ )                    *
%*           | | | | | | || | |  _ \                    *
%*           | |_| | |_| || | | |_) |                   *
%*           |____/ \___/ |_| |____/                    *
%********************************************************
%*      Discrete Ordinate with Two Braincells           *
%********************************************************
    
IAEA-Pool	1 group
XS file: iaea_pool.xs
S-4	 quad set, 	 mesh refinement: 4

iteration 	 keff 	 	 error 	 	 iteration 
1	 	0.90415019	 	-0.10601094	 	525
2	 	0.93919775	 	0.03731649	 	315
3	 	0.95612420	 	0.01770318	 	306
4	 	0.96553689	 	0.00974867	 	298
5	 	0.97146697	 	0.00610425	 	297
6	 	0.97564345	 	0.00428075	 	298
7	 	0.97886443	 	0.00329052	 	298
8	 	0.98151706	 	0.00270258	 	296
9	 	0.98379721	 	0.00231771	 	295
10	 	0.98580859	 	0.00204033	 	292
11	 	0.98760905	 	0.00182305	 	289
12	 	0.98923332	 	0.00164195	 	285
13	 	0.99070407	 	0.00148455	 	281
14	 	0.99203767	 	0.00134429	 	277
15	 	0.99324698	 	0.00121753	 	273
16	 	0.99434291	 	0.00110217	 	268
17	 	0.99533509	 	0.00099683	 	263
18	 	0.99623232	 	0.00090062	 	258
19	 	0.99704270	 	0.00081279	 	253
20	 	0.99777378	 	0.00073272	 	248
21	 	0.99843260	 	0.00065985	 	243
22	 	0.99902566	 	0.00059364	 	238
23	 	0.99955902	 	0.00053360	 	233
24	 	1.00003829	 	0.00047925	 	227
25	 	1.00046856	 	0.00043007	 	222
26	 	1.00085459	 	0.00038570	 	217
27	 	1.00120071	 	0.00034571	 	211
28	 	1.00151084	 	0.00030966	 	206
29	 	1.00178860	 	0.00027726	 	200
30	 	1.00203721	 	0.00024811	 	195
31	 	1.00225968	 	0.00022197	 	189
32	 	1.00245865	 	0.00019848	 	184
33	 	1.00263657	 	0.00017745	 	178
34	 	1.00279558	 	0.00015857	 	173
35	 	1.00293770	 	0.00014170	 	167
36	 	1.00306465	 	0.00012656	 	162
37	 	1.00317804	 	0.00011303	 	157
38	 	1.00327931	 	0.00010093	 	152
39	 	1.00336972	 	0.00009011	 	147
40	 	1.00345045	 	0.00008045	 	142
41	 	1.00352250	 	0.00007180	 	137
42	 	1.00358682	 	0.00006409	 	132
43	 	1.00364422	 	0.00005719	 	127
44	 	1.00369545	 	0.00005104	 	122
45	 	1.00374116	 	0.00004554	 	117
46	 	1.00378192	 	0.00004060	 	113
47	 	1.00381832	 	0.00003626	 	108
48	 	1.00385080	 	0.00003236	 	103
49	 	1.00387974	 	0.00002883	 	99
50	 	1.00390561	 	0.00002577	 	94
51	 	1.00392865	 	0.00002295	 	90
52	 	1.00394926	 	0.00002053	 	85
53	 	1.00396760	 	0.00001827	 	81
54	 	1.00398404	 	0.00001637	 	76
55	 	1.00399865	 	0.00001456	 	72
56	 	1.00401170	 	0.00001300	 	68
57	 	1.00402327	 	0.00001152	 	65
58	 	1.00403360	 	0.00001028	 	62
59	 	1.00404281	 	0.00000918	 	59
IAEA-Pool  refinement = 4 S-4 keff= 1.00404281
flux distribution is saved in the flux_IAEA-Pool.m and .py file script
--- End of calculation ---

