
**************************************************
*         .-~*~~~*~-.                           *
*        .-~~~~~~~~~-.                           *
*       /  X       X  \                          *
*      |    .-----.    |                         *
*       \  '_______'  /                          *
*        `-.........-'                           *
* *  ____   ___  ____ ____                       *
*   |  _ \ / _ \_   _| __ )                      *
*   | | | | | | || | |  _ \                      *
*   | |_| | |_| || | | |_) |                     *
*   |____/ \___/ |_| |____/                      *
* *
*   Discrete Ordinate with Two Braincells        *
**************************************************
    
34x34-Bare-3x3samepinxs	2 group
XS file: mini3x3-largepins-2g.xs
S-2	 quad set, 	 mesh refinement: 1

iteration 	 keff 	 	 error 	 	 iteration 
1	 	0.53358361	 	-0.87412053	 	20
2	 	0.66794285	 	0.20115380	 	20
3	 	0.72225893	 	0.07520306	 	20
4	 	0.74477550	 	0.03023269	 	20
5	 	0.75459189	 	0.01300887	 	20
6	 	0.75897666	 	0.00577722	 	20
7	 	0.76095910	 	0.00260519	 	20
8	 	0.76186214	 	0.00118530	 	20
9	 	0.76227591	 	0.00054281	 	20
10	 	0.76246653	 	0.00025000	 	20
11	 	0.76255482	 	0.00011578	 	20
12	 	0.76259594	 	0.00005392	 	20
13	 	0.76261520	 	0.00002526	 	20
14	 	0.76262429	 	0.00001191	 	20
15	 	0.76262860	 	0.00000566	 	20
16	 	0.76263067	 	0.00000271	 	20
17	 	0.76263160	 	0.00000123	 	18
18	 	0.76263200	 	0.00000052	 	13
34x34-Bare-3x3samepinxs  refinement = 1 S-2 keff= 0.76263200
flux distribution is saved in the flux_34x34-Bare-3x3samepinxs.m and .py file script
--- End of calculation ---


**************************************************
*         .-~*~~~*~-.                           *
*        .-~~~~~~~~~-.                           *
*       /  X       X  \                          *
*      |    .-----.    |                         *
*       \  '_______'  /                          *
*        `-.........-'                           *
* *  ____   ___  ____ ____                       *
*   |  _ \ / _ \_   _| __ )                      *
*   | | | | | | || | |  _ \                      *
*   | |_| | |_| || | | |_) |                     *
*   |____/ \___/ |_| |____/                      *
* *
*   Discrete Ordinate with Two Braincells        *
**************************************************
    
34x34-Bare-3x3samepinxs	2 group
XS file: mini3x3-largepins-2g.xs
S-2	 quad set, 	 mesh refinement: 1

iteration 	 keff 	 	 error 	 	 iteration 
1	 	0.53358361	 	-0.87412053	 	20
2	 	0.66794285	 	0.20115380	 	20
3	 	0.72225893	 	0.07520306	 	20
4	 	0.74477550	 	0.03023269	 	20
5	 	0.75459189	 	0.01300887	 	20
6	 	0.75897666	 	0.00577722	 	20
7	 	0.76095910	 	0.00260519	 	20
8	 	0.76186214	 	0.00118530	 	20
9	 	0.76227591	 	0.00054281	 	20
10	 	0.76246653	 	0.00025000	 	20
11	 	0.76255482	 	0.00011578	 	20
12	 	0.76259594	 	0.00005392	 	20
13	 	0.76261520	 	0.00002526	 	20
14	 	0.76262429	 	0.00001191	 	20
15	 	0.76262860	 	0.00000566	 	20
16	 	0.76263067	 	0.00000271	 	20
17	 	0.76263160	 	0.00000123	 	18
18	 	0.76263200	 	0.00000052	 	13
34x34-Bare-3x3samepinxs  refinement = 1 S-2 keff= 0.76263200
flux distribution is saved in the flux_34x34-Bare-3x3samepinxs.m and .py file script
--- End of calculation ---


**************************************************
*         .-~*~~~*~-.                           *
*        .-~~~~~~~~~-.                           *
*       /  X       X  \                          *
*      |    .-----.    |                         *
*       \  '_______'  /                          *
*        `-.........-'                           *
* *  ____   ___  ____ ____                       *
*   |  _ \ / _ \_   _| __ )                      *
*   | | | | | | || | |  _ \                      *
*   | |_| | |_| || | | |_) |                     *
*   |____/ \___/ |_| |____/                      *
* *
*   Discrete Ordinate with Two Braincells        *
**************************************************
    
34x34-Bare-3x3samepinxs	2 group
XS file: mini3x3-largepins-2g.xs
S-2	 quad set, 	 mesh refinement: 4

iteration 	 keff 	 	 error 	 	 iteration 
1	 	0.53448453	 	-0.87096152	 	20
2	 	0.66893209	 	0.20098834	 	20
3	 	0.72321362	 	0.07505602	 	20
4	 	0.74562408	 	0.03005597	 	20
5	 	0.75541862	 	0.01296570	 	20
6	 	0.75982543	 	0.00579977	 	20
7	 	0.76183636	 	0.00263958	 	20
8	 	0.76276119	 	0.00121248	 	20
9	 	0.76318880	 	0.00056029	 	20
10	 	0.76338739	 	0.00026014	 	20
11	 	0.76348000	 	0.00012130	 	20
12	 	0.76352336	 	0.00005680	 	20
13	 	0.76354376	 	0.00002671	 	20
14	 	0.76355340	 	0.00001262	 	20
15	 	0.76355798	 	0.00000600	 	20
16	 	0.76356017	 	0.00000286	 	20
17	 	0.76356115	 	0.00000129	 	18
18	 	0.76356157	 	0.00000055	 	13
34x34-Bare-3x3samepinxs  refinement = 4 S-2 keff= 0.76356157
flux distribution is saved in the flux_34x34-Bare-3x3samepinxs.m and .py file script
--- End of calculation ---


**************************************************
*         .-~*~~~*~-.                           *
*        .-~~~~~~~~~-.                           *
*       /  X       X  \                          *
*      |    .-----.    |                         *
*       \  '_______'  /                          *
*        `-.........-'                           *
* *  ____   ___  ____ ____                       *
*   |  _ \ / _ \_   _| __ )                      *
*   | | | | | | || | |  _ \                      *
*   | |_| | |_| || | | |_) |                     *
*   |____/ \___/ |_| |____/                      *
* *
*   Discrete Ordinate with Two Braincells        *
**************************************************
    
34x34-Bare-3x3samepinxs	2 group
XS file: mini3x3-largepins-2g.xs
S-6	 quad set, 	 mesh refinement: 2

iteration 	 keff 	 	 error 	 	 iteration 
1	 	0.54878023	 	-0.82222308	 	20
2	 	0.67805009	 	0.19064942	 	20
3	 	0.72979817	 	0.07090739	 	20
4	 	0.75161463	 	0.02902613	 	20
5	 	0.76148379	 	0.01296044	 	20
6	 	0.76611338	 	0.00604296	 	20
7	 	0.76832534	 	0.00287893	 	20
8	 	0.76939307	 	0.00138776	 	20
9	 	0.76991190	 	0.00067389	 	20
10	 	0.77016528	 	0.00032900	 	20
11	 	0.77028956	 	0.00016134	 	20
12	 	0.77035076	 	0.00007945	 	20
13	 	0.77038103	 	0.00003928	 	20
14	 	0.77039605	 	0.00001950	 	20
15	 	0.77040355	 	0.00000973	 	20
16	 	0.77040730	 	0.00000487	 	20
17	 	0.77040919	 	0.00000245	 	20
18	 	0.77041009	 	0.00000116	 	18
19	 	0.77041048	 	0.00000051	 	13
34x34-Bare-3x3samepinxs  refinement = 2 S-6 keff= 0.77041048
flux distribution is saved in the flux_34x34-Bare-3x3samepinxs.m and .py file script
--- End of calculation ---

