
**************************************************
*         .-~*~~~*~-.                           *
*        .-~~~~~~~~~-.                           *
*       /  X       X  \                          *
*      |    .-----.    |                         *
*       \  '_______'  /                          *
*        `-.........-'                           *
* *  ____   ___  ____ ____                       *
*   |  _ \ / _ \_   _| __ )                      *
*   | | | | | | || | |  _ \                      *
*   | |_| | |_| || | | |_) |                     *
*   |____/ \___/ |_| |____/                      *
* *
*   Discrete Ordinate with Two Braincells        *
**************************************************
    
34x34-Bare-3x3samepinxs	2 group
XS file: mini3x3-largepins-2g.xs
S-16	 quad set, 	 mesh refinement: 1

iteration 	 keff 	 	 error 	 	 iteration 
1	 	0.54734006	 	-0.82701773	 	20
2	 	0.67616359	 	0.19052124	 	20
3	 	0.72797502	 	0.07117198	 	20
4	 	0.74997207	 	0.02933050	 	20
5	 	0.75990499	 	0.01307126	 	20
6	 	0.76452734	 	0.00604602	 	20
7	 	0.76671204	 	0.00284945	 	20
8	 	0.76775445	 	0.00135774	 	20
9	 	0.76825529	 	0.00065192	 	20
10	 	0.76849736	 	0.00031498	 	20
11	 	0.76861499	 	0.00015305	 	20
12	 	0.76867247	 	0.00007477	 	20
13	 	0.76870071	 	0.00003674	 	20
14	 	0.76871466	 	0.00001815	 	20
15	 	0.76872160	 	0.00000903	 	20
16	 	0.76872507	 	0.00000452	 	20
17	 	0.76872682	 	0.00000227	 	20
18	 	0.76872765	 	0.00000108	 	18
19	 	0.76872802	 	0.00000048	 	13
34x34-Bare-3x3samepinxs  refinement = 1 S-16 keff= 0.76872802
flux distribution is saved in the flux_34x34-Bare-3x3samepinxs.m and .py file script
--- End of calculation ---


**************************************************
*         .-~*~~~*~-.                           *
*        .-~~~~~~~~~-.                           *
*       /  X       X  \                          *
*      |    .-----.    |                         *
*       \  '_______'  /                          *
*        `-.........-'                           *
* *  ____   ___  ____ ____                       *
*   |  _ \ / _ \_   _| __ )                      *
*   | | | | | | || | |  _ \                      *
*   | |_| | |_| || | | |_) |                     *
*   |____/ \___/ |_| |____/                      *
* *
*   Discrete Ordinate with Two Braincells        *
**************************************************
    
34x34-Bare-3x3samepinxs	2 group
XS file: mini3x3-largepins-2g.xs
S-16	 quad set, 	 mesh refinement: 2

iteration 	 keff 	 	 error 	 	 iteration 
1	 	0.54735251	 	-0.82697618	 	20
2	 	0.67643257	 	0.19082473	 	20
3	 	0.72832938	 	0.07125458	 	20
4	 	0.75021215	 	0.02916878	 	20
5	 	0.76008824	 	0.01299336	 	20
6	 	0.76470536	 	0.00603778	 	20
7	 	0.76690280	 	0.00286533	 	20
8	 	0.76795913	 	0.00137551	 	20
9	 	0.76847024	 	0.00066510	 	20
10	 	0.76871877	 	0.00032330	 	20
11	 	0.76884014	 	0.00015786	 	20
12	 	0.76889965	 	0.00007740	 	20
13	 	0.76892895	 	0.00003810	 	20
14	 	0.76894343	 	0.00001884	 	20
15	 	0.76895063	 	0.00000936	 	20
16	 	0.76895422	 	0.00000467	 	20
17	 	0.76895602	 	0.00000234	 	20
18	 	0.76895684	 	0.00000107	 	17
19	 	0.76895723	 	0.00000051	 	13
34x34-Bare-3x3samepinxs  refinement = 2 S-16 keff= 0.76895723
flux distribution is saved in the flux_34x34-Bare-3x3samepinxs.m and .py file script
--- End of calculation ---


**************************************************
*         .-~*~~~*~-.                           *
*        .-~~~~~~~~~-.                           *
*       /  X       X  \                          *
*      |    .-----.    |                         *
*       \  '_______'  /                          *
*        `-.........-'                           *
* *  ____   ___  ____ ____                       *
*   |  _ \ / _ \_   _| __ )                      *
*   | | | | | | || | |  _ \                      *
*   | |_| | |_| || | | |_) |                     *
*   |____/ \___/ |_| |____/                      *
* *
*   Discrete Ordinate with Two Braincells        *
**************************************************
    
34x34-Bare-3x3samepinxs	2 group
XS file: mini3x3-largepins-2g.xs
S-16	 quad set, 	 mesh refinement: 4

iteration 	 keff 	 	 error 	 	 iteration 
1	 	0.54661250	 	-0.82944957	 	20
2	 	0.67558476	 	0.19090464	 	20
3	 	0.72749158	 	0.07135040	 	20
4	 	0.74939442	 	0.02922740	 	20
5	 	0.75928321	 	0.01302385	 	20
6	 	0.76390700	 	0.00605282	 	20
7	 	0.76610781	 	0.00287270	 	20
8	 	0.76716586	 	0.00137918	 	20
9	 	0.76767788	 	0.00066697	 	20
10	 	0.76792690	 	0.00032428	 	20
11	 	0.76804855	 	0.00015838	 	20
12	 	0.76810822	 	0.00007768	 	20
13	 	0.76813761	 	0.00003826	 	20
14	 	0.76815215	 	0.00001893	 	20
15	 	0.76815937	 	0.00000941	 	20
16	 	0.76816298	 	0.00000470	 	20
17	 	0.76816479	 	0.00000236	 	20
18	 	0.76816562	 	0.00000108	 	17
19	 	0.76816602	 	0.00000052	 	13
34x34-Bare-3x3samepinxs  refinement = 4 S-16 keff= 0.76816602
flux distribution is saved in the flux_34x34-Bare-3x3samepinxs.m and .py file script
--- End of calculation ---


**************************************************
*         .-~*~~~*~-.                           *
*        .-~~~~~~~~~-.                           *
*       /  X       X  \                          *
*      |    .-----.    |                         *
*       \  '_______'  /                          *
*        `-.........-'                           *
* *  ____   ___  ____ ____                       *
*   |  _ \ / _ \_   _| __ )                      *
*   | | | | | | || | |  _ \                      *
*   | |_| | |_| || | | |_) |                     *
*   |____/ \___/ |_| |____/                      *
* *
*   Discrete Ordinate with Two Braincells        *
**************************************************
    
34x34-Bare-3x3samepinxs	2 group
XS file: mini3x3-largepins-2g.xs
S-16	 quad set, 	 mesh refinement: 4

iteration 	 keff 	 	 error 	 	 iteration 
1	 	0.54661250	 	-0.82944957	 	20
2	 	0.67558476	 	0.19090464	 	20
3	 	0.72749158	 	0.07135040	 	20
4	 	0.74939442	 	0.02922740	 	20
5	 	0.75928321	 	0.01302385	 	20
6	 	0.76390700	 	0.00605282	 	20
7	 	0.76610781	 	0.00287270	 	20
8	 	0.76716586	 	0.00137918	 	20
9	 	0.76767788	 	0.00066697	 	20
10	 	0.76792690	 	0.00032428	 	20
11	 	0.76804855	 	0.00015838	 	20
12	 	0.76810822	 	0.00007768	 	20
13	 	0.76813761	 	0.00003826	 	20
14	 	0.76815215	 	0.00001893	 	20
15	 	0.76815937	 	0.00000941	 	20
16	 	0.76816298	 	0.00000470	 	20
17	 	0.76816479	 	0.00000236	 	20
18	 	0.76816562	 	0.00000108	 	17
19	 	0.76816602	 	0.00000052	 	13
34x34-Bare-3x3samepinxs  refinement = 4 S-16 keff= 0.76816602
flux distribution is saved in the flux_34x34-Bare-3x3samepinxs.m and .py file script
--- End of calculation ---

