
**************************************************
*         .-~*~~~*~-.                           *
*        .-~~~~~~~~~-.                           *
*       /  X       X  \                          *
*      |    .-----.    |                         *
*       \  '_______'  /                          *
*        `-.........-'                           *
* *  ____   ___  ____ ____                       *
*   |  _ \ / _ \_   _| __ )                      *
*   | | | | | | || | |  _ \                      *
*   | |_| | |_| || | | |_) |                     *
*   |____/ \___/ |_| |____/                      *
* *
*   Discrete Ordinate with Two Braincells        *
**************************************************
    
34x34-Bare-3x3samepinxs	2 group
XS file: mini3x3-largepins-2g.xs
S-6	 quad set, 	 mesh refinement: 2

iteration 	 keff 	 	 error 	 	 iteration 
1	 	0.54878023	 	-0.82222308	 	20
2	 	0.67805009	 	0.19064942	 	20
3	 	0.72979817	 	0.07090739	 	20
4	 	0.75161463	 	0.02902613	 	20
5	 	0.76148379	 	0.01296044	 	20
6	 	0.76611338	 	0.00604296	 	20
7	 	0.76832534	 	0.00287893	 	20
8	 	0.76939307	 	0.00138776	 	20
9	 	0.76991190	 	0.00067389	 	20
10	 	0.77016528	 	0.00032900	 	20
11	 	0.77028956	 	0.00016134	 	20
12	 	0.77035076	 	0.00007945	 	20
13	 	0.77038103	 	0.00003928	 	20
14	 	0.77039605	 	0.00001950	 	20
15	 	0.77040355	 	0.00000973	 	20
16	 	0.77040730	 	0.00000487	 	20
17	 	0.77040919	 	0.00000245	 	20
18	 	0.77041009	 	0.00000116	 	18
19	 	0.77041048	 	0.00000051	 	13
34x34-Bare-3x3samepinxs  refinement = 2 S-6 keff= 0.77041048
flux distribution is saved in the flux_34x34-Bare-3x3samepinxs.m and .py file script
--- End of calculation ---


**************************************************
*         .-~*~~~*~-.                           *
*        .-~~~~~~~~~-.                           *
*       /  X       X  \                          *
*      |    .-----.    |                         *
*       \  '_______'  /                          *
*        `-.........-'                           *
* *  ____   ___  ____ ____                       *
*   |  _ \ / _ \_   _| __ )                      *
*   | | | | | | || | |  _ \                      *
*   | |_| | |_| || | | |_) |                     *
*   |____/ \___/ |_| |____/                      *
* *
*   Discrete Ordinate with Two Braincells        *
**************************************************
    
34x34-Bare-3x3samepinxs	2 group
XS file: mini3x3-largepins-2g.xs
S-6	 quad set, 	 mesh refinement: 2

iteration 	 keff 	 	 error 	 	 iteration 
1	 	0.54878023	 	-0.82222308	 	20
2	 	0.67805009	 	0.19064942	 	20
3	 	0.72979817	 	0.07090739	 	20
4	 	0.75161463	 	0.02902613	 	20
5	 	0.76148379	 	0.01296044	 	20
6	 	0.76611338	 	0.00604296	 	20
7	 	0.76832534	 	0.00287893	 	20
8	 	0.76939307	 	0.00138776	 	20
9	 	0.76991190	 	0.00067389	 	20
10	 	0.77016528	 	0.00032900	 	20
11	 	0.77028956	 	0.00016134	 	20
12	 	0.77035076	 	0.00007945	 	20
13	 	0.77038103	 	0.00003928	 	20
14	 	0.77039605	 	0.00001950	 	20
15	 	0.77040355	 	0.00000973	 	20
16	 	0.77040730	 	0.00000487	 	20
17	 	0.77040919	 	0.00000245	 	20
18	 	0.77041009	 	0.00000116	 	18
19	 	0.77041048	 	0.00000051	 	13
34x34-Bare-3x3samepinxs  refinement = 2 S-6 keff= 0.77041048
flux distribution is saved in the flux_34x34-Bare-3x3samepinxs.m and .py file script
--- End of calculation ---


**************************************************
*         .-~*~~~*~-.                           *
*        .-~~~~~~~~~-.                           *
*       /  X       X  \                          *
*      |    .-----.    |                         *
*       \  '_______'  /                          *
*        `-.........-'                           *
* *  ____   ___  ____ ____                       *
*   |  _ \ / _ \_   _| __ )                      *
*   | | | | | | || | |  _ \                      *
*   | |_| | |_| || | | |_) |                     *
*   |____/ \___/ |_| |____/                      *
* *
*   Discrete Ordinate with Two Braincells        *
**************************************************
    
34x34-Bare-3x3samepinxs	2 group
XS file: mini3x3-largepins-2g.xs
S-6	 quad set, 	 mesh refinement: 2

iteration 	 keff 	 	 error 	 	 iteration 
1	 	0.54878023	 	-0.82222308	 	20
2	 	0.67805009	 	0.19064942	 	20
3	 	0.72979817	 	0.07090739	 	20
4	 	0.75161463	 	0.02902613	 	20
5	 	0.76148379	 	0.01296044	 	20
6	 	0.76611338	 	0.00604296	 	20
7	 	0.76832534	 	0.00287893	 	20
8	 	0.76939307	 	0.00138776	 	20
9	 	0.76991190	 	0.00067389	 	20
10	 	0.77016528	 	0.00032900	 	20
11	 	0.77028956	 	0.00016134	 	20
12	 	0.77035076	 	0.00007945	 	20
13	 	0.77038103	 	0.00003928	 	20
14	 	0.77039605	 	0.00001950	 	20
15	 	0.77040355	 	0.00000973	 	20
16	 	0.77040730	 	0.00000487	 	20
17	 	0.77040919	 	0.00000245	 	20
18	 	0.77041009	 	0.00000116	 	18
19	 	0.77041048	 	0.00000051	 	13
34x34-Bare-3x3samepinxs  refinement = 2 S-6 keff= 0.77041048
flux distribution is saved in the flux_34x34-Bare-3x3samepinxs.m and .py file script
--- End of calculation ---


**************************************************
*         .-~*~~~*~-.                           *
*        .-~~~~~~~~~-.                           *
*       /  X       X  \                          *
*      |    .-----.    |                         *
*       \  '_______'  /                          *
*        `-.........-'                           *
* *  ____   ___  ____ ____                       *
*   |  _ \ / _ \_   _| __ )                      *
*   | | | | | | || | |  _ \                      *
*   | |_| | |_| || | | |_) |                     *
*   |____/ \___/ |_| |____/                      *
* *
*   Discrete Ordinate with Two Braincells        *
**************************************************
    
34x34-Bare-3x3samepinxs	2 group
XS file: mini3x3-largepins-2g.xs
S-6	 quad set, 	 mesh refinement: 2

iteration 	 keff 	 	 error 	 	 iteration 
1	 	0.54878023	 	-0.82222308	 	20
2	 	0.67805009	 	0.19064942	 	20
3	 	0.72979817	 	0.07090739	 	20
4	 	0.75161463	 	0.02902613	 	20
5	 	0.76148379	 	0.01296044	 	20
6	 	0.76611338	 	0.00604296	 	20
7	 	0.76832534	 	0.00287893	 	20
8	 	0.76939307	 	0.00138776	 	20
9	 	0.76991190	 	0.00067389	 	20
10	 	0.77016528	 	0.00032900	 	20
11	 	0.77028956	 	0.00016134	 	20
12	 	0.77035076	 	0.00007945	 	20
13	 	0.77038103	 	0.00003928	 	20
14	 	0.77039605	 	0.00001950	 	20
15	 	0.77040355	 	0.00000973	 	20
16	 	0.77040730	 	0.00000487	 	20
17	 	0.77040919	 	0.00000245	 	20
18	 	0.77041009	 	0.00000116	 	18
19	 	0.77041048	 	0.00000051	 	13
34x34-Bare-3x3samepinxs  refinement = 2 S-6 keff= 0.77041048
flux distribution is saved in the flux_34x34-Bare-3x3samepinxs.m and .py file script
--- End of calculation ---


**************************************************
*         .-~*~~~*~-.                           *
*        .-~~~~~~~~~-.                           *
*       /  X       X  \                          *
*      |    .-----.    |                         *
*       \  '_______'  /                          *
*        `-.........-'                           *
* *  ____   ___  ____ ____                       *
*   |  _ \ / _ \_   _| __ )                      *
*   | | | | | | || | |  _ \                      *
*   | |_| | |_| || | | |_) |                     *
*   |____/ \___/ |_| |____/                      *
* *
*   Discrete Ordinate with Two Braincells        *
**************************************************
    
34x34-Bare-3x3samepinxs	2 group
XS file: mini3x3-largepins-2g.xs
S-6	 quad set, 	 mesh refinement: 2

iteration 	 keff 	 	 error 	 	 iteration 
1	 	0.54878023	 	-0.82222308	 	20
2	 	0.67805009	 	0.19064942	 	20
3	 	0.72979817	 	0.07090739	 	20
4	 	0.75161463	 	0.02902613	 	20
5	 	0.76148379	 	0.01296044	 	20
6	 	0.76611338	 	0.00604296	 	20
7	 	0.76832534	 	0.00287893	 	20
8	 	0.76939307	 	0.00138776	 	20
9	 	0.76991190	 	0.00067389	 	20
10	 	0.77016528	 	0.00032900	 	20
11	 	0.77028956	 	0.00016134	 	20
12	 	0.77035076	 	0.00007945	 	20
13	 	0.77038103	 	0.00003928	 	20
14	 	0.77039605	 	0.00001950	 	20
15	 	0.77040355	 	0.00000973	 	20
16	 	0.77040730	 	0.00000487	 	20
17	 	0.77040919	 	0.00000245	 	20
18	 	0.77041009	 	0.00000116	 	18
19	 	0.77041048	 	0.00000051	 	13
34x34-Bare-3x3samepinxs  refinement = 2 S-6 keff= 0.77041048
flux distribution is saved in the flux_34x34-Bare-3x3samepinxs.m and .py file script
--- End of calculation ---


**************************************************
*         .-~*~~~*~-.                           *
*        .-~~~~~~~~~-.                           *
*       /  X       X  \                          *
*      |    .-----.    |                         *
*       \  '_______'  /                          *
*        `-.........-'                           *
* *  ____   ___  ____ ____                       *
*   |  _ \ / _ \_   _| __ )                      *
*   | | | | | | || | |  _ \                      *
*   | |_| | |_| || | | |_) |                     *
*   |____/ \___/ |_| |____/                      *
* *
*   Discrete Ordinate with Two Braincells        *
**************************************************
    
34x34-Bare-3x3samepinxs	2 group
XS file: mini3x3-largepins-2g.xs
S-2	 quad set, 	 mesh refinement: 1

iteration 	 keff 	 	 error 	 	 iteration 
1	 	0.53358361	 	-0.87412053	 	20
2	 	0.66794285	 	0.20115380	 	20
3	 	0.72225893	 	0.07520306	 	20
4	 	0.74477550	 	0.03023269	 	20
5	 	0.75459189	 	0.01300887	 	20
6	 	0.75897666	 	0.00577722	 	20
7	 	0.76095910	 	0.00260519	 	20
8	 	0.76186214	 	0.00118530	 	20
9	 	0.76227591	 	0.00054281	 	20
10	 	0.76246653	 	0.00025000	 	20
11	 	0.76255482	 	0.00011578	 	20
12	 	0.76259594	 	0.00005392	 	20
13	 	0.76261520	 	0.00002526	 	20
14	 	0.76262429	 	0.00001191	 	20
15	 	0.76262860	 	0.00000566	 	20
16	 	0.76263067	 	0.00000271	 	20
17	 	0.76263160	 	0.00000123	 	18
18	 	0.76263200	 	0.00000052	 	13
34x34-Bare-3x3samepinxs  refinement = 1 S-2 keff= 0.76263200
flux distribution is saved in the flux_34x34-Bare-3x3samepinxs.m and .py file script
--- End of calculation ---


**************************************************
*         .-~*~~~*~-.                           *
*        .-~~~~~~~~~-.                           *
*       /  X       X  \                          *
*      |    .-----.    |                         *
*       \  '_______'  /                          *
*        `-.........-'                           *
* *  ____   ___  ____ ____                       *
*   |  _ \ / _ \_   _| __ )                      *
*   | | | | | | || | |  _ \                      *
*   | |_| | |_| || | | |_) |                     *
*   |____/ \___/ |_| |____/                      *
* *
*   Discrete Ordinate with Two Braincells        *
**************************************************
    
34x34-Bare-3x3samepinxs	2 group
XS file: mini3x3-largepins-2g.xs
S-2	 quad set, 	 mesh refinement: 2

iteration 	 keff 	 	 error 	 	 iteration 
1	 	0.53366795	 	-0.87382434	 	20
2	 	0.66778519	 	0.20083889	 	20
3	 	0.72206911	 	0.07517830	 	20
4	 	0.74449727	 	0.03012524	 	20
5	 	0.75431217	 	0.01301172	 	20
6	 	0.75873596	 	0.00583047	 	20
7	 	0.76075856	 	0.00265867	 	20
8	 	0.76169058	 	0.00122362	 	20
9	 	0.76212232	 	0.00056650	 	20
10	 	0.76232319	 	0.00026349	 	20
11	 	0.76241702	 	0.00012307	 	20
12	 	0.76246102	 	0.00005772	 	20
13	 	0.76248175	 	0.00002718	 	20
14	 	0.76249156	 	0.00001286	 	20
15	 	0.76249622	 	0.00000612	 	20
16	 	0.76249845	 	0.00000292	 	20
17	 	0.76249946	 	0.00000132	 	18
18	 	0.76249988	 	0.00000056	 	13
34x34-Bare-3x3samepinxs  refinement = 2 S-2 keff= 0.76249988
flux distribution is saved in the flux_34x34-Bare-3x3samepinxs.m and .py file script
--- End of calculation ---


**************************************************
*         .-~*~~~*~-.                           *
*        .-~~~~~~~~~-.                           *
*       /  X       X  \                          *
*      |    .-----.    |                         *
*       \  '_______'  /                          *
*        `-.........-'                           *
* *  ____   ___  ____ ____                       *
*   |  _ \ / _ \_   _| __ )                      *
*   | | | | | | || | |  _ \                      *
*   | |_| | |_| || | | |_) |                     *
*   |____/ \___/ |_| |____/                      *
* *
*   Discrete Ordinate with Two Braincells        *
**************************************************
    
34x34-Bare-3x3samepinxs	2 group
XS file: mini3x3-largepins-2g.xs
S-2	 quad set, 	 mesh refinement: 2

iteration 	 keff 	 	 error 	 	 iteration 
1	 	0.53366795	 	-0.87382434	 	20
2	 	0.66778519	 	0.20083889	 	20
3	 	0.72206911	 	0.07517830	 	20
4	 	0.74449727	 	0.03012524	 	20
5	 	0.75431217	 	0.01301172	 	20
6	 	0.75873596	 	0.00583047	 	20
7	 	0.76075856	 	0.00265867	 	20
8	 	0.76169058	 	0.00122362	 	20
9	 	0.76212232	 	0.00056650	 	20
10	 	0.76232319	 	0.00026349	 	20
11	 	0.76241702	 	0.00012307	 	20
12	 	0.76246102	 	0.00005772	 	20
13	 	0.76248175	 	0.00002718	 	20
14	 	0.76249156	 	0.00001286	 	20
15	 	0.76249622	 	0.00000612	 	20
16	 	0.76249845	 	0.00000292	 	20
17	 	0.76249946	 	0.00000132	 	18
18	 	0.76249988	 	0.00000056	 	13
34x34-Bare-3x3samepinxs  refinement = 2 S-2 keff= 0.76249988
flux distribution is saved in the flux_34x34-Bare-3x3samepinxs.m and .py file script
--- End of calculation ---


**************************************************
*         .-~*~~~*~-.                           *
*        .-~~~~~~~~~-.                           *
*       /  X       X  \                          *
*      |    .-----.    |                         *
*       \  '_______'  /                          *
*        `-.........-'                           *
* *  ____   ___  ____ ____                       *
*   |  _ \ / _ \_   _| __ )                      *
*   | | | | | | || | |  _ \                      *
*   | |_| | |_| || | | |_) |                     *
*   |____/ \___/ |_| |____/                      *
* *
*   Discrete Ordinate with Two Braincells        *
**************************************************
    
34x34-Bare-3x3samepinxs	2 group
XS file: mini3x3-largepins-2g.xs
S-2	 quad set, 	 mesh refinement: 2

iteration 	 keff 	 	 error 	 	 iteration 
1	 	0.53366795	 	-0.87382434	 	20
2	 	0.66778519	 	0.20083889	 	20
3	 	0.72206911	 	0.07517830	 	20
4	 	0.74449727	 	0.03012524	 	20
5	 	0.75431217	 	0.01301172	 	20
6	 	0.75873596	 	0.00583047	 	20
7	 	0.76075856	 	0.00265867	 	20
8	 	0.76169058	 	0.00122362	 	20
9	 	0.76212232	 	0.00056650	 	20
10	 	0.76232319	 	0.00026349	 	20
11	 	0.76241702	 	0.00012307	 	20
12	 	0.76246102	 	0.00005772	 	20
13	 	0.76248175	 	0.00002718	 	20
14	 	0.76249156	 	0.00001286	 	20
15	 	0.76249622	 	0.00000612	 	20
16	 	0.76249845	 	0.00000292	 	20
17	 	0.76249946	 	0.00000132	 	18
18	 	0.76249988	 	0.00000056	 	13
34x34-Bare-3x3samepinxs  refinement = 2 S-2 keff= 0.76249988
flux distribution is saved in the flux_34x34-Bare-3x3samepinxs.m and .py file script
--- End of calculation ---


**************************************************
*         .-~*~~~*~-.                           *
*        .-~~~~~~~~~-.                           *
*       /  X       X  \                          *
*      |    .-----.    |                         *
*       \  '_______'  /                          *
*        `-.........-'                           *
* *  ____   ___  ____ ____                       *
*   |  _ \ / _ \_   _| __ )                      *
*   | | | | | | || | |  _ \                      *
*   | |_| | |_| || | | |_) |                     *
*   |____/ \___/ |_| |____/                      *
* *
*   Discrete Ordinate with Two Braincells        *
**************************************************
    
34x34-Bare-3x3samepinxs	2 group
XS file: mini3x3-largepins-2g.xs
S-2	 quad set, 	 mesh refinement: 2

iteration 	 keff 	 	 error 	 	 iteration 
1	 	0.53366795	 	-0.87382434	 	20
2	 	0.66778519	 	0.20083889	 	20
3	 	0.72206911	 	0.07517830	 	20
4	 	0.74449727	 	0.03012524	 	20
5	 	0.75431217	 	0.01301172	 	20
6	 	0.75873596	 	0.00583047	 	20
7	 	0.76075856	 	0.00265867	 	20
8	 	0.76169058	 	0.00122362	 	20
9	 	0.76212232	 	0.00056650	 	20
10	 	0.76232319	 	0.00026349	 	20
11	 	0.76241702	 	0.00012307	 	20
12	 	0.76246102	 	0.00005772	 	20
13	 	0.76248175	 	0.00002718	 	20
14	 	0.76249156	 	0.00001286	 	20
15	 	0.76249622	 	0.00000612	 	20
16	 	0.76249845	 	0.00000292	 	20
17	 	0.76249946	 	0.00000132	 	18
18	 	0.76249988	 	0.00000056	 	13
34x34-Bare-3x3samepinxs  refinement = 2 S-2 keff= 0.76249988
flux distribution is saved in the flux_34x34-Bare-3x3samepinxs.m and .py file script
--- End of calculation ---


%********************************************************
%*                 .-~*~~~*~-.                          *
%*                .-~~~~~~~~~-.                         *
%*               /  X       X  \                        *
%*              |    .-----.    |                       *
%*               \  '_______'  /                        *
%*                `-.........-'                         *
%* *          ____   ___  ____ ____                     *
%*           |  _ \ / _ \_   _| __ )                    *
%*           | | | | | | || | |  _ \                    *
%*           | |_| | |_| || | | |_) |                   *
%*           |____/ \___/ |_| |____/                    *
%********************************************************
%*      Discrete Ordinate with Two Braincells           *
%********************************************************
    
34x34-Bare-3x3samepinxs	2 group
XS file: mini3x3-largepins-2g.xs
S-2	 quad set, 	 mesh refinement: 2

iteration 	 keff 	 	 error 	 	 iteration 
1	 	0.53366795	 	-0.87382434	 	20
2	 	0.66778519	 	0.20083889	 	20
3	 	0.72206911	 	0.07517830	 	20
4	 	0.74449727	 	0.03012524	 	20
5	 	0.75431217	 	0.01301172	 	20
6	 	0.75873596	 	0.00583047	 	20
7	 	0.76075856	 	0.00265867	 	20
8	 	0.76169058	 	0.00122362	 	20
9	 	0.76212232	 	0.00056650	 	20
10	 	0.76232319	 	0.00026349	 	20
11	 	0.76241702	 	0.00012307	 	20
12	 	0.76246102	 	0.00005772	 	20
13	 	0.76248175	 	0.00002718	 	20
14	 	0.76249156	 	0.00001286	 	20
15	 	0.76249622	 	0.00000612	 	20
16	 	0.76249845	 	0.00000292	 	20
17	 	0.76249946	 	0.00000132	 	18
18	 	0.76249988	 	0.00000056	 	13
34x34-Bare-3x3samepinxs  refinement = 2 S-2 keff= 0.76249988
flux distribution is saved in the flux_34x34-Bare-3x3samepinxs.m and .py file script
--- End of calculation ---


%********************************************************
%*                 .-~*~~~*~-.                          *
%*                .-~~~~~~~~~-.                         *
%*               /  X       X  \                        *
%*              |    .-----.    |                       *
%*               \  '_______'  /                        *
%*                `-.........-'                         *
%* *          ____   ___  ____ ____                     *
%*           |  _ \ / _ \_   _| __ )                    *
%*           | | | | | | || | |  _ \                    *
%*           | |_| | |_| || | | |_) |                   *
%*           |____/ \___/ |_| |____/                    *
%********************************************************
%*      Discrete Ordinate with Two Braincells           *
%********************************************************
    
34x34-Bare-3x3samepinxs	2 group
XS file: mini3x3-largepins-2g.xs
S-2	 quad set, 	 mesh refinement: 2

iteration 	 keff 	 	 error 	 	 iteration 
1	 	0.53366795	 	-0.87382434	 	20
2	 	0.66778519	 	0.20083889	 	20
3	 	0.72206911	 	0.07517830	 	20
4	 	0.74449727	 	0.03012524	 	20
5	 	0.75431217	 	0.01301172	 	20
6	 	0.75873596	 	0.00583047	 	20
7	 	0.76075856	 	0.00265867	 	20
8	 	0.76169058	 	0.00122362	 	20
9	 	0.76212232	 	0.00056650	 	20
10	 	0.76232319	 	0.00026349	 	20
11	 	0.76241702	 	0.00012307	 	20
12	 	0.76246102	 	0.00005772	 	20
13	 	0.76248175	 	0.00002718	 	20
14	 	0.76249156	 	0.00001286	 	20
15	 	0.76249622	 	0.00000612	 	20
16	 	0.76249845	 	0.00000292	 	20
17	 	0.76249946	 	0.00000132	 	18
18	 	0.76249988	 	0.00000056	 	13
34x34-Bare-3x3samepinxs  refinement = 2 S-2 keff= 0.76249988
flux distribution is saved in the flux_34x34-Bare-3x3samepinxs.m and .py file script
--- End of calculation ---


%********************************************************
%*                 .-~*~~~*~-.                          *
%*                .-~~~~~~~~~-.                         *
%*               /  X       X  \                        *
%*              |    .-----.    |                       *
%*               \  '_______'  /                        *
%*                `-.........-'                         *
%* *          ____   ___  ____ ____                     *
%*           |  _ \ / _ \_   _| __ )                    *
%*           | | | | | | || | |  _ \                    *
%*           | |_| | |_| || | | |_) |                   *
%*           |____/ \___/ |_| |____/                    *
%********************************************************
%*      Discrete Ordinate with Two Braincells           *
%********************************************************
    
34x34-Bare-3x3samepinxs	2 group
XS file: mini3x3-largepins-2g.xs
S-2	 quad set, 	 mesh refinement: 2

iteration 	 keff 	 	 error 	 	 iteration 
1	 	0.53366795	 	-0.87382434	 	20
2	 	0.66778519	 	0.20083889	 	20
3	 	0.72206911	 	0.07517830	 	20
4	 	0.74449727	 	0.03012524	 	20
5	 	0.75431217	 	0.01301172	 	20
6	 	0.75873596	 	0.00583047	 	20
7	 	0.76075856	 	0.00265867	 	20
8	 	0.76169058	 	0.00122362	 	20
9	 	0.76212232	 	0.00056650	 	20
10	 	0.76232319	 	0.00026349	 	20
11	 	0.76241702	 	0.00012307	 	20
12	 	0.76246102	 	0.00005772	 	20
13	 	0.76248175	 	0.00002718	 	20
14	 	0.76249156	 	0.00001286	 	20
15	 	0.76249622	 	0.00000612	 	20
16	 	0.76249845	 	0.00000292	 	20
17	 	0.76249946	 	0.00000132	 	18
18	 	0.76249988	 	0.00000056	 	13
34x34-Bare-3x3samepinxs  refinement = 2 S-2 keff= 0.76249988
flux distribution is saved in the flux_34x34-Bare-3x3samepinxs.m and .py file script
--- End of calculation ---


%********************************************************
%*                 .-~*~~~*~-.                          *
%*                .-~~~~~~~~~-.                         *
%*               /  X       X  \                        *
%*              |    .-----.    |                       *
%*               \  '_______'  /                        *
%*                `-.........-'                         *
%* *          ____   ___  ____ ____                     *
%*           |  _ \ / _ \_   _| __ )                    *
%*           | | | | | | || | |  _ \                    *
%*           | |_| | |_| || | | |_) |                   *
%*           |____/ \___/ |_| |____/                    *
%********************************************************
%*      Discrete Ordinate with Two Braincells           *
%********************************************************
    
34x34-Bare-3x3samepinxs	2 group
XS file: mini3x3-largepins-2g.xs
S-2	 quad set, 	 mesh refinement: 2

iteration 	 keff 	 	 error 	 	 iteration 
1	 	0.53366795	 	-0.87382434	 	20
2	 	0.66778519	 	0.20083889	 	20
3	 	0.72206911	 	0.07517830	 	20
4	 	0.74449727	 	0.03012524	 	20
5	 	0.75431217	 	0.01301172	 	20
6	 	0.75873596	 	0.00583047	 	20
7	 	0.76075856	 	0.00265867	 	20
8	 	0.76169058	 	0.00122362	 	20
9	 	0.76212232	 	0.00056650	 	20
10	 	0.76232319	 	0.00026349	 	20
11	 	0.76241702	 	0.00012307	 	20
12	 	0.76246102	 	0.00005772	 	20
13	 	0.76248175	 	0.00002718	 	20
14	 	0.76249156	 	0.00001286	 	20
15	 	0.76249622	 	0.00000612	 	20
16	 	0.76249845	 	0.00000292	 	20
17	 	0.76249946	 	0.00000132	 	18
18	 	0.76249988	 	0.00000056	 	13
34x34-Bare-3x3samepinxs  refinement = 2 S-2 keff= 0.76249988
flux distribution is saved in the flux_34x34-Bare-3x3samepinxs.m and .py file script
--- End of calculation ---


%********************************************************
%*                 .-~*~~~*~-.                          *
%*                .-~~~~~~~~~-.                         *
%*               /  X       X  \                        *
%*              |    .-----.    |                       *
%*               \  '_______'  /                        *
%*                `-.........-'                         *
%* *          ____   ___  ____ ____                     *
%*           |  _ \ / _ \_   _| __ )                    *
%*           | | | | | | || | |  _ \                    *
%*           | |_| | |_| || | | |_) |                   *
%*           |____/ \___/ |_| |____/                    *
%********************************************************
%*      Discrete Ordinate with Two Braincells           *
%********************************************************
    
34x34-Bare-3x3samepinxs	2 group
XS file: mini3x3-largepins-2g.xs
S-2	 quad set, 	 mesh refinement: 2

iteration 	 keff 	 	 error 	 	 iteration 
1	 	0.53366795	 	-0.87382434	 	20
2	 	0.66778519	 	0.20083889	 	20
3	 	0.72206911	 	0.07517830	 	20
4	 	0.74449727	 	0.03012524	 	20
5	 	0.75431217	 	0.01301172	 	20
6	 	0.75873596	 	0.00583047	 	20
7	 	0.76075856	 	0.00265867	 	20
8	 	0.76169058	 	0.00122362	 	20
9	 	0.76212232	 	0.00056650	 	20
10	 	0.76232319	 	0.00026349	 	20
11	 	0.76241702	 	0.00012307	 	20
12	 	0.76246102	 	0.00005772	 	20
13	 	0.76248175	 	0.00002718	 	20
14	 	0.76249156	 	0.00001286	 	20
15	 	0.76249622	 	0.00000612	 	20
16	 	0.76249845	 	0.00000292	 	20
17	 	0.76249946	 	0.00000132	 	18
18	 	0.76249988	 	0.00000056	 	13
34x34-Bare-3x3samepinxs  refinement = 2 S-2 keff= 0.76249988
flux distribution is saved in the flux_34x34-Bare-3x3samepinxs.m and .py file script
--- End of calculation ---


%********************************************************
%*                 .-~*~~~*~-.                          *
%*                .-~~~~~~~~~-.                         *
%*               /  X       X  \                        *
%*              |    .-----.    |                       *
%*               \  '_______'  /                        *
%*                `-.........-'                         *
%* *          ____   ___  ____ ____                     *
%*           |  _ \ / _ \_   _| __ )                    *
%*           | | | | | | || | |  _ \                    *
%*           | |_| | |_| || | | |_) |                   *
%*           |____/ \___/ |_| |____/                    *
%********************************************************
%*      Discrete Ordinate with Two Braincells           *
%********************************************************
    
34x34-Bare-3x3samepinxs	2 group
XS file: mini3x3-largepins-2g.xs
S-2	 quad set, 	 mesh refinement: 2

iteration 	 keff 	 	 error 	 	 iteration 
1	 	0.53366795	 	-0.87382434	 	20
2	 	0.66778519	 	0.20083889	 	20
3	 	0.72206911	 	0.07517830	 	20
4	 	0.74449727	 	0.03012524	 	20
5	 	0.75431217	 	0.01301172	 	20
6	 	0.75873596	 	0.00583047	 	20
7	 	0.76075856	 	0.00265867	 	20
8	 	0.76169058	 	0.00122362	 	20
9	 	0.76212232	 	0.00056650	 	20
10	 	0.76232319	 	0.00026349	 	20
11	 	0.76241702	 	0.00012307	 	20
12	 	0.76246102	 	0.00005772	 	20
13	 	0.76248175	 	0.00002718	 	20
14	 	0.76249156	 	0.00001286	 	20
15	 	0.76249622	 	0.00000612	 	20
16	 	0.76249845	 	0.00000292	 	20
17	 	0.76249946	 	0.00000132	 	18
18	 	0.76249988	 	0.00000056	 	13
34x34-Bare-3x3samepinxs  refinement = 2 S-2 keff= 0.76249988
flux distribution is saved in the flux_34x34-Bare-3x3samepinxs.m and .py file script
--- End of calculation ---


%********************************************************
%*                 .-~*~~~*~-.                          *
%*                .-~~~~~~~~~-.                         *
%*               /  X       X  \                        *
%*              |    .-----.    |                       *
%*               \  '_______'  /                        *
%*                `-.........-'                         *
%* *          ____   ___  ____ ____                     *
%*           |  _ \ / _ \_   _| __ )                    *
%*           | | | | | | || | |  _ \                    *
%*           | |_| | |_| || | | |_) |                   *
%*           |____/ \___/ |_| |____/                    *
%********************************************************
%*      Discrete Ordinate with Two Braincells           *
%********************************************************
    
34x34-Bare-3x3samepinxs	2 group
XS file: mini3x3-largepins-2g.xs
S-2	 quad set, 	 mesh refinement: 2

iteration 	 keff 	 	 error 	 	 iteration 
1	 	0.53366795	 	-0.87382434	 	20
2	 	0.66778519	 	0.20083889	 	20
3	 	0.72206911	 	0.07517830	 	20
4	 	0.74449727	 	0.03012524	 	20
5	 	0.75431217	 	0.01301172	 	20
6	 	0.75873596	 	0.00583047	 	20
7	 	0.76075856	 	0.00265867	 	20
8	 	0.76169058	 	0.00122362	 	20
9	 	0.76212232	 	0.00056650	 	20
10	 	0.76232319	 	0.00026349	 	20
11	 	0.76241702	 	0.00012307	 	20
12	 	0.76246102	 	0.00005772	 	20
13	 	0.76248175	 	0.00002718	 	20
14	 	0.76249156	 	0.00001286	 	20
15	 	0.76249622	 	0.00000612	 	20
16	 	0.76249845	 	0.00000292	 	20
17	 	0.76249946	 	0.00000132	 	18
18	 	0.76249988	 	0.00000056	 	13
34x34-Bare-3x3samepinxs  refinement = 2 S-2 keff= 0.76249988
flux distribution is saved in the flux_34x34-Bare-3x3samepinxs.m and .py file script
--- End of calculation ---


%********************************************************
%*                 .-~*~~~*~-.                          *
%*                .-~~~~~~~~~-.                         *
%*               /  X       X  \                        *
%*              |    .-----.    |                       *
%*               \  '_______'  /                        *
%*                `-.........-'                         *
%* *          ____   ___  ____ ____                     *
%*           |  _ \ / _ \_   _| __ )                    *
%*           | | | | | | || | |  _ \                    *
%*           | |_| | |_| || | | |_) |                   *
%*           |____/ \___/ |_| |____/                    *
%********************************************************
%*      Discrete Ordinate with Two Braincells           *
%********************************************************
    
34x34-Bare-3x3samepinxs	2 group
XS file: mini3x3-largepins-2g.xs
S-2	 quad set, 	 mesh refinement: 2

iteration 	 keff 	 	 error 	 	 iteration 
1	 	0.53366795	 	-0.87382434	 	20
2	 	0.66778519	 	0.20083889	 	20
3	 	0.72206911	 	0.07517830	 	20
4	 	0.74449727	 	0.03012524	 	20
5	 	0.75431217	 	0.01301172	 	20
6	 	0.75873596	 	0.00583047	 	20
7	 	0.76075856	 	0.00265867	 	20
8	 	0.76169058	 	0.00122362	 	20
9	 	0.76212232	 	0.00056650	 	20
10	 	0.76232319	 	0.00026349	 	20
11	 	0.76241702	 	0.00012307	 	20
12	 	0.76246102	 	0.00005772	 	20
13	 	0.76248175	 	0.00002718	 	20
14	 	0.76249156	 	0.00001286	 	20
15	 	0.76249622	 	0.00000612	 	20
16	 	0.76249845	 	0.00000292	 	20
17	 	0.76249946	 	0.00000132	 	18
18	 	0.76249988	 	0.00000056	 	13
34x34-Bare-3x3samepinxs  refinement = 2 S-2 keff= 0.76249988
flux distribution is saved in the flux_34x34-Bare-3x3samepinxs.m and .py file script
--- End of calculation ---


%********************************************************
%*                 .-~*~~~*~-.                          *
%*                .-~~~~~~~~~-.                         *
%*               /  X       X  \                        *
%*              |    .-----.    |                       *
%*               \  '_______'  /                        *
%*                `-.........-'                         *
%* *          ____   ___  ____ ____                     *
%*           |  _ \ / _ \_   _| __ )                    *
%*           | | | | | | || | |  _ \                    *
%*           | |_| | |_| || | | |_) |                   *
%*           |____/ \___/ |_| |____/                    *
%********************************************************
%*      Discrete Ordinate with Two Braincells           *
%********************************************************
    
34x34-Bare-3x3samepinxs	2 group
XS file: mini3x3-largepins-2g.xs
S-2	 quad set, 	 mesh refinement: 2

iteration 	 keff 	 	 error 	 	 iteration 
1	 	0.53366795	 	-0.87382434	 	20
2	 	0.66778519	 	0.20083889	 	20
3	 	0.72206911	 	0.07517830	 	20
4	 	0.74449727	 	0.03012524	 	20
5	 	0.75431217	 	0.01301172	 	20
6	 	0.75873596	 	0.00583047	 	20
7	 	0.76075856	 	0.00265867	 	20
8	 	0.76169058	 	0.00122362	 	20
9	 	0.76212232	 	0.00056650	 	20
10	 	0.76232319	 	0.00026349	 	20
11	 	0.76241702	 	0.00012307	 	20
12	 	0.76246102	 	0.00005772	 	20
13	 	0.76248175	 	0.00002718	 	20
14	 	0.76249156	 	0.00001286	 	20
15	 	0.76249622	 	0.00000612	 	20
16	 	0.76249845	 	0.00000292	 	20
17	 	0.76249946	 	0.00000132	 	18
18	 	0.76249988	 	0.00000056	 	13
34x34-Bare-3x3samepinxs  refinement = 2 S-2 keff= 0.76249988
flux distribution is saved in the flux_34x34-Bare-3x3samepinxs.m and .py file script
--- End of calculation ---


%********************************************************
%*                 .-~*~~~*~-.                          *
%*                .-~~~~~~~~~-.                         *
%*               /  X       X  \                        *
%*              |    .-----.    |                       *
%*               \  '_______'  /                        *
%*                `-.........-'                         *
%* *          ____   ___  ____ ____                     *
%*           |  _ \ / _ \_   _| __ )                    *
%*           | | | | | | || | |  _ \                    *
%*           | |_| | |_| || | | |_) |                   *
%*           |____/ \___/ |_| |____/                    *
%********************************************************
%*      Discrete Ordinate with Two Braincells           *
%********************************************************
    
34x34-Bare-3x3samepinxs	2 group
XS file: mini3x3-largepins-2g.xs
S-2	 quad set, 	 mesh refinement: 2

iteration 	 keff 	 	 error 	 	 iteration 
1	 	0.53366795	 	-0.87382434	 	20
2	 	0.66778519	 	0.20083889	 	20
3	 	0.72206911	 	0.07517830	 	20
4	 	0.74449727	 	0.03012524	 	20
5	 	0.75431217	 	0.01301172	 	20
6	 	0.75873596	 	0.00583047	 	20
7	 	0.76075856	 	0.00265867	 	20
8	 	0.76169058	 	0.00122362	 	20
9	 	0.76212232	 	0.00056650	 	20
10	 	0.76232319	 	0.00026349	 	20
11	 	0.76241702	 	0.00012307	 	20
12	 	0.76246102	 	0.00005772	 	20
13	 	0.76248175	 	0.00002718	 	20
14	 	0.76249156	 	0.00001286	 	20
15	 	0.76249622	 	0.00000612	 	20
16	 	0.76249845	 	0.00000292	 	20
17	 	0.76249946	 	0.00000132	 	18
18	 	0.76249988	 	0.00000056	 	13
34x34-Bare-3x3samepinxs  refinement = 2 S-2 keff= 0.76249988
flux distribution is saved in the flux_34x34-Bare-3x3samepinxs.m and .py file script
--- End of calculation ---


%********************************************************
%*                 .-~*~~~*~-.                          *
%*                .-~~~~~~~~~-.                         *
%*               /  X       X  \                        *
%*              |    .-----.    |                       *
%*               \  '_______'  /                        *
%*                `-.........-'                         *
%* *          ____   ___  ____ ____                     *
%*           |  _ \ / _ \_   _| __ )                    *
%*           | | | | | | || | |  _ \                    *
%*           | |_| | |_| || | | |_) |                   *
%*           |____/ \___/ |_| |____/                    *
%********************************************************
%*      Discrete Ordinate with Two Braincells           *
%********************************************************
    
34x34-Bare-3x3samepinxs	2 group
XS file: mini3x3-largepins-2g.xs
S-2	 quad set, 	 mesh refinement: 2

iteration 	 keff 	 	 error 	 	 iteration 
1	 	0.53366795	 	-0.87382434	 	20
2	 	0.66778519	 	0.20083889	 	20
3	 	0.72206911	 	0.07517830	 	20
4	 	0.74449727	 	0.03012524	 	20
5	 	0.75431217	 	0.01301172	 	20
6	 	0.75873596	 	0.00583047	 	20
7	 	0.76075856	 	0.00265867	 	20
8	 	0.76169058	 	0.00122362	 	20
9	 	0.76212232	 	0.00056650	 	20
10	 	0.76232319	 	0.00026349	 	20
11	 	0.76241702	 	0.00012307	 	20
12	 	0.76246102	 	0.00005772	 	20
13	 	0.76248175	 	0.00002718	 	20
14	 	0.76249156	 	0.00001286	 	20
15	 	0.76249622	 	0.00000612	 	20
16	 	0.76249845	 	0.00000292	 	20
17	 	0.76249946	 	0.00000132	 	18
18	 	0.76249988	 	0.00000056	 	13
34x34-Bare-3x3samepinxs  refinement = 2 S-2 keff= 0.76249988
flux distribution is saved in the flux_34x34-Bare-3x3samepinxs.m and .py file script
--- End of calculation ---


%********************************************************
%*                 .-~*~~~*~-.                          *
%*                .-~~~~~~~~~-.                         *
%*               /  X       X  \                        *
%*              |    .-----.    |                       *
%*               \  '_______'  /                        *
%*                `-.........-'                         *
%* *          ____   ___  ____ ____                     *
%*           |  _ \ / _ \_   _| __ )                    *
%*           | | | | | | || | |  _ \                    *
%*           | |_| | |_| || | | |_) |                   *
%*           |____/ \___/ |_| |____/                    *
%********************************************************
%*      Discrete Ordinate with Two Braincells           *
%********************************************************
    
34x34-Bare-3x3samepinxs	2 group
XS file: mini3x3-largepins-2g.xs
S-2	 quad set, 	 mesh refinement: 2

iteration 	 keff 	 	 error 	 	 iteration 
1	 	0.53366795	 	-0.87382434	 	20
2	 	0.66778519	 	0.20083889	 	20
3	 	0.72206911	 	0.07517830	 	20
4	 	0.74449727	 	0.03012524	 	20
5	 	0.75431217	 	0.01301172	 	20
6	 	0.75873596	 	0.00583047	 	20
7	 	0.76075856	 	0.00265867	 	20
8	 	0.76169058	 	0.00122362	 	20
9	 	0.76212232	 	0.00056650	 	20
10	 	0.76232319	 	0.00026349	 	20
11	 	0.76241702	 	0.00012307	 	20
12	 	0.76246102	 	0.00005772	 	20
13	 	0.76248175	 	0.00002718	 	20
14	 	0.76249156	 	0.00001286	 	20
15	 	0.76249622	 	0.00000612	 	20
16	 	0.76249845	 	0.00000292	 	20
17	 	0.76249946	 	0.00000132	 	18
18	 	0.76249988	 	0.00000056	 	13
34x34-Bare-3x3samepinxs  refinement = 2 S-2 keff= 0.76249988
flux distribution is saved in the flux_34x34-Bare-3x3samepinxs.m and .py file script
--- End of calculation ---


%********************************************************
%*                 .-~*~~~*~-.                          *
%*                .-~~~~~~~~~-.                         *
%*               /  X       X  \                        *
%*              |    .-----.    |                       *
%*               \  '_______'  /                        *
%*                `-.........-'                         *
%* *          ____   ___  ____ ____                     *
%*           |  _ \ / _ \_   _| __ )                    *
%*           | | | | | | || | |  _ \                    *
%*           | |_| | |_| || | | |_) |                   *
%*           |____/ \___/ |_| |____/                    *
%********************************************************
%*      Discrete Ordinate with Two Braincells           *
%********************************************************
    
34x34-Bare-3x3samepinxs	2 group
XS file: mini3x3-largepins-2g.xs
S-2	 quad set, 	 mesh refinement: 2

iteration 	 keff 	 	 error 	 	 iteration 
1	 	0.53366795	 	-0.87382434	 	20
2	 	0.66778519	 	0.20083889	 	20
3	 	0.72206911	 	0.07517830	 	20
4	 	0.74449727	 	0.03012524	 	20
5	 	0.75431217	 	0.01301172	 	20
6	 	0.75873596	 	0.00583047	 	20
7	 	0.76075856	 	0.00265867	 	20
8	 	0.76169058	 	0.00122362	 	20
9	 	0.76212232	 	0.00056650	 	20
10	 	0.76232319	 	0.00026349	 	20
11	 	0.76241702	 	0.00012307	 	20
12	 	0.76246102	 	0.00005772	 	20
13	 	0.76248175	 	0.00002718	 	20
14	 	0.76249156	 	0.00001286	 	20
15	 	0.76249622	 	0.00000612	 	20
16	 	0.76249845	 	0.00000292	 	20
17	 	0.76249946	 	0.00000132	 	18
18	 	0.76249988	 	0.00000056	 	13
34x34-Bare-3x3samepinxs  refinement = 2 S-2 keff= 0.76249988
flux distribution is saved in the flux_34x34-Bare-3x3samepinxs.m and .py file script
--- End of calculation ---


%********************************************************
%*                 .-~*~~~*~-.                          *
%*                .-~~~~~~~~~-.                         *
%*               /  X       X  \                        *
%*              |    .-----.    |                       *
%*               \  '_______'  /                        *
%*                `-.........-'                         *
%* *          ____   ___  ____ ____                     *
%*           |  _ \ / _ \_   _| __ )                    *
%*           | | | | | | || | |  _ \                    *
%*           | |_| | |_| || | | |_) |                   *
%*           |____/ \___/ |_| |____/                    *
%********************************************************
%*      Discrete Ordinate with Two Braincells           *
%********************************************************
    
34x34-Bare-3x3samepinxs	2 group
XS file: mini3x3-largepins-2g.xs
S-2	 quad set, 	 mesh refinement: 2

iteration 	 keff 	 	 error 	 	 iteration 
1	 	0.53366795	 	-0.87382434	 	20
2	 	0.66778519	 	0.20083889	 	20
3	 	0.72206911	 	0.07517830	 	20
4	 	0.74449727	 	0.03012524	 	20
5	 	0.75431217	 	0.01301172	 	20
6	 	0.75873596	 	0.00583047	 	20
7	 	0.76075856	 	0.00265867	 	20
8	 	0.76169058	 	0.00122362	 	20
9	 	0.76212232	 	0.00056650	 	20
10	 	0.76232319	 	0.00026349	 	20
11	 	0.76241702	 	0.00012307	 	20
12	 	0.76246102	 	0.00005772	 	20
13	 	0.76248175	 	0.00002718	 	20
14	 	0.76249156	 	0.00001286	 	20
15	 	0.76249622	 	0.00000612	 	20
16	 	0.76249845	 	0.00000292	 	20
17	 	0.76249946	 	0.00000132	 	18
18	 	0.76249988	 	0.00000056	 	13
34x34-Bare-3x3samepinxs  refinement = 2 S-2 keff= 0.76249988
flux distribution is saved in the flux_34x34-Bare-3x3samepinxs.m and .py file script
--- End of calculation ---


%********************************************************
%*                 .-~*~~~*~-.                          *
%*                .-~~~~~~~~~-.                         *
%*               /  X       X  \                        *
%*              |    .-----.    |                       *
%*               \  '_______'  /                        *
%*                `-.........-'                         *
%* *          ____   ___  ____ ____                     *
%*           |  _ \ / _ \_   _| __ )                    *
%*           | | | | | | || | |  _ \                    *
%*           | |_| | |_| || | | |_) |                   *
%*           |____/ \___/ |_| |____/                    *
%********************************************************
%*      Discrete Ordinate with Two Braincells           *
%********************************************************
    
34x34-Bare-3x3samepinxs	2 group
XS file: mini3x3-largepins-2g.xs
S-2	 quad set, 	 mesh refinement: 2

iteration 	 keff 	 	 error 	 	 iteration 
1	 	0.53366795	 	-0.87382434	 	20
2	 	0.66778519	 	0.20083889	 	20
3	 	0.72206911	 	0.07517830	 	20
4	 	0.74449727	 	0.03012524	 	20
5	 	0.75431217	 	0.01301172	 	20
6	 	0.75873596	 	0.00583047	 	20
7	 	0.76075856	 	0.00265867	 	20
8	 	0.76169058	 	0.00122362	 	20
9	 	0.76212232	 	0.00056650	 	20
10	 	0.76232319	 	0.00026349	 	20
11	 	0.76241702	 	0.00012307	 	20
12	 	0.76246102	 	0.00005772	 	20
13	 	0.76248175	 	0.00002718	 	20
14	 	0.76249156	 	0.00001286	 	20
15	 	0.76249622	 	0.00000612	 	20
16	 	0.76249845	 	0.00000292	 	20
17	 	0.76249946	 	0.00000132	 	18
18	 	0.76249988	 	0.00000056	 	13
34x34-Bare-3x3samepinxs  refinement = 2 S-2 keff= 0.76249988
flux distribution is saved in the flux_34x34-Bare-3x3samepinxs.m and .py file script
--- End of calculation ---


%********************************************************
%*                 .-~*~~~*~-.                          *
%*                .-~~~~~~~~~-.                         *
%*               /  X       X  \                        *
%*              |    .-----.    |                       *
%*               \  '_______'  /                        *
%*                `-.........-'                         *
%* *          ____   ___  ____ ____                     *
%*           |  _ \ / _ \_   _| __ )                    *
%*           | | | | | | || | |  _ \                    *
%*           | |_| | |_| || | | |_) |                   *
%*           |____/ \___/ |_| |____/                    *
%********************************************************
%*      Discrete Ordinate with Two Braincells           *
%********************************************************
    
34x34-Bare-3x3samepinxs	2 group
XS file: mini3x3-largepins-2g.xs
S-2	 quad set, 	 mesh refinement: 1

iteration 	 keff 	 	 error 	 	 iteration 
1	 	0.53358361	 	-0.87412053	 	20
2	 	0.66794285	 	0.20115380	 	20
3	 	0.72225893	 	0.07520306	 	20
4	 	0.74477550	 	0.03023269	 	20
5	 	0.75459189	 	0.01300887	 	20
6	 	0.75897666	 	0.00577722	 	20
7	 	0.76095910	 	0.00260519	 	20
8	 	0.76186214	 	0.00118530	 	20
9	 	0.76227591	 	0.00054281	 	20
10	 	0.76246653	 	0.00025000	 	20
11	 	0.76255482	 	0.00011578	 	20
12	 	0.76259594	 	0.00005392	 	20
13	 	0.76261520	 	0.00002526	 	20
14	 	0.76262429	 	0.00001191	 	20
15	 	0.76262860	 	0.00000566	 	20
16	 	0.76263067	 	0.00000271	 	20
17	 	0.76263160	 	0.00000123	 	18
18	 	0.76263200	 	0.00000052	 	13
34x34-Bare-3x3samepinxs  refinement = 1 S-2 keff= 0.76263200
flux distribution is saved in the flux_34x34-Bare-3x3samepinxs.m and .py file script
--- End of calculation ---


%********************************************************
%*                 .-~*~~~*~-.                          *
%*                .-~~~~~~~~~-.                         *
%*               /  X       X  \                        *
%*              |    .-----.    |                       *
%*               \  '_______'  /                        *
%*                `-.........-'                         *
%* *          ____   ___  ____ ____                     *
%*           |  _ \ / _ \_   _| __ )                    *
%*           | | | | | | || | |  _ \                    *
%*           | |_| | |_| || | | |_) |                   *
%*           |____/ \___/ |_| |____/                    *
%********************************************************
%*      Discrete Ordinate with Two Braincells           *
%********************************************************
    
34x34-Bare-3x3samepinxs	2 group
XS file: mini3x3-largepins-2g.xs
S-16	 quad set, 	 mesh refinement: 1

iteration 	 keff 	 	 error 	 	 iteration 
1	 	0.54734006	 	-0.82701773	 	20
2	 	0.67616359	 	0.19052124	 	20
3	 	0.72797502	 	0.07117198	 	20
4	 	0.74997207	 	0.02933050	 	20
5	 	0.75990499	 	0.01307126	 	20
6	 	0.76452734	 	0.00604602	 	20
7	 	0.76671204	 	0.00284945	 	20
8	 	0.76775445	 	0.00135774	 	20
9	 	0.76825529	 	0.00065192	 	20
10	 	0.76849736	 	0.00031498	 	20
11	 	0.76861499	 	0.00015305	 	20
12	 	0.76867247	 	0.00007477	 	20
13	 	0.76870071	 	0.00003674	 	20
14	 	0.76871466	 	0.00001815	 	20
15	 	0.76872160	 	0.00000903	 	20
16	 	0.76872507	 	0.00000452	 	20
17	 	0.76872682	 	0.00000227	 	20
18	 	0.76872765	 	0.00000108	 	18
19	 	0.76872802	 	0.00000048	 	13
34x34-Bare-3x3samepinxs  refinement = 1 S-16 keff= 0.76872802
flux distribution is saved in the flux_34x34-Bare-3x3samepinxs.m and .py file script
--- End of calculation ---


%********************************************************
%*                 .-~*~~~*~-.                          *
%*                .-~~~~~~~~~-.                         *
%*               /  X       X  \                        *
%*              |    .-----.    |                       *
%*               \  '_______'  /                        *
%*                `-.........-'                         *
%* *          ____   ___  ____ ____                     *
%*           |  _ \ / _ \_   _| __ )                    *
%*           | | | | | | || | |  _ \                    *
%*           | |_| | |_| || | | |_) |                   *
%*           |____/ \___/ |_| |____/                    *
%********************************************************
%*      Discrete Ordinate with Two Braincells           *
%********************************************************
    
34x34-Bare-3x3samepinxs	2 group
XS file: mini3x3-largepins-2g.xs
S-16	 quad set, 	 mesh refinement: 1

iteration 	 keff 	 	 error 	 	 iteration 
1	 	0.54734006	 	-0.82701773	 	20
2	 	0.67616359	 	0.19052124	 	20
3	 	0.72797502	 	0.07117198	 	20
4	 	0.74997207	 	0.02933050	 	20
5	 	0.75990499	 	0.01307126	 	20
6	 	0.76452734	 	0.00604602	 	20
7	 	0.76671204	 	0.00284945	 	20
8	 	0.76775445	 	0.00135774	 	20
9	 	0.76825529	 	0.00065192	 	20
10	 	0.76849736	 	0.00031498	 	20
11	 	0.76861499	 	0.00015305	 	20
12	 	0.76867247	 	0.00007477	 	20
13	 	0.76870071	 	0.00003674	 	20
14	 	0.76871466	 	0.00001815	 	20
15	 	0.76872160	 	0.00000903	 	20
16	 	0.76872507	 	0.00000452	 	20
17	 	0.76872682	 	0.00000227	 	20
18	 	0.76872765	 	0.00000108	 	18
19	 	0.76872802	 	0.00000048	 	13
34x34-Bare-3x3samepinxs  refinement = 1 S-16 keff= 0.76872802
flux distribution is saved in the flux_34x34-Bare-3x3samepinxs.m and .py file script
--- End of calculation ---


%********************************************************
%*                 .-~*~~~*~-.                          *
%*                .-~~~~~~~~~-.                         *
%*               /  X       X  \                        *
%*              |    .-----.    |                       *
%*               \  '_______'  /                        *
%*                `-.........-'                         *
%* *          ____   ___  ____ ____                     *
%*           |  _ \ / _ \_   _| __ )                    *
%*           | | | | | | || | |  _ \                    *
%*           | |_| | |_| || | | |_) |                   *
%*           |____/ \___/ |_| |____/                    *
%********************************************************
%*      Discrete Ordinate with Two Braincells           *
%********************************************************
    
34x34-Bare-3x3samepinxs	2 group
XS file: mini3x3-largepins-2g.xs
S-16	 quad set, 	 mesh refinement: 1

iteration 	 keff 	 	 error 	 	 iteration 
1	 	0.54734006	 	-0.82701773	 	20
2	 	0.67616359	 	0.19052124	 	20
3	 	0.72797502	 	0.07117198	 	20

%********************************************************
%*                 .-~*~~~*~-.                          *
%*                .-~~~~~~~~~-.                         *
%*               /  X       X  \                        *
%*              |    .-----.    |                       *
%*               \  '_______'  /                        *
%*                `-.........-'                         *
%* *          ____   ___  ____ ____                     *
%*           |  _ \ / _ \_   _| __ )                    *
%*           | | | | | | || | |  _ \                    *
%*           | |_| | |_| || | | |_) |                   *
%*           |____/ \___/ |_| |____/                    *
%********************************************************
%*      Discrete Ordinate with Two Braincells           *
%********************************************************
    
34x34-Bare-3x3samepinxs	2 group
XS file: mini3x3-largepins-2g.xs
S-16	 quad set, 	 mesh refinement: 1

iteration 	 keff 	 	 error 	 	 iteration 
1	 	0.54734006	 	-0.82701773	 	20
2	 	0.67616359	 	0.19052124	 	20
3	 	0.72797502	 	0.07117198	 	20
4	 	0.74997207	 	0.02933050	 	20
5	 	0.75990499	 	0.01307126	 	20
6	 	0.76452734	 	0.00604602	 	20
7	 	0.76671204	 	0.00284945	 	20
8	 	0.76775445	 	0.00135774	 	20
9	 	0.76825529	 	0.00065192	 	20
10	 	0.76849736	 	0.00031498	 	20
11	 	0.76861499	 	0.00015305	 	20
12	 	0.76867247	 	0.00007477	 	20
13	 	0.76870071	 	0.00003674	 	20
14	 	0.76871466	 	0.00001815	 	20
15	 	0.76872160	 	0.00000903	 	20
16	 	0.76872507	 	0.00000452	 	20
17	 	0.76872682	 	0.00000227	 	20
18	 	0.76872765	 	0.00000108	 	18
19	 	0.76872802	 	0.00000048	 	13
34x34-Bare-3x3samepinxs  refinement = 1 S-16 keff= 0.76872802
flux distribution is saved in the flux_34x34-Bare-3x3samepinxs.m and .py file script
--- End of calculation ---


%********************************************************
%*                 .-~*~~~*~-.                          *
%*                .-~~~~~~~~~-.                         *
%*               /  X       X  \                        *
%*              |    .-----.    |                       *
%*               \  '_______'  /                        *
%*                `-.........-'                         *
%* *          ____   ___  ____ ____                     *
%*           |  _ \ / _ \_   _| __ )                    *
%*           | | | | | | || | |  _ \                    *
%*           | |_| | |_| || | | |_) |                   *
%*           |____/ \___/ |_| |____/                    *
%********************************************************
%*      Discrete Ordinate with Two Braincells           *
%********************************************************
    
34x34-Bare-3x3samepinxs	2 group
XS file: mini3x3-largepins-2g.xs
S-2	 quad set, 	 mesh refinement: 1

iteration 	 keff 	 	 error 	 	 iteration 
1	 	0.53358361	 	-0.87412053	 	20
2	 	0.66794285	 	0.20115380	 	20
3	 	0.72225893	 	0.07520306	 	20
4	 	0.74477550	 	0.03023269	 	20
5	 	0.75459189	 	0.01300887	 	20
6	 	0.75897666	 	0.00577722	 	20
7	 	0.76095910	 	0.00260519	 	20
8	 	0.76186214	 	0.00118530	 	20
9	 	0.76227591	 	0.00054281	 	20
10	 	0.76246653	 	0.00025000	 	20
11	 	0.76255482	 	0.00011578	 	20
12	 	0.76259594	 	0.00005392	 	20
13	 	0.76261520	 	0.00002526	 	20
14	 	0.76262429	 	0.00001191	 	20
15	 	0.76262860	 	0.00000566	 	20
16	 	0.76263067	 	0.00000271	 	20
17	 	0.76263160	 	0.00000123	 	18
18	 	0.76263200	 	0.00000052	 	13
34x34-Bare-3x3samepinxs  refinement = 1 S-2 keff= 0.76263200
flux distribution is saved in the flux_34x34-Bare-3x3samepinxs.m and .py file script
--- End of calculation ---


%********************************************************
%*                 .-~*~~~*~-.                          *
%*                .-~~~~~~~~~-.                         *
%*               /  X       X  \                        *
%*              |    .-----.    |                       *
%*               \  '_______'  /                        *
%*                `-.........-'                         *
%* *          ____   ___  ____ ____                     *
%*           |  _ \ / _ \_   _| __ )                    *
%*           | | | | | | || | |  _ \                    *
%*           | |_| | |_| || | | |_) |                   *
%*           |____/ \___/ |_| |____/                    *
%********************************************************
%*      Discrete Ordinate with Two Braincells           *
%********************************************************
    
34x34-Bare-3x3samepinxs	2 group
XS file: mini3x3-largepins-2g.xs
S-2	 quad set, 	 mesh refinement: 1

iteration 	 keff 	 	 error 	 	 iteration 
1	 	0.53358361	 	-0.87412053	 	20
2	 	0.66794285	 	0.20115380	 	20
3	 	0.72225893	 	0.07520306	 	20
4	 	0.74477550	 	0.03023269	 	20
5	 	0.75459189	 	0.01300887	 	20
6	 	0.75897666	 	0.00577722	 	20
7	 	0.76095910	 	0.00260519	 	20
8	 	0.76186214	 	0.00118530	 	20
9	 	0.76227591	 	0.00054281	 	20
10	 	0.76246653	 	0.00025000	 	20
11	 	0.76255482	 	0.00011578	 	20
12	 	0.76259594	 	0.00005392	 	20
13	 	0.76261520	 	0.00002526	 	20
14	 	0.76262429	 	0.00001191	 	20
15	 	0.76262860	 	0.00000566	 	20
16	 	0.76263067	 	0.00000271	 	20
17	 	0.76263160	 	0.00000123	 	18
18	 	0.76263200	 	0.00000052	 	13

%********************************************************
%*                 .-~*~~~*~-.                          *
%*                .-~~~~~~~~~-.                         *
%*               /  X       X  \                        *
%*              |    .-----.    |                       *
%*               \  '_______'  /                        *
%*                `-.........-'                         *
%* *          ____   ___  ____ ____                     *
%*           |  _ \ / _ \_   _| __ )                    *
%*           | | | | | | || | |  _ \                    *
%*           | |_| | |_| || | | |_) |                   *
%*           |____/ \___/ |_| |____/                    *
%********************************************************
%*      Discrete Ordinate with Two Braincells           *
%********************************************************
    
34x34-Bare-3x3samepinxs	2 group
XS file: mini3x3-largepins-2g.xs
S-2	 quad set, 	 mesh refinement: 1

iteration 	 keff 	 	 error 	 	 iteration 
1	 	0.53358361	 	-0.87412053	 	20
2	 	0.66794285	 	0.20115380	 	20
3	 	0.72225893	 	0.07520306	 	20
4	 	0.74477550	 	0.03023269	 	20
5	 	0.75459189	 	0.01300887	 	20
6	 	0.75897666	 	0.00577722	 	20
7	 	0.76095910	 	0.00260519	 	20
8	 	0.76186214	 	0.00118530	 	20
9	 	0.76227591	 	0.00054281	 	20
10	 	0.76246653	 	0.00025000	 	20
11	 	0.76255482	 	0.00011578	 	20
12	 	0.76259594	 	0.00005392	 	20
13	 	0.76261520	 	0.00002526	 	20
14	 	0.76262429	 	0.00001191	 	20
15	 	0.76262860	 	0.00000566	 	20
16	 	0.76263067	 	0.00000271	 	20
17	 	0.76263160	 	0.00000123	 	18
18	 	0.76263200	 	0.00000052	 	13

%********************************************************
%*                 .-~*~~~*~-.                          *
%*                .-~~~~~~~~~-.                         *
%*               /  X       X  \                        *
%*              |    .-----.    |                       *
%*               \  '_______'  /                        *
%*                `-.........-'                         *
%* *          ____   ___  ____ ____                     *
%*           |  _ \ / _ \_   _| __ )                    *
%*           | | | | | | || | |  _ \                    *
%*           | |_| | |_| || | | |_) |                   *
%*           |____/ \___/ |_| |____/                    *
%********************************************************
%*      Discrete Ordinate with Two Braincells           *
%********************************************************
    
34x34-Bare-3x3samepinxs	2 group
XS file: mini3x3-largepins-2g.xs
S-2	 quad set, 	 mesh refinement: 1

iteration 	 keff 	 	 error 	 	 iteration 
1	 	0.53358361	 	-0.87412053	 	20
2	 	0.66794285	 	0.20115380	 	20
3	 	0.72225893	 	0.07520306	 	20
4	 	0.74477550	 	0.03023269	 	20
5	 	0.75459189	 	0.01300887	 	20
6	 	0.75897666	 	0.00577722	 	20
7	 	0.76095910	 	0.00260519	 	20
8	 	0.76186214	 	0.00118530	 	20
9	 	0.76227591	 	0.00054281	 	20
10	 	0.76246653	 	0.00025000	 	20
11	 	0.76255482	 	0.00011578	 	20
12	 	0.76259594	 	0.00005392	 	20
13	 	0.76261520	 	0.00002526	 	20
14	 	0.76262429	 	0.00001191	 	20
15	 	0.76262860	 	0.00000566	 	20
16	 	0.76263067	 	0.00000271	 	20
17	 	0.76263160	 	0.00000123	 	18
18	 	0.76263200	 	0.00000052	 	13
34x34-Bare-3x3samepinxs  refinement = 1 S-2 keff= 0.76263200
flux distribution is saved in the flux_34x34-Bare-3x3samepinxs.m and .py file script
--- End of calculation ---


%********************************************************
%*                 .-~*~~~*~-.                          *
%*                .-~~~~~~~~~-.                         *
%*               /  X       X  \                        *
%*              |    .-----.    |                       *
%*               \  '_______'  /                        *
%*                `-.........-'                         *
%* *          ____   ___  ____ ____                     *
%*           |  _ \ / _ \_   _| __ )                    *
%*           | | | | | | || | |  _ \                    *
%*           | |_| | |_| || | | |_) |                   *
%*           |____/ \___/ |_| |____/                    *
%********************************************************
%*      Discrete Ordinate with Two Braincells           *
%********************************************************
    
34x34-Bare-3x3samepinxs	2 group
XS file: mini3x3-largepins-2g.xs
S-2	 quad set, 	 mesh refinement: 1

iteration 	 keff 	 	 error 	 	 iteration 
1	 	0.53358361	 	-0.87412053	 	20
2	 	0.66794285	 	0.20115380	 	20
3	 	0.72225893	 	0.07520306	 	20
4	 	0.74477550	 	0.03023269	 	20
5	 	0.75459189	 	0.01300887	 	20
6	 	0.75897666	 	0.00577722	 	20
7	 	0.76095910	 	0.00260519	 	20
8	 	0.76186214	 	0.00118530	 	20
9	 	0.76227591	 	0.00054281	 	20
10	 	0.76246653	 	0.00025000	 	20
11	 	0.76255482	 	0.00011578	 	20
12	 	0.76259594	 	0.00005392	 	20
13	 	0.76261520	 	0.00002526	 	20
14	 	0.76262429	 	0.00001191	 	20
15	 	0.76262860	 	0.00000566	 	20
16	 	0.76263067	 	0.00000271	 	20
17	 	0.76263160	 	0.00000123	 	18
18	 	0.76263200	 	0.00000052	 	13

%********************************************************
%*                 .-~*~~~*~-.                          *
%*                .-~~~~~~~~~-.                         *
%*               /  X       X  \                        *
%*              |    .-----.    |                       *
%*               \  '_______'  /                        *
%*                `-.........-'                         *
%* *          ____   ___  ____ ____                     *
%*           |  _ \ / _ \_   _| __ )                    *
%*           | | | | | | || | |  _ \                    *
%*           | |_| | |_| || | | |_) |                   *
%*           |____/ \___/ |_| |____/                    *
%********************************************************
%*      Discrete Ordinate with Two Braincells           *
%********************************************************
    
34x34-Bare-3x3samepinxs	2 group
XS file: mini3x3-largepins-2g.xs
S-2	 quad set, 	 mesh refinement: 1

iteration 	 keff 	 	 error 	 	 iteration 
1	 	0.53358361	 	-0.87412053	 	20
2	 	0.66794285	 	0.20115380	 	20
3	 	0.72225893	 	0.07520306	 	20
4	 	0.74477550	 	0.03023269	 	20
5	 	0.75459189	 	0.01300887	 	20
6	 	0.75897666	 	0.00577722	 	20
7	 	0.76095910	 	0.00260519	 	20
8	 	0.76186214	 	0.00118530	 	20
9	 	0.76227591	 	0.00054281	 	20
10	 	0.76246653	 	0.00025000	 	20
11	 	0.76255482	 	0.00011578	 	20
12	 	0.76259594	 	0.00005392	 	20
13	 	0.76261520	 	0.00002526	 	20
14	 	0.76262429	 	0.00001191	 	20
15	 	0.76262860	 	0.00000566	 	20
16	 	0.76263067	 	0.00000271	 	20
17	 	0.76263160	 	0.00000123	 	18
18	 	0.76263200	 	0.00000052	 	13
34x34-Bare-3x3samepinxs  refinement = 1 S-2 keff= 0.76263200
flux distribution is saved in the flux_34x34-Bare-3x3samepinxs.m and .py file script
--- End of calculation ---


%********************************************************
%*                 .-~*~~~*~-.                          *
%*                .-~~~~~~~~~-.                         *
%*               /  X       X  \                        *
%*              |    .-----.    |                       *
%*               \  '_______'  /                        *
%*                `-.........-'                         *
%* *          ____   ___  ____ ____                     *
%*           |  _ \ / _ \_   _| __ )                    *
%*           | | | | | | || | |  _ \                    *
%*           | |_| | |_| || | | |_) |                   *
%*           |____/ \___/ |_| |____/                    *
%********************************************************
%*      Discrete Ordinate with Two Braincells           *
%********************************************************
    
34x34-Bare-3x3samepinxs	2 group
XS file: mini3x3-largepins-2g.xs
S-2	 quad set, 	 mesh refinement: 2

iteration 	 keff 	 	 error 	 	 iteration 
1	 	0.53366795	 	-0.87382434	 	20
2	 	0.66778519	 	0.20083889	 	20
3	 	0.72206911	 	0.07517830	 	20
4	 	0.74449727	 	0.03012524	 	20
5	 	0.75431217	 	0.01301172	 	20
6	 	0.75873596	 	0.00583047	 	20
7	 	0.76075856	 	0.00265867	 	20
8	 	0.76169058	 	0.00122362	 	20
9	 	0.76212232	 	0.00056650	 	20
10	 	0.76232319	 	0.00026349	 	20
11	 	0.76241702	 	0.00012307	 	20
12	 	0.76246102	 	0.00005772	 	20
13	 	0.76248175	 	0.00002718	 	20
14	 	0.76249156	 	0.00001286	 	20
15	 	0.76249622	 	0.00000612	 	20
16	 	0.76249845	 	0.00000292	 	20
17	 	0.76249946	 	0.00000132	 	18
18	 	0.76249988	 	0.00000056	 	13
34x34-Bare-3x3samepinxs  refinement = 2 S-2 keff= 0.76249988
flux distribution is saved in the flux_34x34-Bare-3x3samepinxs.m and .py file script
--- End of calculation ---


%********************************************************
%*                 .-~*~~~*~-.                          *
%*                .-~~~~~~~~~-.                         *
%*               /  X       X  \                        *
%*              |    .-----.    |                       *
%*               \  '_______'  /                        *
%*                `-.........-'                         *
%* *          ____   ___  ____ ____                     *
%*           |  _ \ / _ \_   _| __ )                    *
%*           | | | | | | || | |  _ \                    *
%*           | |_| | |_| || | | |_) |                   *
%*           |____/ \___/ |_| |____/                    *
%********************************************************
%*      Discrete Ordinate with Two Braincells           *
%********************************************************
    
34x34-Bare-3x3samepinxs	2 group
XS file: mini3x3-largepins-2g.xs
S-2	 quad set, 	 mesh refinement: 3

iteration 	 keff 	 	 error 	 	 iteration 
1	 	0.53427351	 	-0.87170052	 	20
2	 	0.66862946	 	0.20094232	 	20
3	 	0.72290452	 	0.07507915	 	20
4	 	0.74531802	 	0.03007240	 	20
5	 	0.75511603	 	0.01297551	 	20
6	 	0.75952534	 	0.00580534	 	20
7	 	0.76153779	 	0.00264262	 	20
8	 	0.76246350	 	0.00121410	 	20
9	 	0.76289159	 	0.00056114	 	20
10	 	0.76309043	 	0.00026057	 	20
11	 	0.76318317	 	0.00012152	 	20
12	 	0.76322661	 	0.00005691	 	20
13	 	0.76324704	 	0.00002677	 	20
14	 	0.76325670	 	0.00001265	 	20
15	 	0.76326128	 	0.00000601	 	20
16	 	0.76326348	 	0.00000287	 	20
17	 	0.76326447	 	0.00000130	 	18
18	 	0.76326488	 	0.00000055	 	13
34x34-Bare-3x3samepinxs  refinement = 3 S-2 keff= 0.76326488
flux distribution is saved in the flux_34x34-Bare-3x3samepinxs.m and .py file script
--- End of calculation ---

