
**************************************************
*         .-~*~~~*~-.                           *
*        .-~~~~~~~~~-.                           *
*       /  X       X  \                          *
*      |    .-----.    |                         *
*       \  '_______'  /                          *
*        `-.........-'                           *
* *  ____   ___  ____ ____                       *
*   |  _ \ / _ \_   _| __ )                      *
*   | | | | | | || | |  _ \                      *
*   | |_| | |_| || | | |_) |                     *
*   |____/ \___/ |_| |____/                      *
* *
*   Discrete Ordinate with Two Braincells        *
**************************************************
    
34x34-Bare	2 group
XS file: mini3x3-pin-cart-2g.xs
S-16	 quad set, 	 mesh refinement: 4

iteration 	 keff 	 	 error 	 	 iteration 
1	 	0.62521413	 	-0.59945201	 	20
2	 	0.73613774	 	0.15068323	 	20
3	 	0.77828031	 	0.05414832	 	20
4	 	0.79723836	 	0.02377965	 	20
5	 	0.80664702	 	0.01166391	 	20
6	 	0.81149644	 	0.00597590	 	20
7	 	0.81403790	 	0.00312204	 	20
8	 	0.81538227	 	0.00164876	 	20
9	 	0.81609800	 	0.00087702	 	20
10	 	0.81648105	 	0.00046914	 	20
11	 	0.81668701	 	0.00025218	 	20
12	 	0.81679824	 	0.00013618	 	20
13	 	0.81685858	 	0.00007387	 	20
14	 	0.81689146	 	0.00004025	 	20
15	 	0.81690946	 	0.00002204	 	20
16	 	0.81691936	 	0.00001212	 	20
17	 	0.81692484	 	0.00000670	 	20
18	 	0.81692789	 	0.00000373	 	20
19	 	0.81692959	 	0.00000208	 	20
20	 	0.81693046	 	0.00000107	 	17
21	 	0.81693095	 	0.00000060	 	14
34x34-Bare  refinement = 4 S-16 keff= 0.81693095
flux distribution is saved in the flux_34x34-Bare.m and .py file script
--- End of calculation ---


**************************************************
*         .-~*~~~*~-.                           *
*        .-~~~~~~~~~-.                           *
*       /  X       X  \                          *
*      |    .-----.    |                         *
*       \  '_______'  /                          *
*        `-.........-'                           *
* *  ____   ___  ____ ____                       *
*   |  _ \ / _ \_   _| __ )                      *
*   | | | | | | || | |  _ \                      *
*   | |_| | |_| || | | |_) |                     *
*   |____/ \___/ |_| |____/                      *
* *
*   Discrete Ordinate with Two Braincells        *
**************************************************
    
34x34-Bare	2 group
XS file: mini3x3-pin-cart-2g.xs
S-16	 quad set, 	 mesh refinement: 1

iteration 	 keff 	 	 error 	 	 iteration 
1	 	0.62421272	 	-0.60201799	 	20
2	 	0.73446761	 	0.15011539	 	20
3	 	0.77713114	 	0.05489875	 	20
4	 	0.79666031	 	0.02451380	 	20
5	 	0.80633645	 	0.01200012	 	20
6	 	0.81126302	 	0.00607273	 	20
7	 	0.81380345	 	0.00312167	 	20
8	 	0.81512488	 	0.00162114	 	20
9	 	0.81581740	 	0.00084886	 	20
10	 	0.81618290	 	0.00044781	 	20
11	 	0.81637715	 	0.00023795	 	20
12	 	0.81648112	 	0.00012734	 	20
13	 	0.81653717	 	0.00006865	 	20
14	 	0.81656762	 	0.00003728	 	20
15	 	0.81658428	 	0.00002041	 	20
16	 	0.81659347	 	0.00001126	 	20
17	 	0.81659859	 	0.00000626	 	20
18	 	0.81660145	 	0.00000351	 	20
19	 	0.81660307	 	0.00000198	 	20
20	 	0.81660391	 	0.00000103	 	17
21	 	0.81660439	 	0.00000059	 	14
34x34-Bare  refinement = 1 S-16 keff= 0.81660439
flux distribution is saved in the flux_34x34-Bare.m and .py file script
--- End of calculation ---


**************************************************
*         .-~*~~~*~-.                           *
*        .-~~~~~~~~~-.                           *
*       /  X       X  \                          *
*      |    .-----.    |                         *
*       \  '_______'  /                          *
*        `-.........-'                           *
* *  ____   ___  ____ ____                       *
*   |  _ \ / _ \_   _| __ )                      *
*   | | | | | | || | |  _ \                      *
*   | |_| | |_| || | | |_) |                     *
*   |____/ \___/ |_| |____/                      *
* *
*   Discrete Ordinate with Two Braincells        *
**************************************************
    
34x34-Bare	2 group
XS file: mini3x3-pin-cart-2g.xs
S-16	 quad set, 	 mesh refinement: 8

iteration 	 keff 	 	 error 	 	 iteration 
1	 	0.62479638	 	-0.60052145	 	20
2	 	0.73570084	 	0.15074668	 	20
3	 	0.77786424	 	0.05420406	 	20
4	 	0.79683809	 	0.02381142	 	20
5	 	0.80625496	 	0.01167977	 	20
6	 	0.81110800	 	0.00598322	 	20
7	 	0.81365086	 	0.00312525	 	20
8	 	0.81499570	 	0.00165011	 	20
9	 	0.81571155	 	0.00087758	 	20
10	 	0.81609459	 	0.00046937	 	20
11	 	0.81630052	 	0.00025227	 	20
12	 	0.81641173	 	0.00013622	 	20
13	 	0.81647206	 	0.00007389	 	20
14	 	0.81650493	 	0.00004026	 	20
15	 	0.81652293	 	0.00002204	 	20
16	 	0.81653284	 	0.00001213	 	20
17	 	0.81653831	 	0.00000671	 	20
18	 	0.81654136	 	0.00000373	 	20
19	 	0.81654306	 	0.00000209	 	20
20	 	0.81654394	 	0.00000107	 	17
21	 	0.81654443	 	0.00000060	 	14
34x34-Bare  refinement = 8 S-16 keff= 0.81654443
flux distribution is saved in the flux_34x34-Bare.m and .py file script
--- End of calculation ---


**************************************************
*         .-~*~~~*~-.                           *
*        .-~~~~~~~~~-.                           *
*       /  X       X  \                          *
*      |    .-----.    |                         *
*       \  '_______'  /                          *
*        `-.........-'                           *
* *  ____   ___  ____ ____                       *
*   |  _ \ / _ \_   _| __ )                      *
*   | | | | | | || | |  _ \                      *
*   | |_| | |_| || | | |_) |                     *
*   |____/ \___/ |_| |____/                      *
* *
*   Discrete Ordinate with Two Braincells        *
**************************************************
    
34x34-Bare	2 group
XS file: mini3x3-pin-cart-2g.xs
S-16	 quad set, 	 mesh refinement: 8

iteration 	 keff 	 	 error 	 	 iteration 
1	 	0.67814547	 	-0.47460987	 	85
2	 	0.75901936	 	0.10655050	 	75
3	 	0.78938160	 	0.03846333	 	69
4	 	0.80314379	 	0.01713539	 	63
5	 	0.80980142	 	0.00822131	 	58
6	 	0.81311197	 	0.00407145	 	54
7	 	0.81478086	 	0.00204828	 	49
8	 	0.81563048	 	0.00104167	 	44
9	 	0.81606724	 	0.00053519	 	40
10	 	0.81629189	 	0.00027521	 	35
11	 	0.81640931	 	0.00014383	 	31
12	 	0.81647085	 	0.00007537	 	27
13	 	0.81650337	 	0.00003983	 	23
14	 	0.81652120	 	0.00002184	 	20
15	 	0.81653094	 	0.00001192	 	17
16	 	0.81653604	 	0.00000624	 	13
34x34-Bare  refinement = 8 S-16 keff= 0.81653604
flux distribution is saved in the flux_34x34-Bare.m and .py file script
--- End of calculation ---


**************************************************
*         .-~*~~~*~-.                           *
*        .-~~~~~~~~~-.                           *
*       /  X       X  \                          *
*      |    .-----.    |                         *
*       \  '_______'  /                          *
*        `-.........-'                           *
* *  ____   ___  ____ ____                       *
*   |  _ \ / _ \_   _| __ )                      *
*   | | | | | | || | |  _ \                      *
*   | |_| | |_| || | | |_) |                     *
*   |____/ \___/ |_| |____/                      *
* *
*   Discrete Ordinate with Two Braincells        *
**************************************************
    
34x34-Bare	2 group
XS file: mini3x3-pin-cart-2g-no-upscattering.xs
S-16	 quad set, 	 mesh refinement: 2

iteration 	 keff 	 	 error 	 	 iteration 

**************************************************
*         .-~*~~~*~-.                           *
*        .-~~~~~~~~~-.                           *
*       /  X       X  \                          *
*      |    .-----.    |                         *
*       \  '_______'  /                          *
*        `-.........-'                           *
* *  ____   ___  ____ ____                       *
*   |  _ \ / _ \_   _| __ )                      *
*   | | | | | | || | |  _ \                      *
*   | |_| | |_| || | | |_) |                     *
*   |____/ \___/ |_| |____/                      *
* *
*   Discrete Ordinate with Two Braincells        *
**************************************************
    
34x34-Bare	2 group
XS file: mini3x3-pin-cart-2g-no-upscattering.xs
S-16	 quad set, 	 mesh refinement: 1

iteration 	 keff 	 	 error 	 	 iteration 
1	 	0.62370743	 	-0.60331583	 	20
2	 	0.73380197	 	0.15003304	 	20
3	 	0.77637091	 	0.05483067	 	20
4	 	0.79586018	 	0.02448832	 	20
5	 	0.80552014	 	0.01199220	 	20
6	 	0.81044039	 	0.00607108	 	20
7	 	0.81297854	 	0.00312204	 	20
8	 	0.81429931	 	0.00162197	 	20
9	 	0.81499175	 	0.00084963	 	20
10	 	0.81535735	 	0.00044839	 	20
11	 	0.81555174	 	0.00023834	 	20
12	 	0.81565582	 	0.00012760	 	20
13	 	0.81571195	 	0.00006881	 	20
14	 	0.81574245	 	0.00003739	 	20
15	 	0.81575872	 	0.00001995	 	19
16	 	0.81576716	 	0.00001034	 	16
17	 	0.81577183	 	0.00000572	 	13
34x34-Bare  refinement = 1 S-16 keff= 0.81577183
flux distribution is saved in the flux_34x34-Bare.m and .py file script
--- End of calculation ---


**************************************************
*         .-~*~~~*~-.                           *
*        .-~~~~~~~~~-.                           *
*       /  X       X  \                          *
*      |    .-----.    |                         *
*       \  '_______'  /                          *
*        `-.........-'                           *
* *  ____   ___  ____ ____                       *
*   |  _ \ / _ \_   _| __ )                      *
*   | | | | | | || | |  _ \                      *
*   | |_| | |_| || | | |_) |                     *
*   |____/ \___/ |_| |____/                      *
* *
*   Discrete Ordinate with Two Braincells        *
**************************************************
    
34x34-Bare	2 group
XS file: mini3x3-pin-cart-2g-no-upscattering.xs
S-16	 quad set, 	 mesh refinement: 2

iteration 	 keff 	 	 error 	 	 iteration 
1	 	0.62778859	 	-0.59289292	 	20
2	 	0.73877500	 	0.15023033	 	20
3	 	0.78064530	 	0.05363550	 	20
4	 	0.79940052	 	0.02346160	 	20
5	 	0.80870841	 	0.01150957	 	20
6	 	0.81351715	 	0.00591106	 	20
7	 	0.81604568	 	0.00309851	 	20
8	 	0.81738797	 	0.00164217	 	20
9	 	0.81810505	 	0.00087651	 	20
10	 	0.81848999	 	0.00047031	 	20
11	 	0.81869751	 	0.00025348	 	20
12	 	0.81880983	 	0.00013717	 	20
13	 	0.81887085	 	0.00007452	 	20
14	 	0.81890413	 	0.00004065	 	20
15	 	0.81892189	 	0.00002168	 	19
16	 	0.81893106	 	0.00001119	 	16
17	 	0.81893610	 	0.00000616	 	13
34x34-Bare  refinement = 2 S-16 keff= 0.81893610
flux distribution is saved in the flux_34x34-Bare.m and .py file script
--- End of calculation ---


**************************************************
*         .-~*~~~*~-.                           *
*        .-~~~~~~~~~-.                           *
*       /  X       X  \                          *
*      |    .-----.    |                         *
*       \  '_______'  /                          *
*        `-.........-'                           *
* *  ____   ___  ____ ____                       *
*   |  _ \ / _ \_   _| __ )                      *
*   | | | | | | || | |  _ \                      *
*   | |_| | |_| || | | |_) |                     *
*   |____/ \___/ |_| |____/                      *
* *
*   Discrete Ordinate with Two Braincells        *
**************************************************
    
34x34-Bare	2 group
XS file: mini3x3-pin-cart-2g-no-upscattering.xs
S-16	 quad set, 	 mesh refinement: 1

iteration 	 keff 	 	 error 	 	 iteration 
1	 	0.62370972	 	-0.60330995	 	20
2	 	0.73380599	 	0.15003458	 	20
3	 	0.77637379	 	0.05482900	 	20
4	 	0.79586236	 	0.02448736	 	20
5	 	0.80552208	 	0.01199187	 	20
6	 	0.81044226	 	0.00607099	 	20
7	 	0.81298041	 	0.00312202	 	20
8	 	0.81430118	 	0.00162198	 	20
9	 	0.81499363	 	0.00084964	 	20
10	 	0.81535924	 	0.00044840	 	20
11	 	0.81555362	 	0.00023835	 	20
12	 	0.81565771	 	0.00012761	 	20
13	 	0.81571384	 	0.00006882	 	20
14	 	0.81574434	 	0.00003739	 	20
15	 	0.81576062	 	0.00001995	 	19
16	 	0.81576906	 	0.00001034	 	16
17	 	0.81577373	 	0.00000573	 	13
34x34-Bare  refinement = 1 S-16 keff= 0.81577373
flux distribution is saved in the flux_34x34-Bare.m and .py file script
--- End of calculation ---


**************************************************
*         .-~*~~~*~-.                           *
*        .-~~~~~~~~~-.                           *
*       /  X       X  \                          *
*      |    .-----.    |                         *
*       \  '_______'  /                          *
*        `-.........-'                           *
* *  ____   ___  ____ ____                       *
*   |  _ \ / _ \_   _| __ )                      *
*   | | | | | | || | |  _ \                      *
*   | |_| | |_| || | | |_) |                     *
*   |____/ \___/ |_| |____/                      *
* *
*   Discrete Ordinate with Two Braincells        *
**************************************************
    
34x34-Bare	2 group
XS file: mini3x3-pin-cart-2g-no-upscattering.xs
S-16	 quad set, 	 mesh refinement: 2

iteration 	 keff 	 	 error 	 	 iteration 
1	 	0.62778819	 	-0.59289392	 	20
2	 	0.73877557	 	0.15023152	 	20
3	 	0.78064574	 	0.05363531	 	20
4	 	0.79940083	 	0.02346143	 	20
5	 	0.80870866	 	0.01150950	 	20
6	 	0.81351739	 	0.00591103	 	20
7	 	0.81604591	 	0.00309850	 	20
8	 	0.81738820	 	0.00164217	 	20
9	 	0.81810527	 	0.00087651	 	20
10	 	0.81849022	 	0.00047031	 	20
11	 	0.81869774	 	0.00025348	 	20
12	 	0.81881005	 	0.00013717	 	20
13	 	0.81887107	 	0.00007452	 	20
14	 	0.81890436	 	0.00004065	 	20
15	 	0.81892212	 	0.00002168	 	19
16	 	0.81893128	 	0.00001119	 	16
17	 	0.81893633	 	0.00000616	 	13
34x34-Bare  refinement = 2 S-16 keff= 0.81893633
flux distribution is saved in the flux_34x34-Bare.m and .py file script
--- End of calculation ---


**************************************************
*         .-~*~~~*~-.                           *
*        .-~~~~~~~~~-.                           *
*       /  X       X  \                          *
*      |    .-----.    |                         *
*       \  '_______'  /                          *
*        `-.........-'                           *
* *  ____   ___  ____ ____                       *
*   |  _ \ / _ \_   _| __ )                      *
*   | | | | | | || | |  _ \                      *
*   | |_| | |_| || | | |_) |                     *
*   |____/ \___/ |_| |____/                      *
* *
*   Discrete Ordinate with Two Braincells        *
**************************************************
    
34x34-Bare	2 group
XS file: mini3x3-pin-cart-2g-no-upscattering.xs
S-16	 quad set, 	 mesh refinement: 8

iteration 	 keff 	 	 error 	 	 iteration 
1	 	0.62426533	 	-0.60188296	 	20
2	 	0.73499479	 	0.15065339	 	20
3	 	0.77705711	 	0.05413028	 	20
4	 	0.79598868	 	0.02378372	 	20
5	 	0.80538832	 	0.01167095	 	20
6	 	0.81023443	 	0.00598112	 	20
7	 	0.81277467	 	0.00312539	 	20
8	 	0.81411864	 	0.00165083	 	20
9	 	0.81483431	 	0.00087830	 	20
10	 	0.81521741	 	0.00046994	 	20
11	 	0.81542345	 	0.00025268	 	20
12	 	0.81553477	 	0.00013649	 	20
13	 	0.81559517	 	0.00007406	 	20
14	 	0.81562810	 	0.00004037	 	20
15	 	0.81564567	 	0.00002154	 	19
16	 	0.81565475	 	0.00001113	 	16
17	 	0.81565975	 	0.00000613	 	13
34x34-Bare  refinement = 8 S-16 keff= 0.81565975
flux distribution is saved in the flux_34x34-Bare.m and .py file script
--- End of calculation ---


**************************************************
*         .-~*~~~*~-.                           *
*        .-~~~~~~~~~-.                           *
*       /  X       X  \                          *
*      |    .-----.    |                         *
*       \  '_______'  /                          *
*        `-.........-'                           *
* *  ____   ___  ____ ____                       *
*   |  _ \ / _ \_   _| __ )                      *
*   | | | | | | || | |  _ \                      *
*   | |_| | |_| || | | |_) |                     *
*   |____/ \___/ |_| |____/                      *
* *
*   Discrete Ordinate with Two Braincells        *
**************************************************
    
34x34-Bare	2 group
XS file: mini3x3-pin-cart-2g-no-upscattering.xs
S-16	 quad set, 	 mesh refinement: 8

iteration 	 keff 	 	 error 	 	 iteration 

**************************************************
*         .-~*~~~*~-.                           *
*        .-~~~~~~~~~-.                           *
*       /  X       X  \                          *
*      |    .-----.    |                         *
*       \  '_______'  /                          *
*        `-.........-'                           *
* *  ____   ___  ____ ____                       *
*   |  _ \ / _ \_   _| __ )                      *
*   | | | | | | || | |  _ \                      *
*   | |_| | |_| || | | |_) |                     *
*   |____/ \___/ |_| |____/                      *
* *
*   Discrete Ordinate with Two Braincells        *
**************************************************
    
34x34-Bare	2 group
XS file: mini3x3-pin-cart-2g-no-upscattering.xs
S-16	 quad set, 	 mesh refinement: 1

iteration 	 keff 	 	 error 	 	 iteration 
1	 	0.62370972	 	-0.60330995	 	20
2	 	0.73380599	 	0.15003458	 	20
3	 	0.77637379	 	0.05482900	 	20
4	 	0.79586236	 	0.02448736	 	20
5	 	0.80552208	 	0.01199187	 	20
6	 	0.81044226	 	0.00607099	 	20
7	 	0.81298041	 	0.00312202	 	20
8	 	0.81430118	 	0.00162198	 	20
9	 	0.81499363	 	0.00084964	 	20
10	 	0.81535924	 	0.00044840	 	20
11	 	0.81555362	 	0.00023835	 	20
12	 	0.81565771	 	0.00012761	 	20
13	 	0.81571384	 	0.00006882	 	20
14	 	0.81574434	 	0.00003739	 	20
15	 	0.81576062	 	0.00001995	 	19
16	 	0.81576906	 	0.00001034	 	16
17	 	0.81577373	 	0.00000573	 	13
34x34-Bare  refinement = 1 S-16 keff= 0.81577373
flux distribution is saved in the flux_34x34-Bare.m and .py file script
--- End of calculation ---


**************************************************
*         .-~*~~~*~-.                           *
*        .-~~~~~~~~~-.                           *
*       /  X       X  \                          *
*      |    .-----.    |                         *
*       \  '_______'  /                          *
*        `-.........-'                           *
* *  ____   ___  ____ ____                       *
*   |  _ \ / _ \_   _| __ )                      *
*   | | | | | | || | |  _ \                      *
*   | |_| | |_| || | | |_) |                     *
*   |____/ \___/ |_| |____/                      *
* *
*   Discrete Ordinate with Two Braincells        *
**************************************************
    
34x34-Bare	2 group
XS file: mini3x3-pin-cart-2g-no-upscattering.xs
S-16	 quad set, 	 mesh refinement: 2

iteration 	 keff 	 	 error 	 	 iteration 
1	 	0.62778819	 	-0.59289392	 	20
2	 	0.73877557	 	0.15023152	 	20
3	 	0.78064574	 	0.05363531	 	20
4	 	0.79940083	 	0.02346143	 	20
5	 	0.80870866	 	0.01150950	 	20
6	 	0.81351739	 	0.00591103	 	20
7	 	0.81604591	 	0.00309850	 	20
8	 	0.81738820	 	0.00164217	 	20
9	 	0.81810527	 	0.00087651	 	20
10	 	0.81849022	 	0.00047031	 	20
11	 	0.81869774	 	0.00025348	 	20
12	 	0.81881005	 	0.00013717	 	20
13	 	0.81887107	 	0.00007452	 	20
14	 	0.81890436	 	0.00004065	 	20
15	 	0.81892212	 	0.00002168	 	19
16	 	0.81893128	 	0.00001119	 	16
17	 	0.81893633	 	0.00000616	 	13
34x34-Bare  refinement = 2 S-16 keff= 0.81893633
flux distribution is saved in the flux_34x34-Bare.m and .py file script
--- End of calculation ---


**************************************************
*         .-~*~~~*~-.                           *
*        .-~~~~~~~~~-.                           *
*       /  X       X  \                          *
*      |    .-----.    |                         *
*       \  '_______'  /                          *
*        `-.........-'                           *
* *  ____   ___  ____ ____                       *
*   |  _ \ / _ \_   _| __ )                      *
*   | | | | | | || | |  _ \                      *
*   | |_| | |_| || | | |_) |                     *
*   |____/ \___/ |_| |____/                      *
* *
*   Discrete Ordinate with Two Braincells        *
**************************************************
    
34x34-Bare	2 group
XS file: mini3x3-pin-cart-2g-no-upscattering.xs
S-12	 quad set, 	 mesh refinement: 8

iteration 	 keff 	 	 error 	 	 iteration 
1	 	0.62461760	 	-0.60097955	 	20
2	 	0.73536424	 	0.15060108	 	20
3	 	0.77740296	 	0.05407584	 	20
4	 	0.79632710	 	0.02376428	 	20
5	 	0.80572641	 	0.01166562	 	20
6	 	0.81057409	 	0.00598055	 	20
7	 	0.81311609	 	0.00312624	 	20
8	 	0.81446151	 	0.00165191	 	20
9	 	0.81517823	 	0.00087923	 	20
10	 	0.81556206	 	0.00047063	 	20
11	 	0.81576858	 	0.00025316	 	20
12	 	0.81588020	 	0.00013681	 	20
13	 	0.81594080	 	0.00007427	 	20
14	 	0.81597384	 	0.00004050	 	20
15	 	0.81599149	 	0.00002162	 	19
16	 	0.81600060	 	0.00001117	 	16
17	 	0.81600563	 	0.00000616	 	13
34x34-Bare  refinement = 8 S-12 keff= 0.81600563
flux distribution is saved in the flux_34x34-Bare.m and .py file script
--- End of calculation ---


**************************************************
*         .-~*~~~*~-.                           *
*        .-~~~~~~~~~-.                           *
*       /  X       X  \                          *
*      |    .-----.    |                         *
*       \  '_______'  /                          *
*        `-.........-'                           *
* *  ____   ___  ____ ____                       *
*   |  _ \ / _ \_   _| __ )                      *
*   | | | | | | || | |  _ \                      *
*   | |_| | |_| || | | |_) |                     *
*   |____/ \___/ |_| |____/                      *
* *
*   Discrete Ordinate with Two Braincells        *
**************************************************
    
34x34-Bare	2 group
XS file: mini3x3-pin-cart-2g-no-upscattering.xs
S-16	 quad set, 	 mesh refinement: 4

iteration 	 keff 	 	 error 	 	 iteration 
1	 	0.62468265	 	-0.60081283	 	20
2	 	0.73543154	 	0.15059035	 	20
3	 	0.77747312	 	0.05407464	 	20
4	 	0.79638894	 	0.02375199	 	20
5	 	0.80578040	 	0.01165511	 	20
6	 	0.81062290	 	0.00597380	 	20
7	 	0.81316174	 	0.00312218	 	20
8	 	0.81450525	 	0.00164948	 	20
9	 	0.81522081	 	0.00087775	 	20
10	 	0.81560391	 	0.00046972	 	20
11	 	0.81580997	 	0.00025259	 	20
12	 	0.81592131	 	0.00013645	 	20
13	 	0.81598173	 	0.00007404	 	20
14	 	0.81601466	 	0.00004036	 	20
15	 	0.81603224	 	0.00002153	 	19
16	 	0.81604131	 	0.00001112	 	16
17	 	0.81604631	 	0.00000613	 	13
34x34-Bare  refinement = 4 S-16 keff= 0.81604631
flux distribution is saved in the flux_34x34-Bare.m and .py file script
--- End of calculation ---


**************************************************
*         .-~*~~~*~-.                           *
*        .-~~~~~~~~~-.                           *
*       /  X       X  \                          *
*      |    .-----.    |                         *
*       \  '_______'  /                          *
*        `-.........-'                           *
* *  ____   ___  ____ ____                       *
*   |  _ \ / _ \_   _| __ )                      *
*   | | | | | | || | |  _ \                      *
*   | |_| | |_| || | | |_) |                     *
*   |____/ \___/ |_| |____/                      *
* *
*   Discrete Ordinate with Two Braincells        *
**************************************************
    
34x34-Bare	2 group
XS file: mini3x3-pin-cart-2g-no-upscattering.xs
S-16	 quad set, 	 mesh refinement: 1

iteration 	 keff 	 	 error 	 	 iteration 
1	 	0.62370972	 	-0.60330995	 	20
2	 	0.73380599	 	0.15003458	 	20
3	 	0.77637379	 	0.05482900	 	20
34x34-Bare  refinement = 1 S-16 keff= 0.77637379
flux distribution is saved in the flux_34x34-Bare.m and .py file script
--- End of calculation ---


**************************************************
*         .-~*~~~*~-.                           *
*        .-~~~~~~~~~-.                           *
*       /  X       X  \                          *
*      |    .-----.    |                         *
*       \  '_______'  /                          *
*        `-.........-'                           *
* *  ____   ___  ____ ____                       *
*   |  _ \ / _ \_   _| __ )                      *
*   | | | | | | || | |  _ \                      *
*   | |_| | |_| || | | |_) |                     *
*   |____/ \___/ |_| |____/                      *
* *
*   Discrete Ordinate with Two Braincells        *
**************************************************
    
34x34-Bare	2 group
XS file: mini3x3-pin-cart-2g-no-upscattering.xs
S-16	 quad set, 	 mesh refinement: 1

iteration 	 keff 	 	 error 	 	 iteration 
1	 	0.62370972	 	-0.60330995	 	20
2	 	0.73380599	 	0.15003458	 	20
3	 	0.77637379	 	0.05482900	 	20
34x34-Bare  refinement = 1 S-16 keff= 0.77637379
flux distribution is saved in the flux_34x34-Bare.m and .py file script
--- End of calculation ---

