
**************************************************
*         .-~*~~~*~-.                           *
*        .-~~~~~~~~~-.                           *
*       /  X       X  \                          *
*      |    .-----.    |                         *
*       \  '_______'  /                          *
*        `-.........-'                           *
* *  ____   ___  ____ ____                       *
*   |  _ \ / _ \_   _| __ )                      *
*   | | | | | | || | |  _ \                      *
*   | |_| | |_| || | | |_) |                     *
*   |____/ \___/ |_| |____/                      *
* *
*   Discrete Ordinate with Two Braincells        *
**************************************************
    
BWR-Cell	2 group
S-8	 quad set, 	 mesh refinement: 16

iteration 	 keff 	 	 error 	 iteration 
1	 	1.21206	 	0.174958	 	2866
2	 	1.2122	 	0.000116527	 	309
3	 	1.2122	 	1.1387e-07	 	88
BWR-Cell  refinement = 16 S-8 keff= 1.2122
flux distribution is saved in the flux_BWR-Cell.m and .py file script
--- End of calculation ---


**************************************************
*         .-~*~~~*~-.                           *
*        .-~~~~~~~~~-.                           *
*       /  X       X  \                          *
*      |    .-----.    |                         *
*       \  '_______'  /                          *
*        `-.........-'                           *
* *  ____   ___  ____ ____                       *
*   |  _ \ / _ \_   _| __ )                      *
*   | | | | | | || | |  _ \                      *
*   | |_| | |_| || | | |_) |                     *
*   |____/ \___/ |_| |____/                      *
* *
*   Discrete Ordinate with Two Braincells        *
**************************************************
    
BWR-Cell	2 group
S-8	 quad set, 	 mesh refinement: 8

iteration 	 keff 	 	 error 	 iteration 
1	 	1.2122	 	0.175053	 	1162
2	 	1.21234	 	0.00011341	 	215
3	 	1.21234	 	1.56386e-07	 	87
BWR-Cell  refinement = 8 S-8 keff= 1.21234
flux distribution is saved in the flux_BWR-Cell.m and .py file script
--- End of calculation ---


**************************************************
*         .-~*~~~*~-.                           *
*        .-~~~~~~~~~-.                           *
*       /  X       X  \                          *
*      |    .-----.    |                         *
*       \  '_______'  /                          *
*        `-.........-'                           *
* *  ____   ___  ____ ____                       *
*   |  _ \ / _ \_   _| __ )                      *
*   | | | | | | || | |  _ \                      *
*   | |_| | |_| || | | |_) |                     *
*   |____/ \___/ |_| |____/                      *
* *
*   Discrete Ordinate with Two Braincells        *
**************************************************
    
BWR-Cell	2 group
S-8	 quad set, 	 mesh refinement: 4

iteration 	 keff 	 	 error 	 iteration 
1	 	1.2127	 	0.175394	 	436
2	 	1.21282	 	9.83056e-05	 	192
3	 	1.21282	 	-3.17317e-08	 	83
BWR-Cell  refinement = 4 S-8 keff= 1.21282
flux distribution is saved in the flux_BWR-Cell.m and .py file script
--- End of calculation ---


**************************************************
*         .-~*~~~*~-.                           *
*        .-~~~~~~~~~-.                           *
*       /  X       X  \                          *
*      |    .-----.    |                         *
*       \  '_______'  /                          *
*        `-.........-'                           *
* *  ____   ___  ____ ____                       *
*   |  _ \ / _ \_   _| __ )                      *
*   | | | | | | || | |  _ \                      *
*   | |_| | |_| || | | |_) |                     *
*   |____/ \___/ |_| |____/                      *
* *
*   Discrete Ordinate with Two Braincells        *
**************************************************
    
BWR-Cell	2 group
S-8	 quad set, 	 mesh refinement: 2

iteration 	 keff 	 	 error 	 iteration 
1	 	1.21416	 	0.176389	 	321
2	 	1.21416	 	-7.39819e-06	 	144
BWR-Cell  refinement = 2 S-8 keff= 1.21416
flux distribution is saved in the flux_BWR-Cell.m and .py file script
--- End of calculation ---


**************************************************
*         .-~*~~~*~-.                           *
*        .-~~~~~~~~~-.                           *
*       /  X       X  \                          *
*      |    .-----.    |                         *
*       \  '_______'  /                          *
*        `-.........-'                           *
* *  ____   ___  ____ ____                       *
*   |  _ \ / _ \_   _| __ )                      *
*   | | | | | | || | |  _ \                      *
*   | |_| | |_| || | | |_) |                     *
*   |____/ \___/ |_| |____/                      *
* *
*   Discrete Ordinate with Two Braincells        *
**************************************************
    
BWR-Cell	2 group
S-8	 quad set, 	 mesh refinement: 1

iteration 	 keff 	 	 error 	 iteration 
1	 	1.23059	 	0.187384	 	301
2	 	1.23059	 	4.73418e-08	 	1
BWR-Cell  refinement = 1 S-8 keff= 1.23059
flux distribution is saved in the flux_BWR-Cell.m and .py file script
--- End of calculation ---


**************************************************
*         .-~*~~~*~-.                           *
*        .-~~~~~~~~~-.                           *
*       /  X       X  \                          *
*      |    .-----.    |                         *
*       \  '_______'  /                          *
*        `-.........-'                           *
* *  ____   ___  ____ ____                       *
*   |  _ \ / _ \_   _| __ )                      *
*   | | | | | | || | |  _ \                      *
*   | |_| | |_| || | | |_) |                     *
*   |____/ \___/ |_| |____/                      *
* *
*   Discrete Ordinate with Two Braincells        *
**************************************************
    
BWR-Cell	2 group
S-4	 quad set, 	 mesh refinement: 16

iteration 	 keff 	 	 error 	 iteration 
1	 	1.21169	 	0.174708	 	2137
2	 	1.21184	 	0.000118221	 	371
3	 	1.21184	 	2.91799e-07	 	98
BWR-Cell  refinement = 16 S-4 keff= 1.21184
flux distribution is saved in the flux_BWR-Cell.m and .py file script
--- End of calculation ---


**************************************************
*         .-~*~~~*~-.                           *
*        .-~~~~~~~~~-.                           *
*       /  X       X  \                          *
*      |    .-----.    |                         *
*       \  '_______'  /                          *
*        `-.........-'                           *
* *  ____   ___  ____ ____                       *
*   |  _ \ / _ \_   _| __ )                      *
*   | | | | | | || | |  _ \                      *
*   | |_| | |_| || | | |_) |                     *
*   |____/ \___/ |_| |____/                      *
* *
*   Discrete Ordinate with Two Braincells        *
**************************************************
    
BWR-Cell	2 group
S-16	 quad set, 	 mesh refinement: 16

iteration 	 keff 	 	 error 	 iteration 
1	 	1.21214	 	0.175012	 	2248
2	 	1.21227	 	0.000109923	 	255
3	 	1.21227	 	3.5563e-07	 	96
BWR-Cell  refinement = 16 S-16 keff= 1.21227
flux distribution is saved in the flux_BWR-Cell.m and .py file script
--- End of calculation ---


**************************************************
*         .-~*~~~*~-.                           *
*        .-~~~~~~~~~-.                           *
*       /  X       X  \                          *
*      |    .-----.    |                         *
*       \  '_______'  /                          *
*        `-.........-'                           *
* *  ____   ___  ____ ____                       *
*   |  _ \ / _ \_   _| __ )                      *
*   | | | | | | || | |  _ \                      *
*   | |_| | |_| || | | |_) |                     *
*   |____/ \___/ |_| |____/                      *
* *
*   Discrete Ordinate with Two Braincells        *
**************************************************
    
BWR-Cell	2 group
S-16	 quad set, 	 mesh refinement: 8

iteration 	 keff 	 	 error 	 iteration 
1	 	1.21228	 	0.175107	 	1021
2	 	1.21241	 	0.000106984	 	211
3	 	1.21241	 	4.04318e-07	 	95
BWR-Cell  refinement = 8 S-16 keff= 1.21241
flux distribution is saved in the flux_BWR-Cell.m and .py file script
--- End of calculation ---


**************************************************
*         .-~*~~~*~-.                           *
*        .-~~~~~~~~~-.                           *
*       /  X       X  \                          *
*      |    .-----.    |                         *
*       \  '_______'  /                          *
*        `-.........-'                           *
* *  ____   ___  ____ ____                       *
*   |  _ \ / _ \_   _| __ )                      *
*   | | | | | | || | |  _ \                      *
*   | |_| | |_| || | | |_) |                     *
*   |____/ \___/ |_| |____/                      *
* *
*   Discrete Ordinate with Two Braincells        *
**************************************************
    
BWR-Cell	2 group
S-16	 quad set, 	 mesh refinement: 4

iteration 	 keff 	 	 error 	 iteration 
1	 	1.21278	 	0.175451	 	416
2	 	1.2129	 	9.32902e-05	 	169
3	 	1.2129	 	4.91652e-07	 	83
BWR-Cell  refinement = 4 S-16 keff= 1.2129
flux distribution is saved in the flux_BWR-Cell.m and .py file script
--- End of calculation ---


**************************************************
*         .-~*~~~*~-.                           *
*        .-~~~~~~~~~-.                           *
*       /  X       X  \                          *
*      |    .-----.    |                         *
*       \  '_______'  /                          *
*        `-.........-'                           *
* *  ____   ___  ____ ____                       *
*   |  _ \ / _ \_   _| __ )                      *
*   | | | | | | || | |  _ \                      *
*   | |_| | |_| || | | |_) |                     *
*   |____/ \___/ |_| |____/                      *
* *
*   Discrete Ordinate with Two Braincells        *
**************************************************
    
BWR-Cell	2 group
S-16	 quad set, 	 mesh refinement: 2

iteration 	 keff 	 	 error 	 iteration 
1	 	1.21427	 	0.176457	 	321
2	 	1.21426	 	-6.77305e-06	 	144
BWR-Cell  refinement = 2 S-16 keff= 1.21426
flux distribution is saved in the flux_BWR-Cell.m and .py file script
--- End of calculation ---


**************************************************
*         .-~*~~~*~-.                           *
*        .-~~~~~~~~~-.                           *
*       /  X       X  \                          *
*      |    .-----.    |                         *
*       \  '_______'  /                          *
*        `-.........-'                           *
* *  ____   ___  ____ ____                       *
*   |  _ \ / _ \_   _| __ )                      *
*   | | | | | | || | |  _ \                      *
*   | |_| | |_| || | | |_) |                     *
*   |____/ \___/ |_| |____/                      *
* *
*   Discrete Ordinate with Two Braincells        *
**************************************************
    
BWR-Cell	2 group
S-16	 quad set, 	 mesh refinement: 1

iteration 	 keff 	 	 error 	 iteration 
1	 	1.23052	 	0.187336	 	301
2	 	1.23052	 	4.65639e-08	 	1
BWR-Cell  refinement = 1 S-16 keff= 1.23052
flux distribution is saved in the flux_BWR-Cell.m and .py file script
--- End of calculation ---


**************************************************
*         .-~*~~~*~-.                           *
*        .-~~~~~~~~~-.                           *
*       /  X       X  \                          *
*      |    .-----.    |                         *
*       \  '_______'  /                          *
*        `-.........-'                           *
* *  ____   ___  ____ ____                       *
*   |  _ \ / _ \_   _| __ )                      *
*   | | | | | | || | |  _ \                      *
*   | |_| | |_| || | | |_) |                     *
*   |____/ \___/ |_| |____/                      *
* *
*   Discrete Ordinate with Two Braincells        *
**************************************************
    
BWR-Cell	2 group
S-16	 quad set, 	 mesh refinement: 32

iteration 	 keff 	 	 error 	 iteration 
1	 	1.2121	 	0.174988	 	3355
2	 	1.21224	 	0.000110628	 	393
3	 	1.21224	 	6.54451e-07	 	114
BWR-Cell  refinement = 32 S-16 keff= 1.21224
flux distribution is saved in the flux_BWR-Cell.m and .py file script
--- End of calculation ---


**************************************************
*         .-~*~~~*~-.                           *
*        .-~~~~~~~~~-.                           *
*       /  X       X  \                          *
*      |    .-----.    |                         *
*       \  '_______'  /                          *
*        `-.........-'                           *
* *  ____   ___  ____ ____                       *
*   |  _ \ / _ \_   _| __ )                      *
*   | | | | | | || | |  _ \                      *
*   | |_| | |_| || | | |_) |                     *
*   |____/ \___/ |_| |____/                      *
* *
*   Discrete Ordinate with Two Braincells        *
**************************************************
    
BWR-Cell	2 group
S-16	 quad set, 	 mesh refinement: 64

iteration 	 keff 	 	 error 	 iteration 
1	 	1.197	 	0.164578	 	101
2	 	1.212	 	0.0123731	 	101
3	 	1.21223	 	0.000189288	 	101
4	 	1.21223	 	3.36412e-06	 	101
BWR-Cell  refinement = 64 S-16 keff= 1.21223
flux distribution is saved in the flux_BWR-Cell.m and .py file script
--- End of calculation ---


**************************************************
*         .-~*~~~*~-.                           *
*        .-~~~~~~~~~-.                           *
*       /  X       X  \                          *
*      |    .-----.    |                         *
*       \  '_______'  /                          *
*        `-.........-'                           *
* *  ____   ___  ____ ____                       *
*   |  _ \ / _ \_   _| __ )                      *
*   | | | | | | || | |  _ \                      *
*   | |_| | |_| || | | |_) |                     *
*   |____/ \___/ |_| |____/                      *
* *
*   Discrete Ordinate with Two Braincells        *
**************************************************
    
BWR-Cell	2 group
S-4	 quad set, 	 mesh refinement: 4

iteration 	 keff 	 	 error 	 iteration 
1	 	1.1971	 	0.164651	 	101
2	 	1.21226	 	0.0125016	 	101
3	 	1.21249	 	0.000191674	 	101
4	 	1.2125	 	2.75741e-06	 	50
BWR-Cell  refinement = 4 S-4 keff= 1.2125
flux distribution is saved in the flux_BWR-Cell.m and .py file script
--- End of calculation ---

