**************************************************
*         .-~*~~~*~-.                           *
*        .-~~~~~~~~~-.                           *
*       /  X       X  \                          *
*      |    .-----.    |                         *
*       \  '_______'  /                          *
*        `-.........-'                           *
* *  ____   ___  ____ ____                       *
*   |  _ \ / _ \_   _| __ )                      *
*   | | | | | | || | |  _ \                      *
*   | |_| | |_| || | | |_) |                     *
*   |____/ \___/ |_| |____/                      *
* *
*   Discrete Ordinate with Two Braincells        *
**************************************************
    
34x34-Bare	8 group
S-16	 quad set, 	 mesh refinement: 1

iteration 	 keff 	 	 error 	 iteration 
1	 	0.609738	 	-0.640049	 	86
2	 	0.703021	 	0.132689	 	79
3	 	0.73015	 	0.0371559	 	73
4	 	0.739429	 	0.0125484	 	68
5	 	0.742796	 	0.00453275	 	63
6	 	0.744045	 	0.00167888	 	58
7	 	0.744513	 	0.000628808	 	53
8	 	0.74469	 	0.000236932	 	48
9	 	0.744756	 	8.95519e-05	 	42
10	 	0.744782	 	3.40424e-05	 	37
11	 	0.744791	 	1.29906e-05	 	32
12	 	0.744795	 	4.9972e-06	 	27
34x34-Bare  refinement = 1 S-16 keff= 0.744795
flux distribution is saved in the flux_34x34-Bare.m and .py file script
--- End of calculation ---


**************************************************
*         .-~*~~~*~-.                           *
*        .-~~~~~~~~~-.                           *
*       /  X       X  \                          *
*      |    .-----.    |                         *
*       \  '_______'  /                          *
*        `-.........-'                           *
* *  ____   ___  ____ ____                       *
*   |  _ \ / _ \_   _| __ )                      *
*   | | | | | | || | |  _ \                      *
*   | |_| | |_| || | | |_) |                     *
*   |____/ \___/ |_| |____/                      *
* *
*   Discrete Ordinate with Two Braincells        *
**************************************************
    
34x34-Bare	8 group
S-16	 quad set, 	 mesh refinement: 2

iteration 	 keff 	 	 error 	 iteration 
1	 	0.627014	 	-0.594861	 	87
2	 	0.721155	 	0.130543	 	79
3	 	0.74737	 	0.0350765	 	74
4	 	0.75623	 	0.0117153	 	68
5	 	0.759464	 	0.00425869	 	63
6	 	0.760678	 	0.00159649	 	58
7	 	0.76114	 	0.000605911	 	53
8	 	0.761316	 	0.000231248	 	48
9	 	0.761383	 	8.85285e-05	 	43
10	 	0.761409	 	3.39743e-05	 	38
11	 	0.761419	 	1.30115e-05	 	32
12	 	0.761423	 	5.07764e-06	 	27
34x34-Bare  refinement = 2 S-16 keff= 0.761423
flux distribution is saved in the flux_34x34-Bare.m and .py file script
--- End of calculation ---


**************************************************
*         .-~*~~~*~-.                           *
*        .-~~~~~~~~~-.                           *
*       /  X       X  \                          *
*      |    .-----.    |                         *
*       \  '_______'  /                          *
*        `-.........-'                           *
* *  ____   ___  ____ ____                       *
*   |  _ \ / _ \_   _| __ )                      *
*   | | | | | | || | |  _ \                      *
*   | |_| | |_| || | | |_) |                     *
*   |____/ \___/ |_| |____/                      *
* *
*   Discrete Ordinate with Two Braincells        *
**************************************************
    
34x34-Bare	8 group
S-2	 quad set, 	 mesh refinement: 1

iteration 	 keff 	 	 error 	 iteration 
1	 	0.591205	 	-0.69146	 	86
2	 	0.695961	 	0.15052	 	79
3	 	0.723761	 	0.0384104	 	73
4	 	0.732626	 	0.0120997	 	67
5	 	0.7356	 	0.00404288	 	62
6	 	0.736613	 	0.00137557	 	56
7	 	0.73696	 	0.000471365	 	51
8	 	0.73708	 	0.000161905	 	45
9	 	0.737121	 	5.56733e-05	 	39
10	 	0.737135	 	1.91497e-05	 	33
11	 	0.73714	 	6.60117e-06	 	27
34x34-Bare  refinement = 1 S-2 keff= 0.73714
flux distribution is saved in the flux_34x34-Bare.m and .py file script
--- End of calculation ---


**************************************************
*         .-~*~~~*~-.                           *
*        .-~~~~~~~~~-.                           *
*       /  X       X  \                          *
*      |    .-----.    |                         *
*       \  '_______'  /                          *
*        `-.........-'                           *
* *  ____   ___  ____ ____                       *
*   |  _ \ / _ \_   _| __ )                      *
*   | | | | | | || | |  _ \                      *
*   | |_| | |_| || | | |_) |                     *
*   |____/ \___/ |_| |____/                      *
* *
*   Discrete Ordinate with Two Braincells        *
**************************************************
    
34x34-Bare	8 group
S-4	 quad set, 	 mesh refinement: 1

iteration 	 keff 	 	 error 	 iteration 
1	 	0.611342	 	-0.635745	 	86
2	 	0.704711	 	0.132492	 	79
3	 	0.731608	 	0.036765	 	73
4	 	0.740932	 	0.0125834	 	68
5	 	0.744371	 	0.00462027	 	63
6	 	0.74567	 	0.00174164	 	58
7	 	0.746165	 	0.000664432	 	53
8	 	0.746356	 	0.000255167	 	48
9	 	0.746429	 	9.84464e-05	 	43
10	 	0.746458	 	3.81389e-05	 	38
11	 	0.746469	 	1.48474e-05	 	33
12	 	0.746473	 	5.82293e-06	 	28
34x34-Bare  refinement = 1 S-4 keff= 0.746473
flux distribution is saved in the flux_34x34-Bare.m and .py file script
--- End of calculation ---


**************************************************
*         .-~*~~~*~-.                           *
*        .-~~~~~~~~~-.                           *
*       /  X       X  \                          *
*      |    .-----.    |                         *
*       \  '_______'  /                          *
*        `-.........-'                           *
* *  ____   ___  ____ ____                       *
*   |  _ \ / _ \_   _| __ )                      *
*   | | | | | | || | |  _ \                      *
*   | |_| | |_| || | | |_) |                     *
*   |____/ \___/ |_| |____/                      *
* *
*   Discrete Ordinate with Two Braincells        *
**************************************************
    
34x34-Bare	8 group
S-4	 quad set, 	 mesh refinement: 1

iteration 	 keff 	 	 error 	 iteration 
1	 	0.802263	 	-0.246474	 	1
2	 	0.665598	 	-0.205326	 	1
3	 	0.57022	 	-0.167267	 	1
4	 	0.505517	 	-0.127992	 	1
5	 	0.464286	 	-0.0888052	 	1
6	 	0.440923	 	-0.0529873	 	1
7	 	0.430962	 	-0.0231144	 	1
8	 	0.430859	 	-0.000238338	 	1
9	 	0.437831	 	0.0159237	 	1
10	 	0.449712	 	0.0264188	 	1
11	 	0.464834	 	0.0325338	 	1
12	 	0.481931	 	0.0354745	 	1
13	 	0.500047	 	0.0362299	 	1
14	 	0.51848	 	0.0355507	 	1
15	 	0.536717	 	0.0339787	 	1
16	 	0.554397	 	0.0318921	 	1
17	 	0.571277	 	0.0295478	 	1
18	 	0.5872	 	0.0271163	 	1
19	 	0.602076	 	0.0247077	 	1
20	 	0.615866	 	0.0223905	 	1
21	 	0.628566	 	0.0202051	 	1
22	 	0.6402	 	0.0181729	 	1
23	 	0.65081	 	0.0163026	 	1
24	 	0.660449	 	0.0145949	 	1
25	 	0.669179	 	0.013045	 	1
26	 	0.677063	 	0.0116451	 	1
27	 	0.684169	 	0.0103855	 	1
28	 	0.69056	 	0.00925554	 	1
29	 	0.696301	 	0.00824444	 	1
30	 	0.701451	 	0.00734152	 	1
31	 	0.706066	 	0.00653653	 	1
32	 	0.710199	 	0.00581979	 	1
33	 	0.713899	 	0.00518231	 	1
34	 	0.717209	 	0.00461576	 	1
35	 	0.720171	 	0.00411257	 	1
36	 	0.722821	 	0.00366584	 	1
37	 	0.725191	 	0.00326932	 	1
38	 	0.727313	 	0.00291741	 	1
39	 	0.729213	 	0.00260507	 	1
40	 	0.730914	 	0.00232781	 	1
41	 	0.732439	 	0.00208161	 	1
42	 	0.733806	 	0.00186291	 	1
43	 	0.735032	 	0.00166855	 	1
44	 	0.736134	 	0.00149571	 	1
45	 	0.737123	 	0.00134191	 	1
46	 	0.738012	 	0.00120496	 	1
47	 	0.738812	 	0.00108292	 	1
48	 	0.739532	 	0.000974069	 	1
49	 	0.740181	 	0.000876901	 	1
50	 	0.740767	 	0.000790085	 	1
51	 	0.741295	 	0.000712444	 	1
52	 	0.741772	 	0.000642945	 	1
53	 	0.742203	 	0.000580674	 	1
54	 	0.742592	 	0.000524827	 	1
55	 	0.742945	 	0.000474692	 	1
56	 	0.743264	 	0.000429643	 	1
57	 	0.743554	 	0.000389127	 	1
58	 	0.743816	 	0.000352654	 	1
59	 	0.744054	 	0.000319791	 	1
60	 	0.74427	 	0.000290156	 	1
61	 	0.744466	 	0.000263409	 	1
62	 	0.744644	 	0.00023925	 	1
63	 	0.744806	 	0.00021741	 	1
64	 	0.744953	 	0.000197653	 	1
65	 	0.745087	 	0.000179767	 	1
66	 	0.745209	 	0.000163565	 	1
67	 	0.74532	 	0.000148879	 	1
68	 	0.745421	 	0.000135558	 	1
69	 	0.745513	 	0.000123469	 	1
70	 	0.745597	 	0.000112492	 	1
71	 	0.745674	 	0.000102519	 	1
72	 	0.745743	 	9.34557e-05	 	1
73	 	0.745807	 	8.52141e-05	 	1
74	 	0.745865	 	7.7717e-05	 	1
75	 	0.745918	 	7.08945e-05	 	1
76	 	0.745966	 	6.46836e-05	 	1
77	 	0.74601	 	5.90277e-05	 	1
78	 	0.74605	 	5.38755e-05	 	1
79	 	0.746087	 	4.91808e-05	 	1
80	 	0.74612	 	4.49019e-05	 	1
81	 	0.746151	 	4.10009e-05	 	1
82	 	0.746179	 	3.74436e-05	 	1
83	 	0.746205	 	3.41991e-05	 	1
84	 	0.746228	 	3.12393e-05	 	1
85	 	0.746249	 	2.85387e-05	 	1
86	 	0.746269	 	2.60741e-05	 	1
87	 	0.746286	 	2.38246e-05	 	1
88	 	0.746303	 	2.17711e-05	 	1
89	 	0.746317	 	1.98963e-05	 	1
90	 	0.746331	 	1.81843e-05	 	1
91	 	0.746343	 	1.66209e-05	 	1
92	 	0.746355	 	1.51931e-05	 	1
93	 	0.746365	 	1.38888e-05	 	1
94	 	0.746375	 	1.26973e-05	 	1
95	 	0.746383	 	1.16088e-05	 	1
96	 	0.746391	 	1.06142e-05	 	1
97	 	0.746398	 	9.70544e-06	 	1
98	 	0.746405	 	8.87497e-06	 	1
99	 	0.746411	 	8.116e-06	 	1
100	 	0.746417	 	7.42234e-06	 	1
101	 	0.746422	 	6.78832e-06	 	1
102	 	0.746426	 	6.20878e-06	 	1
103	 	0.746431	 	5.67899e-06	 	1
104	 	0.746434	 	5.19467e-06	 	1
105	 	0.746438	 	4.75189e-06	 	1
106	 	0.746441	 	4.34706e-06	 	1
107	 	0.746444	 	3.9769e-06	 	1
108	 	0.746447	 	3.63844e-06	 	1
109	 	0.746449	 	3.32893e-06	 	1
110	 	0.746452	 	3.0459e-06	 	1
111	 	0.746454	 	2.78706e-06	 	1
112	 	0.746456	 	2.55033e-06	 	1
113	 	0.746457	 	2.33382e-06	 	1
114	 	0.746459	 	2.13578e-06	 	1
115	 	0.74646	 	1.95464e-06	 	1
116	 	0.746462	 	1.78895e-06	 	1
117	 	0.746463	 	1.63737e-06	 	1
118	 	0.746464	 	1.49871e-06	 	1
119	 	0.746465	 	1.37185e-06	 	1
120	 	0.746466	 	1.25579e-06	 	1
121	 	0.746467	 	1.14961e-06	 	1
122	 	0.746468	 	1.05245e-06	 	1
123	 	0.746468	 	9.63545e-07	 	1
34x34-Bare  refinement = 1 S-4 keff= 0.746468
flux distribution is saved in the flux_34x34-Bare.m and .py file script
--- End of calculation ---


**************************************************
*         .-~*~~~*~-.                           *
*        .-~~~~~~~~~-.                           *
*       /  X       X  \                          *
*      |    .-----.    |                         *
*       \  '_______'  /                          *
*        `-.........-'                           *
* *  ____   ___  ____ ____                       *
*   |  _ \ / _ \_   _| __ )                      *
*   | | | | | | || | |  _ \                      *
*   | |_| | |_| || | | |_) |                     *
*   |____/ \___/ |_| |____/                      *
* *
*   Discrete Ordinate with Two Braincells        *
**************************************************
    
34x34-Bare	8 group
S-4	 quad set, 	 mesh refinement: 1

iteration 	 keff 	 	 error 	 iteration 
1	 	0.802263	 	-0.246474	 	1
2	 	0.665598	 	-0.205326	 	1
3	 	0.57022	 	-0.167267	 	1
4	 	0.505517	 	-0.127992	 	1
5	 	0.464286	 	-0.0888052	 	1
6	 	0.440923	 	-0.0529873	 	1
7	 	0.430962	 	-0.0231144	 	1
8	 	0.430859	 	-0.000238338	 	1
9	 	0.437831	 	0.0159237	 	1
10	 	0.449712	 	0.0264188	 	1
11	 	0.464834	 	0.0325338	 	1
12	 	0.481931	 	0.0354745	 	1
13	 	0.500047	 	0.0362299	 	1
14	 	0.51848	 	0.0355507	 	1
15	 	0.536717	 	0.0339787	 	1
16	 	0.554397	 	0.0318921	 	1
17	 	0.571277	 	0.0295478	 	1
18	 	0.5872	 	0.0271163	 	1
19	 	0.602076	 	0.0247077	 	1
20	 	0.615866	 	0.0223905	 	1
21	 	0.628566	 	0.0202051	 	1
22	 	0.6402	 	0.0181729	 	1
23	 	0.65081	 	0.0163026	 	1
24	 	0.660449	 	0.0145949	 	1
25	 	0.669179	 	0.013045	 	1
26	 	0.677063	 	0.0116451	 	1
27	 	0.684169	 	0.0103855	 	1
28	 	0.69056	 	0.00925554	 	1
29	 	0.696301	 	0.00824444	 	1
30	 	0.701451	 	0.00734152	 	1
31	 	0.706066	 	0.00653653	 	1
32	 	0.710199	 	0.00581979	 	1
33	 	0.713899	 	0.00518231	 	1
34	 	0.717209	 	0.00461576	 	1
35	 	0.720171	 	0.00411257	 	1
36	 	0.722821	 	0.00366584	 	1
37	 	0.725191	 	0.00326932	 	1
38	 	0.727313	 	0.00291741	 	1
39	 	0.729213	 	0.00260507	 	1
40	 	0.730914	 	0.00232781	 	1
41	 	0.732439	 	0.00208161	 	1
42	 	0.733806	 	0.00186291	 	1
43	 	0.735032	 	0.00166855	 	1
44	 	0.736134	 	0.00149571	 	1
45	 	0.737123	 	0.00134191	 	1
46	 	0.738012	 	0.00120496	 	1
47	 	0.738812	 	0.00108292	 	1
48	 	0.739532	 	0.000974069	 	1
49	 	0.740181	 	0.000876901	 	1
50	 	0.740767	 	0.000790085	 	1
51	 	0.741295	 	0.000712444	 	1
52	 	0.741772	 	0.000642945	 	1
53	 	0.742203	 	0.000580674	 	1
54	 	0.742592	 	0.000524827	 	1
55	 	0.742945	 	0.000474692	 	1
56	 	0.743264	 	0.000429643	 	1
57	 	0.743554	 	0.000389127	 	1
58	 	0.743816	 	0.000352654	 	1
59	 	0.744054	 	0.000319791	 	1
60	 	0.74427	 	0.000290156	 	1
61	 	0.744466	 	0.000263409	 	1
62	 	0.744644	 	0.00023925	 	1
63	 	0.744806	 	0.00021741	 	1
64	 	0.744953	 	0.000197653	 	1
65	 	0.745087	 	0.000179767	 	1
66	 	0.745209	 	0.000163565	 	1
67	 	0.74532	 	0.000148879	 	1
68	 	0.745421	 	0.000135558	 	1
69	 	0.745513	 	0.000123469	 	1
70	 	0.745597	 	0.000112492	 	1
71	 	0.745674	 	0.000102519	 	1
72	 	0.745743	 	9.34557e-05	 	1
73	 	0.745807	 	8.52141e-05	 	1
74	 	0.745865	 	7.7717e-05	 	1
75	 	0.745918	 	7.08945e-05	 	1
76	 	0.745966	 	6.46836e-05	 	1
77	 	0.74601	 	5.90277e-05	 	1
78	 	0.74605	 	5.38755e-05	 	1
79	 	0.746087	 	4.91808e-05	 	1
80	 	0.74612	 	4.49019e-05	 	1
81	 	0.746151	 	4.10009e-05	 	1
82	 	0.746179	 	3.74436e-05	 	1
83	 	0.746205	 	3.41991e-05	 	1
84	 	0.746228	 	3.12393e-05	 	1
85	 	0.746249	 	2.85387e-05	 	1
86	 	0.746269	 	2.60741e-05	 	1
87	 	0.746286	 	2.38246e-05	 	1
88	 	0.746303	 	2.17711e-05	 	1
89	 	0.746317	 	1.98963e-05	 	1
90	 	0.746331	 	1.81843e-05	 	1
91	 	0.746343	 	1.66209e-05	 	1
92	 	0.746355	 	1.51931e-05	 	1
93	 	0.746365	 	1.38888e-05	 	1
94	 	0.746375	 	1.26973e-05	 	1
95	 	0.746383	 	1.16088e-05	 	1
96	 	0.746391	 	1.06142e-05	 	1
97	 	0.746398	 	9.70544e-06	 	1
98	 	0.746405	 	8.87497e-06	 	1
99	 	0.746411	 	8.116e-06	 	1
100	 	0.746417	 	7.42234e-06	 	1
101	 	0.746422	 	6.78832e-06	 	1
102	 	0.746426	 	6.20878e-06	 	1
103	 	0.746431	 	5.67899e-06	 	1
104	 	0.746434	 	5.19467e-06	 	1
105	 	0.746438	 	4.75189e-06	 	1
106	 	0.746441	 	4.34706e-06	 	1
107	 	0.746444	 	3.9769e-06	 	1
108	 	0.746447	 	3.63844e-06	 	1
109	 	0.746449	 	3.32893e-06	 	1
110	 	0.746452	 	3.0459e-06	 	1
111	 	0.746454	 	2.78706e-06	 	1
112	 	0.746456	 	2.55033e-06	 	1
113	 	0.746457	 	2.33382e-06	 	1
114	 	0.746459	 	2.13578e-06	 	1
115	 	0.74646	 	1.95464e-06	 	1
116	 	0.746462	 	1.78895e-06	 	1
117	 	0.746463	 	1.63737e-06	 	1
118	 	0.746464	 	1.49871e-06	 	1
119	 	0.746465	 	1.37185e-06	 	1
120	 	0.746466	 	1.25579e-06	 	1

**************************************************
*         .-~*~~~*~-.                           *
*        .-~~~~~~~~~-.                           *
*       /  X       X  \                          *
*      |    .-----.    |                         *
*       \  '_______'  /                          *
*        `-.........-'                           *
* *  ____   ___  ____ ____                       *
*   |  _ \ / _ \_   _| __ )                      *
*   | | | | | | || | |  _ \                      *
*   | |_| | |_| || | | |_) |                     *
*   |____/ \___/ |_| |____/                      *
* *
*   Discrete Ordinate with Two Braincells        *
**************************************************
    
34x34-Bare	8 group
S-4	 quad set, 	 mesh refinement: 1

iteration 	 keff 	 	 error 	 iteration 
1	 	0.611343	 	-0.635744	 	134
2	 	0.704711	 	0.132492	 	126
3	 	0.731609	 	0.036765	 	121
4	 	0.740932	 	0.0125833	 	115
5	 	0.744371	 	0.00462023	 	110
6	 	0.74567	 	0.00174161	 	106
7	 	0.746166	 	0.000664401	 	101
8	 	0.746356	 	0.000255135	 	96
9	 	0.74643	 	9.84096e-05	 	91
10	 	0.746458	 	3.8097e-05	 	86
11	 	0.746469	 	1.47999e-05	 	81
12	 	0.746474	 	5.77049e-06	 	77
13	 	0.746475	 	2.2589e-06	 	72
14	 	0.746476	 	8.88202e-07	 	67
34x34-Bare  refinement = 1 S-4 keff= 0.746476
flux distribution is saved in the flux_34x34-Bare.m and .py file script
--- End of calculation ---


**************************************************
*         .-~*~~~*~-.                           *
*        .-~~~~~~~~~-.                           *
*       /  X       X  \                          *
*      |    .-----.    |                         *
*       \  '_______'  /                          *
*        `-.........-'                           *
* *  ____   ___  ____ ____                       *
*   |  _ \ / _ \_   _| __ )                      *
*   | | | | | | || | |  _ \                      *
*   | |_| | |_| || | | |_) |                     *
*   |____/ \___/ |_| |____/                      *
* *
*   Discrete Ordinate with Two Braincells        *
**************************************************
    
34x34-Bare	8 group
S-8	 quad set, 	 mesh refinement: 1

iteration 	 keff 	 	 error 	 iteration 
1	 	0.610164	 	-0.638902	 	133
2	 	0.703465	 	0.13263	 	126
3	 	0.730524	 	0.0370397	 	121
4	 	0.739803	 	0.0125422	 	115
5	 	0.74318	 	0.00454422	 	110
6	 	0.744437	 	0.00168853	 	105

**************************************************
*         .-~*~~~*~-.                           *
*        .-~~~~~~~~~-.                           *
*       /  X       X  \                          *
*      |    .-----.    |                         *
*       \  '_______'  /                          *
*        `-.........-'                           *
* *  ____   ___  ____ ____                       *
*   |  _ \ / _ \_   _| __ )                      *
*   | | | | | | || | |  _ \                      *
*   | |_| | |_| || | | |_) |                     *
*   |____/ \___/ |_| |____/                      *
* *
*   Discrete Ordinate with Two Braincells        *
**************************************************
    
34x34-Bare	8 group
S-16	 quad set, 	 mesh refinement: 16

iteration 	 keff 	 	 error 	 iteration 

**************************************************
*         .-~*~~~*~-.                           *
*        .-~~~~~~~~~-.                           *
*       /  X       X  \                          *
*      |    .-----.    |                         *
*       \  '_______'  /                          *
*        `-.........-'                           *
* *  ____   ___  ____ ____                       *
*   |  _ \ / _ \_   _| __ )                      *
*   | | | | | | || | |  _ \                      *
*   | |_| | |_| || | | |_) |                     *
*   |____/ \___/ |_| |____/                      *
* *
*   Discrete Ordinate with Two Braincells        *
**************************************************
    
34x34-Bare	8 group
S-2	 quad set, 	 mesh refinement: 16

iteration 	 keff 	 	 error 	 iteration 
1	 	0.598436	 	-0.671023	 	100
2	 	0.703393	 	0.149215	 	100
3	 	0.730727	 	0.0374065	 	100
4	 	0.739435	 	0.0117763	 	100
5	 	0.742379	 	0.00396646	 	100
6	 	0.743393	 	0.00136428	 	100
7	 	0.743745	 	0.000472893	 	99
8	 	0.743867	 	0.000164438	 	94
9	 	0.74391	 	5.72446e-05	 	88
10	 	0.743925	 	1.99261e-05	 	83
11	 	0.74393	 	6.92836e-06	 	77
12	 	0.743932	 	2.40401e-06	 	71
13	 	0.743932	 	8.31516e-07	 	66
34x34-Bare  refinement = 16 S-2 keff= 0.743932
flux distribution is saved in the flux_34x34-Bare.m and .py file script
--- End of calculation ---


**************************************************
*         .-~*~~~*~-.                           *
*        .-~~~~~~~~~-.                           *
*       /  X       X  \                          *
*      |    .-----.    |                         *
*       \  '_______'  /                          *
*        `-.........-'                           *
* *  ____   ___  ____ ____                       *
*   |  _ \ / _ \_   _| __ )                      *
*   | | | | | | || | |  _ \                      *
*   | |_| | |_| || | | |_) |                     *
*   |____/ \___/ |_| |____/                      *
* *
*   Discrete Ordinate with Two Braincells        *
**************************************************
    
34x34-Bare	8 group
S-4	 quad set, 	 mesh refinement: 16

iteration 	 keff 	 	 error 	 iteration 
1	 	0.618337	 	-0.617242	 	100
2	 	0.711891	 	0.131416	 	100
3	 	0.73828	 	0.0357444	 	100
4	 	0.747387	 	0.0121848	 	100
5	 	0.750764	 	0.00449884	 	100
6	 	0.752051	 	0.0017106	 	100

**************************************************
*         .-~*~~~*~-.                           *
*        .-~~~~~~~~~-.                           *
*       /  X       X  \                          *
*      |    .-----.    |                         *
*       \  '_______'  /                          *
*        `-.........-'                           *
* *  ____   ___  ____ ____                       *
*   |  _ \ / _ \_   _| __ )                      *
*   | | | | | | || | |  _ \                      *
*   | |_| | |_| || | | |_) |                     *
*   |____/ \___/ |_| |____/                      *
* *
*   Discrete Ordinate with Two Braincells        *
**************************************************
    
34x34-Bare	8 group
S-16	 quad set, 	 mesh refinement: 8

iteration 	 keff 	 	 error 	 iteration 
1	 	0.61713	 	-0.620405	 	135
2	 	0.710555	 	0.131483	 	128
3	 	0.737191	 	0.0361317	 	122
4	 	0.746257	 	0.012148	 	117
5	 	0.749564	 	0.00441135	 	111
6	 	0.750801	 	0.00164798	 	106
7	 	0.751269	 	0.000622966	 	101
8	 	0.751447	 	0.000236833	 	96
9	 	0.751515	 	9.03273e-05	 	91
10	 	0.751541	 	3.45268e-05	 	86
11	 	0.751551	 	1.32221e-05	 	81
12	 	0.751554	 	5.07259e-06	 	76
13	 	0.751556	 	1.94984e-06	 	71
14	 	0.751556	 	7.51123e-07	 	66
34x34-Bare  refinement = 8 S-16 keff= 0.751556
flux distribution is saved in the flux_34x34-Bare.m and .py file script
--- End of calculation ---


**************************************************
*         .-~*~~~*~-.                           *
*        .-~~~~~~~~~-.                           *
*       /  X       X  \                          *
*      |    .-----.    |                         *
*       \  '_______'  /                          *
*        `-.........-'                           *
* *  ____   ___  ____ ____                       *
*   |  _ \ / _ \_   _| __ )                      *
*   | | | | | | || | |  _ \                      *
*   | |_| | |_| || | | |_) |                     *
*   |____/ \___/ |_| |____/                      *
* *
*   Discrete Ordinate with Two Braincells        *
**************************************************
    
34x34-Bare	8 group
S-6	 quad set, 	 mesh refinement: 2

iteration 	 keff 	 	 error 	 iteration 
1	 	0.62823	 	-0.591774	 	135
2	 	0.722544	 	0.13053	 	127
3	 	0.74863	 	0.0348446	 	122
4	 	0.757494	 	0.0117018	 	116
5	 	0.760751	 	0.00428135	 	111
6	 	0.761982	 	0.00161598	 	106
7	 	0.762453	 	0.000617645	 	101
8	 	0.762634	 	0.000237409	 	96
9	 	0.762704	 	9.15203e-05	 	91
10	 	0.762731	 	3.53433e-05	 	86
11	 	0.762741	 	1.3667e-05	 	81
12	 	0.762745	 	5.29134e-06	 	77
13	 	0.762747	 	2.05112e-06	 	72
14	 	0.762747	 	7.96171e-07	 	67
34x34-Bare  refinement = 2 S-6 keff= 0.762747
flux distribution is saved in the flux_34x34-Bare.m and .py file script
--- End of calculation ---


**************************************************
*         .-~*~~~*~-.                           *
*        .-~~~~~~~~~-.                           *
*       /  X       X  \                          *
*      |    .-----.    |                         *
*       \  '_______'  /                          *
*        `-.........-'                           *
* *  ____   ___  ____ ____                       *
*   |  _ \ / _ \_   _| __ )                      *
*   | | | | | | || | |  _ \                      *
*   | |_| | |_| || | | |_) |                     *
*   |____/ \___/ |_| |____/                      *
* *
*   Discrete Ordinate with Two Braincells        *
**************************************************
    
34x34-Bare	8 group
S-6	 quad set, 	 mesh refinement: 4

iteration 	 keff 	 	 error 	 iteration 
1	 	0.620665	 	-0.611175	 	135
2	 	0.714362	 	0.131162	 	128
3	 	0.74073	 	0.0355964	 	122
4	 	0.749737	 	0.0120138	 	116
5	 	0.753046	 	0.00439394	 	111
6	 	0.754294	 	0.00165512	 	106
7	 	0.75477	 	0.000631127	 	101
8	 	0.754953	 	0.00024206	 	96
9	 	0.755023	 	9.3138e-05	 	91
10	 	0.755051	 	3.59144e-05	 	86
11	 	0.755061	 	1.38734e-05	 	81
12	 	0.755065	 	5.36836e-06	 	77
13	 	0.755067	 	2.08106e-06	 	72
14	 	0.755067	 	8.08363e-07	 	67
34x34-Bare  refinement = 4 S-6 keff= 0.755067
flux distribution is saved in the flux_34x34-Bare.m and .py file script
--- End of calculation ---


**************************************************
*         .-~*~~~*~-.                           *
*        .-~~~~~~~~~-.                           *
*       /  X       X  \                          *
*      |    .-----.    |                         *
*       \  '_______'  /                          *
*        `-.........-'                           *
* *  ____   ___  ____ ____                       *
*   |  _ \ / _ \_   _| __ )                      *
*   | | | | | | || | |  _ \                      *
*   | |_| | |_| || | | |_) |                     *
*   |____/ \___/ |_| |____/                      *
* *
*   Discrete Ordinate with Two Braincells        *
**************************************************
    
34x34-Bare	8 group
S-6	 quad set, 	 mesh refinement: 8

iteration 	 keff 	 	 error 	 iteration 
1	 	0.617713	 	-0.618876	 	135
2	 	0.711215	 	0.131468	 	128
3	 	0.737703	 	0.0359055	 	122
4	 	0.746767	 	0.012138	 	116
5	 	0.750095	 	0.00443659	 	111
6	 	0.751349	 	0.00166894	 	106
7	 	0.751826	 	0.000635457	 	101
8	 	0.752009	 	0.000243382	 	96
9	 	0.75208	 	9.35314e-05	 	91
10	 	0.752107	 	3.60292e-05	 	86
11	 	0.752117	 	1.39068e-05	 	81
12	 	0.752121	 	5.37848e-06	 	77
13	 	0.752123	 	2.08454e-06	 	72
14	 	0.752123	 	8.09829e-07	 	67
34x34-Bare  refinement = 8 S-6 keff= 0.752123
flux distribution is saved in the flux_34x34-Bare.m and .py file script
--- End of calculation ---


**************************************************
*         .-~*~~~*~-.                           *
*        .-~~~~~~~~~-.                           *
*       /  X       X  \                          *
*      |    .-----.    |                         *
*       \  '_______'  /                          *
*        `-.........-'                           *
* *  ____   ___  ____ ____                       *
*   |  _ \ / _ \_   _| __ )                      *
*   | | | | | | || | |  _ \                      *
*   | |_| | |_| || | | |_) |                     *
*   |____/ \___/ |_| |____/                      *
* *
*   Discrete Ordinate with Two Braincells        *
**************************************************
    
34x34-Bare	8 group
S-16	 quad set, 	 mesh refinement: 32

iteration 	 keff 	 	 error 	 iteration 
1	 	0.616642	 	-0.621686	 	100
2	 	0.710038	 	0.131536	 	100
3	 	0.736695	 	0.0361846	 	100
4	 	0.74577	 	0.0121687	 	100
5	 	0.74908	 	0.00441832	 	100

**************************************************
*         .-~*~~~*~-.                           *
*        .-~~~~~~~~~-.                           *
*       /  X       X  \                          *
*      |    .-----.    |                         *
*       \  '_______'  /                          *
*        `-.........-'                           *
* *  ____   ___  ____ ____                       *
*   |  _ \ / _ \_   _| __ )                      *
*   | | | | | | || | |  _ \                      *
*   | |_| | |_| || | | |_) |                     *
*   |____/ \___/ |_| |____/                      *
* *
*   Discrete Ordinate with Two Braincells        *
**************************************************
    
34x34-Bare	8 group
S-16	 quad set, 	 mesh refinement: 32

iteration 	 keff 	 	 error 	 	 iteration 

**************************************************
*         .-~*~~~*~-.                           *
*        .-~~~~~~~~~-.                           *
*       /  X       X  \                          *
*      |    .-----.    |                         *
*       \  '_______'  /                          *
*        `-.........-'                           *
* *  ____   ___  ____ ____                       *
*   |  _ \ / _ \_   _| __ )                      *
*   | | | | | | || | |  _ \                      *
*   | |_| | |_| || | | |_) |                     *
*   |____/ \___/ |_| |____/                      *
* *
*   Discrete Ordinate with Two Braincells        *
**************************************************
    
34x34-Bare	8 group
S-16	 quad set, 	 mesh refinement: 4

iteration 	 keff 	 	 error 	 	 iteration 
1	 	0.46663624	 	-1.14299685	 	5
2	 	0.44758587	 	-0.04256250	 	5
3	 	0.52650635	 	0.14989465	 	5
4	 	0.60346913	 	0.12753392	 	5
5	 	0.65864076	 	0.08376589	 	5
6	 	0.69432204	 	0.05139009	 	5
7	 	0.71652029	 	0.03098064	 	5
8	 	0.73021450	 	0.01875367	 	5
9	 	0.73872794	 	0.01152447	 	5
10	 	0.74410187	 	0.00722203	 	5
11	 	0.74755240	 	0.00461577	 	5
12	 	0.74980267	 	0.00300115	 	5
13	 	0.75128881	 	0.00197812	 	5
14	 	0.75227964	 	0.00131711	 	5
15	 	0.75294473	 	0.00088332	 	5
16	 	0.75339326	 	0.00059534	 	5
17	 	0.75369670	 	0.00040260	 	5
18	 	0.75390242	 	0.00027288	 	5
19	 	0.75404209	 	0.00018524	 	5
20	 	0.75413702	 	0.00012588	 	5
21	 	0.75420159	 	0.00008561	 	5
22	 	0.75424552	 	0.00005825	 	5
23	 	0.75427544	 	0.00003966	 	5
24	 	0.75429581	 	0.00002701	 	5
25	 	0.75430969	 	0.00001840	 	5
26	 	0.75431915	 	0.00001254	 	5
27	 	0.75432560	 	0.00000855	 	5
28	 	0.75432999	 	0.00000583	 	5
29	 	0.75433299	 	0.00000398	 	5
30	 	0.75433504	 	0.00000271	 	5
31	 	0.75433644	 	0.00000185	 	5
32	 	0.75433739	 	0.00000127	 	5
33	 	0.75433805	 	0.00000086	 	5
34	 	0.75433849	 	0.00000059	 	5
35	 	0.75433880	 	0.00000040	 	5
36	 	0.75433901	 	0.00000028	 	5
37	 	0.75433915	 	0.00000019	 	5
38	 	0.75433925	 	0.00000013	 	5
39	 	0.75433931	 	0.00000009	 	5
40	 	0.75433936	 	0.00000006	 	5
41	 	0.75433939	 	0.00000004	 	5
42	 	0.75433941	 	0.00000003	 	5
43	 	0.75433943	 	0.00000002	 	5
44	 	0.75433944	 	0.00000001	 	5
45	 	0.75433944	 	0.00000001	 	5
46	 	0.75433945	 	0.00000001	 	5
47	 	0.75433945	 	0.00000000	 	5
48	 	0.75433945	 	0.00000000	 	5
49	 	0.75433946	 	0.00000000	 	5
50	 	0.75433946	 	0.00000000	 	5
51	 	0.75433946	 	0.00000000	 	5
34x34-Bare  refinement = 4 S-16 keff= 0.75433946
flux distribution is saved in the flux_34x34-Bare.m and .py file script
--- End of calculation ---

