
**************************************************
*         .-~*~~~*~-.                           *
*        .-~~~~~~~~~-.                           *
*       /  X       X  \                          *
*      |    .-----.    |                         *
*       \  '_______'  /                          *
*        `-.........-'                           *
* *  ____   ___  ____ ____                       *
*   |  _ \ / _ \_   _| __ )                      *
*   | | | | | | || | |  _ \                      *
*   | |_| | |_| || | | |_) |                     *
*   |____/ \___/ |_| |____/                      *
* *
*   Discrete Ordinate with Two Braincells        *
**************************************************
    
34x34-Bare-2g	2 group
S-4	 quad set, 	 mesh refinement: 1

iteration 	 keff 	 	 error 	 iteration 
1	 	0.637125	 	-0.56955	 	100
2	 	0.724801	 	0.120965	 	100
3	 	0.754964	 	0.0399532	 	100
4	 	0.767185	 	0.0159298	 	100
5	 	0.772426	 	0.00678519	 	100
6	 	0.774733	 	0.00297756	 	100
7	 	0.775764	 	0.00132864	 	100
8	 	0.776229	 	0.000599387	 	100
9	 	0.776441	 	0.000272611	 	100
10	 	0.776538	 	0.000124829	 	100
11	 	0.776582	 	5.75103e-05	 	100
12	 	0.776603	 	2.66522e-05	 	100
13	 	0.776613	 	1.24245e-05	 	100
14	 	0.776617	 	5.8269e-06	 	100
15	 	0.776619	 	2.74964e-06	 	100
16	 	0.77662	 	1.30577e-06	 	100
17	 	0.776621	 	6.24105e-07	 	99
34x34-Bare-2g  refinement = 1 S-4 keff= 0.776621
flux distribution is saved in the flux_34x34-Bare-2g.m and .py file script
--- End of calculation ---


**************************************************
*         .-~*~~~*~-.                           *
*        .-~~~~~~~~~-.                           *
*       /  X       X  \                          *
*      |    .-----.    |                         *
*       \  '_______'  /                          *
*        `-.........-'                           *
* *  ____   ___  ____ ____                       *
*   |  _ \ / _ \_   _| __ )                      *
*   | | | | | | || | |  _ \                      *
*   | |_| | |_| || | | |_) |                     *
*   |____/ \___/ |_| |____/                      *
* *
*   Discrete Ordinate with Two Braincells        *
**************************************************
    
34x34-Bare-2g	2 group
S-4	 quad set, 	 mesh refinement: 1

iteration 	 keff 	 	 error 	 iteration 
1	 	0.637157	 	-0.569472	 	227
2	 	0.724811	 	0.120934	 	214
3	 	0.754969	 	0.0399452	 	204
4	 	0.767187	 	0.0159266	 	196
5	 	0.772427	 	0.00678383	 	188
6	 	0.774734	 	0.00297696	 	180
7	 	0.775764	 	0.00132838	 	172
8	 	0.776229	 	0.000599268	 	164
9	 	0.776441	 	0.000272558	 	157
10	 	0.776538	 	0.000124805	 	149
11	 	0.776582	 	5.74991e-05	 	142
12	 	0.776603	 	2.6647e-05	 	135
13	 	0.776613	 	1.24221e-05	 	127
14	 	0.776617	 	5.82577e-06	 	120
15	 	0.776619	 	2.74911e-06	 	113
16	 	0.77662	 	1.30552e-06	 	106
17	 	0.776621	 	6.23995e-07	 	99
34x34-Bare-2g  refinement = 1 S-4 keff= 0.776621
flux distribution is saved in the flux_34x34-Bare-2g.m and .py file script
--- End of calculation ---


**************************************************
*         .-~*~~~*~-.                           *
*        .-~~~~~~~~~-.                           *
*       /  X       X  \                          *
*      |    .-----.    |                         *
*       \  '_______'  /                          *
*        `-.........-'                           *
* *  ____   ___  ____ ____                       *
*   |  _ \ / _ \_   _| __ )                      *
*   | | | | | | || | |  _ \                      *
*   | |_| | |_| || | | |_) |                     *
*   |____/ \___/ |_| |____/                      *
* *
*   Discrete Ordinate with Two Braincells        *
**************************************************
    
34x34-Bare-2g	2 group
S-6	 quad set, 	 mesh refinement: 1

iteration 	 keff 	 	 error 	 iteration 
1	 	0.636283	 	-0.571628	 	100
2	 	0.724024	 	0.121186	 	100
3	 	0.754351	 	0.0402024	 	100
4	 	0.766586	 	0.0159601	 	100
5	 	0.771803	 	0.00676006	 	100
6	 	0.774086	 	0.00294837	 	100
7	 	0.775099	 	0.00130709	 	100
8	 	0.775553	 	0.000585669	 	100
9	 	0.775758	 	0.000264507	 	100
10	 	0.775851	 	0.000120247	 	100
11	 	0.775894	 	5.49925e-05	 	100
12	 	0.775914	 	2.52953e-05	 	100
13	 	0.775923	 	1.1703e-05	 	100
14	 	0.775927	 	5.44687e-06	 	100
15	 	0.775929	 	2.5508e-06	 	100
16	 	0.77593	 	1.20221e-06	 	100
17	 	0.77593	 	5.7032e-07	 	98
34x34-Bare-2g  refinement = 1 S-6 keff= 0.77593
flux distribution is saved in the flux_34x34-Bare-2g.m and .py file script
--- End of calculation ---


**************************************************
*         .-~*~~~*~-.                           *
*        .-~~~~~~~~~-.                           *
*       /  X       X  \                          *
*      |    .-----.    |                         *
*       \  '_______'  /                          *
*        `-.........-'                           *
* *  ____   ___  ____ ____                       *
*   |  _ \ / _ \_   _| __ )                      *
*   | | | | | | || | |  _ \                      *
*   | |_| | |_| || | | |_) |                     *
*   |____/ \___/ |_| |____/                      *
* *
*   Discrete Ordinate with Two Braincells        *
**************************************************
    
34x34-Bare-2g	2 group
S-8	 quad set, 	 mesh refinement: 1

iteration 	 keff 	 	 error 	 iteration 
1	 	0.635968	 	-0.572406	 	100
2	 	0.723752	 	0.12129	 	100
3	 	0.75415	 	0.0403081	 	100
4	 	0.766395	 	0.0159778	 	100
5	 	0.771608	 	0.00675515	 	100
6	 	0.773883	 	0.00294043	 	100
7	 	0.774891	 	0.00130087	 	100
8	 	0.775342	 	0.000581636	 	100
9	 	0.775545	 	0.000262108	 	100
10	 	0.775638	 	0.00011889	 	100
11	 	0.77568	 	5.42483e-05	 	100
12	 	0.775699	 	2.48959e-05	 	100
13	 	0.775708	 	1.14918e-05	 	100
14	 	0.775712	 	5.33636e-06	 	100
15	 	0.775714	 	2.49338e-06	 	100
16	 	0.775715	 	1.17252e-06	 	100
17	 	0.775715	 	5.55009e-07	 	97
34x34-Bare-2g  refinement = 1 S-8 keff= 0.775715
flux distribution is saved in the flux_34x34-Bare-2g.m and .py file script
--- End of calculation ---


**************************************************
*         .-~*~~~*~-.                           *
*        .-~~~~~~~~~-.                           *
*       /  X       X  \                          *
*      |    .-----.    |                         *
*       \  '_______'  /                          *
*        `-.........-'                           *
* *  ____   ___  ____ ____                       *
*   |  _ \ / _ \_   _| __ )                      *
*   | | | | | | || | |  _ \                      *
*   | |_| | |_| || | | |_) |                     *
*   |____/ \___/ |_| |____/                      *
* *
*   Discrete Ordinate with Two Braincells        *
**************************************************
    
34x34-Bare-2g	2 group
S-8	 quad set, 	 mesh refinement: 1

iteration 	 keff 	 	 error 	 	 iteration 
1	 	0.63596804	 	-0.57240606	 	100
2	 	0.72375158	 	0.12128961	 	100
3	 	0.75414996	 	0.04030813	 	100
4	 	0.76639527	 	0.01597780	 	100
5	 	0.77160759	 	0.00675515	 	100
6	 	0.77388314	 	0.00294043	 	100
7	 	0.77489118	 	0.00130087	 	100
8	 	0.77534214	 	0.00058164	 	100
9	 	0.77554542	 	0.00026211	 	100
10	 	0.77563763	 	0.00011889	 	100
11	 	0.77567971	 	0.00005425	 	100
12	 	0.77569903	 	0.00002490	 	100
13	 	0.77570794	 	0.00001149	 	100
14	 	0.77571208	 	0.00000534	 	100
15	 	0.77571401	 	0.00000249	 	100
16	 	0.77571492	 	0.00000117	 	100
17	 	0.77571535	 	0.00000056	 	97
34x34-Bare-2g  refinement = 1 S-8 keff= 0.77571535
flux distribution is saved in the flux_34x34-Bare-2g.m and .py file script
--- End of calculation ---


**************************************************
*         .-~*~~~*~-.                           *
*        .-~~~~~~~~~-.                           *
*       /  X       X  \                          *
*      |    .-----.    |                         *
*       \  '_______'  /                          *
*        `-.........-'                           *
* *  ____   ___  ____ ____                       *
*   |  _ \ / _ \_   _| __ )                      *
*   | | | | | | || | |  _ \                      *
*   | |_| | |_| || | | |_) |                     *
*   |____/ \___/ |_| |____/                      *
* *
*   Discrete Ordinate with Two Braincells        *
**************************************************
    
34x34-Bare-2g	2 group
S-8	 quad set, 	 mesh refinement: 1

iteration 	 keff 	 	 error 	 	 iteration 
1	 	0.63596804	 	-0.57240606	 	100
2	 	0.72375158	 	0.12128961	 	100
3	 	0.75414996	 	0.04030813	 	100
4	 	0.76639527	 	0.01597780	 	100
5	 	0.77160759	 	0.00675515	 	100
6	 	0.77388314	 	0.00294043	 	100
7	 	0.77489118	 	0.00130087	 	100
8	 	0.77534214	 	0.00058164	 	100
9	 	0.77554542	 	0.00026211	 	100
10	 	0.77563763	 	0.00011889	 	100
11	 	0.77567971	 	0.00005425	 	100
12	 	0.77569903	 	0.00002490	 	100
13	 	0.77570794	 	0.00001149	 	100
14	 	0.77571208	 	0.00000534	 	100
15	 	0.77571401	 	0.00000249	 	100
16	 	0.77571492	 	0.00000117	 	100
17	 	0.77571535	 	0.00000056	 	97
34x34-Bare-2g  refinement = 1 S-8 keff= 0.77571535
flux distribution is saved in the flux_34x34-Bare-2g.m and .py file script
--- End of calculation ---


**************************************************
*         .-~*~~~*~-.                           *
*        .-~~~~~~~~~-.                           *
*       /  X       X  \                          *
*      |    .-----.    |                         *
*       \  '_______'  /                          *
*        `-.........-'                           *
* *  ____   ___  ____ ____                       *
*   |  _ \ / _ \_   _| __ )                      *
*   | | | | | | || | |  _ \                      *
*   | |_| | |_| || | | |_) |                     *
*   |____/ \___/ |_| |____/                      *
* *
*   Discrete Ordinate with Two Braincells        *
**************************************************
    
34x34-Bare-2g	2 group
S-4	 quad set, 	 mesh refinement: 1

iteration 	 keff 	 	 error 	 	 iteration 
1	 	0.63712549	 	-0.56954951	 	100
2	 	0.72480100	 	0.12096494	 	100
3	 	0.75496425	 	0.03995322	 	100
4	 	0.76718535	 	0.01592978	 	100
5	 	0.77242640	 	0.00678519	 	100
6	 	0.77473322	 	0.00297756	 	100
7	 	0.77576393	 	0.00132864	 	100
8	 	0.77622919	 	0.00059939	 	100
9	 	0.77644086	 	0.00027261	 	100
10	 	0.77653779	 	0.00012483	 	100
11	 	0.77658245	 	0.00005751	 	100
12	 	0.77660315	 	0.00002665	 	100
13	 	0.77661280	 	0.00001242	 	100
14	 	0.77661733	 	0.00000583	 	100
15	 	0.77661946	 	0.00000275	 	100
16	 	0.77662048	 	0.00000131	 	100
17	 	0.77662096	 	0.00000062	 	99
34x34-Bare-2g  refinement = 1 S-4 keff= 0.77662096
flux distribution is saved in the flux_34x34-Bare-2g.m and .py file script
--- End of calculation ---


**************************************************
*         .-~*~~~*~-.                           *
*        .-~~~~~~~~~-.                           *
*       /  X       X  \                          *
*      |    .-----.    |                         *
*       \  '_______'  /                          *
*        `-.........-'                           *
* *  ____   ___  ____ ____                       *
*   |  _ \ / _ \_   _| __ )                      *
*   | | | | | | || | |  _ \                      *
*   | |_| | |_| || | | |_) |                     *
*   |____/ \___/ |_| |____/                      *
* *
*   Discrete Ordinate with Two Braincells        *
**************************************************
    
34x34-Bare-2g	2 group
S-6	 quad set, 	 mesh refinement: 1

iteration 	 keff 	 	 error 	 	 iteration 
1	 	0.63628282	 	-0.57162816	 	100
2	 	0.72402441	 	0.12118596	 	100
3	 	0.75435113	 	0.04020239	 	100
4	 	0.76658593	 	0.01596011	 	100
5	 	0.77180337	 	0.00676006	 	100
6	 	0.77408566	 	0.00294837	 	100
7	 	0.77509878	 	0.00130709	 	100
8	 	0.77555300	 	0.00058567	 	100
9	 	0.77575819	 	0.00026451	 	100
10	 	0.77585148	 	0.00012025	 	100
11	 	0.77589415	 	0.00005499	 	100
12	 	0.77591378	 	0.00002530	 	100
13	 	0.77592286	 	0.00001170	 	100
14	 	0.77592709	 	0.00000545	 	100
15	 	0.77592906	 	0.00000255	 	100
16	 	0.77593000	 	0.00000120	 	100
17	 	0.77593044	 	0.00000057	 	98
34x34-Bare-2g  refinement = 1 S-6 keff= 0.77593044
flux distribution is saved in the flux_34x34-Bare-2g.m and .py file script
--- End of calculation ---


**************************************************
*         .-~*~~~*~-.                           *
*        .-~~~~~~~~~-.                           *
*       /  X       X  \                          *
*      |    .-----.    |                         *
*       \  '_______'  /                          *
*        `-.........-'                           *
* *  ____   ___  ____ ____                       *
*   |  _ \ / _ \_   _| __ )                      *
*   | | | | | | || | |  _ \                      *
*   | |_| | |_| || | | |_) |                     *
*   |____/ \___/ |_| |____/                      *
* *
*   Discrete Ordinate with Two Braincells        *
**************************************************
    
34x34-Bare-2g	2 group
S-6	 quad set, 	 mesh refinement: 1

iteration 	 keff 	 	 error 	 	 iteration 
1	 	0.55392398	 	-0.80530187	 	20
2	 	0.68268976	 	0.18861537	 	20
3	 	0.73509128	 	0.07128573	 	20
4	 	0.75723641	 	0.02924467	 	20
5	 	0.76718266	 	0.01296463	 	20
6	 	0.77178669	 	0.00596542	 	20
7	 	0.77395144	 	0.00279702	 	20
8	 	0.77497916	 	0.00132612	 	20
9	 	0.77547056	 	0.00063368	 	20
10	 	0.77570695	 	0.00030475	 	20
11	 	0.77582131	 	0.00014741	 	20
12	 	0.77587694	 	0.00007170	 	20
13	 	0.77590416	 	0.00003507	 	20
14	 	0.77591755	 	0.00001726	 	20
15	 	0.77592418	 	0.00000854	 	20
16	 	0.77592748	 	0.00000426	 	20
17	 	0.77592914	 	0.00000213	 	20
18	 	0.77592997	 	0.00000108	 	20
19	 	0.77593040	 	0.00000055	 	20
34x34-Bare-2g  refinement = 1 S-6 keff= 0.77593040
flux distribution is saved in the flux_34x34-Bare-2g.m and .py file script
--- End of calculation ---


**************************************************
*         .-~*~~~*~-.                           *
*        .-~~~~~~~~~-.                           *
*       /  X       X  \                          *
*      |    .-----.    |                         *
*       \  '_______'  /                          *
*        `-.........-'                           *
* *  ____   ___  ____ ____                       *
*   |  _ \ / _ \_   _| __ )                      *
*   | | | | | | || | |  _ \                      *
*   | |_| | |_| || | | |_) |                     *
*   |____/ \___/ |_| |____/                      *
* *
*   Discrete Ordinate with Two Braincells        *
**************************************************
    
34x34-Bare-2g	2 group
S-6	 quad set, 	 mesh refinement: 1

iteration 	 keff 	 	 error 	 	 iteration 
1	 	0.55392398	 	-0.80530187	 	20
2	 	0.68268976	 	0.18861537	 	20
3	 	0.73509128	 	0.07128573	 	20
4	 	0.75723641	 	0.02924467	 	20
5	 	0.76718266	 	0.01296463	 	20
6	 	0.77178669	 	0.00596542	 	20
7	 	0.77395144	 	0.00279702	 	20
8	 	0.77497916	 	0.00132612	 	20
9	 	0.77547056	 	0.00063368	 	20
10	 	0.77570695	 	0.00030475	 	20
11	 	0.77582131	 	0.00014741	 	20
12	 	0.77587694	 	0.00007170	 	20
13	 	0.77590416	 	0.00003507	 	20
14	 	0.77591755	 	0.00001726	 	20
15	 	0.77592418	 	0.00000854	 	20
16	 	0.77592748	 	0.00000426	 	20
17	 	0.77592914	 	0.00000213	 	20
18	 	0.77592997	 	0.00000108	 	20
19	 	0.77593040	 	0.00000055	 	20
20	 	0.77593061	 	0.00000028	 	20
21	 	0.77593073	 	0.00000014	 	20
22	 	0.77593078	 	0.00000007	 	20
23	 	0.77593082	 	0.00000004	 	20
24	 	0.77593083	 	0.00000002	 	20
25	 	0.77593084	 	0.00000001	 	20
26	 	0.77593084	 	0.00000001	 	20
27	 	0.77593085	 	0.00000000	 	20
28	 	0.77593085	 	0.00000000	 	20
29	 	0.77593085	 	0.00000000	 	20
30	 	0.77593085	 	0.00000000	 	20
31	 	0.77593085	 	0.00000000	 	20
32	 	0.77593085	 	0.00000000	 	20
33	 	0.77593085	 	0.00000000	 	17
34x34-Bare-2g  refinement = 1 S-6 keff= 0.77593085
flux distribution is saved in the flux_34x34-Bare-2g.m and .py file script
--- End of calculation ---


**************************************************
*         .-~*~~~*~-.                           *
*        .-~~~~~~~~~-.                           *
*       /  X       X  \                          *
*      |    .-----.    |                         *
*       \  '_______'  /                          *
*        `-.........-'                           *
* *  ____   ___  ____ ____                       *
*   |  _ \ / _ \_   _| __ )                      *
*   | | | | | | || | |  _ \                      *
*   | |_| | |_| || | | |_) |                     *
*   |____/ \___/ |_| |____/                      *
* *
*   Discrete Ordinate with Two Braincells        *
**************************************************
    
34x34-Bare-2g	2 group
S-8	 quad set, 	 mesh refinement: 1

iteration 	 keff 	 	 error 	 	 iteration 
1	 	0.55370480	 	-0.80601649	 	20
2	 	0.68241859	 	0.18861413	 	20
3	 	0.73487867	 	0.07138605	 	20
4	 	0.75705066	 	0.02928733	 	20
5	 	0.76699787	 	0.01296901	 	20
6	 	0.77159455	 	0.00595738	 	20
7	 	0.77375161	 	0.00278779	 	20
8	 	0.77477351	 	0.00131897	 	20
9	 	0.77526107	 	0.00062889	 	20
10	 	0.77549509	 	0.00030177	 	20
11	 	0.77560804	 	0.00014564	 	20
12	 	0.77566287	 	0.00007068	 	20
13	 	0.77568962	 	0.00003450	 	20
14	 	0.77570276	 	0.00001693	 	20
15	 	0.77570925	 	0.00000836	 	20
16	 	0.77571247	 	0.00000416	 	20
17	 	0.77571409	 	0.00000208	 	20
18	 	0.77571490	 	0.00000105	 	20
19	 	0.77571531	 	0.00000053	 	20
20	 	0.77571552	 	0.00000027	 	20
21	 	0.77571563	 	0.00000014	 	20
22	 	0.77571569	 	0.00000007	 	20
23	 	0.77571572	 	0.00000004	 	20
24	 	0.77571573	 	0.00000002	 	20
25	 	0.77571574	 	0.00000001	 	20
26	 	0.77571575	 	0.00000001	 	20
27	 	0.77571575	 	0.00000000	 	20
28	 	0.77571575	 	0.00000000	 	20
29	 	0.77571575	 	0.00000000	 	20
30	 	0.77571575	 	0.00000000	 	20
31	 	0.77571575	 	0.00000000	 	20
32	 	0.77571575	 	0.00000000	 	20
33	 	0.77571575	 	0.00000000	 	16
34x34-Bare-2g  refinement = 1 S-8 keff= 0.77571575
flux distribution is saved in the flux_34x34-Bare-2g.m and .py file script
--- End of calculation ---

**************************************************
*         .-~*~~~*~-.                           *
*        .-~~~~~~~~~-.                           *
*       /  X       X  \                          *
*      |    .-----.    |                         *
*       \  '_______'  /                          *
*        `-.........-'                           *
* *  ____   ___  ____ ____                       *
*   |  _ \ / _ \_   _| __ )                      *
*   | | | | | | || | |  _ \                      *
*   | |_| | |_| || | | |_) |                     *
*   |____/ \___/ |_| |____/                      *
* *
*   Discrete Ordinate with Two Braincells        *
**************************************************
    
34x34-Bare-2g	2 group
S-12	 quad set, 	 mesh refinement: 1

iteration 	 keff 	 	 error 	 	 iteration 
1	 	0.55353036	 	-0.80658563	 	20
2	 	0.68222692	 	0.18864186	 	20
3	 	0.73473206	 	0.07146162	 	20
4	 	0.75692167	 	0.02931559	 	20
5	 	0.76686849	 	0.01297070	 	20
6	 	0.77145967	 	0.00595130	 	20
7	 	0.77361135	 	0.00278134	 	20
8	 	0.77462931	 	0.00131412	 	20
9	 	0.77511430	 	0.00062570	 	20
10	 	0.77534675	 	0.00029981	 	20
11	 	0.77545879	 	0.00014448	 	20
12	 	0.77551310	 	0.00007002	 	20
13	 	0.77553956	 	0.00003413	 	20
14	 	0.77555254	 	0.00001673	 	20
15	 	0.77555894	 	0.00000825	 	20
16	 	0.77556211	 	0.00000410	 	20
17	 	0.77556370	 	0.00000205	 	20
18	 	0.77556450	 	0.00000103	 	20
19	 	0.77556490	 	0.00000052	 	20
20	 	0.77556511	 	0.00000027	 	20
21	 	0.77556522	 	0.00000014	 	20
22	 	0.77556527	 	0.00000007	 	20
23	 	0.77556530	 	0.00000004	 	20
24	 	0.77556531	 	0.00000002	 	20
25	 	0.77556532	 	0.00000001	 	20
26	 	0.77556533	 	0.00000001	 	20
27	 	0.77556533	 	0.00000000	 	20
28	 	0.77556533	 	0.00000000	 	20
29	 	0.77556533	 	0.00000000	 	20
30	 	0.77556533	 	0.00000000	 	20
31	 	0.77556533	 	0.00000000	 	20
32	 	0.77556533	 	0.00000000	 	20
33	 	0.77556533	 	0.00000000	 	16
34x34-Bare-2g  refinement = 1 S-12 keff= 0.77556533
flux distribution is saved in the flux_34x34-Bare-2g.m and .py file script
--- End of calculation ---


**************************************************
*         .-~*~~~*~-.                           *
*        .-~~~~~~~~~-.                           *
*       /  X       X  \                          *
*      |    .-----.    |                         *
*       \  '_______'  /                          *
*        `-.........-'                           *
* *  ____   ___  ____ ____                       *
*   |  _ \ / _ \_   _| __ )                      *
*   | | | | | | || | |  _ \                      *
*   | |_| | |_| || | | |_) |                     *
*   |____/ \___/ |_| |____/                      *
* *
*   Discrete Ordinate with Two Braincells        *
**************************************************
    
34x34-Bare-2g	2 group
S-16	 quad set, 	 mesh refinement: 1

iteration 	 keff 	 	 error 	 	 iteration 
1	 	0.55344615	 	-0.80686051	 	20
2	 	0.68214256	 	0.18866497	 	20
3	 	0.73466645	 	0.07149353	 	20
4	 	0.75686283	 	0.02932681	 	20
5	 	0.76680957	 	0.01297160	 	20
6	 	0.77139883	 	0.00594926	 	20
7	 	0.77354862	 	0.00277913	 	20
8	 	0.77456520	 	0.00131245	 	20
9	 	0.77504930	 	0.00062460	 	20
10	 	0.77528122	 	0.00029914	 	20
11	 	0.77539294	 	0.00014409	 	20
12	 	0.77544706	 	0.00006979	 	20
13	 	0.77547343	 	0.00003400	 	20
14	 	0.77548635	 	0.00001666	 	20
15	 	0.77549272	 	0.00000821	 	20
16	 	0.77549588	 	0.00000408	 	20
17	 	0.77549746	 	0.00000204	 	20
18	 	0.77549825	 	0.00000102	 	20
19	 	0.77549866	 	0.00000052	 	20
20	 	0.77549886	 	0.00000026	 	20
21	 	0.77549897	 	0.00000014	 	20
22	 	0.77549902	 	0.00000007	 	20
23	 	0.77549905	 	0.00000004	 	20
24	 	0.77549906	 	0.00000002	 	20
25	 	0.77549907	 	0.00000001	 	20
26	 	0.77549908	 	0.00000001	 	20
27	 	0.77549908	 	0.00000000	 	20
28	 	0.77549908	 	0.00000000	 	20
29	 	0.77549908	 	0.00000000	 	20
30	 	0.77549908	 	0.00000000	 	20
31	 	0.77549908	 	0.00000000	 	20
32	 	0.77549908	 	0.00000000	 	20
34x34-Bare-2g  refinement = 1 S-16 keff= 0.77549908
flux distribution is saved in the flux_34x34-Bare-2g.m and .py file script
--- End of calculation ---


**************************************************
*         .-~*~~~*~-.                           *
*        .-~~~~~~~~~-.                           *
*       /  X       X  \                          *
*      |    .-----.    |                         *
*       \  '_______'  /                          *
*        `-.........-'                           *
* *  ____   ___  ____ ____                       *
*   |  _ \ / _ \_   _| __ )                      *
*   | | | | | | || | |  _ \                      *
*   | |_| | |_| || | | |_) |                     *
*   |____/ \___/ |_| |____/                      *
* *
*   Discrete Ordinate with Two Braincells        *
**************************************************
    
34x34-Bare-2g	2 group
S-4	 quad set, 	 mesh refinement: 2

iteration 	 keff 	 	 error 	 	 iteration 
1	 	0.55656152	 	-0.79674655	 	20
2	 	0.68588807	 	0.18855343	 	20
3	 	0.73825162	 	0.07092913	 	20
4	 	0.76021189	 	0.02888705	 	20
5	 	0.77010529	 	0.01284680	 	20
6	 	0.77473438	 	0.00597507	 	20
7	 	0.77694238	 	0.00284191	 	20
8	 	0.77800696	 	0.00136834	 	20
9	 	0.77852383	 	0.00066390	 	20
10	 	0.77877608	 	0.00032391	 	20
11	 	0.77889973	 	0.00015875	 	20
12	 	0.77896059	 	0.00007813	 	20
13	 	0.77899067	 	0.00003861	 	20
14	 	0.77900559	 	0.00001916	 	20
15	 	0.77901303	 	0.00000955	 	20
16	 	0.77901675	 	0.00000478	 	20
17	 	0.77901862	 	0.00000240	 	20
18	 	0.77901957	 	0.00000121	 	20
19	 	0.77902005	 	0.00000062	 	20
20	 	0.77902029	 	0.00000031	 	20
21	 	0.77902042	 	0.00000016	 	20
22	 	0.77902049	 	0.00000008	 	20
23	 	0.77902052	 	0.00000004	 	20
24	 	0.77902054	 	0.00000002	 	20
25	 	0.77902055	 	0.00000001	 	20
26	 	0.77902055	 	0.00000001	 	20
27	 	0.77902055	 	0.00000000	 	20
28	 	0.77902055	 	0.00000000	 	20
29	 	0.77902056	 	0.00000000	 	20
30	 	0.77902056	 	0.00000000	 	20
31	 	0.77902056	 	0.00000000	 	20
32	 	0.77902056	 	0.00000000	 	20
33	 	0.77902056	 	0.00000000	 	17
34x34-Bare-2g  refinement = 2 S-4 keff= 0.77902056
flux distribution is saved in the flux_34x34-Bare-2g.m and .py file script
--- End of calculation ---


**************************************************
*         .-~*~~~*~-.                           *
*        .-~~~~~~~~~-.                           *
*       /  X       X  \                          *
*      |    .-----.    |                         *
*       \  '_______'  /                          *
*        `-.........-'                           *
* *  ____   ___  ____ ____                       *
*   |  _ \ / _ \_   _| __ )                      *
*   | | | | | | || | |  _ \                      *
*   | |_| | |_| || | | |_) |                     *
*   |____/ \___/ |_| |____/                      *
* *
*   Discrete Ordinate with Two Braincells        *
**************************************************
    
34x34-Bare-2g	2 group
S-6	 quad set, 	 mesh refinement: 2

iteration 	 keff 	 	 error 	 	 iteration 
1	 	0.55524005	 	-0.80102282	 	20
2	 	0.68427500	 	0.18857178	 	20
3	 	0.73679759	 	0.07128496	 	20
4	 	0.75884047	 	0.02904811	 	20
5	 	0.76874006	 	0.01287768	 	20
6	 	0.77334843	 	0.00595899	 	20
7	 	0.77553322	 	0.00281714	 	20
8	 	0.77657969	 	0.00134754	 	20
9	 	0.77708429	 	0.00064935	 	20
10	 	0.77732883	 	0.00031459	 	20
11	 	0.77744786	 	0.00015309	 	20
12	 	0.77750602	 	0.00007481	 	20
13	 	0.77753456	 	0.00003670	 	20
14	 	0.77754862	 	0.00001808	 	20
15	 	0.77755557	 	0.00000895	 	20
16	 	0.77755903	 	0.00000445	 	20
17	 	0.77756076	 	0.00000222	 	20
18	 	0.77756162	 	0.00000111	 	20
19	 	0.77756206	 	0.00000056	 	20
20	 	0.77756228	 	0.00000029	 	20
21	 	0.77756240	 	0.00000015	 	20
22	 	0.77756245	 	0.00000007	 	20
23	 	0.77756248	 	0.00000004	 	20
24	 	0.77756250	 	0.00000002	 	20
25	 	0.77756251	 	0.00000001	 	20
26	 	0.77756251	 	0.00000001	 	20
27	 	0.77756251	 	0.00000000	 	20
28	 	0.77756251	 	0.00000000	 	20
29	 	0.77756252	 	0.00000000	 	20
30	 	0.77756252	 	0.00000000	 	20
31	 	0.77756252	 	0.00000000	 	20
32	 	0.77756252	 	0.00000000	 	20
34x34-Bare-2g  refinement = 2 S-6 keff= 0.77756252
flux distribution is saved in the flux_34x34-Bare-2g.m and .py file script
--- End of calculation ---


**************************************************
*         .-~*~~~*~-.                           *
*        .-~~~~~~~~~-.                           *
*       /  X       X  \                          *
*      |    .-----.    |                         *
*       \  '_______'  /                          *
*        `-.........-'                           *
* *  ____   ___  ____ ____                       *
*   |  _ \ / _ \_   _| __ )                      *
*   | | | | | | || | |  _ \                      *
*   | |_| | |_| || | | |_) |                     *
*   |____/ \___/ |_| |____/                      *
* *
*   Discrete Ordinate with Two Braincells        *
**************************************************
    
34x34-Bare-2g	2 group
S-8	 quad set, 	 mesh refinement: 2

iteration 	 keff 	 	 error 	 	 iteration 
1	 	0.55473605	 	-0.80265911	 	20
2	 	0.68368358	 	0.18860703	 	20
3	 	0.73627562	 	0.07142982	 	20
4	 	0.75835099	 	0.02910970	 	20
5	 	0.76825283	 	0.01288878	 	20
6	 	0.77285350	 	0.00595283	 	20
7	 	0.77502983	 	0.00280806	 	20
8	 	0.77606979	 	0.00134004	 	20
9	 	0.77657003	 	0.00064416	 	20
10	 	0.77681186	 	0.00031131	 	20
11	 	0.77692927	 	0.00015112	 	20
12	 	0.77698650	 	0.00007366	 	20
13	 	0.77701451	 	0.00003605	 	20
14	 	0.77702828	 	0.00001772	 	20
15	 	0.77703507	 	0.00000874	 	20
16	 	0.77703844	 	0.00000434	 	20
17	 	0.77704012	 	0.00000216	 	20
18	 	0.77704096	 	0.00000108	 	20
19	 	0.77704139	 	0.00000054	 	20
20	 	0.77704160	 	0.00000028	 	20
21	 	0.77704171	 	0.00000014	 	20
22	 	0.77704177	 	0.00000007	 	20
23	 	0.77704180	 	0.00000004	 	20
24	 	0.77704181	 	0.00000002	 	20
25	 	0.77704182	 	0.00000001	 	20
26	 	0.77704182	 	0.00000001	 	20
27	 	0.77704182	 	0.00000000	 	20
28	 	0.77704183	 	0.00000000	 	20
29	 	0.77704183	 	0.00000000	 	20
30	 	0.77704183	 	0.00000000	 	20
31	 	0.77704183	 	0.00000000	 	20
32	 	0.77704183	 	0.00000000	 	20
34x34-Bare-2g  refinement = 2 S-8 keff= 0.77704183
flux distribution is saved in the flux_34x34-Bare-2g.m and .py file script
--- End of calculation ---


**************************************************
*         .-~*~~~*~-.                           *
*        .-~~~~~~~~~-.                           *
*       /  X       X  \                          *
*      |    .-----.    |                         *
*       \  '_______'  /                          *
*        `-.........-'                           *
* *  ____   ___  ____ ____                       *
*   |  _ \ / _ \_   _| __ )                      *
*   | | | | | | || | |  _ \                      *
*   | |_| | |_| || | | |_) |                     *
*   |____/ \___/ |_| |____/                      *
* *
*   Discrete Ordinate with Two Braincells        *
**************************************************
    
34x34-Bare-2g	2 group
S-12	 quad set, 	 mesh refinement: 2

iteration 	 keff 	 	 error 	 	 iteration 
1	 	0.55412920	 	-0.80463328	 	20
2	 	0.68298049	 	0.18866028	 	20
3	 	0.73563095	 	0.07157184	 	20
4	 	0.75773375	 	0.02916961	 	20
5	 	0.76764036	 	0.01290527	 	20
6	 	0.77223818	 	0.00595390	 	20
7	 	0.77441046	 	0.00280507	 	20
8	 	0.77544711	 	0.00133685	 	20
9	 	0.77594508	 	0.00064176	 	20
10	 	0.77618548	 	0.00030972	 	20
11	 	0.77630203	 	0.00015014	 	20
12	 	0.77635877	 	0.00007308	 	20
13	 	0.77638650	 	0.00003572	 	20
14	 	0.77640011	 	0.00001753	 	20
15	 	0.77640681	 	0.00000864	 	20
16	 	0.77641014	 	0.00000428	 	20
17	 	0.77641179	 	0.00000213	 	20
18	 	0.77641262	 	0.00000106	 	20
19	 	0.77641303	 	0.00000054	 	20
20	 	0.77641324	 	0.00000027	 	20
21	 	0.77641335	 	0.00000014	 	20
22	 	0.77641340	 	0.00000007	 	20
23	 	0.77641343	 	0.00000004	 	20
24	 	0.77641345	 	0.00000002	 	20
25	 	0.77641345	 	0.00000001	 	20
26	 	0.77641346	 	0.00000001	 	20
27	 	0.77641346	 	0.00000000	 	20
28	 	0.77641346	 	0.00000000	 	20
29	 	0.77641346	 	0.00000000	 	20
30	 	0.77641346	 	0.00000000	 	20
31	 	0.77641346	 	0.00000000	 	20
32	 	0.77641346	 	0.00000000	 	19
34x34-Bare-2g  refinement = 2 S-12 keff= 0.77641346
flux distribution is saved in the flux_34x34-Bare-2g.m and .py file script
--- End of calculation ---


**************************************************
*         .-~*~~~*~-.                           *
*        .-~~~~~~~~~-.                           *
*       /  X       X  \                          *
*      |    .-----.    |                         *
*       \  '_______'  /                          *
*        `-.........-'                           *
* *  ____   ___  ____ ____                       *
*   |  _ \ / _ \_   _| __ )                      *
*   | | | | | | || | |  _ \                      *
*   | |_| | |_| || | | |_) |                     *
*   |____/ \___/ |_| |____/                      *
* *
*   Discrete Ordinate with Two Braincells        *
**************************************************
    
34x34-Bare-2g	2 group
S-16	 quad set, 	 mesh refinement: 2

iteration 	 keff 	 	 error 	 	 iteration 
1	 	0.55383133	 	-0.80560390	 	20
2	 	0.68263704	 	0.18868844	 	20
3	 	0.73531087	 	0.07163478	 	20
4	 	0.75742412	 	0.02919532	 	20
5	 	0.76733265	 	0.01291296	 	20
6	 	0.77192969	 	0.00595526	 	20
7	 	0.77410072	 	0.00280458	 	20
8	 	0.77513634	 	0.00133605	 	20
9	 	0.77563360	 	0.00064109	 	20
10	 	0.77587354	 	0.00030926	 	20
11	 	0.77598982	 	0.00014985	 	20
12	 	0.77604640	 	0.00007291	 	20
13	 	0.77607404	 	0.00003562	 	20
14	 	0.77608760	 	0.00001747	 	20
15	 	0.77609428	 	0.00000861	 	20
16	 	0.77609759	 	0.00000426	 	20
17	 	0.77609923	 	0.00000212	 	20
18	 	0.77610005	 	0.00000106	 	20
19	 	0.77610047	 	0.00000053	 	20
20	 	0.77610068	 	0.00000027	 	20
21	 	0.77610078	 	0.00000014	 	20
22	 	0.77610084	 	0.00000007	 	20
23	 	0.77610086	 	0.00000004	 	20
24	 	0.77610088	 	0.00000002	 	20
25	 	0.77610089	 	0.00000001	 	20
26	 	0.77610089	 	0.00000001	 	20
27	 	0.77610089	 	0.00000000	 	20
28	 	0.77610089	 	0.00000000	 	20
29	 	0.77610089	 	0.00000000	 	20
30	 	0.77610089	 	0.00000000	 	20
31	 	0.77610089	 	0.00000000	 	20
32	 	0.77610089	 	0.00000000	 	19
34x34-Bare-2g  refinement = 2 S-16 keff= 0.77610089
flux distribution is saved in the flux_34x34-Bare-2g.m and .py file script
--- End of calculation ---


**************************************************
*         .-~*~~~*~-.                           *
*        .-~~~~~~~~~-.                           *
*       /  X       X  \                          *
*      |    .-----.    |                         *
*       \  '_______'  /                          *
*        `-.........-'                           *
* *  ____   ___  ____ ____                       *
*   |  _ \ / _ \_   _| __ )                      *
*   | | | | | | || | |  _ \                      *
*   | |_| | |_| || | | |_) |                     *
*   |____/ \___/ |_| |____/                      *
* *
*   Discrete Ordinate with Two Braincells        *
**************************************************
    
34x34-Bare-2g	2 group
S-4	 quad set, 	 mesh refinement: 4

iteration 	 keff 	 	 error 	 	 iteration 
1	 	0.55535439	 	-0.80065202	 	20
2	 	0.68452974	 	0.18870670	 	20
3	 	0.73692384	 	0.07109840	 	20
4	 	0.75892514	 	0.02899007	 	20
5	 	0.76884107	 	0.01289725	 	20
6	 	0.77347994	 	0.00599740	 	20
7	 	0.77569170	 	0.00285133	 	20
8	 	0.77675761	 	0.00137226	 	20
9	 	0.77727493	 	0.00066556	 	20
10	 	0.77752735	 	0.00032464	 	20
11	 	0.77765107	 	0.00015910	 	20
12	 	0.77771198	 	0.00007831	 	20
13	 	0.77774208	 	0.00003871	 	20
14	 	0.77775703	 	0.00001922	 	20
15	 	0.77776448	 	0.00000958	 	20
16	 	0.77776821	 	0.00000480	 	20
17	 	0.77777009	 	0.00000242	 	20
18	 	0.77777105	 	0.00000122	 	20
19	 	0.77777153	 	0.00000062	 	20
20	 	0.77777178	 	0.00000032	 	20
21	 	0.77777190	 	0.00000016	 	20
22	 	0.77777197	 	0.00000008	 	20
23	 	0.77777201	 	0.00000004	 	20
24	 	0.77777202	 	0.00000002	 	20
25	 	0.77777203	 	0.00000001	 	20
26	 	0.77777204	 	0.00000001	 	20
27	 	0.77777204	 	0.00000000	 	20
28	 	0.77777204	 	0.00000000	 	20
29	 	0.77777204	 	0.00000000	 	20
30	 	0.77777204	 	0.00000000	 	20
31	 	0.77777204	 	0.00000000	 	20
32	 	0.77777204	 	0.00000000	 	20
33	 	0.77777204	 	0.00000000	 	17
34x34-Bare-2g  refinement = 4 S-4 keff= 0.77777204
flux distribution is saved in the flux_34x34-Bare-2g.m and .py file script
--- End of calculation ---


**************************************************
*         .-~*~~~*~-.                           *
*        .-~~~~~~~~~-.                           *
*       /  X       X  \                          *
*      |    .-----.    |                         *
*       \  '_______'  /                          *
*        `-.........-'                           *
* *  ____   ___  ____ ____                       *
*   |  _ \ / _ \_   _| __ )                      *
*   | | | | | | || | |  _ \                      *
*   | |_| | |_| || | | |_) |                     *
*   |____/ \___/ |_| |____/                      *
* *
*   Discrete Ordinate with Two Braincells        *
**************************************************
    
34x34-Bare-2g	2 group
S-4	 quad set, 	 mesh refinement: 4

iteration 	 keff 	 	 error 	 	 iteration 
1	 	0.55535439	 	-0.80065202	 	20
2	 	0.68452974	 	0.18870670	 	20
3	 	0.73692384	 	0.07109840	 	20
4	 	0.75892514	 	0.02899007	 	20
5	 	0.76884107	 	0.01289725	 	20
6	 	0.77347994	 	0.00599740	 	20
7	 	0.77569170	 	0.00285133	 	20
8	 	0.77675761	 	0.00137226	 	20
9	 	0.77727493	 	0.00066556	 	20
10	 	0.77752735	 	0.00032464	 	20
11	 	0.77765107	 	0.00015910	 	20
12	 	0.77771198	 	0.00007831	 	20
13	 	0.77774208	 	0.00003871	 	20
14	 	0.77775703	 	0.00001922	 	20
15	 	0.77776448	 	0.00000958	 	20
16	 	0.77776821	 	0.00000480	 	20
17	 	0.77777009	 	0.00000242	 	20
18	 	0.77777105	 	0.00000122	 	20
19	 	0.77777153	 	0.00000062	 	20
20	 	0.77777178	 	0.00000032	 	20
21	 	0.77777190	 	0.00000016	 	20
22	 	0.77777197	 	0.00000008	 	20
23	 	0.77777201	 	0.00000004	 	20
24	 	0.77777202	 	0.00000002	 	20
25	 	0.77777203	 	0.00000001	 	20
26	 	0.77777204	 	0.00000001	 	20
27	 	0.77777204	 	0.00000000	 	20
28	 	0.77777204	 	0.00000000	 	20
29	 	0.77777204	 	0.00000000	 	20
30	 	0.77777204	 	0.00000000	 	20
31	 	0.77777204	 	0.00000000	 	20
32	 	0.77777204	 	0.00000000	 	20
33	 	0.77777204	 	0.00000000	 	17
34x34-Bare-2g  refinement = 4 S-4 keff= 0.77777204
flux distribution is saved in the flux_34x34-Bare-2g.m and .py file script
--- End of calculation ---


**************************************************
*         .-~*~~~*~-.                           *
*        .-~~~~~~~~~-.                           *
*       /  X       X  \                          *
*      |    .-----.    |                         *
*       \  '_______'  /                          *
*        `-.........-'                           *
* *  ____   ___  ____ ____                       *
*   |  _ \ / _ \_   _| __ )                      *
*   | | | | | | || | |  _ \                      *
*   | |_| | |_| || | | |_) |                     *
*   |____/ \___/ |_| |____/                      *
* *
*   Discrete Ordinate with Two Braincells        *
**************************************************
    
34x34-Bare-2g	2 group
S-6	 quad set, 	 mesh refinement: 4

iteration 	 keff 	 	 error 	 	 iteration 
1	 	0.55417683	 	-0.80447817	 	20
2	 	0.68307569	 	0.18870362	 	20
3	 	0.73562021	 	0.07142887	 	20
4	 	0.75769494	 	0.02913405	 	20
5	 	0.76761149	 	0.01291871	 	20
6	 	0.77222678	 	0.00597661	 	20
7	 	0.77441397	 	0.00282431	 	20
8	 	0.77546114	 	0.00135039	 	20
9	 	0.77596589	 	0.00065048	 	20
10	 	0.77621045	 	0.00031506	 	20
11	 	0.77632947	 	0.00015331	 	20
12	 	0.77638763	 	0.00007492	 	20
13	 	0.77641617	 	0.00003676	 	20
14	 	0.77643024	 	0.00001812	 	20
15	 	0.77643721	 	0.00000897	 	20
16	 	0.77644067	 	0.00000446	 	20
17	 	0.77644240	 	0.00000223	 	20
18	 	0.77644327	 	0.00000112	 	20
19	 	0.77644371	 	0.00000057	 	20
20	 	0.77644393	 	0.00000029	 	20
21	 	0.77644405	 	0.00000015	 	20
22	 	0.77644411	 	0.00000008	 	20
23	 	0.77644414	 	0.00000004	 	20
24	 	0.77644415	 	0.00000002	 	20
25	 	0.77644416	 	0.00000001	 	20
26	 	0.77644416	 	0.00000001	 	20
27	 	0.77644417	 	0.00000000	 	20
28	 	0.77644417	 	0.00000000	 	20
29	 	0.77644417	 	0.00000000	 	20
30	 	0.77644417	 	0.00000000	 	20
31	 	0.77644417	 	0.00000000	 	20
32	 	0.77644417	 	0.00000000	 	20
34x34-Bare-2g  refinement = 4 S-6 keff= 0.77644417
flux distribution is saved in the flux_34x34-Bare-2g.m and .py file script
--- End of calculation ---


**************************************************
*         .-~*~~~*~-.                           *
*        .-~~~~~~~~~-.                           *
*       /  X       X  \                          *
*      |    .-----.    |                         *
*       \  '_______'  /                          *
*        `-.........-'                           *
* *  ____   ___  ____ ____                       *
*   |  _ \ / _ \_   _| __ )                      *
*   | | | | | | || | |  _ \                      *
*   | |_| | |_| || | | |_) |                     *
*   |____/ \___/ |_| |____/                      *
* *
*   Discrete Ordinate with Two Braincells        *
**************************************************
    
34x34-Bare-2g	2 group
S-8	 quad set, 	 mesh refinement: 4

iteration 	 keff 	 	 error 	 	 iteration 
1	 	0.55371361	 	-0.80598776	 	20
2	 	0.68251905	 	0.18872065	 	20
3	 	0.73513059	 	0.07156761	 	20
4	 	0.75723672	 	0.02919316	 	20
5	 	0.76715628	 	0.01293029	 	20
6	 	0.77176521	 	0.00597194	 	20
7	 	0.77394514	 	0.00281664	 	20
8	 	0.77498666	 	0.00134392	 	20
9	 	0.77548760	 	0.00064597	 	20
10	 	0.77572978	 	0.00031219	 	20
11	 	0.77584737	 	0.00015157	 	20
12	 	0.77590470	 	0.00007390	 	20
13	 	0.77593278	 	0.00003618	 	20
14	 	0.77594658	 	0.00001779	 	20
15	 	0.77595340	 	0.00000879	 	20
16	 	0.77595678	 	0.00000436	 	20
17	 	0.77595847	 	0.00000217	 	20
18	 	0.77595932	 	0.00000109	 	20
19	 	0.77595975	 	0.00000055	 	20
20	 	0.77595996	 	0.00000028	 	20
21	 	0.77596007	 	0.00000014	 	20
22	 	0.77596013	 	0.00000007	 	20
23	 	0.77596016	 	0.00000004	 	20
24	 	0.77596017	 	0.00000002	 	20
25	 	0.77596018	 	0.00000001	 	20
26	 	0.77596018	 	0.00000001	 	20
27	 	0.77596019	 	0.00000000	 	20
28	 	0.77596019	 	0.00000000	 	20
29	 	0.77596019	 	0.00000000	 	20
30	 	0.77596019	 	0.00000000	 	20
31	 	0.77596019	 	0.00000000	 	20
32	 	0.77596019	 	0.00000000	 	20
34x34-Bare-2g  refinement = 4 S-8 keff= 0.77596019
flux distribution is saved in the flux_34x34-Bare-2g.m and .py file script
--- End of calculation ---


**************************************************
*         .-~*~~~*~-.                           *
*        .-~~~~~~~~~-.                           *
*       /  X       X  \                          *
*      |    .-----.    |                         *
*       \  '_______'  /                          *
*        `-.........-'                           *
* *  ____   ___  ____ ____                       *
*   |  _ \ / _ \_   _| __ )                      *
*   | | | | | | || | |  _ \                      *
*   | |_| | |_| || | | |_) |                     *
*   |____/ \___/ |_| |____/                      *
* *
*   Discrete Ordinate with Two Braincells        *
**************************************************
    
34x34-Bare-2g	2 group
S-12	 quad set, 	 mesh refinement: 4

iteration 	 keff 	 	 error 	 	 iteration 
1	 	0.55319911	 	-0.80766742	 	20
2	 	0.68191298	 	0.18875411	 	20
3	 	0.73457755	 	0.07169367	 	20
4	 	0.75670807	 	0.02924578	 	20
5	 	0.76663149	 	0.01294419	 	20
6	 	0.77123760	 	0.00597237	 	20
7	 	0.77341373	 	0.00281367	 	20
8	 	0.77445219	 	0.00134089	 	20
9	 	0.77495104	 	0.00064371	 	20
10	 	0.77519188	 	0.00031069	 	20
11	 	0.77530868	 	0.00015064	 	20
12	 	0.77536555	 	0.00007335	 	20
13	 	0.77539336	 	0.00003586	 	20
14	 	0.77540702	 	0.00001761	 	20
15	 	0.77541376	 	0.00000869	 	20
16	 	0.77541709	 	0.00000431	 	20
17	 	0.77541876	 	0.00000214	 	20
18	 	0.77541959	 	0.00000107	 	20
19	 	0.77542001	 	0.00000054	 	20
20	 	0.77542022	 	0.00000027	 	20
21	 	0.77542033	 	0.00000014	 	20
22	 	0.77542038	 	0.00000007	 	20
23	 	0.77542041	 	0.00000004	 	20
24	 	0.77542043	 	0.00000002	 	20
25	 	0.77542044	 	0.00000001	 	20
26	 	0.77542044	 	0.00000001	 	20
27	 	0.77542044	 	0.00000000	 	20
28	 	0.77542044	 	0.00000000	 	20
29	 	0.77542044	 	0.00000000	 	20
30	 	0.77542044	 	0.00000000	 	20
31	 	0.77542044	 	0.00000000	 	20
32	 	0.77542044	 	0.00000000	 	20
34x34-Bare-2g  refinement = 4 S-12 keff= 0.77542044
flux distribution is saved in the flux_34x34-Bare-2g.m and .py file script
--- End of calculation ---


**************************************************
*         .-~*~~~*~-.                           *
*        .-~~~~~~~~~-.                           *
*       /  X       X  \                          *
*      |    .-----.    |                         *
*       \  '_______'  /                          *
*        `-.........-'                           *
* *  ____   ___  ____ ____                       *
*   |  _ \ / _ \_   _| __ )                      *
*   | | | | | | || | |  _ \                      *
*   | |_| | |_| || | | |_) |                     *
*   |____/ \___/ |_| |____/                      *
* *
*   Discrete Ordinate with Two Braincells        *
**************************************************
    
34x34-Bare-2g	2 group
S-16	 quad set, 	 mesh refinement: 4

iteration 	 keff 	 	 error 	 	 iteration 
1	 	0.55294568	 	-0.80849590	 	20
2	 	0.68161758	 	0.18877432	 	20
3	 	0.73430226	 	0.07174795	 	20
4	 	0.75644147	 	0.02926757	 	20
5	 	0.76636619	 	0.01295037	 	20
6	 	0.77097137	 	0.00597321	 	20
7	 	0.77314626	 	0.00281304	 	20
8	 	0.77418372	 	0.00134008	 	20
9	 	0.77468189	 	0.00064306	 	20
10	 	0.77492231	 	0.00031025	 	20
11	 	0.77503885	 	0.00015037	 	20
12	 	0.77509557	 	0.00007318	 	20
13	 	0.77512330	 	0.00003577	 	20
14	 	0.77513691	 	0.00001756	 	20
15	 	0.77514362	 	0.00000866	 	20
16	 	0.77514694	 	0.00000429	 	20
17	 	0.77514860	 	0.00000214	 	20
18	 	0.77514942	 	0.00000107	 	20
19	 	0.77514984	 	0.00000054	 	20
20	 	0.77515005	 	0.00000027	 	20
21	 	0.77515016	 	0.00000014	 	20
22	 	0.77515022	 	0.00000007	 	20
23	 	0.77515024	 	0.00000004	 	20
24	 	0.77515026	 	0.00000002	 	20
25	 	0.77515027	 	0.00000001	 	20
26	 	0.77515027	 	0.00000001	 	20
27	 	0.77515027	 	0.00000000	 	20
28	 	0.77515027	 	0.00000000	 	20
29	 	0.77515027	 	0.00000000	 	20
30	 	0.77515027	 	0.00000000	 	20
31	 	0.77515027	 	0.00000000	 	20
32	 	0.77515027	 	0.00000000	 	20
34x34-Bare-2g  refinement = 4 S-16 keff= 0.77515027
flux distribution is saved in the flux_34x34-Bare-2g.m and .py file script
--- End of calculation ---


**************************************************
*         .-~*~~~*~-.                           *
*        .-~~~~~~~~~-.                           *
*       /  X       X  \                          *
*      |    .-----.    |                         *
*       \  '_______'  /                          *
*        `-.........-'                           *
* *  ____   ___  ____ ____                       *
*   |  _ \ / _ \_   _| __ )                      *
*   | | | | | | || | |  _ \                      *
*   | |_| | |_| || | | |_) |                     *
*   |____/ \___/ |_| |____/                      *
* *
*   Discrete Ordinate with Two Braincells        *
**************************************************
    
34x34-Bare-2g	2 group
S-16	 quad set, 	 mesh refinement: 8

iteration 	 keff 	 	 error 	 	 iteration 
1	 	0.55279937	 	-0.80897455	 	20
2	 	0.68144918	 	0.18878855	 	20
3	 	0.73413946	 	0.07177150	 	20
4	 	0.75628316	 	0.02927964	 	20
5	 	0.76621079	 	0.01295679	 	20
6	 	0.77081782	 	0.00597681	 	20
7	 	0.77299386	 	0.00281508	 	20
8	 	0.77403201	 	0.00134123	 	20
9	 	0.77453058	 	0.00064370	 	20
10	 	0.77477122	 	0.00031061	 	20
11	 	0.77488789	 	0.00015056	 	20
12	 	0.77494469	 	0.00007329	 	20
13	 	0.77497245	 	0.00003582	 	20
14	 	0.77498608	 	0.00001759	 	20
15	 	0.77499280	 	0.00000867	 	20
16	 	0.77499613	 	0.00000430	 	20
17	 	0.77499779	 	0.00000214	 	20
18	 	0.77499862	 	0.00000107	 	20
19	 	0.77499904	 	0.00000054	 	20
20	 	0.77499925	 	0.00000027	 	20
21	 	0.77499935	 	0.00000014	 	20
22	 	0.77499941	 	0.00000007	 	20
23	 	0.77499944	 	0.00000004	 	20
24	 	0.77499945	 	0.00000002	 	20
25	 	0.77499946	 	0.00000001	 	20
26	 	0.77499946	 	0.00000001	 	20
27	 	0.77499947	 	0.00000000	 	20
28	 	0.77499947	 	0.00000000	 	20
29	 	0.77499947	 	0.00000000	 	20
30	 	0.77499947	 	0.00000000	 	20
31	 	0.77499947	 	0.00000000	 	20
32	 	0.77499947	 	0.00000000	 	20
34x34-Bare-2g  refinement = 8 S-16 keff= 0.77499947
flux distribution is saved in the flux_34x34-Bare-2g.m and .py file script
--- End of calculation ---


**************************************************
*         .-~*~~~*~-.                           *
*        .-~~~~~~~~~-.                           *
*       /  X       X  \                          *
*      |    .-----.    |                         *
*       \  '_______'  /                          *
*        `-.........-'                           *
* *  ____   ___  ____ ____                       *
*   |  _ \ / _ \_   _| __ )                      *
*   | | | | | | || | |  _ \                      *
*   | |_| | |_| || | | |_) |                     *
*   |____/ \___/ |_| |____/                      *
* *
*   Discrete Ordinate with Two Braincells        *
**************************************************
    
34x34-Bare-2g	2 group
S-8	 quad set, 	 mesh refinement: 8

iteration 	 keff 	 	 error 	 	 iteration 
1	 	0.55363018	 	-0.80625992	 	20
2	 	0.68242582	 	0.18873208	 	20
3	 	0.73504369	 	0.07158467	 	20
4	 	0.75715340	 	0.02920110	 	20
5	 	0.76707523	 	0.01293462	 	20
6	 	0.77168573	 	0.00597458	 	20
7	 	0.77386669	 	0.00281827	 	20
8	 	0.77490886	 	0.00134490	 	20
9	 	0.77541020	 	0.00064654	 	20
10	 	0.77565260	 	0.00031251	 	20
11	 	0.77577032	 	0.00015175	 	20
12	 	0.77582773	 	0.00007400	 	20
13	 	0.77585584	 	0.00003623	 	20
14	 	0.77586966	 	0.00001782	 	20
15	 	0.77587649	 	0.00000880	 	20
16	 	0.77587988	 	0.00000437	 	20
17	 	0.77588157	 	0.00000218	 	20
18	 	0.77588242	 	0.00000109	 	20
19	 	0.77588285	 	0.00000055	 	20
20	 	0.77588307	 	0.00000028	 	20
21	 	0.77588318	 	0.00000014	 	20
22	 	0.77588323	 	0.00000007	 	20
23	 	0.77588326	 	0.00000004	 	20
24	 	0.77588328	 	0.00000002	 	20
25	 	0.77588329	 	0.00000001	 	20
26	 	0.77588329	 	0.00000001	 	20
27	 	0.77588329	 	0.00000000	 	20
28	 	0.77588329	 	0.00000000	 	20
29	 	0.77588330	 	0.00000000	 	20
30	 	0.77588330	 	0.00000000	 	20
31	 	0.77588330	 	0.00000000	 	20
32	 	0.77588330	 	0.00000000	 	20
34x34-Bare-2g  refinement = 8 S-8 keff= 0.77588330
flux distribution is saved in the flux_34x34-Bare-2g.m and .py file script
--- End of calculation ---


**************************************************
*         .-~*~~~*~-.                           *
*        .-~~~~~~~~~-.                           *
*       /  X       X  \                          *
*      |    .-----.    |                         *
*       \  '_______'  /                          *
*        `-.........-'                           *
* *  ____   ___  ____ ____                       *
*   |  _ \ / _ \_   _| __ )                      *
*   | | | | | | || | |  _ \                      *
*   | |_| | |_| || | | |_) |                     *
*   |____/ \___/ |_| |____/                      *
* *
*   Discrete Ordinate with Two Braincells        *
**************************************************
    
34x34-Bare-2g	2 group
S-6	 quad set, 	 mesh refinement: 8

iteration 	 keff 	 	 error 	 	 iteration 
1	 	0.55534017	 	-0.80069813	 	5
2	 	0.50688179	 	-0.09560095	 	5
3	 	0.54364824	 	0.06762913	 	5
4	 	0.59523861	 	0.08667174	 	5
5	 	0.64143247	 	0.07201671	 	5
6	 	0.67789467	 	0.05378742	 	5
7	 	0.70521303	 	0.03873773	 	5
8	 	0.72518710	 	0.02754333	 	5
9	 	0.73962079	 	0.01951499	 	5
10	 	0.74999469	 	0.01383196	 	5
11	 	0.75743510	 	0.00982317	 	5
12	 	0.76276968	 	0.00699369	 	5
13	 	0.76659650	 	0.00499196	 	5
14	 	0.76934441	 	0.00357176	 	5
15	 	0.77131991	 	0.00256119	 	5
16	 	0.77274187	 	0.00184014	 	5
17	 	0.77376664	 	0.00132440	 	5
18	 	0.77450607	 	0.00095471	 	5
19	 	0.77504022	 	0.00068919	 	5
20	 	0.77542652	 	0.00049818	 	5
21	 	0.77570621	 	0.00036056	 	5
22	 	0.77590892	 	0.00026126	 	5
23	 	0.77605601	 	0.00018953	 	5
24	 	0.77616285	 	0.00013765	 	5
25	 	0.77624053	 	0.00010008	 	5
26	 	0.77629709	 	0.00007285	 	5
27	 	0.77633830	 	0.00005309	 	5
28	 	0.77636837	 	0.00003873	 	5
29	 	0.77639033	 	0.00002829	 	5
30	 	0.77640640	 	0.00002069	 	5
31	 	0.77641816	 	0.00001515	 	5
32	 	0.77642678	 	0.00001111	 	5
33	 	0.77643311	 	0.00000815	 	5
34	 	0.77643776	 	0.00000599	 	5
35	 	0.77644119	 	0.00000441	 	5
36	 	0.77644371	 	0.00000325	 	5
37	 	0.77644558	 	0.00000240	 	5
38	 	0.77644696	 	0.00000177	 	5
39	 	0.77644797	 	0.00000131	 	5
40	 	0.77644873	 	0.00000097	 	5
41	 	0.77644929	 	0.00000072	 	5
42	 	0.77644971	 	0.00000054	 	5
43	 	0.77645002	 	0.00000040	 	5
44	 	0.77645025	 	0.00000030	 	5
45	 	0.77645043	 	0.00000022	 	5
46	 	0.77645055	 	0.00000017	 	5
47	 	0.77645065	 	0.00000013	 	5
48	 	0.77645072	 	0.00000009	 	5
49	 	0.77645078	 	0.00000007	 	5
50	 	0.77645082	 	0.00000005	 	5
51	 	0.77645085	 	0.00000004	 	5
52	 	0.77645088	 	0.00000003	 	5
53	 	0.77645089	 	0.00000002	 	5
54	 	0.77645091	 	0.00000002	 	5
55	 	0.77645092	 	0.00000001	 	5
56	 	0.77645092	 	0.00000001	 	5
57	 	0.77645093	 	0.00000001	 	5
58	 	0.77645093	 	0.00000001	 	5
59	 	0.77645094	 	0.00000000	 	5
60	 	0.77645094	 	0.00000000	 	5
61	 	0.77645094	 	0.00000000	 	5
62	 	0.77645094	 	0.00000000	 	5
63	 	0.77645095	 	0.00000000	 	5
64	 	0.77645095	 	0.00000000	 	5
65	 	0.77645095	 	0.00000000	 	5
66	 	0.77645095	 	0.00000000	 	5
67	 	0.77645095	 	0.00000000	 	5
68	 	0.77645095	 	0.00000000	 	5
69	 	0.77645095	 	0.00000000	 	5
70	 	0.77645095	 	0.00000000	 	5
71	 	0.77645095	 	0.00000000	 	5
72	 	0.77645095	 	0.00000000	 	5
73	 	0.77645095	 	0.00000000	 	5
74	 	0.77645095	 	0.00000000	 	5
75	 	0.77645095	 	0.00000000	 	5
76	 	0.77645095	 	0.00000000	 	5
77	 	0.77645095	 	0.00000000	 	5
78	 	0.77645095	 	0.00000000	 	5
79	 	0.77645095	 	0.00000000	 	5
80	 	0.77645095	 	0.00000000	 	5
81	 	0.77645095	 	0.00000000	 	5
82	 	0.77645095	 	0.00000000	 	4
34x34-Bare-2g  refinement = 8 S-6 keff= 0.77645095
flux distribution is saved in the flux_34x34-Bare-2g.m and .py file script
--- End of calculation ---


**************************************************
*         .-~*~~~*~-.                           *
*        .-~~~~~~~~~-.                           *
*       /  X       X  \                          *
*      |    .-----.    |                         *
*       \  '_______'  /                          *
*        `-.........-'                           *
* *  ____   ___  ____ ____                       *
*   |  _ \ / _ \_   _| __ )                      *
*   | | | | | | || | |  _ \                      *
*   | |_| | |_| || | | |_) |                     *
*   |____/ \___/ |_| |____/                      *
* *
*   Discrete Ordinate with Two Braincells        *
**************************************************
    
34x34-Bare-2g	2 group
S-12	 quad set, 	 mesh refinement: 8

iteration 	 keff 	 	 error 	 	 iteration 
1	 	0.55382466	 	-0.80562563	 	5
2	 	0.50588533	 	-0.09476323	 	5
3	 	0.54253527	 	0.06755309	 	5
4	 	0.59400155	 	0.08664335	 	5
5	 	0.64014542	 	0.07208342	 	5
6	 	0.67660963	 	0.05389254	 	5
7	 	0.70395315	 	0.03884281	 	5
8	 	0.72395742	 	0.02763182	 	5
9	 	0.73841771	 	0.01958281	 	5
10	 	0.74881172	 	0.01388068	 	5
11	 	0.75626574	 	0.00985634	 	5
12	 	0.76160849	 	0.00701509	 	5
13	 	0.76543944	 	0.00500490	 	5
14	 	0.76818868	 	0.00357887	 	5
15	 	0.77016374	 	0.00256446	 	5
16	 	0.77158422	 	0.00184099	 	5
17	 	0.77260701	 	0.00132382	 	5
18	 	0.77334428	 	0.00095335	 	5
19	 	0.77387632	 	0.00068750	 	5
20	 	0.77426067	 	0.00049642	 	5
21	 	0.77453863	 	0.00035887	 	5
22	 	0.77473986	 	0.00025973	 	5
23	 	0.77488569	 	0.00018819	 	5
24	 	0.77499148	 	0.00013651	 	5
25	 	0.77506831	 	0.00009913	 	5
26	 	0.77512417	 	0.00007207	 	5
27	 	0.77516483	 	0.00005245	 	5
28	 	0.77519446	 	0.00003822	 	5
29	 	0.77521607	 	0.00002788	 	5
30	 	0.77523185	 	0.00002036	 	5
31	 	0.77524340	 	0.00001489	 	5
32	 	0.77525185	 	0.00001090	 	5
33	 	0.77525805	 	0.00000799	 	5
34	 	0.77526260	 	0.00000587	 	5
35	 	0.77526594	 	0.00000431	 	5
36	 	0.77526840	 	0.00000318	 	5
37	 	0.77527022	 	0.00000234	 	5
38	 	0.77527156	 	0.00000173	 	5
39	 	0.77527255	 	0.00000128	 	5
40	 	0.77527329	 	0.00000095	 	5
41	 	0.77527383	 	0.00000070	 	5
42	 	0.77527424	 	0.00000052	 	5
43	 	0.77527454	 	0.00000039	 	5
44	 	0.77527476	 	0.00000029	 	5
45	 	0.77527493	 	0.00000022	 	5
46	 	0.77527505	 	0.00000016	 	5
47	 	0.77527515	 	0.00000012	 	5
48	 	0.77527522	 	0.00000009	 	5
49	 	0.77527527	 	0.00000007	 	5
50	 	0.77527531	 	0.00000005	 	5
51	 	0.77527534	 	0.00000004	 	5
52	 	0.77527536	 	0.00000003	 	5
53	 	0.77527538	 	0.00000002	 	5
54	 	0.77527539	 	0.00000002	 	5
55	 	0.77527540	 	0.00000001	 	5
56	 	0.77527541	 	0.00000001	 	5
57	 	0.77527541	 	0.00000001	 	5
58	 	0.77527542	 	0.00000001	 	5
59	 	0.77527542	 	0.00000000	 	5
60	 	0.77527542	 	0.00000000	 	5
61	 	0.77527543	 	0.00000000	 	5
62	 	0.77527543	 	0.00000000	 	5
63	 	0.77527543	 	0.00000000	 	5
64	 	0.77527543	 	0.00000000	 	5
65	 	0.77527543	 	0.00000000	 	5
66	 	0.77527543	 	0.00000000	 	5
67	 	0.77527543	 	0.00000000	 	5
68	 	0.77527543	 	0.00000000	 	5
69	 	0.77527543	 	0.00000000	 	5
70	 	0.77527543	 	0.00000000	 	5
71	 	0.77527543	 	0.00000000	 	5
72	 	0.77527543	 	0.00000000	 	5
73	 	0.77527543	 	0.00000000	 	5
74	 	0.77527543	 	0.00000000	 	5
75	 	0.77527543	 	0.00000000	 	5
76	 	0.77527543	 	0.00000000	 	5
77	 	0.77527543	 	0.00000000	 	5
78	 	0.77527543	 	0.00000000	 	5
79	 	0.77527543	 	0.00000000	 	5
80	 	0.77527543	 	0.00000000	 	5
81	 	0.77527543	 	0.00000000	 	5
82	 	0.77527543	 	0.00000000	 	4
34x34-Bare-2g  refinement = 8 S-12 keff= 0.77527543
flux distribution is saved in the flux_34x34-Bare-2g.m and .py file script
--- End of calculation ---


**************************************************
*         .-~*~~~*~-.                           *
*        .-~~~~~~~~~-.                           *
*       /  X       X  \                          *
*      |    .-----.    |                         *
*       \  '_______'  /                          *
*        `-.........-'                           *
* *  ____   ___  ____ ____                       *
*   |  _ \ / _ \_   _| __ )                      *
*   | | | | | | || | |  _ \                      *
*   | |_| | |_| || | | |_) |                     *
*   |____/ \___/ |_| |____/                      *
* *
*   Discrete Ordinate with Two Braincells        *
**************************************************
    
34x34-Bare-2g	2 group
S-4	 quad set, 	 mesh refinement: 8

iteration 	 keff 	 	 error 	 	 iteration 
1	 	0.55676065	 	-0.79610394	 	5
2	 	0.50797121	 	-0.09604765	 	5
3	 	0.54491499	 	0.06779733	 	5
4	 	0.59665230	 	0.08671266	 	5
5	 	0.64290315	 	0.07194062	 	5
6	 	0.67936338	 	0.05366823	 	5
7	 	0.70665487	 	0.03862068	 	5
8	 	0.72659836	 	0.02744775	 	5
9	 	0.74100764	 	0.01944552	 	5
10	 	0.75136629	 	0.01378641	 	5
11	 	0.75880013	 	0.00979684	 	5
12	 	0.76413496	 	0.00698153	 	5
13	 	0.76796675	 	0.00498952	 	5
14	 	0.77072245	 	0.00357548	 	5
15	 	0.77270710	 	0.00256844	 	5
16	 	0.77413853	 	0.00184906	 	5
17	 	0.77517243	 	0.00133376	 	5
18	 	0.77592021	 	0.00096374	 	5
19	 	0.77646178	 	0.00069748	 	5
20	 	0.77685448	 	0.00050551	 	5
21	 	0.77713959	 	0.00036687	 	5
22	 	0.77734683	 	0.00026660	 	5
23	 	0.77749764	 	0.00019397	 	5
24	 	0.77760751	 	0.00014129	 	5
25	 	0.77768765	 	0.00010304	 	5
26	 	0.77774616	 	0.00007524	 	5
27	 	0.77778894	 	0.00005500	 	5
28	 	0.77782024	 	0.00004025	 	5
29	 	0.77784318	 	0.00002949	 	5
30	 	0.77786001	 	0.00002163	 	5
31	 	0.77787237	 	0.00001589	 	5
32	 	0.77788146	 	0.00001169	 	5
33	 	0.77788816	 	0.00000861	 	5
34	 	0.77789309	 	0.00000634	 	5
35	 	0.77789674	 	0.00000468	 	5
36	 	0.77789943	 	0.00000346	 	5
37	 	0.77790142	 	0.00000256	 	5
38	 	0.77790290	 	0.00000190	 	5
39	 	0.77790400	 	0.00000141	 	5
40	 	0.77790482	 	0.00000105	 	5
41	 	0.77790542	 	0.00000078	 	5
42	 	0.77790588	 	0.00000058	 	5
43	 	0.77790621	 	0.00000043	 	5
44	 	0.77790647	 	0.00000033	 	5
45	 	0.77790666	 	0.00000024	 	5
46	 	0.77790680	 	0.00000018	 	5
47	 	0.77790690	 	0.00000014	 	5
48	 	0.77790699	 	0.00000010	 	5
49	 	0.77790705	 	0.00000008	 	5
50	 	0.77790709	 	0.00000006	 	5
51	 	0.77790713	 	0.00000004	 	5
52	 	0.77790715	 	0.00000003	 	5
53	 	0.77790717	 	0.00000003	 	5
54	 	0.77790719	 	0.00000002	 	5
55	 	0.77790720	 	0.00000001	 	5
56	 	0.77790721	 	0.00000001	 	5
57	 	0.77790721	 	0.00000001	 	5
58	 	0.77790722	 	0.00000001	 	5
59	 	0.77790722	 	0.00000000	 	5
60	 	0.77790722	 	0.00000000	 	5
61	 	0.77790723	 	0.00000000	 	5
62	 	0.77790723	 	0.00000000	 	5
63	 	0.77790723	 	0.00000000	 	5
64	 	0.77790723	 	0.00000000	 	5
65	 	0.77790723	 	0.00000000	 	5
66	 	0.77790723	 	0.00000000	 	5
67	 	0.77790723	 	0.00000000	 	5
68	 	0.77790723	 	0.00000000	 	5
69	 	0.77790723	 	0.00000000	 	5
70	 	0.77790723	 	0.00000000	 	5
71	 	0.77790723	 	0.00000000	 	5
72	 	0.77790723	 	0.00000000	 	5
73	 	0.77790723	 	0.00000000	 	5
74	 	0.77790723	 	0.00000000	 	5
75	 	0.77790723	 	0.00000000	 	5
76	 	0.77790723	 	0.00000000	 	5
77	 	0.77790723	 	0.00000000	 	5
78	 	0.77790723	 	0.00000000	 	5
79	 	0.77790723	 	0.00000000	 	5
80	 	0.77790723	 	0.00000000	 	5
81	 	0.77790723	 	0.00000000	 	5
82	 	0.77790723	 	0.00000000	 	5
34x34-Bare-2g  refinement = 8 S-4 keff= 0.77790723
flux distribution is saved in the flux_34x34-Bare-2g.m and .py file script
--- End of calculation ---


**************************************************
*         .-~*~~~*~-.                           *
*        .-~~~~~~~~~-.                           *
*       /  X       X  \                          *
*      |    .-----.    |                         *
*       \  '_______'  /                          *
*        `-.........-'                           *
* *  ____   ___  ____ ____                       *
*   |  _ \ / _ \_   _| __ )                      *
*   | | | | | | || | |  _ \                      *
*   | |_| | |_| || | | |_) |                     *
*   |____/ \___/ |_| |____/                      *
* *
*   Discrete Ordinate with Two Braincells        *
**************************************************
    
34x34-Bare-2g	2 group
S-4	 quad set, 	 mesh refinement: 8

iteration 	 keff 	 	 error 	 	 iteration 
1	 	0.55676065	 	-0.79610394	 	5
2	 	0.50797121	 	-0.09604765	 	5
3	 	0.54491499	 	0.06779733	 	5

**************************************************
*         .-~*~~~*~-.                           *
*        .-~~~~~~~~~-.                           *
*       /  X       X  \                          *
*      |    .-----.    |                         *
*       \  '_______'  /                          *
*        `-.........-'                           *
* *  ____   ___  ____ ____                       *
*   |  _ \ / _ \_   _| __ )                      *
*   | | | | | | || | |  _ \                      *
*   | |_| | |_| || | | |_) |                     *
*   |____/ \___/ |_| |____/                      *
* *
*   Discrete Ordinate with Two Braincells        *
**************************************************
    
34x34-Bare-2g	2 group
S-16	 quad set, 	 mesh refinement: 16

iteration 	 keff 	 	 error 	 	 iteration 
1	 	0.49764193	 	-1.00947699	 	10
2	 	0.57897130	 	0.14047220	 	10
3	 	0.66086502	 	0.12391899	 	10
4	 	0.71049250	 	0.06984940	 	10
5	 	0.73845068	 	0.03786059	 	10
6	 	0.75411211	 	0.02076805	 	10
7	 	0.76296230	 	0.01159977	 	10
8	 	0.76801470	 	0.00657853	 	10
9	 	0.77092372	 	0.00377342	 	10
10	 	0.77260969	 	0.00218217	 	10
11	 	0.77359174	 	0.00126948	 	10
12	 	0.77416606	 	0.00074186	 	10
13	 	0.77450306	 	0.00043511	 	10
14	 	0.77470138	 	0.00025600	 	10
15	 	0.77481842	 	0.00015105	 	10
16	 	0.77488767	 	0.00008938	 	10
17	 	0.77492877	 	0.00005303	 	10
18	 	0.77495322	 	0.00003156	 	10
19	 	0.77496782	 	0.00001883	 	10
20	 	0.77497656	 	0.00001127	 	10
21	 	0.77498180	 	0.00000677	 	10
22	 	0.77498496	 	0.00000408	 	10
23	 	0.77498688	 	0.00000247	 	10
24	 	0.77498804	 	0.00000150	 	10
25	 	0.77498874	 	0.00000091	 	10
26	 	0.77498917	 	0.00000056	 	10
27	 	0.77498944	 	0.00000034	 	10
28	 	0.77498960	 	0.00000021	 	10
29	 	0.77498970	 	0.00000013	 	10
30	 	0.77498977	 	0.00000008	 	10
31	 	0.77498981	 	0.00000005	 	10
32	 	0.77498983	 	0.00000003	 	10
33	 	0.77498985	 	0.00000002	 	10
34	 	0.77498986	 	0.00000001	 	10
35	 	0.77498986	 	0.00000001	 	10
36	 	0.77498987	 	0.00000001	 	10
37	 	0.77498987	 	0.00000000	 	10
38	 	0.77498987	 	0.00000000	 	10
39	 	0.77498987	 	0.00000000	 	10
40	 	0.77498987	 	0.00000000	 	10
41	 	0.77498987	 	0.00000000	 	10
42	 	0.77498987	 	0.00000000	 	10
43	 	0.77498987	 	0.00000000	 	10
44	 	0.77498987	 	0.00000000	 	10
45	 	0.77498987	 	0.00000000	 	10
46	 	0.77498987	 	0.00000000	 	10
47	 	0.77498987	 	0.00000000	 	10
48	 	0.77498987	 	0.00000000	 	9
34x34-Bare-2g  refinement = 16 S-16 keff= 0.77498987
flux distribution is saved in the flux_34x34-Bare-2g.m and .py file script
--- End of calculation ---


**************************************************
*         .-~*~~~*~-.                           *
*        .-~~~~~~~~~-.                           *
*       /  X       X  \                          *
*      |    .-----.    |                         *
*       \  '_______'  /                          *
*        `-.........-'                           *
* *  ____   ___  ____ ____                       *
*   |  _ \ / _ \_   _| __ )                      *
*   | | | | | | || | |  _ \                      *
*   | |_| | |_| || | | |_) |                     *
*   |____/ \___/ |_| |____/                      *
* *
*   Discrete Ordinate with Two Braincells        *
**************************************************
    
34x34-Bare-2g	2 group
S-16	 quad set, 	 mesh refinement: 16

iteration 	 keff 	 	 error 	 	 iteration 

**************************************************
*         .-~*~~~*~-.                           *
*        .-~~~~~~~~~-.                           *
*       /  X       X  \                          *
*      |    .-----.    |                         *
*       \  '_______'  /                          *
*        `-.........-'                           *
* *  ____   ___  ____ ____                       *
*   |  _ \ / _ \_   _| __ )                      *
*   | | | | | | || | |  _ \                      *
*   | |_| | |_| || | | |_) |                     *
*   |____/ \___/ |_| |____/                      *
* *
*   Discrete Ordinate with Two Braincells        *
**************************************************
    
34x34-Bare-2g	2 group
S-8	 quad set, 	 mesh refinement: 2

iteration 	 keff 	 	 error 	 	 iteration 
1	 	0.55640937	 	-0.79723787	 	5
2	 	0.50755974	 	-0.09624411	 	5
3	 	0.54419502	 	0.06732013	 	5
4	 	0.59577888	 	0.08658222	 	5
5	 	0.64199921	 	0.07199437	 	5
6	 	0.67848929	 	0.05378136	 	5
7	 	0.70582856	 	0.03873358	 	5
8	 	0.72581585	 	0.02753769	 	5
9	 	0.74025644	 	0.01950755	 	5
10	 	0.75063258	 	0.01382319	 	5
11	 	0.75807207	 	0.00981369	 	5
12	 	0.76340369	 	0.00698402	 	5
13	 	0.76722643	 	0.00498254	 	5
14	 	0.76996976	 	0.00356290	 	5
15	 	0.77194060	 	0.00255310	 	5
16	 	0.77335810	 	0.00183292	 	5
17	 	0.77437879	 	0.00131808	 	5
18	 	0.77511459	 	0.00094927	 	5
19	 	0.77564559	 	0.00068459	 	5
20	 	0.77602920	 	0.00049433	 	5
21	 	0.77630663	 	0.00035737	 	5
22	 	0.77650747	 	0.00025865	 	5
23	 	0.77665301	 	0.00018740	 	5
24	 	0.77675860	 	0.00013593	 	5
25	 	0.77683527	 	0.00009870	 	5
26	 	0.77689101	 	0.00007175	 	5
27	 	0.77693158	 	0.00005221	 	5
28	 	0.77696113	 	0.00003804	 	5
29	 	0.77698269	 	0.00002774	 	5
30	 	0.77699843	 	0.00002026	 	5
31	 	0.77700993	 	0.00001481	 	5
32	 	0.77701836	 	0.00001084	 	5
33	 	0.77702453	 	0.00000795	 	5
34	 	0.77702907	 	0.00000583	 	5
35	 	0.77703240	 	0.00000429	 	5
36	 	0.77703485	 	0.00000315	 	5
37	 	0.77703665	 	0.00000232	 	5
38	 	0.77703799	 	0.00000172	 	5
39	 	0.77703897	 	0.00000127	 	5
40	 	0.77703970	 	0.00000094	 	5
34x34-Bare-2g  refinement = 2 S-8 keff= 0.77703970
flux distribution is saved in the flux_34x34-Bare-2g.m and .py file script
--- End of calculation ---


**************************************************
*         .-~*~~~*~-.                           *
*        .-~~~~~~~~~-.                           *
*       /  X       X  \                          *
*      |    .-----.    |                         *
*       \  '_______'  /                          *
*        `-.........-'                           *
* *  ____   ___  ____ ____                       *
*   |  _ \ / _ \_   _| __ )                      *
*   | | | | | | || | |  _ \                      *
*   | |_| | |_| || | | |_) |                     *
*   |____/ \___/ |_| |____/                      *
* *
*   Discrete Ordinate with Two Braincells        *
**************************************************
    
34x34-Bare-2g	2 group
S-8	 quad set, 	 mesh refinement: 2

iteration 	 keff 	 	 error 	 	 iteration 
1	 	0.63853253	 	-0.56609093	 	107
2	 	0.72620805	 	0.12073058	 	93
3	 	0.75596409	 	0.03936172	 	84
4	 	0.76788467	 	0.01552392	 	75
5	 	0.77297351	 	0.00658346	 	67
6	 	0.77520930	 	0.00288412	 	60
7	 	0.77620506	 	0.00128285	 	52
8	 	0.77665289	 	0.00057662	 	44
9	 	0.77685693	 	0.00026265	 	37
10	 	0.77695143	 	0.00012163	 	31
11	 	0.77699538	 	0.00005656	 	25
12	 	0.77701602	 	0.00002657	 	19
13	 	0.77702622	 	0.00001312	 	14
34x34-Bare-2g  refinement = 2 S-8 keff= 0.77702622
flux distribution is saved in the flux_34x34-Bare-2g.m and .py file script
--- End of calculation ---


**************************************************
*         .-~*~~~*~-.                           *
*        .-~~~~~~~~~-.                           *
*       /  X       X  \                          *
*      |    .-----.    |                         *
*       \  '_______'  /                          *
*        `-.........-'                           *
* *  ____   ___  ____ ____                       *
*   |  _ \ / _ \_   _| __ )                      *
*   | | | | | | || | |  _ \                      *
*   | |_| | |_| || | | |_) |                     *
*   |____/ \___/ |_| |____/                      *
* *
*   Discrete Ordinate with Two Braincells        *
**************************************************
    
34x34-Bare-2g	2 group
S-8	 quad set, 	 mesh refinement: 4

iteration 	 keff 	 	 error 	 	 iteration 
1	 	0.63739827	 	-0.56887781	 	107
2	 	0.72505068	 	0.12089143	 	93
3	 	0.75484897	 	0.03947583	 	84
4	 	0.76679117	 	0.01557426	 	75
5	 	0.77188816	 	0.00660328	 	67
6	 	0.77412662	 	0.00289159	 	60
7	 	0.77512314	 	0.00128563	 	52
8	 	0.77557116	 	0.00057767	 	44
9	 	0.77577524	 	0.00026306	 	37
10	 	0.77586975	 	0.00012181	 	31
11	 	0.77591371	 	0.00005665	 	25
12	 	0.77593435	 	0.00002661	 	19
13	 	0.77594456	 	0.00001315	 	14
34x34-Bare-2g  refinement = 4 S-8 keff= 0.77594456
flux distribution is saved in the flux_34x34-Bare-2g.m and .py file script
--- End of calculation ---


**************************************************
*         .-~*~~~*~-.                           *
*        .-~~~~~~~~~-.                           *
*       /  X       X  \                          *
*      |    .-----.    |                         *
*       \  '_______'  /                          *
*        `-.........-'                           *
* *  ____   ___  ____ ____                       *
*   |  _ \ / _ \_   _| __ )                      *
*   | | | | | | || | |  _ \                      *
*   | |_| | |_| || | | |_) |                     *
*   |____/ \___/ |_| |____/                      *
* *
*   Discrete Ordinate with Two Braincells        *
**************************************************
    
34x34-Bare-2g	2 group
S-16	 quad set, 	 mesh refinement: 4

iteration 	 keff 	 	 error 	 	 iteration 
1	 	0.63657611	 	-0.57090407	 	107
2	 	0.72423335	 	0.12103452	 	93
3	 	0.75407651	 	0.03957577	 	84
4	 	0.76601499	 	0.01558518	 	75
5	 	0.77110108	 	0.00659588	 	67
6	 	0.77333060	 	0.00288301	 	60
7	 	0.77432123	 	0.00127935	 	52
8	 	0.77476573	 	0.00057372	 	44
9	 	0.77496781	 	0.00026076	 	37
10	 	0.77506121	 	0.00012051	 	31
11	 	0.77510367	 	0.00005477	 	24
12	 	0.77512469	 	0.00002712	 	19
13	 	0.77513485	 	0.00001310	 	14
34x34-Bare-2g  refinement = 4 S-16 keff= 0.77513485
flux distribution is saved in the flux_34x34-Bare-2g.m and .py file script
--- End of calculation ---

