
%********************************************************
%*                 .-~*~~~*~-.                          *
%*                .-~~~~~~~~~-.                         *
%*               /  X       X  \                        *
%*              |    .-----.    |                       *
%*               \  '_______'  /                        *
%*                `-.........-'                         *
%* *          ____   ___  ____ ____                     *
%*           |  _ \ / _ \_   _| __ )                    *
%*           | | | | | | || | |  _ \                    *
%*           | |_| | |_| || | | |_) |                   *
%*           |____/ \___/ |_| |____/                    *
%********************************************************
%*      Discrete Ordinate with Two Braincells           *
%********************************************************
    
mini3x3-pin-cart	8 group
XS file: mini3x3-pin-cart-8g.xs
Calculation Start Time Mon Nov  3 13:53:20 2025
S-2	 quad set, 	 mesh refinement: 16

outer 	 	 keff 	 	 	error 	 	 	inner 
1	 	0.81916281	 	-0.22075855	 	40
2	 	0.87485722	 	0.06366115	 	40
3	 	0.87578159	 	0.00105547	 	40
4	 	0.87579485	 	0.00001514	 	40
5	 	0.87579545	 	0.00000069	 	40
mini3x3-pin-cart  refinement = 16 S-2 keff= 0.87579545
time for calculation: 3.20582510 s
--- End of calculation ---


%********************************************************
%*                 .-~*~~~*~-.                          *
%*                .-~~~~~~~~~-.                         *
%*               /  X       X  \                        *
%*              |    .-----.    |                       *
%*               \  '_______'  /                        *
%*                `-.........-'                         *
%* *          ____   ___  ____ ____                     *
%*           |  _ \ / _ \_   _| __ )                    *
%*           | | | | | | || | |  _ \                    *
%*           | |_| | |_| || | | |_) |                   *
%*           |____/ \___/ |_| |____/                    *
%********************************************************
%*      Discrete Ordinate with Two Braincells           *
%********************************************************
    
mini3x3-pin-cart	8 group
XS file: mini3x3-pin-cart-8g.xs
Calculation Start Time Mon Nov  3 13:53:55 2025
S-2	 quad set, 	 mesh refinement: 16

outer 	 	 keff 	 	 	error 	 	 	inner 
1	 	0.87577035	 	-0.14185186	 	101
2	 	0.87579876	 	0.00003244	 	101
3	 	0.87579621	 	-0.00000291	 	101
4	 	0.87579633	 	0.00000014	 	101
mini3x3-pin-cart  refinement = 16 S-2 keff= 0.87579633
time for calculation: 6.31183970 s
--- End of calculation ---


%********************************************************
%*                 .-~*~~~*~-.                          *
%*                .-~~~~~~~~~-.                         *
%*               /  X       X  \                        *
%*              |    .-----.    |                       *
%*               \  '_______'  /                        *
%*                `-.........-'                         *
%* *          ____   ___  ____ ____                     *
%*           |  _ \ / _ \_   _| __ )                    *
%*           | | | | | | || | |  _ \                    *
%*           | |_| | |_| || | | |_) |                   *
%*           |____/ \___/ |_| |____/                    *
%********************************************************
%*      Discrete Ordinate with Two Braincells           *
%********************************************************
    
mini3x3-pin-cart	8 group
XS file: mini3x3-pin-cart-8g.xs
Calculation Start Time Mon Nov  3 13:55:29 2025
S-2	 quad set, 	 mesh refinement: 16

outer 	 	 keff 	 	 	error 	 	 	inner 
1	 	0.87587673	 	-0.14171317	 	1001
2	 	0.87579998	 	-0.00008763	 	1001
3	 	0.87579696	 	-0.00000345	 	1001
4	 	0.87579684	 	-0.00000014	 	1001
mini3x3-pin-cart  refinement = 16 S-2 keff= 0.87579684
time for calculation: 62.44114110 s
--- End of calculation ---


%********************************************************
%*                 .-~*~~~*~-.                          *
%*                .-~~~~~~~~~-.                         *
%*               /  X       X  \                        *
%*              |    .-----.    |                       *
%*               \  '_______'  /                        *
%*                `-.........-'                         *
%* *          ____   ___  ____ ____                     *
%*           |  _ \ / _ \_   _| __ )                    *
%*           | | | | | | || | |  _ \                    *
%*           | |_| | |_| || | | |_) |                   *
%*           |____/ \___/ |_| |____/                    *
%********************************************************
%*      Discrete Ordinate with Two Braincells           *
%********************************************************
    
mini3x3-pin-cart	8 group
XS file: mini3x3-pin-cart-8g.xs
Calculation Start Time Mon Nov  3 13:56:44 2025
S-2	 quad set, 	 mesh refinement: 16

outer 	 	 keff 	 	 	error 	 	 	inner 

%********************************************************
%*                 .-~*~~~*~-.                          *
%*                .-~~~~~~~~~-.                         *
%*               /  X       X  \                        *
%*              |    .-----.    |                       *
%*               \  '_______'  /                        *
%*                `-.........-'                         *
%* *          ____   ___  ____ ____                     *
%*           |  _ \ / _ \_   _| __ )                    *
%*           | | | | | | || | |  _ \                    *
%*           | |_| | |_| || | | |_) |                   *
%*           |____/ \___/ |_| |____/                    *
%********************************************************
%*      Discrete Ordinate with Two Braincells           *
%********************************************************
    
mini3x3-pin-cart	8 group
XS file: mini3x3-pin-cart-8g.xs
Calculation Start Time Mon Nov  3 13:57:35 2025
S-2	 quad set, 	 mesh refinement: 16

outer 	 	 keff 	 	 	error 	 	 	inner 
1	 	0.87587683	 	-0.14171304	 	2001
2	 	0.87580002	 	-0.00008771	 	2001
3	 	0.87579698	 	-0.00000346	 	2001
4	 	0.87579685	 	-0.00000014	 	2001
mini3x3-pin-cart  refinement = 16 S-2 keff= 0.87579685
time for calculation: 125.47162510 s
--- End of calculation ---


%********************************************************
%*                 .-~*~~~*~-.                          *
%*                .-~~~~~~~~~-.                         *
%*               /  X       X  \                        *
%*              |    .-----.    |                       *
%*               \  '_______'  /                        *
%*                `-.........-'                         *
%* *          ____   ___  ____ ____                     *
%*           |  _ \ / _ \_   _| __ )                    *
%*           | | | | | | || | |  _ \                    *
%*           | |_| | |_| || | | |_) |                   *
%*           |____/ \___/ |_| |____/                    *
%********************************************************
%*      Discrete Ordinate with Two Braincells           *
%********************************************************
    
mini3x3-pin-cart	8 group
XS file: mini3x3-pin-cart-8g.xs
Calculation Start Time Mon Nov  3 14:00:23 2025
S-4	 quad set, 	 mesh refinement: 16

outer 	 	 keff 	 	 	error 	 	 	inner 
1	 	0.58881925	 	-0.69831404	 	20
2	 	0.83332726	 	0.29341175	 	20
3	 	0.87580245	 	0.04849860	 	20
4	 	0.88114736	 	0.00606585	 	20
5	 	0.88175844	 	0.00069302	 	20
6	 	0.88182579	 	0.00007638	 	20
7	 	0.88183361	 	0.00000886	 	20
8	 	0.88183375	 	0.00000017	 	20
mini3x3-pin-cart  refinement = 16 S-4 keff= 0.88183375
time for calculation: 4.97293080 s
--- End of calculation ---


%********************************************************
%*                 .-~*~~~*~-.                          *
%*                .-~~~~~~~~~-.                         *
%*               /  X       X  \                        *
%*              |    .-----.    |                       *
%*               \  '_______'  /                        *
%*                `-.........-'                         *
%* *          ____   ___  ____ ____                     *
%*           |  _ \ / _ \_   _| __ )                    *
%*           | | | | | | || | |  _ \                    *
%*           | |_| | |_| || | | |_) |                   *
%*           |____/ \___/ |_| |____/                    *
%********************************************************
%*      Discrete Ordinate with Two Braincells           *
%********************************************************
    
mini3x3-pin-cart	8 group
XS file: mini3x3-pin-cart-8g.xs
Calculation Start Time Mon Nov  3 14:00:36 2025
S-6	 quad set, 	 mesh refinement: 16

outer 	 	 keff 	 	 	error 	 	 	inner 
1	 	0.58939937	 	-0.69664246	 	20
2	 	0.83418478	 	0.29344267	 	20
3	 	0.87678110	 	0.04858261	 	20
4	 	0.88214705	 	0.00608284	 	20
5	 	0.88276034	 	0.00069474	 	20
6	 	0.88282911	 	0.00007790	 	20
7	 	0.88283700	 	0.00000893	 	20
8	 	0.88283780	 	0.00000091	 	20
mini3x3-pin-cart  refinement = 16 S-6 keff= 0.88283780
time for calculation: 8.63582430 s
--- End of calculation ---


%********************************************************
%*                 .-~*~~~*~-.                          *
%*                .-~~~~~~~~~-.                         *
%*               /  X       X  \                        *
%*              |    .-----.    |                       *
%*               \  '_______'  /                        *
%*                `-.........-'                         *
%* *          ____   ___  ____ ____                     *
%*           |  _ \ / _ \_   _| __ )                    *
%*           | | | | | | || | |  _ \                    *
%*           | |_| | |_| || | | |_) |                   *
%*           |____/ \___/ |_| |____/                    *
%********************************************************
%*      Discrete Ordinate with Two Braincells           *
%********************************************************
    
mini3x3-pin-cart	8 group
XS file: mini3x3-pin-cart-8g.xs
Calculation Start Time Mon Nov  3 14:00:53 2025
S-8	 quad set, 	 mesh refinement: 16

outer 	 	 keff 	 	 	error 	 	 	inner 
1	 	0.58944218	 	-0.69651925	 	20
2	 	0.83422804	 	0.29342800	 	20
3	 	0.87677437	 	0.04852598	 	20
4	 	0.88212560	 	0.00606628	 	20
5	 	0.88273651	 	0.00069207	 	20
6	 	0.88280510	 	0.00007769	 	20
7	 	0.88281269	 	0.00000860	 	20
8	 	0.88281359	 	0.00000102	 	20
9	 	0.88281347	 	-0.00000014	 	20
mini3x3-pin-cart  refinement = 16 S-8 keff= 0.88281347
time for calculation: 15.15893620 s
--- End of calculation ---


%********************************************************
%*                 .-~*~~~*~-.                          *
%*                .-~~~~~~~~~-.                         *
%*               /  X       X  \                        *
%*              |    .-----.    |                       *
%*               \  '_______'  /                        *
%*                `-.........-'                         *
%* *          ____   ___  ____ ____                     *
%*           |  _ \ / _ \_   _| __ )                    *
%*           | | | | | | || | |  _ \                    *
%*           | |_| | |_| || | | |_) |                   *
%*           |____/ \___/ |_| |____/                    *
%********************************************************
%*      Discrete Ordinate with Two Braincells           *
%********************************************************
    
mini3x3-pin-cart	8 group
XS file: mini3x3-pin-cart-8g.xs
Calculation Start Time Mon Nov  3 14:02:52 2025
S-12	 quad set, 	 mesh refinement: 16

outer 	 	 keff 	 	 	error 	 	 	inner 
1	 	0.58961430	 	-0.69602398	 	20
2	 	0.83441961	 	0.29338393	 	20
3	 	0.87699595	 	0.04854793	 	20
4	 	0.88235455	 	0.00607308	 	20
5	 	0.88296772	 	0.00069444	 	20
6	 	0.88303553	 	0.00007679	 	20
7	 	0.88304303	 	0.00000849	 	20
8	 	0.88304365	 	0.00000069	 	20
mini3x3-pin-cart  refinement = 16 S-12 keff= 0.88304365
time for calculation: 26.82945190 s
--- End of calculation ---


%********************************************************
%*                 .-~*~~~*~-.                          *
%*                .-~~~~~~~~~-.                         *
%*               /  X       X  \                        *
%*              |    .-----.    |                       *
%*               \  '_______'  /                        *
%*                `-.........-'                         *
%* *          ____   ___  ____ ____                     *
%*           |  _ \ / _ \_   _| __ )                    *
%*           | | | | | | || | |  _ \                    *
%*           | |_| | |_| || | | |_) |                   *
%*           |____/ \___/ |_| |____/                    *
%********************************************************
%*      Discrete Ordinate with Two Braincells           *
%********************************************************
    
mini3x3-pin-cart	8 group
XS file: mini3x3-pin-cart-8g.xs
Calculation Start Time Mon Nov  3 14:04:42 2025
S-12	 quad set, 	 mesh refinement: 16

outer 	 	 keff 	 	 	error 	 	 	inner 

%********************************************************
%*                 .-~*~~~*~-.                          *
%*                .-~~~~~~~~~-.                         *
%*               /  X       X  \                        *
%*              |    .-----.    |                       *
%*               \  '_______'  /                        *
%*                `-.........-'                         *
%* *          ____   ___  ____ ____                     *
%*           |  _ \ / _ \_   _| __ )                    *
%*           | | | | | | || | |  _ \                    *
%*           | |_| | |_| || | | |_) |                   *
%*           |____/ \___/ |_| |____/                    *
%********************************************************
%*      Discrete Ordinate with Two Braincells           *
%********************************************************
    
mini3x3-pin-cart	8 group
XS file: mini3x3-pin-cart-8g.xs
Calculation Start Time Mon Nov  3 14:05:24 2025
S-12	 quad set, 	 mesh refinement: 16

outer 	 	 keff 	 	 	error 	 	 	inner 
1	 	0.88304016	 	-0.13245133	 	1001
2	 	0.88304379	 	0.00000411	 	1001
3	 	0.88304395	 	0.00000018	 	1001
mini3x3-pin-cart  refinement = 16 S-12 keff= 0.88304395
time for calculation: 507.68671720 s
--- End of calculation ---


%********************************************************
%*                 .-~*~~~*~-.                          *
%*                .-~~~~~~~~~-.                         *
%*               /  X       X  \                        *
%*              |    .-----.    |                       *
%*               \  '_______'  /                        *
%*                `-.........-'                         *
%* *          ____   ___  ____ ____                     *
%*           |  _ \ / _ \_   _| __ )                    *
%*           | | | | | | || | |  _ \                    *
%*           | |_| | |_| || | | |_) |                   *
%*           |____/ \___/ |_| |____/                    *
%********************************************************
%*      Discrete Ordinate with Two Braincells           *
%********************************************************
    
mini3x3-pin-cart	8 group
XS file: mini3x3-pin-cart-8g.xs
Calculation Start Time Mon Nov  3 14:16:03 2025
S-16	 quad set, 	 mesh refinement: 16

outer 	 	 keff 	 	 	error 	 	 	inner 
1	 	0.61091691	 	-0.63688381	 	21
2	 	0.84333617	 	0.27559503	 	21
3	 	0.87873803	 	0.04028716	 	21
4	 	0.88267793	 	0.00446358	 	21
5	 	0.88307976	 	0.00045503	 	21
6	 	0.88311966	 	0.00004518	 	21
7	 	0.88312344	 	0.00000428	 	21
8	 	0.88312422	 	0.00000088	 	21
mini3x3-pin-cart  refinement = 16 S-16 keff= 0.88312422
time for calculation: 47.15206680 s
--- End of calculation ---


%********************************************************
%*                 .-~*~~~*~-.                          *
%*                .-~~~~~~~~~-.                         *
%*               /  X       X  \                        *
%*              |    .-----.    |                       *
%*               \  '_______'  /                        *
%*                `-.........-'                         *
%* *          ____   ___  ____ ____                     *
%*           |  _ \ / _ \_   _| __ )                    *
%*           | | | | | | || | |  _ \                    *
%*           | |_| | |_| || | | |_) |                   *
%*           |____/ \___/ |_| |____/                    *
%********************************************************
%*      Discrete Ordinate with Two Braincells           *
%********************************************************
    
mini3x3-pin-cart	8 group
XS file: mini3x3-pin-cart-8g.xs
Calculation Start Time Mon Nov  3 14:20:04 2025
S-16	 quad set, 	 mesh refinement: 16

outer 	 	 keff 	 	 	error 	 	 	inner 
1	 	0.61091691	 	-0.63688381	 	21

%********************************************************
%*                 .-~*~~~*~-.                          *
%*                .-~~~~~~~~~-.                         *
%*               /  X       X  \                        *
%*              |    .-----.    |                       *
%*               \  '_______'  /                        *
%*                `-.........-'                         *
%* *          ____   ___  ____ ____                     *
%*           |  _ \ / _ \_   _| __ )                    *
%*           | | | | | | || | |  _ \                    *
%*           | |_| | |_| || | | |_) |                   *
%*           |____/ \___/ |_| |____/                    *
%********************************************************
%*      Discrete Ordinate with Two Braincells           *
%********************************************************
    
mini3x3-pin-cart	8 group
XS file: mini3x3-pin-cart-8g.xs
Calculation Start Time Mon Nov  3 14:20:35 2025
S-16	 quad set, 	 mesh refinement: 16

outer 	 	 keff 	 	 	error 	 	 	inner 
1	 	0.61091691	 	-0.63688381	 	21
2	 	0.84333617	 	0.27559503	 	21
3	 	0.87873803	 	0.04028716	 	21
4	 	0.88267793	 	0.00446358	 	21
5	 	0.88307976	 	0.00045503	 	21
6	 	0.88311966	 	0.00004518	 	21
7	 	0.88312344	 	0.00000428	 	21
8	 	0.88312422	 	0.00000088	 	21
mini3x3-pin-cart  refinement = 16 S-16 keff= 0.88312422
time for calculation: 79.84227280 s
--- End of calculation ---


%********************************************************
%*                 .-~*~~~*~-.                          *
%*                .-~~~~~~~~~-.                         *
%*               /  X       X  \                        *
%*              |    .-----.    |                       *
%*               \  '_______'  /                        *
%*                `-.........-'                         *
%* *          ____   ___  ____ ____                     *
%*           |  _ \ / _ \_   _| __ )                    *
%*           | | | | | | || | |  _ \                    *
%*           | |_| | |_| || | | |_) |                   *
%*           |____/ \___/ |_| |____/                    *
%********************************************************
%*      Discrete Ordinate with Two Braincells           *
%********************************************************
    
mini3x3-pin-cart	8 group
XS file: mini3x3-pin-cart-8g.xs
Calculation Start Time Mon Nov  3 14:43:50 2025
S-16	 quad set, 	 mesh refinement: 16

outer 	 	 keff 	 	 	error 	 	 	inner 
1	 	0.61091691	 	-0.63688381	 	21
2	 	0.84333617	 	0.27559503	 	21
3	 	0.87873803	 	0.04028716	 	21
4	 	0.88267793	 	0.00446358	 	21
5	 	0.88307976	 	0.00045503	 	21

%********************************************************
%*                 .-~*~~~*~-.                          *
%*                .-~~~~~~~~~-.                         *
%*               /  X       X  \                        *
%*              |    .-----.    |                       *
%*               \  '_______'  /                        *
%*                `-.........-'                         *
%* *          ____   ___  ____ ____                     *
%*           |  _ \ / _ \_   _| __ )                    *
%*           | | | | | | || | |  _ \                    *
%*           | |_| | |_| || | | |_) |                   *
%*           |____/ \___/ |_| |____/                    *
%********************************************************
%*      Discrete Ordinate with Two Braincells           *
%********************************************************
    
mini3x3-pin-cart	8 group
XS file: mini3x3-pin-cart-8g.xs
Calculation Start Time Mon Nov  3 14:47:11 2025
S-16	 quad set, 	 mesh refinement: 16

outer 	 	 keff 	 	 	error 	 	 	inner 
1	 	0.38315013	 	-1.60994300	 	21
2	 	0.47977538	 	0.20139685	 	21
3	 	0.53304944	 	0.09994205	 	21
4	 	0.56124988	 	0.05024579	 	21
5	 	0.57606088	 	0.02571083	 	21
6	 	0.58383066	 	0.01330827	 	21
7	 	0.58790640	 	0.00693264	 	21
8	 	0.59004428	 	0.00362325	 	21
9	 	0.59116568	 	0.00189693	 	21
10	 	0.59175381	 	0.00099388	 	21
11	 	0.59206231	 	0.00052107	 	21
12	 	0.59222414	 	0.00027326	 	21
13	 	0.59230903	 	0.00014332	 	21
14	 	0.59235361	 	0.00007526	 	21
15	 	0.59237692	 	0.00003935	 	21
16	 	0.59238914	 	0.00002063	 	21
17	 	0.59239573	 	0.00001112	 	21

%********************************************************
%*                 .-~*~~~*~-.                          *
%*                .-~~~~~~~~~-.                         *
%*               /  X       X  \                        *
%*              |    .-----.    |                       *
%*               \  '_______'  /                        *
%*                `-.........-'                         *
%* *          ____   ___  ____ ____                     *
%*           |  _ \ / _ \_   _| __ )                    *
%*           | | | | | | || | |  _ \                    *
%*           | |_| | |_| || | | |_) |                   *
%*           |____/ \___/ |_| |____/                    *
%********************************************************
%*      Discrete Ordinate with Two Braincells           *
%********************************************************
    
mini3x3-pin-cart	8 group
XS file: mini3x3-pin-cart-8g.xs
Calculation Start Time Mon Nov  3 14:50:32 2025
S-16	 quad set, 	 mesh refinement: 16

outer 	 	 keff 	 	 	error 	 	 	inner 
1	 	0.61091691	 	-0.63688381	 	21
2	 	0.84333617	 	0.27559503	 	21
3	 	0.87873803	 	0.04028716	 	21
4	 	0.88267793	 	0.00446358	 	21
5	 	0.88307976	 	0.00045503	 	21
6	 	0.88311966	 	0.00004518	 	21
7	 	0.88312344	 	0.00000428	 	21
8	 	0.88312422	 	0.00000088	 	21
mini3x3-pin-cart  refinement = 16 S-16 keff= 0.88312422
time for calculation: 47.50038850 s
--- End of calculation ---


%********************************************************
%*                 .-~*~~~*~-.                          *
%*                .-~~~~~~~~~-.                         *
%*               /  X       X  \                        *
%*              |    .-----.    |                       *
%*               \  '_______'  /                        *
%*                `-.........-'                         *
%* *          ____   ___  ____ ____                     *
%*           |  _ \ / _ \_   _| __ )                    *
%*           | | | | | | || | |  _ \                    *
%*           | |_| | |_| || | | |_) |                   *
%*           |____/ \___/ |_| |____/                    *
%********************************************************
%*      Discrete Ordinate with Two Braincells           *
%********************************************************
    
mini3x3-pin-cart	8 group
XS file: mini3x3-pin-cart-8g.xs
Calculation Start Time Mon Nov  3 15:07:14 2025
S-4	 quad set, 	 mesh refinement: 16

outer 	 	 keff 	 	 	error 	 	 	inner 
1	 	0.61004109	 	-0.63923384	 	21
2	 	0.84217053	 	0.27563235	 	21
3	 	0.87746548	 	0.04022375	 	21
4	 	0.88139101	 	0.00445378	 	21
5	 	0.88179105	 	0.00045367	 	21
6	 	0.88182911	 	0.00004316	 	21
7	 	0.88183389	 	0.00000541	 	21
8	 	0.88183416	 	0.00000031	 	21
mini3x3-pin-cart  refinement = 16 S-4 keff= 0.88183416
time for calculation: 5.22191600 s
--- End of calculation ---


%********************************************************
%*                 .-~*~~~*~-.                          *
%*                .-~~~~~~~~~-.                         *
%*               /  X       X  \                        *
%*              |    .-----.    |                       *
%*               \  '_______'  /                        *
%*                `-.........-'                         *
%* *          ____   ___  ____ ____                     *
%*           |  _ \ / _ \_   _| __ )                    *
%*           | | | | | | || | |  _ \                    *
%*           | |_| | |_| || | | |_) |                   *
%*           |____/ \___/ |_| |____/                    *
%********************************************************
%*      Discrete Ordinate with Two Braincells           *
%********************************************************
    
mini3x3-pin-cart	8 group
XS file: mini3x3-pin-cart-8g.xs
Calculation Start Time Mon Nov  3 15:07:37 2025
S-6	 quad set, 	 mesh refinement: 16

outer 	 	 keff 	 	 	error 	 	 	inner 
1	 	0.61062796	 	-0.63765839	 	21
2	 	0.84304909	 	0.27569110	 	21
3	 	0.87845150	 	0.04030094	 	21
4	 	0.88239155	 	0.00446518	 	21
5	 	0.88279266	 	0.00045437	 	21
6	 	0.88283301	 	0.00004570	 	21
7	 	0.88283804	 	0.00000570	 	21
8	 	0.88283845	 	0.00000047	 	21
mini3x3-pin-cart  refinement = 16 S-6 keff= 0.88283845
time for calculation: 8.96238620 s
--- End of calculation ---


%********************************************************
%*                 .-~*~~~*~-.                          *
%*                .-~~~~~~~~~-.                         *
%*               /  X       X  \                        *
%*              |    .-----.    |                       *
%*               \  '_______'  /                        *
%*                `-.........-'                         *
%* *          ____   ___  ____ ____                     *
%*           |  _ \ / _ \_   _| __ )                    *
%*           | | | | | | || | |  _ \                    *
%*           | |_| | |_| || | | |_) |                   *
%*           |____/ \___/ |_| |____/                    *
%********************************************************
%*      Discrete Ordinate with Two Braincells           *
%********************************************************
    
mini3x3-pin-cart	8 group
XS file: mini3x3-pin-cart-8g.xs
Calculation Start Time Mon Nov  3 15:08:45 2025
S-8	 quad set, 	 mesh refinement: 16

outer 	 	 keff 	 	 	error 	 	 	inner 
1	 	0.61067677	 	-0.63752750	 	21
2	 	0.84308532	 	0.27566433	 	21
3	 	0.87844068	 	0.04024786	 	21
4	 	0.88236970	 	0.00445282	 	21
5	 	0.88276853	 	0.00045179	 	21
6	 	0.88280876	 	0.00004557	 	21
7	 	0.88281304	 	0.00000485	 	21
8	 	0.88281325	 	0.00000023	 	21
mini3x3-pin-cart  refinement = 16 S-8 keff= 0.88281325
time for calculation: 14.08518680 s
--- End of calculation ---


%********************************************************
%*                 .-~*~~~*~-.                          *
%*                .-~~~~~~~~~-.                         *
%*               /  X       X  \                        *
%*              |    .-----.    |                       *
%*               \  '_______'  /                        *
%*                `-.........-'                         *
%* *          ____   ___  ____ ____                     *
%*           |  _ \ / _ \_   _| __ )                    *
%*           | | | | | | || | |  _ \                    *
%*           | |_| | |_| || | | |_) |                   *
%*           |____/ \___/ |_| |____/                    *
%********************************************************
%*      Discrete Ordinate with Two Braincells           *
%********************************************************
    
mini3x3-pin-cart	8 group
XS file: mini3x3-pin-cart-8g.xs
Calculation Start Time Mon Nov  3 15:09:15 2025
S-8	 quad set, 	 mesh refinement: 16

outer 	 	 keff 	 	 	error 	 	 	inner 
1	 	0.88274839	 	-0.13282563	 	101
2	 	0.88281336	 	0.00007360	 	101
3	 	0.88281373	 	0.00000043	 	101
mini3x3-pin-cart  refinement = 16 S-8 keff= 0.88281373
time for calculation: 25.83901000 s
--- End of calculation ---


%********************************************************
%*                 .-~*~~~*~-.                          *
%*                .-~~~~~~~~~-.                         *
%*               /  X       X  \                        *
%*              |    .-----.    |                       *
%*               \  '_______'  /                        *
%*                `-.........-'                         *
%* *          ____   ___  ____ ____                     *
%*           |  _ \ / _ \_   _| __ )                    *
%*           | | | | | | || | |  _ \                    *
%*           | |_| | |_| || | | |_) |                   *
%*           |____/ \___/ |_| |____/                    *
%********************************************************
%*      Discrete Ordinate with Two Braincells           *
%********************************************************
    
mini3x3-pin-cart	8 group
XS file: mini3x3-pin-cart-8g.xs
Calculation Start Time Mon Nov  3 15:12:22 2025
S-12	 quad set, 	 mesh refinement: 16

outer 	 	 keff 	 	 	error 	 	 	inner 
1	 	0.61084656	 	-0.63707234	 	21
2	 	0.84328210	 	0.27563201	 	21
3	 	0.87866441	 	0.04026829	 	21
4	 	0.88259922	 	0.00445821	 	21
5	 	0.88299988	 	0.00045375	 	21
6	 	0.88303968	 	0.00004508	 	21
7	 	0.88304379	 	0.00000465	 	21
8	 	0.88304383	 	0.00000005	 	21
mini3x3-pin-cart  refinement = 16 S-12 keff= 0.88304383
time for calculation: 27.91457060 s
--- End of calculation ---


%********************************************************
%*                 .-~*~~~*~-.                          *
%*                .-~~~~~~~~~-.                         *
%*               /  X       X  \                        *
%*              |    .-----.    |                       *
%*               \  '_______'  /                        *
%*                `-.........-'                         *
%* *          ____   ___  ____ ____                     *
%*           |  _ \ / _ \_   _| __ )                    *
%*           | | | | | | || | |  _ \                    *
%*           | |_| | |_| || | | |_) |                   *
%*           |____/ \___/ |_| |____/                    *
%********************************************************
%*      Discrete Ordinate with Two Braincells           *
%********************************************************
    
mini3x3-pin-cart	8 group
XS file: mini3x3-pin-cart-8g.xs
Calculation Start Time Mon Nov  3 15:14:27 2025
S-16	 quad set, 	 mesh refinement: 16

outer 	 	 keff 	 	 	error 	 	 	inner 
1	 	0.61091691	 	-0.63688381	 	21
2	 	0.84333617	 	0.27559503	 	21
3	 	0.87873803	 	0.04028716	 	21
4	 	0.88267793	 	0.00446358	 	21
5	 	0.88307976	 	0.00045503	 	21
6	 	0.88311966	 	0.00004518	 	21
7	 	0.88312344	 	0.00000428	 	21
8	 	0.88312422	 	0.00000088	 	21
mini3x3-pin-cart  refinement = 16 S-16 keff= 0.88312422
time for calculation: 48.38339720 s
--- End of calculation ---


%********************************************************
%*                 .-~*~~~*~-.                          *
%*                .-~~~~~~~~~-.                         *
%*               /  X       X  \                        *
%*              |    .-----.    |                       *
%*               \  '_______'  /                        *
%*                `-.........-'                         *
%* *          ____   ___  ____ ____                     *
%*           |  _ \ / _ \_   _| __ )                    *
%*           | | | | | | || | |  _ \                    *
%*           | |_| | |_| || | | |_) |                   *
%*           |____/ \___/ |_| |____/                    *
%********************************************************
%*      Discrete Ordinate with Two Braincells           *
%********************************************************
    
mini3x3-pin-cart	8 group
XS file: mini3x3-pin-cart-8g.xs
Calculation Start Time Mon Nov  3 15:32:23 2025
S-16	 quad set, 	 mesh refinement: 16

outer 	 	 keff 	 	 	error 	 	 	inner 
1	 	0.61091691	 	-0.63688381	 	21
2	 	0.84333617	 	0.27559503	 	21
3	 	0.87873803	 	0.04028716	 	21
4	 	0.88267793	 	0.00446358	 	21
5	 	0.88307976	 	0.00045503	 	21
6	 	0.88311966	 	0.00004518	 	21
7	 	0.88312344	 	0.00000428	 	21
8	 	0.88312422	 	0.00000088	 	21
mini3x3-pin-cart  refinement = 16 S-16 keff= 0.88312422
time for calculation: 45.31377880 s
--- End of calculation ---


%********************************************************
%*                 .-~*~~~*~-.                          *
%*                .-~~~~~~~~~-.                         *
%*               /  X       X  \                        *
%*              |    .-----.    |                       *
%*               \  '_______'  /                        *
%*                `-.........-'                         *
%* *          ____   ___  ____ ____                     *
%*           |  _ \ / _ \_   _| __ )                    *
%*           | | | | | | || | |  _ \                    *
%*           | |_| | |_| || | | |_) |                   *
%*           |____/ \___/ |_| |____/                    *
%********************************************************
%*      Discrete Ordinate with Two Braincells           *
%********************************************************
    
mini3x3-pin-cart	8 group
XS file: mini3x3-pin-cart-8g.xs
Calculation Start Time Mon Nov  3 15:34:19 2025
S-16	 quad set, 	 mesh refinement: 2

outer 	 	 keff 	 	 	error 	 	 	inner 
1	 	0.63452963	 	-0.57597054	 	21
2	 	0.88757291	 	0.28509577	 	21
3	 	0.92750263	 	0.04305079	 	21
4	 	0.93200158	 	0.00482719	 	21
5	 	0.93246162	 	0.00049336	 	21
6	 	0.93250774	 	0.00004946	 	21
7	 	0.93251353	 	0.00000620	 	21
8	 	0.93251392	 	0.00000042	 	16
mini3x3-pin-cart  refinement = 2 S-16 keff= 0.93251392
time for calculation: 0.83768440 s
--- End of calculation ---


%********************************************************
%*                 .-~*~~~*~-.                          *
%*                .-~~~~~~~~~-.                         *
%*               /  X       X  \                        *
%*              |    .-----.    |                       *
%*               \  '_______'  /                        *
%*                `-.........-'                         *
%* *          ____   ___  ____ ____                     *
%*           |  _ \ / _ \_   _| __ )                    *
%*           | | | | | | || | |  _ \                    *
%*           | |_| | |_| || | | |_) |                   *
%*           |____/ \___/ |_| |____/                    *
%********************************************************
%*      Discrete Ordinate with Two Braincells           *
%********************************************************
    
mini3x3-pin-cart	8 group
XS file: mini3x3-pin-cart-8g.xs
Calculation Start Time Tue Nov  4 09:59:25 2025
S-16	 quad set, 	 mesh refinement: 4

outer 	 	 keff 	 	 	error 	 	 	inner 
1	 	0.61853490	 	-0.61672366	 	21
2	 	0.85761840	 	0.27877609	 	21
3	 	0.89444292	 	0.04117035	 	21
4	 	0.89855711	 	0.00457866	 	21
5	 	0.89897615	 	0.00046613	 	21
6	 	0.89901739	 	0.00004587	 	21
7	 	0.89902218	 	0.00000533	 	21
8	 	0.89902249	 	0.00000035	 	21
mini3x3-pin-cart  refinement = 4 S-16 keff= 0.89902249
time for calculation: 3.06786620 s
--- End of calculation ---


%********************************************************
%*                 .-~*~~~*~-.                          *
%*                .-~~~~~~~~~-.                         *
%*               /  X       X  \                        *
%*              |    .-----.    |                       *
%*               \  '_______'  /                        *
%*                `-.........-'                         *
%* *          ____   ___  ____ ____                     *
%*           |  _ \ / _ \_   _| __ )                    *
%*           | | | | | | || | |  _ \                    *
%*           | |_| | |_| || | | |_) |                   *
%*           |____/ \___/ |_| |____/                    *
%********************************************************
%*      Discrete Ordinate with Two Braincells           *
%********************************************************
    
mini3x3-pin-cart	8 group
XS file: mini3x3-pin-cart-8g.xs
Calculation Start Time Tue Nov  4 09:59:40 2025
S-16	 quad set, 	 mesh refinement: 8

outer 	 	 keff 	 	 	error 	 	 	inner 
1	 	0.61199946	 	-0.63398836	 	21
2	 	0.84536027	 	0.27604894	 	21
3	 	0.88096529	 	0.04041592	 	21
4	 	0.88493069	 	0.00448102	 	21
5	 	0.88533386	 	0.00045540	 	21
6	 	0.88537464	 	0.00004605	 	21
7	 	0.88537992	 	0.00000596	 	21
8	 	0.88537890	 	-0.00000115	 	21
9	 	0.88537940	 	0.00000056	 	21
mini3x3-pin-cart  refinement = 8 S-16 keff= 0.88537940
time for calculation: 13.01242880 s
--- End of calculation ---


%********************************************************
%*                 .-~*~~~*~-.                          *
%*                .-~~~~~~~~~-.                         *
%*               /  X       X  \                        *
%*              |    .-----.    |                       *
%*               \  '_______'  /                        *
%*                `-.........-'                         *
%* *          ____   ___  ____ ____                     *
%*           |  _ \ / _ \_   _| __ )                    *
%*           | | | | | | || | |  _ \                    *
%*           | |_| | |_| || | | |_) |                   *
%*           |____/ \___/ |_| |____/                    *
%********************************************************
%*      Discrete Ordinate with Two Braincells           *
%********************************************************
    
mini3x3-pin-cart	8 group
XS file: mini3x3-pin-cart-8g.xs
Calculation Start Time Tue Nov  4 10:54:17 2025
S-16	 quad set, 	 mesh refinement: 32

outer 	 	 keff 	 	 	error 	 	 	inner 
1	 	0.61084826	 	-0.63706777	 	21
2	 	0.84321128	 	0.27556915	 	21
3	 	0.87860060	 	0.04027918	 	21
4	 	0.88253923	 	0.00446284	 	21
5	 	0.88294066	 	0.00045465	 	21
6	 	0.88298048	 	0.00004510	 	21
7	 	0.88298437	 	0.00000441	 	21
8	 	0.88298473	 	0.00000041	 	21
mini3x3-pin-cart  refinement = 32 S-16 keff= 0.88298473
time for calculation: 181.83605500 s
--- End of calculation ---

%%%
heterogeneous mesh
%%%
%********************************************************
%*                 .-~*~~~*~-.                          *
%*                .-~~~~~~~~~-.                         *
%*               /  X       X  \                        *
%*              |    .-----.    |                       *
%*               \  '_______'  /                        *
%*                `-.........-'                         *
%* *          ____   ___  ____ ____                     *
%*           |  _ \ / _ \_   _| __ )                    *
%*           | | | | | | || | |  _ \                    *
%*           | |_| | |_| || | | |_) |                   *
%*           |____/ \___/ |_| |____/                    *
%********************************************************
%*      Discrete Ordinate with Two Braincells           *
%********************************************************
    
mini3x3-pin-cart	8 group
XS file: mini3x3-pin-cart-8g.xs
Calculation Start Time Tue Nov  4 11:35:09 2025
S-16	 quad set, 	 mesh refinement: 1

outer 	 	 keff 	 	 	error 	 	 	inner 
1	 	0.61112474	 	-0.63632714	 	21
2	 	0.84367985	 	0.27564378	 	21
3	 	0.87909728	 	0.04028841	 	21
4	 	0.88304008	 	0.00446503	 	21
5	 	0.88344139	 	0.00045426	 	21
6	 	0.88348096	 	0.00004478	 	21
7	 	0.88348590	 	0.00000560	 	21
8	 	0.88348584	 	-0.00000007	 	21
mini3x3-pin-cart  refinement = 1 S-16 keff= 0.88348584
time for calculation: 16.64118530 s
--- End of calculation ---


%********************************************************
%*                 .-~*~~~*~-.                          *
%*                .-~~~~~~~~~-.                         *
%*               /  X       X  \                        *
%*              |    .-----.    |                       *
%*               \  '_______'  /                        *
%*                `-.........-'                         *
%* *          ____   ___  ____ ____                     *
%*           |  _ \ / _ \_   _| __ )                    *
%*           | | | | | | || | |  _ \                    *
%*           | |_| | |_| || | | |_) |                   *
%*           |____/ \___/ |_| |____/                    *
%********************************************************
%*      Discrete Ordinate with Two Braincells           *
%********************************************************
    
mini3x3-pin-cart	8 group
XS file: mini3x3-pin-cart-8g.xs
Calculation Start Time Tue Nov  4 11:36:31 2025
S-16	 quad set, 	 mesh refinement: 2

outer 	 	 keff 	 	 	error 	 	 	inner 
1	 	0.61086643	 	-0.63701908	 	21
2	 	0.84323147	 	0.27556495	 	21
3	 	0.87861766	 	0.04027484	 	21
4	 	0.88255731	 	0.00446390	 	21
5	 	0.88295742	 	0.00045316	 	21
6	 	0.88299795	 	0.00004590	 	21
7	 	0.88300202	 	0.00000461	 	21
8	 	0.88300271	 	0.00000078	 	21
mini3x3-pin-cart  refinement = 2 S-16 keff= 0.88300271
time for calculation: 62.63191960 s
--- End of calculation ---


%********************************************************
%*                 .-~*~~~*~-.                          *
%*                .-~~~~~~~~~-.                         *
%*               /  X       X  \                        *
%*              |    .-----.    |                       *
%*               \  '_______'  /                        *
%*                `-.........-'                         *
%* *          ____   ___  ____ ____                     *
%*           |  _ \ / _ \_   _| __ )                    *
%*           | | | | | | || | |  _ \                    *
%*           | |_| | |_| || | | |_) |                   *
%*           |____/ \___/ |_| |____/                    *
%********************************************************
%*      Discrete Ordinate with Two Braincells           *
%********************************************************
    
mini3x3-pin-cart	8 group
XS file: mini3x3-pin-cart-8g.xs
Calculation Start Time Tue Nov  4 11:38:51 2025
S-2	 quad set, 	 mesh refinement: 2

outer 	 	 keff 	 	 	error 	 	 	inner 
1	 	0.58694905	 	-0.70372540	 	21
2	 	0.82904048	 	0.29201401	 	21
3	 	0.87010555	 	0.04719551	 	21
4	 	0.87515839	 	0.00577363	 	21
5	 	0.87572020	 	0.00064154	 	21
6	 	0.87578124	 	0.00006970	 	21
7	 	0.87578847	 	0.00000825	 	21
8	 	0.87578979	 	0.00000151	 	21
9	 	0.87579033	 	0.00000062	 	21
mini3x3-pin-cart  refinement = 2 S-2 keff= 0.87579033
time for calculation: 3.81022900 s
--- End of calculation ---


%********************************************************
%*                 .-~*~~~*~-.                          *
%*                .-~~~~~~~~~-.                         *
%*               /  X       X  \                        *
%*              |    .-----.    |                       *
%*               \  '_______'  /                        *
%*                `-.........-'                         *
%* *          ____   ___  ____ ____                     *
%*           |  _ \ / _ \_   _| __ )                    *
%*           | | | | | | || | |  _ \                    *
%*           | |_| | |_| || | | |_) |                   *
%*           |____/ \___/ |_| |____/                    *
%********************************************************
%*      Discrete Ordinate with Two Braincells           *
%********************************************************
    
mini3x3-pin-cart	8 group
XS file: mini3x3-pin-cart-8g.xs
Calculation Start Time Tue Nov  4 11:39:33 2025
S-4	 quad set, 	 mesh refinement: 2

outer 	 	 keff 	 	 	error 	 	 	inner 
1	 	0.61004594	 	-0.63922081	 	21
2	 	0.84214898	 	0.27560805	 	21
3	 	0.87744595	 	0.04022695	 	21
4	 	0.88136846	 	0.00445047	 	21
5	 	0.88176649	 	0.00045141	 	21
6	 	0.88180916	 	0.00004838	 	21
7	 	0.88181163	 	0.00000280	 	21
8	 	0.88181194	 	0.00000035	 	21
mini3x3-pin-cart  refinement = 2 S-4 keff= 0.88181194
time for calculation: 6.73796600 s
--- End of calculation ---


%********************************************************
%*                 .-~*~~~*~-.                          *
%*                .-~~~~~~~~~-.                         *
%*               /  X       X  \                        *
%*              |    .-----.    |                       *
%*               \  '_______'  /                        *
%*                `-.........-'                         *
%* *          ____   ___  ____ ____                     *
%*           |  _ \ / _ \_   _| __ )                    *
%*           | | | | | | || | |  _ \                    *
%*           | |_| | |_| || | | |_) |                   *
%*           |____/ \___/ |_| |____/                    *
%********************************************************
%*      Discrete Ordinate with Two Braincells           *
%********************************************************
    
mini3x3-pin-cart	8 group
XS file: mini3x3-pin-cart-8g.xs
Calculation Start Time Tue Nov  4 11:40:43 2025
S-6	 quad set, 	 mesh refinement: 2

outer 	 	 keff 	 	 	error 	 	 	inner 
1	 	0.61062331	 	-0.63767087	 	21
2	 	0.84301861	 	0.27567043	 	21
3	 	0.87841259	 	0.04029312	 	21
4	 	0.88235286	 	0.00446563	 	21
5	 	0.88275362	 	0.00045399	 	21
6	 	0.88279541	 	0.00004734	 	21
7	 	0.88279890	 	0.00000395	 	21
8	 	0.88279973	 	0.00000094	 	21
mini3x3-pin-cart  refinement = 2 S-6 keff= 0.88279973
time for calculation: 12.07392200 s
--- End of calculation ---



%********************************************************
%*                 .-~*~~~*~-.                          *
%*                .-~~~~~~~~~-.                         *
%*               /  X       X  \                        *
%*              |    .-----.    |                       *
%*               \  '_______'  /                        *
%*                `-.........-'                         *
%* *          ____   ___  ____ ____                     *
%*           |  _ \ / _ \_   _| __ )                    *
%*           | | | | | | || | |  _ \                    *
%*           | |_| | |_| || | | |_) |                   *
%*           |____/ \___/ |_| |____/                    *
%********************************************************
%*      Discrete Ordinate with Two Braincells           *
%********************************************************
    
mini3x3-pin-cart	8 group
XS file: mini3x3-pin-cart-8g.xs
Calculation Start Time Tue Nov  4 11:49:13 2025
S-2	 quad set, 	 mesh refinement: 4

outer 	 	 keff 	 	 	error 	 	 	inner 
1	 	0.58689497	 	-0.70388237	 	21
2	 	0.82899816	 	0.29204309	 	21
3	 	0.87005178	 	0.04718527	 	21
4	 	0.87509845	 	0.00576697	 	21
5	 	0.87565791	 	0.00063890	 	21
6	 	0.87571788	 	0.00006849	 	21
7	 	0.87572450	 	0.00000756	 	21
8	 	0.87572543	 	0.00000106	 	21
9	 	0.87572570	 	0.00000031	 	21
mini3x3-pin-cart  refinement = 4 S-2 keff= 0.87572570
time for calculation: 15.43892530 s
--- End of calculation ---


%********************************************************
%*                 .-~*~~~*~-.                          *
%*                .-~~~~~~~~~-.                         *
%*               /  X       X  \                        *
%*              |    .-----.    |                       *
%*               \  '_______'  /                        *
%*                `-.........-'                         *
%* *          ____   ___  ____ ____                     *
%*           |  _ \ / _ \_   _| __ )                    *
%*           | | | | | | || | |  _ \                    *
%*           | |_| | |_| || | | |_) |                   *
%*           |____/ \___/ |_| |____/                    *
%********************************************************
%*      Discrete Ordinate with Two Braincells           *
%********************************************************
    
mini3x3-pin-cart	8 group
XS file: mini3x3-pin-cart-8g.xs
Calculation Start Time Tue Nov  4 11:49:44 2025
S-4	 quad set, 	 mesh refinement: 4

outer 	 	 keff 	 	 	error 	 	 	inner 
1	 	0.61004446	 	-0.63922479	 	21
2	 	0.84215454	 	0.27561459	 	21
3	 	0.87745330	 	0.04022865	 	21
4	 	0.88137822	 	0.00445316	 	21
5	 	0.88177893	 	0.00045444	 	21
6	 	0.88181831	 	0.00004466	 	21
7	 	0.88182243	 	0.00000467	 	21
8	 	0.88182344	 	0.00000115	 	21
9	 	0.88182346	 	0.00000001	 	21
mini3x3-pin-cart  refinement = 4 S-4 keff= 0.88182346
time for calculation: 29.64952760 s
--- End of calculation ---


%********************************************************
%*                 .-~*~~~*~-.                          *
%*                .-~~~~~~~~~-.                         *
%*               /  X       X  \                        *
%*              |    .-----.    |                       *
%*               \  '_______'  /                        *
%*                `-.........-'                         *
%* *          ____   ___  ____ ____                     *
%*           |  _ \ / _ \_   _| __ )                    *
%*           | | | | | | || | |  _ \                    *
%*           | |_| | |_| || | | |_) |                   *
%*           |____/ \___/ |_| |____/                    *
%********************************************************
%*      Discrete Ordinate with Two Braincells           *
%********************************************************
    
mini3x3-pin-cart	8 group
XS file: mini3x3-pin-cart-8g.xs
Calculation Start Time Tue Nov  4 11:50:31 2025
S-6	 quad set, 	 mesh refinement: 4

outer 	 	 keff 	 	 	error 	 	 	inner 
1	 	0.61060083	 	-0.63773115	 	21
2	 	0.84299932	 	0.27568051	 	21
3	 	0.87839389	 	0.04029465	 	21
4	 	0.88233259	 	0.00446395	 	21
5	 	0.88273412	 	0.00045487	 	21
6	 	0.88277425	 	0.00004547	 	21
7	 	0.88277767	 	0.00000387	 	21
8	 	0.88277889	 	0.00000139	 	21
9	 	0.88277898	 	0.00000010	 	21
mini3x3-pin-cart  refinement = 4 S-6 keff= 0.88277898
time for calculation: 51.36265870 s
--- End of calculation ---


%********************************************************
%*                 .-~*~~~*~-.                          *
%*                .-~~~~~~~~~-.                         *
%*               /  X       X  \                        *
%*              |    .-----.    |                       *
%*               \  '_______'  /                        *
%*                `-.........-'                         *
%* *          ____   ___  ____ ____                     *
%*           |  _ \ / _ \_   _| __ )                    *
%*           | | | | | | || | |  _ \                    *
%*           | |_| | |_| || | | |_) |                   *
%*           |____/ \___/ |_| |____/                    *
%********************************************************
%*      Discrete Ordinate with Two Braincells           *
%********************************************************
    
mini3x3-pin-cart	8 group
XS file: mini3x3-pin-cart-8g.xs
Calculation Start Time Tue Nov  4 11:51:54 2025
S-8	 quad set, 	 mesh refinement: 4

outer 	 	 keff 	 	 	error 	 	 	inner 
1	 	0.61063708	 	-0.63763392	 	21
2	 	0.84300956	 	0.27564631	 	21
3	 	0.87835619	 	0.04024180	 	21
4	 	0.88228482	 	0.00445278	 	21
5	 	0.88268407	 	0.00045232	 	21
6	 	0.88272367	 	0.00004486	 	21
7	 	0.88272808	 	0.00000500	 	21
8	 	0.88272801	 	-0.00000008	 	21
mini3x3-pin-cart  refinement = 4 S-8 keff= 0.88272801
time for calculation: 78.72099950 s
--- End of calculation ---


%********************************************************
%*                 .-~*~~~*~-.                          *
%*                .-~~~~~~~~~-.                         *
%*               /  X       X  \                        *
%*              |    .-----.    |                       *
%*               \  '_______'  /                        *
%*                `-.........-'                         *
%* *          ____   ___  ____ ____                     *
%*           |  _ \ / _ \_   _| __ )                    *
%*           | | | | | | || | |  _ \                    *
%*           | |_| | |_| || | | |_) |                   *
%*           |____/ \___/ |_| |____/                    *
%********************************************************
%*      Discrete Ordinate with Two Braincells           *
%********************************************************
    
mini3x3-pin-cart	8 group
XS file: mini3x3-pin-cart-8g.xs
Calculation Start Time Tue Nov  4 11:54:04 2025
S-12	 quad set, 	 mesh refinement: 4

outer 	 	 keff 	 	 	error 	 	 	inner 
1	 	0.61079252	 	-0.63721718	 	21
2	 	0.84317592	 	0.27560488	 	21
3	 	0.87854772	 	0.04026167	 	21
4	 	0.88248181	 	0.00445798	 	21
5	 	0.88288237	 	0.00045370	 	21
6	 	0.88292242	 	0.00004536	 	21
7	 	0.88292604	 	0.00000410	 	21
8	 	0.88292633	 	0.00000033	 	21
mini3x3-pin-cart  refinement = 4 S-12 keff= 0.88292633
time for calculation: 159.96576320 s
--- End of calculation ---


%********************************************************
%*                 .-~*~~~*~-.                          *
%*                .-~~~~~~~~~-.                         *
%*               /  X       X  \                        *
%*              |    .-----.    |                       *
%*               \  '_______'  /                        *
%*                `-.........-'                         *
%* *          ____   ___  ____ ____                     *
%*           |  _ \ / _ \_   _| __ )                    *
%*           | | | | | | || | |  _ \                    *
%*           | |_| | |_| || | | |_) |                   *
%*           |____/ \___/ |_| |____/                    *
%********************************************************
%*      Discrete Ordinate with Two Braincells           *
%********************************************************
    
mini3x3-pin-cart	8 group
XS file: mini3x3-pin-cart-8g.xs
Calculation Start Time Tue Nov  4 11:58:58 2025
S-16	 quad set, 	 mesh refinement: 4

outer 	 	 keff 	 	 	error 	 	 	inner 
1	 	0.61085220	 	-0.63705722	 	21
2	 	0.84321565	 	0.27556824	 	21
3	 	0.87860405	 	0.04027799	 	21
4	 	0.88254257	 	0.00446269	 	21
5	 	0.88294407	 	0.00045473	 	21
6	 	0.88298416	 	0.00004540	 	21
7	 	0.88298792	 	0.00000426	 	21
8	 	0.88298843	 	0.00000057	 	21
mini3x3-pin-cart  refinement = 4 S-16 keff= 0.88298843
time for calculation: 303.12906780 s
--- End of calculation ---


%********************************************************
%*                 .-~*~~~*~-.                          *
%*                .-~~~~~~~~~-.                         *
%*               /  X       X  \                        *
%*              |    .-----.    |                       *
%*               \  '_______'  /                        *
%*                `-.........-'                         *
%* *          ____   ___  ____ ____                     *
%*           |  _ \ / _ \_   _| __ )                    *
%*           | | | | | | || | |  _ \                    *
%*           | |_| | |_| || | | |_) |                   *
%*           |____/ \___/ |_| |____/                    *
%********************************************************
%*      Discrete Ordinate with Two Braincells           *
%********************************************************
    
mini3x3-pin-cart	8 group
XS file: mini3x3-pin-cart-8g.xs
Calculation Start Time Tue Nov  4 14:13:12 2025
S-16	 quad set, 	 mesh refinement: 4

outer 	 	 keff 	 	 	error 	 	 	inner 
1	 	0.61085220	 	-0.63705722	 	21
2	 	0.84321565	 	0.27556824	 	21
3	 	0.87860405	 	0.04027799	 	21
4	 	0.88254257	 	0.00446269	 	21

%********************************************************
%*                 .-~*~~~*~-.                          *
%*                .-~~~~~~~~~-.                         *
%*               /  X       X  \                        *
%*              |    .-----.    |                       *
%*               \  '_______'  /                        *
%*                `-.........-'                         *
%* *          ____   ___  ____ ____                     *
%*           |  _ \ / _ \_   _| __ )                    *
%*           | | | | | | || | |  _ \                    *
%*           | |_| | |_| || | | |_) |                   *
%*           |____/ \___/ |_| |____/                    *
%********************************************************
%*      Discrete Ordinate with Two Braincells           *
%********************************************************
    
mini3x3-pin-cart	8 group
XS file: mini3x3-pin-cart-8g.xs
Calculation Start Time Tue Nov  4 14:18:29 2025
S-16	 quad set, 	 mesh refinement: 8

outer 	 	 keff 	 	 	error 	 	 	inner 
1	 	0.61084881	 	-0.63706631	 	21

%********************************************************
%*                 .-~*~~~*~-.                          *
%*                .-~~~~~~~~~-.                         *
%*               /  X       X  \                        *
%*              |    .-----.    |                       *
%*               \  '_______'  /                        *
%*                `-.........-'                         *
%* *          ____   ___  ____ ____                     *
%*           |  _ \ / _ \_   _| __ )                    *
%*           | | | | | | || | |  _ \                    *
%*           | |_| | |_| || | | |_) |                   *
%*           |____/ \___/ |_| |____/                    *
%********************************************************
%*      Discrete Ordinate with Two Braincells           *
%********************************************************
    
mini3x3-pin-cart	8 group
XS file: mini3x3-pin-cart-8g.xs
Calculation Start Time Tue Nov  4 14:18:59 2025
S-16	 quad set, 	 mesh refinement: 8

outer 	 	 keff 	 	 	error 	 	 	inner 

%********************************************************
%*                 .-~*~~~*~-.                          *
%*                .-~~~~~~~~~-.                         *
%*               /  X       X  \                        *
%*              |    .-----.    |                       *
%*               \  '_______'  /                        *
%*                `-.........-'                         *
%* *          ____   ___  ____ ____                     *
%*           |  _ \ / _ \_   _| __ )                    *
%*           | | | | | | || | |  _ \                    *
%*           | |_| | |_| || | | |_) |                   *
%*           |____/ \___/ |_| |____/                    *
%********************************************************
%*      Discrete Ordinate with Two Braincells           *
%********************************************************
    
mini3x3-pin-cart	8 group
XS file: mini3x3-pin-cart-8g.xs
Calculation Start Time Tue Nov  4 14:25:43 2025
S-16	 quad set, 	 mesh refinement: 8

outer 	 	 keff 	 	 	error 	 	 	inner 
1	 	0.88298074	 	-0.13252753	 	201
2	 	0.88298459	 	0.00000436	 	201
3	 	0.88298489	 	0.00000034	 	201
mini3x3-pin-cart  refinement = 8 S-16 keff= 0.88298489
time for calculation: 1005.95254370 s
--- End of calculation ---


%********************************************************
%*                 .-~*~~~*~-.                          *
%*                .-~~~~~~~~~-.                         *
%*               /  X       X  \                        *
%*              |    .-----.    |                       *
%*               \  '_______'  /                        *
%*                `-.........-'                         *
%* *          ____   ___  ____ ____                     *
%*           |  _ \ / _ \_   _| __ )                    *
%*           | | | | | | || | |  _ \                    *
%*           | |_| | |_| || | | |_) |                   *
%*           |____/ \___/ |_| |____/                    *
%********************************************************
%*      Discrete Ordinate with Two Braincells           *
%********************************************************
    
mini3x3-pin-cart	8 group
XS file: mini3x3-pin-cart-8g.xs
Calculation Start Time Tue Nov  4 15:17:53 2025
S-6	 quad set, 	 mesh refinement: 100

outer 	 	 keff 	 	 	error 	 	 	inner 
