
**************************************************
*         .-~*~~~*~-.                           *
*        .-~~~~~~~~~-.                           *
*       /  X       X  \                          *
*      |    .-----.    |                         *
*       \  '_______'  /                          *
*        `-.........-'                           *
* *  ____   ___  ____ ____                       *
*   |  _ \ / _ \_   _| __ )                      *
*   | | | | | | || | |  _ \                      *
*   | |_| | |_| || | | |_) |                     *
*   |____/ \___/ |_| |____/                      *
* *
*   Discrete Ordinate with Two Braincells        *
**************************************************
    
34x34-Bare-small-pin	2 group
XS file: mini3x3-pin-cart-2g.xs
S-16	 quad set, 	 mesh refinement: 1

iteration 	 keff 	 	 error 	 	 iteration 
1	 	0.62024495	 	-0.61226626	 	20
2	 	0.62081307	 	0.00091513	 	20
34x34-Bare-small-pin  refinement = 1 S-16 keff= 0.62081307
flux distribution is saved in the flux_34x34-Bare-small-pin.m and .py file script
--- End of calculation ---


**************************************************
*         .-~*~~~*~-.                           *
*        .-~~~~~~~~~-.                           *
*       /  X       X  \                          *
*      |    .-----.    |                         *
*       \  '_______'  /                          *
*        `-.........-'                           *
* *  ____   ___  ____ ____                       *
*   |  _ \ / _ \_   _| __ )                      *
*   | | | | | | || | |  _ \                      *
*   | |_| | |_| || | | |_) |                     *
*   |____/ \___/ |_| |____/                      *
* *
*   Discrete Ordinate with Two Braincells        *
**************************************************
    
34x34-Bare-small-pin	2 group
XS file: mini3x3-pin-cart-2g.xs
S-16	 quad set, 	 mesh refinement: 2

iteration 	 keff 	 	 error 	 	 iteration 
1	 	0.60631313	 	-0.64931279	 	20
2	 	0.60865994	 	0.00385570	 	20
34x34-Bare-small-pin  refinement = 2 S-16 keff= 0.60865994
flux distribution is saved in the flux_34x34-Bare-small-pin.m and .py file script
--- End of calculation ---


**************************************************
*         .-~*~~~*~-.                           *
*        .-~~~~~~~~~-.                           *
*       /  X       X  \                          *
*      |    .-----.    |                         *
*       \  '_______'  /                          *
*        `-.........-'                           *
* *  ____   ___  ____ ____                       *
*   |  _ \ / _ \_   _| __ )                      *
*   | | | | | | || | |  _ \                      *
*   | |_| | |_| || | | |_) |                     *
*   |____/ \___/ |_| |____/                      *
* *
*   Discrete Ordinate with Two Braincells        *
**************************************************
    
34x34-Bare-small-pin	2 group
XS file: mini3x3-pin-cart-2g.xs
S-16	 quad set, 	 mesh refinement: 2

iteration 	 keff 	 	 error 	 	 iteration 
1	 	0.60631313	 	-0.64931279	 	20
2	 	0.60865994	 	0.00385570	 	20
3	 	0.63885911	 	0.04727046	 	20
4	 	0.66152725	 	0.03426638	 	20
5	 	0.67563056	 	0.02087429	 	20
6	 	0.68397976	 	0.01220678	 	20
7	 	0.68885551	 	0.00707805	 	20
8	 	0.69169831	 	0.00410988	 	20
9	 	0.69336013	 	0.00239677	 	20
10	 	0.69433548	 	0.00140472	 	20
11	 	0.69491042	 	0.00082735	 	20
12	 	0.69525080	 	0.00048958	 	20
13	 	0.69545319	 	0.00029101	 	20
14	 	0.69557402	 	0.00017372	 	20
15	 	0.69564648	 	0.00010415	 	20
16	 	0.69569010	 	0.00006270	 	20
17	 	0.69571357	 	0.00003374	 	17
18	 	0.69572371	 	0.00001458	 	10
19	 	0.69572978	 	0.00000872	 	7
34x34-Bare-small-pin  refinement = 2 S-16 keff= 0.69572978
flux distribution is saved in the flux_34x34-Bare-small-pin.m and .py file script
--- End of calculation ---


**************************************************
*         .-~*~~~*~-.                           *
*        .-~~~~~~~~~-.                           *
*       /  X       X  \                          *
*      |    .-----.    |                         *
*       \  '_______'  /                          *
*        `-.........-'                           *
* *  ____   ___  ____ ____                       *
*   |  _ \ / _ \_   _| __ )                      *
*   | | | | | | || | |  _ \                      *
*   | |_| | |_| || | | |_) |                     *
*   |____/ \___/ |_| |____/                      *
* *
*   Discrete Ordinate with Two Braincells        *
**************************************************
    
34x34-Bare-small-pin	2 group
XS file: mini3x3-pin-cart-2g.xs
S-16	 quad set, 	 mesh refinement: 4

iteration 	 keff 	 	 error 	 	 iteration 
1	 	0.60484122	 	-0.65332648	 	20
2	 	0.60728395	 	0.00402239	 	20
3	 	0.63749126	 	0.04738466	 	20
4	 	0.66017436	 	0.03435926	 	20
5	 	0.67429133	 	0.02093602	 	20
6	 	0.68264907	 	0.01224309	 	20
7	 	0.68752916	 	0.00709802	 	20
8	 	0.69037383	 	0.00412047	 	20
9	 	0.69203631	 	0.00240231	 	20
10	 	0.69301183	 	0.00140764	 	20
11	 	0.69358676	 	0.00082893	 	20
12	 	0.69392710	 	0.00049046	 	20
13	 	0.69412946	 	0.00029153	 	20
14	 	0.69425030	 	0.00017405	 	20
15	 	0.69432276	 	0.00010436	 	20
16	 	0.69436640	 	0.00006285	 	20
17	 	0.69438989	 	0.00003383	 	17
18	 	0.69440004	 	0.00001462	 	10
19	 	0.69440612	 	0.00000875	 	7
34x34-Bare-small-pin  refinement = 4 S-16 keff= 0.69440612
flux distribution is saved in the flux_34x34-Bare-small-pin.m and .py file script
--- End of calculation ---

