
**************************************************
*         .-~*~~~*~-.                           *
*        .-~~~~~~~~~-.                           *
*       /  X       X  \                          *
*      |    .-----.    |                         *
*       \  '_______'  /                          *
*        `-.........-'                           *
* *  ____   ___  ____ ____                       *
*   |  _ \ / _ \_   _| __ )                      *
*   | | | | | | || | |  _ \                      *
*   | |_| | |_| || | | |_) |                     *
*   |____/ \___/ |_| |____/                      *
* *
*   Discrete Ordinate with Two Braincells        *
**************************************************
    
34x34-Bare-2g	2 group
S-16	 quad set, 	 mesh refinement: 4

iteration 	 keff 	 	 error 	 	 iteration 
1	 	0.55223174	 	-0.81083397	 	5
2	 	0.50359839	 	-0.09657170	 	5
3	 	0.53990819	 	0.06725180	 	5
4	 	0.59114094	 	0.08666758	 	5
5	 	0.63705355	 	0.07207025	 	5
6	 	0.67327214	 	0.05379488	 	5
7	 	0.70036944	 	0.03869001	 	5
8	 	0.72014380	 	0.02745890	 	5
9	 	0.73440167	 	0.01941427	 	5
10	 	0.74462533	 	0.01372995	 	5
11	 	0.75194082	 	0.00972881	 	5
12	 	0.75717383	 	0.00691123	 	5
13	 	0.76091956	 	0.00492264	 	5
14	 	0.76360365	 	0.00351504	 	5
15	 	0.76552949	 	0.00251569	 	5
16	 	0.76691314	 	0.00180418	 	5
17	 	0.76790857	 	0.00129629	 	5
18	 	0.76862565	 	0.00093293	 	5
19	 	0.76914284	 	0.00067243	 	5
20	 	0.76951633	 	0.00048535	 	5
21	 	0.76978635	 	0.00035077	 	5
22	 	0.76998179	 	0.00025383	 	5
23	 	0.77012341	 	0.00018389	 	5
24	 	0.77022615	 	0.00013339	 	5
25	 	0.77030076	 	0.00009686	 	5
26	 	0.77035501	 	0.00007042	 	5
27	 	0.77039450	 	0.00005126	 	5
28	 	0.77042328	 	0.00003735	 	5
29	 	0.77044428	 	0.00002725	 	5
30	 	0.77045962	 	0.00001991	 	5
31	 	0.77047084	 	0.00001456	 	5
32	 	0.77047906	 	0.00001067	 	5
33	 	0.77048508	 	0.00000782	 	5
34	 	0.77048951	 	0.00000574	 	5
35	 	0.77049276	 	0.00000422	 	5
36	 	0.77049516	 	0.00000311	 	5
37	 	0.77049693	 	0.00000229	 	5
38	 	0.77049823	 	0.00000169	 	5
39	 	0.77049920	 	0.00000125	 	5
40	 	0.77049992	 	0.00000093	 	5
34x34-Bare-2g  refinement = 4 S-16 keff= 0.77049992
flux distribution is saved in the flux_34x34-Bare-2g.m and .py file script
--- End of calculation ---


**************************************************
*         .-~*~~~*~-.                           *
*        .-~~~~~~~~~-.                           *
*       /  X       X  \                          *
*      |    .-----.    |                         *
*       \  '_______'  /                          *
*        `-.........-'                           *
* *  ____   ___  ____ ____                       *
*   |  _ \ / _ \_   _| __ )                      *
*   | | | | | | || | |  _ \                      *
*   | |_| | |_| || | | |_) |                     *
*   |____/ \___/ |_| |____/                      *
* *
*   Discrete Ordinate with Two Braincells        *
**************************************************
    
34x34-Bare-2g	2 group
S-16	 quad set, 	 mesh refinement: 4

iteration 	 keff 	 	 error 	 	 iteration 
1	 	0.56880687	 	-0.75806596	 	5
2	 	0.51539035	 	-0.10364284	 	5
3	 	0.54754642	 	0.05872757	 	5
4	 	0.59648484	 	0.08204470	 	5
5	 	0.64137823	 	0.06999518	 	5
6	 	0.67725854	 	0.05297876	 	5
7	 	0.70433005	 	0.03843582	 	5
8	 	0.72419830	 	0.02743482	 	5
9	 	0.73857986	 	0.01947191	 	5
10	 	0.74892012	 	0.01380690	 	5
11	 	0.75633315	 	0.00980128	 	5
12	 	0.76164329	 	0.00697195	 	5
13	 	0.76544826	 	0.00497091	 	5
14	 	0.76817715	 	0.00355242	 	5
15	 	0.77013658	 	0.00254427	 	5
16	 	0.77154533	 	0.00182587	 	5
17	 	0.77255946	 	0.00131269	 	5
18	 	0.77329045	 	0.00094530	 	5
19	 	0.77381799	 	0.00068174	 	5
20	 	0.77419917	 	0.00049235	 	5

**************************************************
*         .-~*~~~*~-.                           *
*        .-~~~~~~~~~-.                           *
*       /  X       X  \                          *
*      |    .-----.    |                         *
*       \  '_______'  /                          *
*        `-.........-'                           *
* *  ____   ___  ____ ____                       *
*   |  _ \ / _ \_   _| __ )                      *
*   | | | | | | || | |  _ \                      *
*   | |_| | |_| || | | |_) |                     *
*   |____/ \___/ |_| |____/                      *
* *
*   Discrete Ordinate with Two Braincells        *
**************************************************
    
34x34-Bare-2g	2 group
S-16	 quad set, 	 mesh refinement: 4

iteration 	 keff 	 	 error 	 	 iteration 

**************************************************
*         .-~*~~~*~-.                           *
*        .-~~~~~~~~~-.                           *
*       /  X       X  \                          *
*      |    .-----.    |                         *
*       \  '_______'  /                          *
*        `-.........-'                           *
* *  ____   ___  ____ ____                       *
*   |  _ \ / _ \_   _| __ )                      *
*   | | | | | | || | |  _ \                      *
*   | |_| | |_| || | | |_) |                     *
*   |____/ \___/ |_| |____/                      *
* *
*   Discrete Ordinate with Two Braincells        *
**************************************************
    
34x34-Bare-2g	2 group
S-16	 quad set, 	 mesh refinement: 1

iteration 	 keff 	 	 error 	 	 iteration 
1	 	0.55665970	 	-0.79642967	 	20
2	 	0.68358396	 	0.18567472	 	20
3	 	0.73614334	 	0.07139829	 	20
4	 	0.75821040	 	0.02910413	 	20
5	 	0.76804796	 	0.01280853	 	20
6	 	0.77257266	 	0.00585667	 	20
7	 	0.77468738	 	0.00272977	 	20
8	 	0.77568521	 	0.00128638	 	20
9	 	0.77615925	 	0.00061076	 	20
10	 	0.77638574	 	0.00029172	 	20
11	 	0.77649451	 	0.00014008	 	20
12	 	0.77654702	 	0.00006762	 	20
13	 	0.77657250	 	0.00003281	 	20
14	 	0.77658493	 	0.00001601	 	20
15	 	0.77659103	 	0.00000786	 	20
16	 	0.77659405	 	0.00000388	 	20
17	 	0.77659554	 	0.00000193	 	20
18	 	0.77659616	 	0.00000080	 	15
34x34-Bare-2g  refinement = 1 S-16 keff= 0.77659616
flux distribution is saved in the flux_34x34-Bare-2g.m and .py file script
--- End of calculation ---


**************************************************
*         .-~*~~~*~-.                           *
*        .-~~~~~~~~~-.                           *
*       /  X       X  \                          *
*      |    .-----.    |                         *
*       \  '_______'  /                          *
*        `-.........-'                           *
* *  ____   ___  ____ ____                       *
*   |  _ \ / _ \_   _| __ )                      *
*   | | | | | | || | |  _ \                      *
*   | |_| | |_| || | | |_) |                     *
*   |____/ \___/ |_| |____/                      *
* *
*   Discrete Ordinate with Two Braincells        *
**************************************************
    
34x34-Bare-2g	2 group
S-16	 quad set, 	 mesh refinement: 1

iteration 	 keff 	 	 error 	 	 iteration 
1	 	0.55665970	 	-0.79642967	 	20
2	 	0.68358396	 	0.18567472	 	20
3	 	0.73614334	 	0.07139829	 	20
4	 	0.75821040	 	0.02910413	 	20
5	 	0.76804796	 	0.01280853	 	20
6	 	0.77257266	 	0.00585667	 	20
7	 	0.77468738	 	0.00272977	 	20
8	 	0.77568521	 	0.00128638	 	20
9	 	0.77615925	 	0.00061076	 	20
10	 	0.77638574	 	0.00029172	 	20
11	 	0.77649451	 	0.00014008	 	20
12	 	0.77654702	 	0.00006762	 	20
13	 	0.77657250	 	0.00003281	 	20
14	 	0.77658493	 	0.00001601	 	20
15	 	0.77659103	 	0.00000786	 	20
16	 	0.77659405	 	0.00000388	 	20
17	 	0.77659554	 	0.00000193	 	20
18	 	0.77659616	 	0.00000080	 	15
34x34-Bare-2g  refinement = 1 S-16 keff= 0.77659616
flux distribution is saved in the flux_34x34-Bare-2g.m and .py file script
--- End of calculation ---


**************************************************
*         .-~*~~~*~-.                           *
*        .-~~~~~~~~~-.                           *
*       /  X       X  \                          *
*      |    .-----.    |                         *
*       \  '_______'  /                          *
*        `-.........-'                           *
* *  ____   ___  ____ ____                       *
*   |  _ \ / _ \_   _| __ )                      *
*   | | | | | | || | |  _ \                      *
*   | |_| | |_| || | | |_) |                     *
*   |____/ \___/ |_| |____/                      *
* *
*   Discrete Ordinate with Two Braincells        *
**************************************************
    
34x34-Bare-2g	2 group
S-16	 quad set, 	 mesh refinement: 1

iteration 	 keff 	 	 error 	 	 iteration 
1	 	0.55665970	 	-0.79642967	 	20
2	 	0.68358396	 	0.18567472	 	20
3	 	0.73614334	 	0.07139829	 	20
4	 	0.75821040	 	0.02910413	 	20
5	 	0.76804796	 	0.01280853	 	20
6	 	0.77257266	 	0.00585667	 	20
7	 	0.77468738	 	0.00272977	 	20
8	 	0.77568521	 	0.00128638	 	20
9	 	0.77615925	 	0.00061076	 	20
10	 	0.77638574	 	0.00029172	 	20
11	 	0.77649451	 	0.00014008	 	20
12	 	0.77654702	 	0.00006762	 	20
13	 	0.77657098	 	0.00003086	 	18
14	 	0.77658122	 	0.00001318	 	13
34x34-Bare-2g  refinement = 1 S-16 keff= 0.77658122
flux distribution is saved in the flux_34x34-Bare-2g.m and .py file script
--- End of calculation ---


**************************************************
*         .-~*~~~*~-.                           *
*        .-~~~~~~~~~-.                           *
*       /  X       X  \                          *
*      |    .-----.    |                         *
*       \  '_______'  /                          *
*        `-.........-'                           *
* *  ____   ___  ____ ____                       *
*   |  _ \ / _ \_   _| __ )                      *
*   | | | | | | || | |  _ \                      *
*   | |_| | |_| || | | |_) |                     *
*   |____/ \___/ |_| |____/                      *
* *
*   Discrete Ordinate with Two Braincells        *
**************************************************
    
34x34-Bare-2g	2 group
S-16	 quad set, 	 mesh refinement: 2

iteration 	 keff 	 	 error 	 	 iteration 
1	 	0.55569081	 	-0.79956189	 	20
2	 	0.68254537	 	0.18585513	 	20
3	 	0.73527355	 	0.07171234	 	20
4	 	0.75730961	 	0.02909782	 	20
5	 	0.76713137	 	0.01280323	 	20
6	 	0.77166729	 	0.00587808	 	20
7	 	0.77380020	 	0.00275641	 	20
8	 	0.77481325	 	0.00130747	 	20
9	 	0.77529754	 	0.00062465	 	20
10	 	0.77553020	 	0.00030000	 	20
11	 	0.77564246	 	0.00014472	 	20
12	 	0.77569684	 	0.00007010	 	20
13	 	0.77572170	 	0.00003205	 	18
14	 	0.77573232	 	0.00001369	 	13
34x34-Bare-2g  refinement = 2 S-16 keff= 0.77573232
flux distribution is saved in the flux_34x34-Bare-2g.m and .py file script
--- End of calculation ---


**************************************************
*         .-~*~~~*~-.                           *
*        .-~~~~~~~~~-.                           *
*       /  X       X  \                          *
*      |    .-----.    |                         *
*       \  '_______'  /                          *
*        `-.........-'                           *
* *  ____   ___  ____ ____                       *
*   |  _ \ / _ \_   _| __ )                      *
*   | | | | | | || | |  _ \                      *
*   | |_| | |_| || | | |_) |                     *
*   |____/ \___/ |_| |____/                      *
* *
*   Discrete Ordinate with Two Braincells        *
**************************************************
    
34x34-Bare-2g	2 group
S-16	 quad set, 	 mesh refinement: 2

iteration 	 keff 	 	 error 	 	 iteration 
1	 	0.55569081	 	-0.79956189	 	20
2	 	0.68254537	 	0.18585513	 	20
3	 	0.73527355	 	0.07171234	 	20
4	 	0.75730961	 	0.02909782	 	20
5	 	0.76713137	 	0.01280323	 	20
6	 	0.77166729	 	0.00587808	 	20
7	 	0.77380020	 	0.00275641	 	20
8	 	0.77481325	 	0.00130747	 	20
9	 	0.77529754	 	0.00062465	 	20
10	 	0.77553020	 	0.00030000	 	20
11	 	0.77564246	 	0.00014472	 	20
12	 	0.77569684	 	0.00007010	 	20
13	 	0.77572329	 	0.00003410	 	20
14	 	0.77573621	 	0.00001666	 	20
15	 	0.77574255	 	0.00000817	 	20
16	 	0.77574567	 	0.00000403	 	20
17	 	0.77574722	 	0.00000200	 	20
18	 	0.77574786	 	0.00000082	 	15
34x34-Bare-2g  refinement = 2 S-16 keff= 0.77574786
flux distribution is saved in the flux_34x34-Bare-2g.m and .py file script
--- End of calculation ---


**************************************************
*         .-~*~~~*~-.                           *
*        .-~~~~~~~~~-.                           *
*       /  X       X  \                          *
*      |    .-----.    |                         *
*       \  '_______'  /                          *
*        `-.........-'                           *
* *  ____   ___  ____ ____                       *
*   |  _ \ / _ \_   _| __ )                      *
*   | | | | | | || | |  _ \                      *
*   | |_| | |_| || | | |_) |                     *
*   |____/ \___/ |_| |____/                      *
* *
*   Discrete Ordinate with Two Braincells        *
**************************************************
    
34x34-Bare-2g	2 group
S-16	 quad set, 	 mesh refinement: 2

iteration 	 keff 	 	 error 	 	 iteration 

**************************************************
*         .-~*~~~*~-.                           *
*        .-~~~~~~~~~-.                           *
*       /  X       X  \                          *
*      |    .-----.    |                         *
*       \  '_______'  /                          *
*        `-.........-'                           *
* *  ____   ___  ____ ____                       *
*   |  _ \ / _ \_   _| __ )                      *
*   | | | | | | || | |  _ \                      *
*   | |_| | |_| || | | |_) |                     *
*   |____/ \___/ |_| |____/                      *
* *
*   Discrete Ordinate with Two Braincells        *
**************************************************
    
34x34-Bare-2g	2 group
S-16	 quad set, 	 mesh refinement: 1

iteration 	 keff 	 	 error 	 	 iteration 
1	 	0.63607896	 	-0.57213185	 	133
2	 	0.72505495	 	0.12271620	 	120
3	 	0.75541567	 	0.04019074	 	110
4	 	0.76751459	 	0.01576378	 	102
5	 	0.77262332	 	0.00661219	 	94
6	 	0.77483742	 	0.00285750	 	86
7	 	0.77581107	 	0.00125501	 	78
8	 	0.77624344	 	0.00055700	 	71
9	 	0.77643673	 	0.00024895	 	63
10	 	0.77652376	 	0.00011207	 	56
11	 	0.77656307	 	0.00005062	 	48
12	 	0.77658101	 	0.00002311	 	41
13	 	0.77658931	 	0.00001069	 	35
14	 	0.77659312	 	0.00000490	 	28
15	 	0.77659498	 	0.00000240	 	23
16	 	0.77659589	 	0.00000116	 	18
17	 	0.77659633	 	0.00000057	 	13
34x34-Bare-2g  refinement = 1 S-16 keff= 0.77659633
flux distribution is saved in the flux_34x34-Bare-2g.m and .py file script
--- End of calculation ---


**************************************************
*         .-~*~~~*~-.                           *
*        .-~~~~~~~~~-.                           *
*       /  X       X  \                          *
*      |    .-----.    |                         *
*       \  '_______'  /                          *
*        `-.........-'                           *
* *  ____   ___  ____ ____                       *
*   |  _ \ / _ \_   _| __ )                      *
*   | | | | | | || | |  _ \                      *
*   | |_| | |_| || | | |_) |                     *
*   |____/ \___/ |_| |____/                      *
* *
*   Discrete Ordinate with Two Braincells        *
**************************************************
    
34x34-Bare-2g	2 group
S-16	 quad set, 	 mesh refinement: 1

iteration 	 keff 	 	 error 	 	 iteration 

**************************************************
*         .-~*~~~*~-.                           *
*        .-~~~~~~~~~-.                           *
*       /  X       X  \                          *
*      |    .-----.    |                         *
*       \  '_______'  /                          *
*        `-.........-'                           *
* *  ____   ___  ____ ____                       *
*   |  _ \ / _ \_   _| __ )                      *
*   | | | | | | || | |  _ \                      *
*   | |_| | |_| || | | |_) |                     *
*   |____/ \___/ |_| |____/                      *
* *
*   Discrete Ordinate with Two Braincells        *
**************************************************
    
34x34-Bare-2g	2 group
S-16	 quad set, 	 mesh refinement: 1

iteration 	 keff 	 	 error 	 	 iteration 
1	 	0.63456482	 	-0.57588314	 	132
2	 	0.72318483	 	0.12254130	 	119
3	 	0.75345727	 	0.04017805	 	110
4	 	0.76553740	 	0.01577992	 	101
5	 	0.77064555	 	0.00662841	 	93
6	 	0.77286269	 	0.00286874	 	86
7	 	0.77383905	 	0.00126171	 	78
8	 	0.77427315	 	0.00056065	 	70
9	 	0.77446762	 	0.00025111	 	63
10	 	0.77455527	 	0.00011315	 	56
11	 	0.77459491	 	0.00005118	 	48
12	 	0.77461303	 	0.00002339	 	41
13	 	0.77462141	 	0.00001083	 	35
14	 	0.77462526	 	0.00000497	 	28
15	 	0.77462715	 	0.00000244	 	23
16	 	0.77462807	 	0.00000118	 	18
17	 	0.77462852	 	0.00000058	 	13
34x34-Bare-2g  refinement = 1 S-16 keff= 0.77462852
flux distribution is saved in the flux_34x34-Bare-2g.m and .py file script
--- End of calculation ---


**************************************************
*         .-~*~~~*~-.                           *
*        .-~~~~~~~~~-.                           *
*       /  X       X  \                          *
*      |    .-----.    |                         *
*       \  '_______'  /                          *
*        `-.........-'                           *
* *  ____   ___  ____ ____                       *
*   |  _ \ / _ \_   _| __ )                      *
*   | | | | | | || | |  _ \                      *
*   | |_| | |_| || | | |_) |                     *
*   |____/ \___/ |_| |____/                      *
* *
*   Discrete Ordinate with Two Braincells        *
**************************************************
    
34x34-Bare-2g	2 group
S-16	 quad set, 	 mesh refinement: 1

iteration 	 keff 	 	 error 	 	 iteration 

**************************************************
*         .-~*~~~*~-.                           *
*        .-~~~~~~~~~-.                           *
*       /  X       X  \                          *
*      |    .-----.    |                         *
*       \  '_______'  /                          *
*        `-.........-'                           *
* *  ____   ___  ____ ____                       *
*   |  _ \ / _ \_   _| __ )                      *
*   | | | | | | || | |  _ \                      *
*   | |_| | |_| || | | |_) |                     *
*   |____/ \___/ |_| |____/                      *
* *
*   Discrete Ordinate with Two Braincells        *
**************************************************
    
34x34-Bare-2g	2 group
S-16	 quad set, 	 mesh refinement: 1

iteration 	 keff 	 	 error 	 	 iteration 

**************************************************
*         .-~*~~~*~-.                           *
*        .-~~~~~~~~~-.                           *
*       /  X       X  \                          *
*      |    .-----.    |                         *
*       \  '_______'  /                          *
*        `-.........-'                           *
* *  ____   ___  ____ ____                       *
*   |  _ \ / _ \_   _| __ )                      *
*   | | | | | | || | |  _ \                      *
*   | |_| | |_| || | | |_) |                     *
*   |____/ \___/ |_| |____/                      *
* *
*   Discrete Ordinate with Two Braincells        *
**************************************************
    
34x34-Bare-2g	2 group
S-6	 quad set, 	 mesh refinement: 1

iteration 	 keff 	 	 error 	 	 iteration 
1	 	0.63521447	 	-0.57427145	 	132
2	 	0.72370458	 	0.12227381	 	119
3	 	0.75383790	 	0.03997320	 	110
4	 	0.76590094	 	0.01575013	 	101
5	 	0.77102012	 	0.00663948	 	94
6	 	0.77325023	 	0.00288408	 	86
7	 	0.77423617	 	0.00127344	 	78
8	 	0.77467639	 	0.00056826	 	71
9	 	0.77487428	 	0.00025538	 	63
10	 	0.77496388	 	0.00011561	 	56
11	 	0.77500466	 	0.00005262	 	49
12	 	0.77502333	 	0.00002409	 	42
13	 	0.77503194	 	0.00001110	 	35
14	 	0.77503599	 	0.00000523	 	29
15	 	0.77503791	 	0.00000248	 	23
16	 	0.77503887	 	0.00000123	 	18
17	 	0.77503936	 	0.00000064	 	14
34x34-Bare-2g  refinement = 1 S-6 keff= 0.77503936
flux distribution is saved in the flux_34x34-Bare-2g.m and .py file script
--- End of calculation ---


**************************************************
*         .-~*~~~*~-.                           *
*        .-~~~~~~~~~-.                           *
*       /  X       X  \                          *
*      |    .-----.    |                         *
*       \  '_______'  /                          *
*        `-.........-'                           *
* *  ____   ___  ____ ____                       *
*   |  _ \ / _ \_   _| __ )                      *
*   | | | | | | || | |  _ \                      *
*   | |_| | |_| || | | |_) |                     *
*   |____/ \___/ |_| |____/                      *
* *
*   Discrete Ordinate with Two Braincells        *
**************************************************
    
34x34-Bare-2g	2 group
S-6	 quad set, 	 mesh refinement: 1

iteration 	 keff 	 	 error 	 	 iteration 
1	 	0.63811565	 	-0.56711404	 	132
2	 	0.72717468	 	0.12247267	 	119
3	 	0.75747628	 	0.04000337	 	110
4	 	0.76959611	 	0.01574829	 	101
5	 	0.77473425	 	0.00663214	 	94
6	 	0.77697026	 	0.00287786	 	86
7	 	0.77795776	 	0.00126935	 	78
8	 	0.77839821	 	0.00056584	 	71
9	 	0.77859601	 	0.00025404	 	63
10	 	0.77868547	 	0.00011489	 	56
11	 	0.77872607	 	0.00005213	 	48
12	 	0.77874477	 	0.00002401	 	42
13	 	0.77875334	 	0.00001101	 	35
14	 	0.77875738	 	0.00000519	 	29
15	 	0.77875929	 	0.00000245	 	23
16	 	0.77876024	 	0.00000122	 	18
17	 	0.77876073	 	0.00000063	 	14
34x34-Bare-2g  refinement = 1 S-6 keff= 0.77876073
flux distribution is saved in the flux_34x34-Bare-2g.m and .py file script
--- End of calculation ---


**************************************************
*         .-~*~~~*~-.                           *
*        .-~~~~~~~~~-.                           *
*       /  X       X  \                          *
*      |    .-----.    |                         *
*       \  '_______'  /                          *
*        `-.........-'                           *
* *  ____   ___  ____ ____                       *
*   |  _ \ / _ \_   _| __ )                      *
*   | | | | | | || | |  _ \                      *
*   | |_| | |_| || | | |_) |                     *
*   |____/ \___/ |_| |____/                      *
* *
*   Discrete Ordinate with Two Braincells        *
**************************************************
    
34x34-Bare-2g	2 group
S-6	 quad set, 	 mesh refinement: 1

iteration 	 keff 	 	 error 	 	 iteration 
1	 	0.63811565	 	-0.56711404	 	132
2	 	0.72717468	 	0.12247267	 	119
3	 	0.75747628	 	0.04000337	 	110
4	 	0.76959611	 	0.01574829	 	101
5	 	0.77473425	 	0.00663214	 	94
6	 	0.77697026	 	0.00287786	 	86
7	 	0.77795776	 	0.00126935	 	78
8	 	0.77839821	 	0.00056584	 	71
9	 	0.77859601	 	0.00025404	 	63
10	 	0.77868547	 	0.00011489	 	56
11	 	0.77872607	 	0.00005213	 	48
12	 	0.77874477	 	0.00002401	 	42
13	 	0.77875334	 	0.00001101	 	35
14	 	0.77875738	 	0.00000519	 	29
15	 	0.77875929	 	0.00000245	 	23
16	 	0.77876024	 	0.00000122	 	18
17	 	0.77876073	 	0.00000063	 	14
34x34-Bare-2g  refinement = 1 S-6 keff= 0.77876073
flux distribution is saved in the flux_34x34-Bare-2g.m and .py file script
--- End of calculation ---


**************************************************
*         .-~*~~~*~-.                           *
*        .-~~~~~~~~~-.                           *
*       /  X       X  \                          *
*      |    .-----.    |                         *
*       \  '_______'  /                          *
*        `-.........-'                           *
* *  ____   ___  ____ ____                       *
*   |  _ \ / _ \_   _| __ )                      *
*   | | | | | | || | |  _ \                      *
*   | |_| | |_| || | | |_) |                     *
*   |____/ \___/ |_| |____/                      *
* *
*   Discrete Ordinate with Two Braincells        *
**************************************************
    
34x34-Bare-2g	2 group
S-6	 quad set, 	 mesh refinement: 1

iteration 	 keff 	 	 error 	 	 iteration 
1	 	0.63811587	 	-0.56711351	 	132
2	 	0.72717570	 	0.12247361	 	119
3	 	0.75747695	 	0.04000286	 	110
4	 	0.76959666	 	0.01574814	 	101
5	 	0.77473477	 	0.00663209	 	94
6	 	0.77697078	 	0.00287785	 	86
7	 	0.77795828	 	0.00126935	 	78
8	 	0.77839873	 	0.00056584	 	71
9	 	0.77859652	 	0.00025404	 	63
10	 	0.77868599	 	0.00011489	 	56
11	 	0.77872659	 	0.00005213	 	48
12	 	0.77874528	 	0.00002401	 	42
13	 	0.77875386	 	0.00001101	 	35
14	 	0.77875790	 	0.00000519	 	29
15	 	0.77875981	 	0.00000245	 	23
16	 	0.77876076	 	0.00000122	 	18
17	 	0.77876125	 	0.00000063	 	14
34x34-Bare-2g  refinement = 1 S-6 keff= 0.77876125
flux distribution is saved in the flux_34x34-Bare-2g.m and .py file script
--- End of calculation ---


**************************************************
*         .-~*~~~*~-.                           *
*        .-~~~~~~~~~-.                           *
*       /  X       X  \                          *
*      |    .-----.    |                         *
*       \  '_______'  /                          *
*        `-.........-'                           *
* *  ____   ___  ____ ____                       *
*   |  _ \ / _ \_   _| __ )                      *
*   | | | | | | || | |  _ \                      *
*   | |_| | |_| || | | |_) |                     *
*   |____/ \___/ |_| |____/                      *
* *
*   Discrete Ordinate with Two Braincells        *
**************************************************
    
34x34-Bare-2g	2 group
S-6	 quad set, 	 mesh refinement: 1

iteration 	 keff 	 	 error 	 	 iteration 
1	 	0.63811565	 	-0.56711404	 	132
2	 	0.72717468	 	0.12247267	 	119
3	 	0.75747628	 	0.04000337	 	110
4	 	0.76959611	 	0.01574829	 	101
5	 	0.77473425	 	0.00663214	 	94
6	 	0.77697026	 	0.00287786	 	86
7	 	0.77795776	 	0.00126935	 	78
8	 	0.77839821	 	0.00056584	 	71
9	 	0.77859601	 	0.00025404	 	63
10	 	0.77868547	 	0.00011489	 	56
11	 	0.77872607	 	0.00005213	 	48
12	 	0.77874477	 	0.00002401	 	42
13	 	0.77875334	 	0.00001101	 	35
14	 	0.77875738	 	0.00000519	 	29
15	 	0.77875929	 	0.00000245	 	23
16	 	0.77876024	 	0.00000122	 	18
17	 	0.77876073	 	0.00000063	 	14
34x34-Bare-2g  refinement = 1 S-6 keff= 0.77876073
flux distribution is saved in the flux_34x34-Bare-2g.m and .py file script
--- End of calculation ---


**************************************************
*         .-~*~~~*~-.                           *
*        .-~~~~~~~~~-.                           *
*       /  X       X  \                          *
*      |    .-----.    |                         *
*       \  '_______'  /                          *
*        `-.........-'                           *
* *  ____   ___  ____ ____                       *
*   |  _ \ / _ \_   _| __ )                      *
*   | | | | | | || | |  _ \                      *
*   | |_| | |_| || | | |_) |                     *
*   |____/ \___/ |_| |____/                      *
* *
*   Discrete Ordinate with Two Braincells        *
**************************************************
    
34x34-Bare-2g	2 group
S-6	 quad set, 	 mesh refinement: 2

iteration 	 keff 	 	 error 	 	 iteration 
1	 	0.63927577	 	-0.56427013	 	132
2	 	0.72827478	 	0.12220525	 	119
3	 	0.75808372	 	0.03932143	 	110
4	 	0.76995510	 	0.01541828	 	101
5	 	0.77499806	 	0.00650705	 	94
6	 	0.77720201	 	0.00283575	 	86
7	 	0.77817991	 	0.00125665	 	78
8	 	0.77861796	 	0.00056260	 	71
9	 	0.77881537	 	0.00025347	 	63
10	 	0.77890490	 	0.00011494	 	56
11	 	0.77894567	 	0.00005235	 	49
12	 	0.77896434	 	0.00002396	 	42
13	 	0.77897293	 	0.00001103	 	35
14	 	0.77897697	 	0.00000519	 	29
15	 	0.77897888	 	0.00000245	 	23
16	 	0.77897983	 	0.00000121	 	18
17	 	0.77898029	 	0.00000059	 	13
34x34-Bare-2g  refinement = 2 S-6 keff= 0.77898029
flux distribution is saved in the flux_34x34-Bare-2g.m and .py file script
--- End of calculation ---


**************************************************
*         .-~*~~~*~-.                           *
*        .-~~~~~~~~~-.                           *
*       /  X       X  \                          *
*      |    .-----.    |                         *
*       \  '_______'  /                          *
*        `-.........-'                           *
* *  ____   ___  ____ ____                       *
*   |  _ \ / _ \_   _| __ )                      *
*   | | | | | | || | |  _ \                      *
*   | |_| | |_| || | | |_) |                     *
*   |____/ \___/ |_| |____/                      *
* *
*   Discrete Ordinate with Two Braincells        *
**************************************************
    
34x34-Bare-2g	2 group
S-6	 quad set, 	 mesh refinement: 4

iteration 	 keff 	 	 error 	 	 iteration 
1	 	0.63860392	 	-0.56591586	 	132
2	 	0.72761609	 	0.12233398	 	119
3	 	0.75744755	 	0.03938419	 	110
4	 	0.76932784	 	0.01544243	 	101
5	 	0.77437332	 	0.00651556	 	94
6	 	0.77657766	 	0.00283854	 	86
7	 	0.77755543	 	0.00125749	 	78
8	 	0.77799331	 	0.00056282	 	71
9	 	0.77819059	 	0.00025352	 	63
10	 	0.77828005	 	0.00011494	 	56
11	 	0.77832080	 	0.00005235	 	49
12	 	0.77833945	 	0.00002396	 	42
13	 	0.77834803	 	0.00001103	 	35
14	 	0.77835207	 	0.00000519	 	29
15	 	0.77835398	 	0.00000245	 	23
16	 	0.77835493	 	0.00000121	 	18
17	 	0.77835539	 	0.00000059	 	13
34x34-Bare-2g  refinement = 4 S-6 keff= 0.77835539
flux distribution is saved in the flux_34x34-Bare-2g.m and .py file script
--- End of calculation ---


**************************************************
*         .-~*~~~*~-.                           *
*        .-~~~~~~~~~-.                           *
*       /  X       X  \                          *
*      |    .-----.    |                         *
*       \  '_______'  /                          *
*        `-.........-'                           *
* *  ____   ___  ____ ____                       *
*   |  _ \ / _ \_   _| __ )                      *
*   | | | | | | || | |  _ \                      *
*   | |_| | |_| || | | |_) |                     *
*   |____/ \___/ |_| |____/                      *
* *
*   Discrete Ordinate with Two Braincells        *
**************************************************
    
34x34-Bare-2g	2 group
S-16	 quad set, 	 mesh refinement: 2

iteration 	 keff 	 	 error 	 	 iteration 
1	 	0.63772717	 	-0.56806867	 	132
2	 	0.72679741	 	0.12255167	 	119
3	 	0.75673027	 	0.03955553	 	110
4	 	0.76860586	 	0.01545081	 	101
5	 	0.77362872	 	0.00649260	 	93
6	 	0.77581399	 	0.00281674	 	86
7	 	0.77677892	 	0.00124223	 	78
8	 	0.77720895	 	0.00055329	 	70
9	 	0.77740191	 	0.00024822	 	63
10	 	0.77748885	 	0.00011181	 	55
11	 	0.77752829	 	0.00005073	 	48
12	 	0.77754626	 	0.00002311	 	41
13	 	0.77755450	 	0.00001059	 	34
14	 	0.77755836	 	0.00000497	 	28
15	 	0.77756023	 	0.00000240	 	23
16	 	0.77756110	 	0.00000111	 	17
17	 	0.77756155	 	0.00000059	 	13
34x34-Bare-2g  refinement = 2 S-16 keff= 0.77756155
flux distribution is saved in the flux_34x34-Bare-2g.m and .py file script
--- End of calculation ---


**************************************************
*         .-~*~~~*~-.                           *
*        .-~~~~~~~~~-.                           *
*       /  X       X  \                          *
*      |    .-----.    |                         *
*       \  '_______'  /                          *
*        `-.........-'                           *
* *  ____   ___  ____ ____                       *
*   |  _ \ / _ \_   _| __ )                      *
*   | | | | | | || | |  _ \                      *
*   | |_| | |_| || | | |_) |                     *
*   |____/ \___/ |_| |____/                      *
* *
*   Discrete Ordinate with Two Braincells        *
**************************************************
    
34x34-Bare-2g	2 group
S-16	 quad set, 	 mesh refinement: 2

iteration 	 keff 	 	 error 	 	 iteration 
1	 	0.63470384	 	-0.57553797	 	132
2	 	0.72318879	 	0.12235388	 	119
3	 	0.75295446	 	0.03953183	 	110
4	 	0.76477425	 	0.01545527	 	101
5	 	0.76977840	 	0.00650077	 	93
6	 	0.77195777	 	0.00282317	 	86
7	 	0.77292111	 	0.00124637	 	78
8	 	0.77335087	 	0.00055571	 	70
9	 	0.77354392	 	0.00024956	 	63
10	 	0.77363097	 	0.00011253	 	55
11	 	0.77367051	 	0.00005110	 	48
12	 	0.77368854	 	0.00002330	 	41
13	 	0.77369688	 	0.00001078	 	35
14	 	0.77370069	 	0.00000493	 	28
15	 	0.77370256	 	0.00000242	 	23
16	 	0.77370343	 	0.00000112	 	17
17	 	0.77370389	 	0.00000059	 	13
34x34-Bare-2g  refinement = 2 S-16 keff= 0.77370389
flux distribution is saved in the flux_34x34-Bare-2g.m and .py file script
--- End of calculation ---


**************************************************
*         .-~*~~~*~-.                           *
*        .-~~~~~~~~~-.                           *
*       /  X       X  \                          *
*      |    .-----.    |                         *
*       \  '_______'  /                          *
*        `-.........-'                           *
* *  ____   ___  ____ ____                       *
*   |  _ \ / _ \_   _| __ )                      *
*   | | | | | | || | |  _ \                      *
*   | |_| | |_| || | | |_) |                     *
*   |____/ \___/ |_| |____/                      *
* *
*   Discrete Ordinate with Two Braincells        *
**************************************************
    
34x34-Bare-2g	2 group
S-6	 quad set, 	 mesh refinement: 1

iteration 	 keff 	 	 error 	 	 iteration 
1	 	0.63521447	 	-0.57427145	 	132
2	 	0.72370458	 	0.12227381	 	119
3	 	0.75383790	 	0.03997320	 	110
4	 	0.76590094	 	0.01575013	 	101
5	 	0.77102012	 	0.00663948	 	94
6	 	0.77325023	 	0.00288408	 	86
7	 	0.77423617	 	0.00127344	 	78
8	 	0.77467639	 	0.00056826	 	71
9	 	0.77487428	 	0.00025538	 	63
10	 	0.77496388	 	0.00011561	 	56
11	 	0.77500466	 	0.00005262	 	49
12	 	0.77502333	 	0.00002409	 	42
13	 	0.77503194	 	0.00001110	 	35
14	 	0.77503599	 	0.00000523	 	29
15	 	0.77503791	 	0.00000248	 	23
16	 	0.77503887	 	0.00000123	 	18
17	 	0.77503936	 	0.00000064	 	14
34x34-Bare-2g  refinement = 1 S-6 keff= 0.77503936
flux distribution is saved in the flux_34x34-Bare-2g.m and .py file script
--- End of calculation ---


**************************************************
*         .-~*~~~*~-.                           *
*        .-~~~~~~~~~-.                           *
*       /  X       X  \                          *
*      |    .-----.    |                         *
*       \  '_______'  /                          *
*        `-.........-'                           *
* *  ____   ___  ____ ____                       *
*   |  _ \ / _ \_   _| __ )                      *
*   | | | | | | || | |  _ \                      *
*   | |_| | |_| || | | |_) |                     *
*   |____/ \___/ |_| |____/                      *
* *
*   Discrete Ordinate with Two Braincells        *
**************************************************
    
34x34-Bare-2g	2 group
S-16	 quad set, 	 mesh refinement: 4

iteration 	 keff 	 	 error 	 	 iteration 
1	 	0.63416658	 	-0.57687274	 	132
2	 	0.72263100	 	0.12241991	 	119
3	 	0.75240162	 	0.03956745	 	110
4	 	0.76422550	 	0.01547173	 	101
5	 	0.76923205	 	0.00650849	 	93
6	 	0.77141275	 	0.00282690	 	86
7	 	0.77237685	 	0.00124822	 	78
8	 	0.77280703	 	0.00055665	 	70
9	 	0.77300031	 	0.00025004	 	63
10	 	0.77308749	 	0.00011278	 	55
11	 	0.77312710	 	0.00005123	 	48
12	 	0.77314517	 	0.00002337	 	41
13	 	0.77315353	 	0.00001081	 	35
14	 	0.77315736	 	0.00000495	 	28
15	 	0.77315924	 	0.00000243	 	23
16	 	0.77316015	 	0.00000117	 	18
17	 	0.77316059	 	0.00000057	 	13
34x34-Bare-2g  refinement = 4 S-16 keff= 0.77316059
flux distribution is saved in the flux_34x34-Bare-2g.m and .py file script
--- End of calculation ---


**************************************************
*         .-~*~~~*~-.                           *
*        .-~~~~~~~~~-.                           *
*       /  X       X  \                          *
*      |    .-----.    |                         *
*       \  '_______'  /                          *
*        `-.........-'                           *
* *  ____   ___  ____ ____                       *
*   |  _ \ / _ \_   _| __ )                      *
*   | | | | | | || | |  _ \                      *
*   | |_| | |_| || | | |_) |                     *
*   |____/ \___/ |_| |____/                      *
* *
*   Discrete Ordinate with Two Braincells        *
**************************************************
    
34x34-Bare-2g	2 group
S-4	 quad set, 	 mesh refinement: 4

iteration 	 keff 	 	 error 	 	 iteration 
1	 	0.63706163	 	-0.56970684	 	133
2	 	0.72544894	 	0.12183808	 	119
3	 	0.75495570	 	0.03908410	 	110
4	 	0.76677066	 	0.01540874	 	102
5	 	0.77182323	 	0.00654628	 	94
6	 	0.77404748	 	0.00287353	 	86
7	 	0.77504195	 	0.00128311	 	78
8	 	0.77549096	 	0.00057901	 	71
9	 	0.77569507	 	0.00026312	 	64
10	 	0.77578826	 	0.00012012	 	56
11	 	0.77583110	 	0.00005523	 	49
12	 	0.77585088	 	0.00002549	 	42
13	 	0.77586013	 	0.00001193	 	36
14	 	0.77586442	 	0.00000553	 	29
15	 	0.77586654	 	0.00000273	 	24
16	 	0.77586757	 	0.00000133	 	19
17	 	0.77586807	 	0.00000065	 	14
34x34-Bare-2g  refinement = 4 S-4 keff= 0.77586807
flux distribution is saved in the flux_34x34-Bare-2g.m and .py file script
--- End of calculation ---


**************************************************
*         .-~*~~~*~-.                           *
*        .-~~~~~~~~~-.                           *
*       /  X       X  \                          *
*      |    .-----.    |                         *
*       \  '_______'  /                          *
*        `-.........-'                           *
* *  ____   ___  ____ ____                       *
*   |  _ \ / _ \_   _| __ )                      *
*   | | | | | | || | |  _ \                      *
*   | |_| | |_| || | | |_) |                     *
*   |____/ \___/ |_| |____/                      *
* *
*   Discrete Ordinate with Two Braincells        *
**************************************************
    
34x34-Bare-2g	2 group
S-16	 quad set, 	 mesh refinement: 8

iteration 	 keff 	 	 error 	 	 iteration 

**************************************************
*         .-~*~~~*~-.                           *
*        .-~~~~~~~~~-.                           *
*       /  X       X  \                          *
*      |    .-----.    |                         *
*       \  '_______'  /                          *
*        `-.........-'                           *
* *  ____   ___  ____ ____                       *
*   |  _ \ / _ \_   _| __ )                      *
*   | | | | | | || | |  _ \                      *
*   | |_| | |_| || | | |_) |                     *
*   |____/ \___/ |_| |____/                      *
* *
*   Discrete Ordinate with Two Braincells        *
**************************************************
    
34x34-Bare-2g	2 group
S-16	 quad set, 	 mesh refinement: 8

iteration 	 keff 	 	 error 	 	 iteration 
1	 	0.55390056	 	-0.80537821	 	20
2	 	0.68030825	 	0.18580944	 	20
3	 	0.73276572	 	0.07158832	 	20
4	 	0.75468192	 	0.02904032	 	20
5	 	0.76445902	 	0.01278956	 	20
6	 	0.76898044	 	0.00587977	 	20
7	 	0.77110973	 	0.00276133	 	20
8	 	0.77212264	 	0.00131185	 	20
9	 	0.77260763	 	0.00062774	 	20
10	 	0.77284101	 	0.00030198	 	20
11	 	0.77295380	 	0.00014591	 	20
12	 	0.77300853	 	0.00007080	 	20
13	 	0.77303519	 	0.00003449	 	20
14	 	0.77304824	 	0.00001688	 	20
15	 	0.77305465	 	0.00000829	 	20
16	 	0.77305782	 	0.00000410	 	20
17	 	0.77305939	 	0.00000203	 	20
18	 	0.77306004	 	0.00000084	 	15
34x34-Bare-2g  refinement = 8 S-16 keff= 0.77306004
flux distribution is saved in the flux_34x34-Bare-2g.m and .py file script
--- End of calculation ---


**************************************************
*         .-~*~~~*~-.                           *
*        .-~~~~~~~~~-.                           *
*       /  X       X  \                          *
*      |    .-----.    |                         *
*       \  '_______'  /                          *
*        `-.........-'                           *
* *  ____   ___  ____ ____                       *
*   |  _ \ / _ \_   _| __ )                      *
*   | | | | | | || | |  _ \                      *
*   | |_| | |_| || | | |_) |                     *
*   |____/ \___/ |_| |____/                      *
* *
*   Discrete Ordinate with Two Braincells        *
**************************************************
    
34x34-Bare-2g	2 group
S-6	 quad set, 	 mesh refinement: 8

iteration 	 keff 	 	 error 	 	 iteration 
1	 	0.55532181	 	-0.80075765	 	20
2	 	0.68197141	 	0.18571101	 	20
3	 	0.73429037	 	0.07125105	 	20
4	 	0.75614169	 	0.02889844	 	20
5	 	0.76591058	 	0.01275461	 	20
6	 	0.77044220	 	0.00588184	 	20
7	 	0.77258382	 	0.00277203	 	20
8	 	0.77360644	 	0.00132188	 	20
9	 	0.77409800	 	0.00063501	 	20
10	 	0.77433548	 	0.00030670	 	20
11	 	0.77445072	 	0.00014880	 	20
12	 	0.77450686	 	0.00007249	 	20
13	 	0.77453433	 	0.00003546	 	20
14	 	0.77454783	 	0.00001742	 	20
15	 	0.77455449	 	0.00000860	 	20
16	 	0.77455779	 	0.00000426	 	20
17	 	0.77455943	 	0.00000212	 	20
18	 	0.77456015	 	0.00000092	 	16
34x34-Bare-2g  refinement = 8 S-6 keff= 0.77456015
flux distribution is saved in the flux_34x34-Bare-2g.m and .py file script
--- End of calculation ---


**************************************************
*         .-~*~~~*~-.                           *
*        .-~~~~~~~~~-.                           *
*       /  X       X  \                          *
*      |    .-----.    |                         *
*       \  '_______'  /                          *
*        `-.........-'                           *
* *  ____   ___  ____ ____                       *
*   |  _ \ / _ \_   _| __ )                      *
*   | | | | | | || | |  _ \                      *
*   | |_| | |_| || | | |_) |                     *
*   |____/ \___/ |_| |____/                      *
* *
*   Discrete Ordinate with Two Braincells        *
**************************************************
    
34x34-Bare-2g	2 group
S-6	 quad set, 	 mesh refinement: 8

iteration 	 keff 	 	 error 	 	 iteration 
1	 	0.63563471	 	-0.57323065	 	132
2	 	0.72407528	 	0.12214279	 	119
3	 	0.75373670	 	0.03935249	 	110
4	 	0.76555909	 	0.01544281	 	101
5	 	0.77058522	 	0.00652248	 	94
6	 	0.77278363	 	0.00284480	 	86
7	 	0.77375992	 	0.00126175	 	78
8	 	0.77419764	 	0.00056539	 	71
9	 	0.77439509	 	0.00025497	 	63

**************************************************
*         .-~*~~~*~-.                           *
*        .-~~~~~~~~~-.                           *
*       /  X       X  \                          *
*      |    .-----.    |                         *
*       \  '_______'  /                          *
*        `-.........-'                           *
* *  ____   ___  ____ ____                       *
*   |  _ \ / _ \_   _| __ )                      *
*   | | | | | | || | |  _ \                      *
*   | |_| | |_| || | | |_) |                     *
*   |____/ \___/ |_| |____/                      *
* *
*   Discrete Ordinate with Two Braincells        *
**************************************************
    
34x34-Bare-2g	2 group
S-16	 quad set, 	 mesh refinement: 8

iteration 	 keff 	 	 error 	 	 iteration 
1	 	0.63407940	 	-0.57708956	 	132
2	 	0.72253840	 	0.12242810	 	119
3	 	0.75230397	 	0.03956588	 	110
4	 	0.76412566	 	0.01547087	 	101
5	 	0.76913156	 	0.00650850	 	93
6	 	0.77131217	 	0.00282715	 	86
7	 	0.77227632	 	0.00124844	 	78
8	 	0.77270657	 	0.00055681	 	70
9	 	0.77289989	 	0.00025013	 	63
10	 	0.77298711	 	0.00011283	 	55
11	 	0.77302674	 	0.00005126	 	48
12	 	0.77304481	 	0.00002338	 	41
13	 	0.77305318	 	0.00001082	 	35
14	 	0.77305701	 	0.00000496	 	28
15	 	0.77305889	 	0.00000243	 	23
16	 	0.77305980	 	0.00000118	 	18
17	 	0.77306024	 	0.00000057	 	13
34x34-Bare-2g  refinement = 8 S-16 keff= 0.77306024
flux distribution is saved in the flux_34x34-Bare-2g.m and .py file script
--- End of calculation ---


**************************************************
*         .-~*~~~*~-.                           *
*        .-~~~~~~~~~-.                           *
*       /  X       X  \                          *
*      |    .-----.    |                         *
*       \  '_______'  /                          *
*        `-.........-'                           *
* *  ____   ___  ____ ____                       *
*   |  _ \ / _ \_   _| __ )                      *
*   | | | | | | || | |  _ \                      *
*   | |_| | |_| || | | |_) |                     *
*   |____/ \___/ |_| |____/                      *
* *
*   Discrete Ordinate with Two Braincells        *
**************************************************
    
34x34-Bare-2g	2 group
S-16	 quad set, 	 mesh refinement: 16

iteration 	 keff 	 	 error 	 	 iteration 
1	 	0.55389246	 	-0.80540459	 	20
2	 	0.68029976	 	0.18581117	 	20
3	 	0.73275856	 	0.07159083	 	20
4	 	0.75467507	 	0.02904099	 	20
5	 	0.76445237	 	0.01278994	 	20
6	 	0.76897402	 	0.00588010	 	20
7	 	0.77110349	 	0.00276159	 	20
8	 	0.77211653	 	0.00131203	 	20
9	 	0.77260162	 	0.00062786	 	20
10	 	0.77283505	 	0.00030204	 	20
11	 	0.77294786	 	0.00014595	 	20
12	 	0.77300260	 	0.00007082	 	20
13	 	0.77302928	 	0.00003451	 	20
14	 	0.77304233	 	0.00001688	 	20
15	 	0.77304874	 	0.00000830	 	20
16	 	0.77305191	 	0.00000410	 	20
17	 	0.77305348	 	0.00000203	 	20
18	 	0.77305413	 	0.00000084	 	15
34x34-Bare-2g  refinement = 16 S-16 keff= 0.77305413
flux distribution is saved in the flux_34x34-Bare-2g.m and .py file script
--- End of calculation ---

