
%********************************************************
%*                 .-~*~~~*~-.                          *
%*                .-~~~~~~~~~-.                         *
%*               /  X       X  \                        *
%*              |    .-----.    |                       *
%*               \  '_______'  /                        *
%*                `-.........-'                         *
%* *          ____   ___  ____ ____                     *
%*           |  _ \ / _ \_   _| __ )                    *
%*           | | | | | | || | |  _ \                    *
%*           | |_| | |_| || | | |_) |                   *
%*           |____/ \___/ |_| |____/                    *
%********************************************************
%*      Discrete Ordinate with Two Braincells           *
%********************************************************
    
msr3x3-cart	2 group
XS file: msr3x3-2g.xs
Calculation Start Time Fri Nov  7 12:11:44 2025
S-16	 quad set, 	 mesh refinement: 8

outer 	 	 keff 	 	 	error 	 	 	inner 
1	 	1.08987567	 	0.08246415	 	21
2	 	1.18822746	 	0.08277186	 	21
3	 	1.24346037	 	0.04441871	 	21
4	 	1.27139082	 	0.02196842	 	21
5	 	1.28209065	 	0.00834562	 	21
6	 	1.28201002	 	-0.00006290	 	21
7	 	1.27527127	 	-0.00528416	 	21
8	 	1.26450419	 	-0.00851487	 	21
9	 	1.25138304	 	-0.01048531	 	21
10	 	1.23697078	 	-0.01165126	 	21
11	 	1.22194013	 	-0.01230064	 	21
12	 	1.20671371	 	-0.01261809	 	21
13	 	1.19155534	 	-0.01272150	 	21
14	 	1.17662672	 	-0.01268764	 	21
15	 	1.16202506	 	-0.01256570	 	21
16	 	1.14780624	 	-0.01238782	 	21
17	 	1.13400003	 	-0.01217479	 	21
18	 	1.12061975	 	-0.01194008	 	21
19	 	1.10766822	 	-0.01169261	 	21
20	 	1.09514206	 	-0.01143793	 	21
21	 	1.08303367	 	-0.01118007	 	21
22	 	1.07133346	 	-0.01092117	 	21
23	 	1.06003015	 	-0.01066320	 	21

%********************************************************
%*                 .-~*~~~*~-.                          *
%*                .-~~~~~~~~~-.                         *
%*               /  X       X  \                        *
%*              |    .-----.    |                       *
%*               \  '_______'  /                        *
%*                `-.........-'                         *
%* *          ____   ___  ____ ____                     *
%*           |  _ \ / _ \_   _| __ )                    *
%*           | | | | | | || | |  _ \                    *
%*           | |_| | |_| || | | |_) |                   *
%*           |____/ \___/ |_| |____/                    *
%********************************************************
%*      Discrete Ordinate with Two Braincells           *
%********************************************************
    
msr3x3-cart	2 group
XS file: msr3x3-2g.xs
Calculation Start Time Fri Nov  7 12:14:03 2025
S-16	 quad set, 	 mesh refinement: 8

outer 	 	 keff 	 	 	error 	 	 	inner 
1	 	1.05064927	 	0.04820759	 	501
2	 	0.87612221	 	-0.19920401	 	501
3	 	0.80035797	 	-0.09466295	 	501
4	 	0.76746992	 	-0.04285256	 	501
5	 	0.75319375	 	-0.01895419	 	501
6	 	0.74699668	 	-0.00829597	 	501
7	 	0.74484421	 	-0.00288983	 	362
50	 	0.74466443	 	-0.00000542	 	1
100	 	0.74447095	 	-0.00000499	 	1
150	 	0.74429293	 	-0.00000459	 	1
200	 	0.74412914	 	-0.00000423	 	1
250	 	0.74397844	 	-0.00000389	 	1
300	 	0.74383977	 	-0.00000358	 	1
350	 	0.74371219	 	-0.00000329	 	1
400	 	0.74359481	 	-0.00000303	 	1
450	 	0.74348680	 	-0.00000279	 	1
500	 	0.74338743	 	-0.00000257	 	1
550	 	0.74329599	 	-0.00000236	 	1
600	 	0.74321187	 	-0.00000217	 	1
650	 	0.74313446	 	-0.00000200	 	1
700	 	0.74306324	 	-0.00000184	 	1
750	 	0.74299772	 	-0.00000169	 	1
800	 	0.74293742	 	-0.00000156	 	1
850	 	0.74288195	 	-0.00000143	 	1
900	 	0.74283091	 	-0.00000132	 	1
950	 	0.74278395	 	-0.00000121	 	1
1000	 	0.74274074	 	-0.00000112	 	1
1050	 	0.74270098	 	-0.00000103	 	1
1067	 	0.74268820	 	-0.00000100	 	1
msr3x3-cart  refinement = 8 S-16 keff= 0.74268820
time for calculation: 1755.15312930 s
--- End of calculation ---


%********************************************************
%*                 .-~*~~~*~-.                          *
%*                .-~~~~~~~~~-.                         *
%*               /  X       X  \                        *
%*              |    .-----.    |                       *
%*               \  '_______'  /                        *
%*                `-.........-'                         *
%* *          ____   ___  ____ ____                     *
%*           |  _ \ / _ \_   _| __ )                    *
%*           | | | | | | || | |  _ \                    *
%*           | |_| | |_| || | | |_) |                   *
%*           |____/ \___/ |_| |____/                    *
%********************************************************
%*      Discrete Ordinate with Two Braincells           *
%********************************************************
    
msr3x3-cart	2 group
XS file: msr3x3-2g.xs
Calculation Start Time Fri Nov  7 12:56:58 2025
S-2	 quad set, 	 mesh refinement: 8

outer 	 	 keff 	 	 	error 	 	 	inner 
1	 	1.04383049	 	0.04199004	 	501
2	 	0.87347311	 	-0.19503448	 	501
3	 	0.79880188	 	-0.09347905	 	501
4	 	0.76607426	 	-0.04272120	 	501
5	 	0.75173009	 	-0.01908155	 	501
6	 	0.74544318	 	-0.00843379	 	501
7	 	0.74316168	 	-0.00307000	 	380
50	 	0.74298233	 	-0.00000542	 	1
100	 	0.74278914	 	-0.00000499	 	1
150	 	0.74261121	 	-0.00000460	 	1
200	 	0.74244735	 	-0.00000424	 	1
250	 	0.74229643	 	-0.00000390	 	1
300	 	0.74215744	 	-0.00000360	 	1
350	 	0.74202944	 	-0.00000331	 	1
400	 	0.74191155	 	-0.00000305	 	1
450	 	0.74180297	 	-0.00000281	 	1
500	 	0.74170298	 	-0.00000259	 	1
550	 	0.74161089	 	-0.00000238	 	1
600	 	0.74152608	 	-0.00000220	 	1
650	 	0.74144796	 	-0.00000202	 	1
700	 	0.74137603	 	-0.00000186	 	1
750	 	0.74130977	 	-0.00000172	 	1
800	 	0.74124875	 	-0.00000158	 	1
850	 	0.74119256	 	-0.00000146	 	1
900	 	0.74114080	 	-0.00000134	 	1
950	 	0.74109314	 	-0.00000124	 	1
1000	 	0.74104924	 	-0.00000114	 	1
1050	 	0.74100881	 	-0.00000105	 	1
1079	 	0.74098684	 	-0.00000100	 	1
msr3x3-cart  refinement = 8 S-2 keff= 0.74098684
time for calculation: 49.40870190 s
--- End of calculation ---


%********************************************************
%*                 .-~*~~~*~-.                          *
%*                .-~~~~~~~~~-.                         *
%*               /  X       X  \                        *
%*              |    .-----.    |                       *
%*               \  '_______'  /                        *
%*                `-.........-'                         *
%* *          ____   ___  ____ ____                     *
%*           |  _ \ / _ \_   _| __ )                    *
%*           | | | | | | || | |  _ \                    *
%*           | |_| | |_| || | | |_) |                   *
%*           |____/ \___/ |_| |____/                    *
%********************************************************
%*      Discrete Ordinate with Two Braincells           *
%********************************************************
    
msr3x3-cart	2 group
XS file: msr3x3-2g.xs
Calculation Start Time Fri Nov  7 12:58:16 2025
S-4	 quad set, 	 mesh refinement: 8

outer 	 	 keff 	 	 	error 	 	 	inner 
1	 	1.05132909	 	0.04882305	 	501
2	 	0.87697610	 	-0.19881156	 	501
3	 	0.80122286	 	-0.09454702	 	501
4	 	0.76831141	 	-0.04283609	 	501
5	 	0.75401283	 	-0.01896330	 	501
6	 	0.74780076	 	-0.00830712	 	501
7	 	0.74563276	 	-0.00290761	 	364
50	 	0.74545294	 	-0.00000542	 	1
100	 	0.74525940	 	-0.00000498	 	1
150	 	0.74508131	 	-0.00000459	 	1
200	 	0.74491743	 	-0.00000422	 	1
250	 	0.74476664	 	-0.00000389	 	1
300	 	0.74462789	 	-0.00000358	 	1
350	 	0.74450022	 	-0.00000329	 	1
400	 	0.74438273	 	-0.00000303	 	1
450	 	0.74427463	 	-0.00000279	 	1
500	 	0.74417516	 	-0.00000257	 	1
550	 	0.74408362	 	-0.00000236	 	1
600	 	0.74399940	 	-0.00000217	 	1
650	 	0.74392190	 	-0.00000200	 	1
700	 	0.74385058	 	-0.00000184	 	1
750	 	0.74378496	 	-0.00000169	 	1
800	 	0.74372458	 	-0.00000156	 	1
850	 	0.74366902	 	-0.00000143	 	1
900	 	0.74361789	 	-0.00000132	 	1
950	 	0.74357085	 	-0.00000121	 	1
1000	 	0.74352756	 	-0.00000112	 	1
1050	 	0.74348773	 	-0.00000103	 	1
1067	 	0.74347492	 	-0.00000100	 	1
msr3x3-cart  refinement = 8 S-4 keff= 0.74347492
time for calculation: 111.53491420 s
--- End of calculation ---


%********************************************************
%*                 .-~*~~~*~-.                          *
%*                .-~~~~~~~~~-.                         *
%*               /  X       X  \                        *
%*              |    .-----.    |                       *
%*               \  '_______'  /                        *
%*                `-.........-'                         *
%* *          ____   ___  ____ ____                     *
%*           |  _ \ / _ \_   _| __ )                    *
%*           | | | | | | || | |  _ \                    *
%*           | |_| | |_| || | | |_) |                   *
%*           |____/ \___/ |_| |____/                    *
%********************************************************
%*      Discrete Ordinate with Two Braincells           *
%********************************************************
    
msr3x3-cart	2 group
XS file: msr3x3-2g.xs
Calculation Start Time Fri Nov  7 13:21:28 2025
S-6	 quad set, 	 mesh refinement: 8

outer 	 	 keff 	 	 	error 	 	 	inner 
1	 	1.05070906	 	0.04826175	 	501
2	 	0.87631227	 	-0.19901214	 	501
3	 	0.80057103	 	-0.09460903	 	501
4	 	0.76767837	 	-0.04284692	 	501
5	 	0.75339385	 	-0.01896023	 	501
6	 	0.74719041	 	-0.00830235	 	501
7	 	0.74503054	 	-0.00289904	 	363
50	 	0.74485077	 	-0.00000542	 	1
100	 	0.74465729	 	-0.00000499	 	1
150	 	0.74447926	 	-0.00000459	 	1
200	 	0.74431545	 	-0.00000422	 	1
250	 	0.74416473	 	-0.00000389	 	1
300	 	0.74402604	 	-0.00000358	 	1
350	 	0.74389843	 	-0.00000329	 	1
400	 	0.74378102	 	-0.00000303	 	1
450	 	0.74367298	 	-0.00000279	 	1
500	 	0.74357357	 	-0.00000257	 	1
550	 	0.74348210	 	-0.00000236	 	1
600	 	0.74339793	 	-0.00000217	 	1
650	 	0.74332049	 	-0.00000200	 	1
700	 	0.74324924	 	-0.00000184	 	1
750	 	0.74318367	 	-0.00000169	 	1
800	 	0.74312334	 	-0.00000156	 	1
850	 	0.74306783	 	-0.00000143	 	1
900	 	0.74301676	 	-0.00000132	 	1
950	 	0.74296976	 	-0.00000121	 	1
1000	 	0.74292652	 	-0.00000112	 	1
1050	 	0.74288673	 	-0.00000103	 	1
1067	 	0.74287394	 	-0.00000100	 	1
msr3x3-cart  refinement = 8 S-6 keff= 0.74287394
time for calculation: 202.84322550 s
--- End of calculation ---


%********************************************************
%*                 .-~*~~~*~-.                          *
%*                .-~~~~~~~~~-.                         *
%*               /  X       X  \                        *
%*              |    .-----.    |                       *
%*               \  '_______'  /                        *
%*                `-.........-'                         *
%* *          ____   ___  ____ ____                     *
%*           |  _ \ / _ \_   _| __ )                    *
%*           | | | | | | || | |  _ \                    *
%*           | |_| | |_| || | | |_) |                   *
%*           |____/ \___/ |_| |____/                    *
%********************************************************
%*      Discrete Ordinate with Two Braincells           *
%********************************************************
    
msr3x3-cart	2 group
XS file: msr3x3-2g.xs
Calculation Start Time Fri Nov  7 13:30:29 2025
S-8	 quad set, 	 mesh refinement: 8

outer 	 	 keff 	 	 	error 	 	 	inner 
1	 	1.05075809	 	0.04830616	 	501
2	 	0.87626918	 	-0.19912706	 	501
3	 	0.80050880	 	-0.09464029	 	501
4	 	0.76761690	 	-0.04284936	 	501
5	 	0.75333665	 	-0.01895600	 	501
6	 	0.74713678	 	-0.00829818	 	501
7	 	0.74498301	 	-0.00289103	 	362
50	 	0.74480311	 	-0.00000542	 	1
100	 	0.74460950	 	-0.00000499	 	1
150	 	0.74443135	 	-0.00000459	 	1
200	 	0.74426744	 	-0.00000423	 	1
250	 	0.74411662	 	-0.00000389	 	1
300	 	0.74397785	 	-0.00000358	 	1
350	 	0.74385017	 	-0.00000329	 	1
400	 	0.74373269	 	-0.00000303	 	1
450	 	0.74362460	 	-0.00000279	 	1
500	 	0.74352514	 	-0.00000257	 	1
550	 	0.74343363	 	-0.00000236	 	1
600	 	0.74334943	 	-0.00000217	 	1
650	 	0.74327196	 	-0.00000200	 	1
700	 	0.74320068	 	-0.00000184	 	1
750	 	0.74313509	 	-0.00000169	 	1
800	 	0.74307474	 	-0.00000156	 	1
850	 	0.74301922	 	-0.00000143	 	1
900	 	0.74296813	 	-0.00000132	 	1
950	 	0.74292112	 	-0.00000121	 	1
1000	 	0.74287787	 	-0.00000112	 	1
1050	 	0.74283807	 	-0.00000103	 	1
1067	 	0.74282528	 	-0.00000100	 	1
msr3x3-cart  refinement = 8 S-8 keff= 0.74282528
time for calculation: 349.53045360 s
--- End of calculation ---


%********************************************************
%*                 .-~*~~~*~-.                          *
%*                .-~~~~~~~~~-.                         *
%*               /  X       X  \                        *
%*              |    .-----.    |                       *
%*               \  '_______'  /                        *
%*                `-.........-'                         *
%* *          ____   ___  ____ ____                     *
%*           |  _ \ / _ \_   _| __ )                    *
%*           | | | | | | || | |  _ \                    *
%*           | |_| | |_| || | | |_) |                   *
%*           |____/ \___/ |_| |____/                    *
%********************************************************
%*      Discrete Ordinate with Two Braincells           *
%********************************************************
    
msr3x3-cart	2 group
XS file: msr3x3-2g.xs
Calculation Start Time Fri Nov  7 13:39:37 2025
S-12	 quad set, 	 mesh refinement: 8

outer 	 	 keff 	 	 	error 	 	 	inner 
1	 	1.05067790	 	0.04823353	 	501
2	 	0.87616269	 	-0.19918129	 	501
3	 	0.80039975	 	-0.09465638	 	501
4	 	0.76751061	 	-0.04285171	 	501
5	 	0.75323323	 	-0.01895479	 	501
6	 	0.74703533	 	-0.00829666	 	501
7	 	0.74488248	 	-0.00289020	 	362
50	 	0.74470266	 	-0.00000542	 	1
100	 	0.74450914	 	-0.00000499	 	1
150	 	0.74433108	 	-0.00000459	 	1
200	 	0.74416725	 	-0.00000423	 	1
250	 	0.74401652	 	-0.00000389	 	1
300	 	0.74387782	 	-0.00000358	 	1
350	 	0.74375021	 	-0.00000329	 	1
400	 	0.74363280	 	-0.00000303	 	1
450	 	0.74352477	 	-0.00000279	 	1
500	 	0.74342537	 	-0.00000257	 	1
550	 	0.74333391	 	-0.00000236	 	1
600	 	0.74324976	 	-0.00000217	 	1
650	 	0.74317234	 	-0.00000200	 	1
700	 	0.74310110	 	-0.00000184	 	1
750	 	0.74303555	 	-0.00000169	 	1
800	 	0.74297525	 	-0.00000156	 	1
850	 	0.74291976	 	-0.00000143	 	1
900	 	0.74286870	 	-0.00000132	 	1
950	 	0.74282173	 	-0.00000121	 	1
1000	 	0.74277851	 	-0.00000112	 	1
1050	 	0.74273874	 	-0.00000103	 	1
1067	 	0.74272595	 	-0.00000100	 	1
msr3x3-cart  refinement = 8 S-12 keff= 0.74272595
time for calculation: 730.19353120 s
--- End of calculation ---


%********************************************************
%*                 .-~*~~~*~-.                          *
%*                .-~~~~~~~~~-.                         *
%*               /  X       X  \                        *
%*              |    .-----.    |                       *
%*               \  '_______'  /                        *
%*                `-.........-'                         *
%* *          ____   ___  ____ ____                     *
%*           |  _ \ / _ \_   _| __ )                    *
%*           | | | | | | || | |  _ \                    *
%*           | |_| | |_| || | | |_) |                   *
%*           |____/ \___/ |_| |____/                    *
%********************************************************
%*      Discrete Ordinate with Two Braincells           *
%********************************************************
    
msr3x3-cart	2 group
XS file: msr3x3-2g.xs
Calculation Start Time Fri Nov  7 14:16:37 2025
S-16	 quad set, 	 mesh refinement: 8

outer 	 	 keff 	 	 	error 	 	 	inner 
1	 	1.05064927	 	0.04820759	 	501
2	 	0.87612221	 	-0.19920401	 	501
3	 	0.80035797	 	-0.09466295	 	501
4	 	0.76746992	 	-0.04285256	 	501
5	 	0.75319375	 	-0.01895419	 	501
6	 	0.74699668	 	-0.00829597	 	501
7	 	0.74484421	 	-0.00288983	 	362
50	 	0.74466443	 	-0.00000542	 	1
100	 	0.74447095	 	-0.00000499	 	1
150	 	0.74429293	 	-0.00000459	 	1
200	 	0.74412914	 	-0.00000423	 	1
250	 	0.74397844	 	-0.00000389	 	1
300	 	0.74383977	 	-0.00000358	 	1
350	 	0.74371219	 	-0.00000329	 	1
400	 	0.74359481	 	-0.00000303	 	1
450	 	0.74348680	 	-0.00000279	 	1
500	 	0.74338743	 	-0.00000257	 	1
550	 	0.74329599	 	-0.00000236	 	1
600	 	0.74321187	 	-0.00000217	 	1
650	 	0.74313446	 	-0.00000200	 	1
700	 	0.74306324	 	-0.00000184	 	1
750	 	0.74299772	 	-0.00000169	 	1
800	 	0.74293742	 	-0.00000156	 	1
850	 	0.74288195	 	-0.00000143	 	1
900	 	0.74283091	 	-0.00000132	 	1
950	 	0.74278395	 	-0.00000121	 	1
1000	 	0.74274074	 	-0.00000112	 	1
1050	 	0.74270098	 	-0.00000103	 	1
1067	 	0.74268820	 	-0.00000100	 	1
msr3x3-cart  refinement = 8 S-16 keff= 0.74268820
time for calculation: 1129.22222810 s
--- End of calculation ---

