
%********************************************************
%*                 .-~*~~~*~-.                          *
%*                .-~~~~~~~~~-.                         *
%*               /  X       X  \                        *
%*              |    .-----.    |                       *
%*               \  '_______'  /                        *
%*                `-.........-'                         *
%* *          ____   ___  ____ ____                     *
%*           |  _ \ / _ \_   _| __ )                    *
%*           | | | | | | || | |  _ \                    *
%*           | |_| | |_| || | | |_) |                   *
%*           |____/ \___/ |_| |____/                    *
%********************************************************
%*      Discrete Ordinate with Two Braincells           *
%********************************************************
    
mini3x3-pin-cart	2 group
XS file: mini3x3-largepins-2g.xs
Calculation Start Time Tue Nov  4 11:19:27 2025
S-12	 quad set, 	 mesh refinement: 16

outer 	 	 keff 	 	 	error 	 	 	inner 
1	 	0.32415232	 	-2.08496941	 	20
2	 	0.39661438	 	0.18270154	 	20
3	 	0.41619489	 	0.04704650	 	20
4	 	0.42147787	 	0.01253443	 	20
5	 	0.42290345	 	0.00337093	 	20
6	 	0.42328806	 	0.00090862	 	20
7	 	0.42339177	 	0.00024496	 	20
8	 	0.42341975	 	0.00006607	 	20
9	 	0.42342508	 	0.00001259	 	11
10	 	0.42342620	 	0.00000264	 	4
11	 	0.42342753	 	0.00000314	 	6
12	 	0.42342769	 	0.00000037	 	1
mini3x3-pin-cart  refinement = 16 S-12 keff= 0.42342769
time for calculation: 7.14513200 s
--- End of calculation ---


%********************************************************
%*                 .-~*~~~*~-.                          *
%*                .-~~~~~~~~~-.                         *
%*               /  X       X  \                        *
%*              |    .-----.    |                       *
%*               \  '_______'  /                        *
%*                `-.........-'                         *
%* *          ____   ___  ____ ____                     *
%*           |  _ \ / _ \_   _| __ )                    *
%*           | | | | | | || | |  _ \                    *
%*           | |_| | |_| || | | |_) |                   *
%*           |____/ \___/ |_| |____/                    *
%********************************************************
%*      Discrete Ordinate with Two Braincells           *
%********************************************************
    
mini3x3-pin-cart	2 group
XS file: mini3x3-largepins-2g.xs
Calculation Start Time Tue Nov  4 11:20:01 2025
S-12	 quad set, 	 mesh refinement: 16

outer 	 	 keff 	 	 	error 	 	 	inner 
1	 	0.56425178	 	-0.77225848	 	20
2	 	0.64289116	 	0.12232145	 	20
3	 	0.70476389	 	0.08779215	 	20
4	 	0.73425172	 	0.04016039	 	20
5	 	0.74654535	 	0.01646736	 	20
6	 	0.75140386	 	0.00646591	 	20
7	 	0.75327736	 	0.00248713	 	20
8	 	0.75399137	 	0.00094697	 	20
9	 	0.75426217	 	0.00035903	 	20
10	 	0.75436457	 	0.00013574	 	20
11	 	0.75438019	 	0.00002070	 	6
12	 	0.75438249	 	0.00000305	 	1
13	 	0.75438475	 	0.00000299	 	1
14	 	0.75438681	 	0.00000273	 	1
15	 	0.75438860	 	0.00000238	 	1
16	 	0.75439024	 	0.00000216	 	1
17	 	0.75439184	 	0.00000213	 	1
18	 	0.75439348	 	0.00000217	 	1
19	 	0.75439510	 	0.00000214	 	1
20	 	0.75439662	 	0.00000202	 	1
21	 	0.75439807	 	0.00000192	 	1
22	 	0.75439951	 	0.00000192	 	1
23	 	0.75440093	 	0.00000188	 	1
24	 	0.75440223	 	0.00000172	 	1
25	 	0.75440334	 	0.00000148	 	1
26	 	0.75440430	 	0.00000127	 	1
27	 	0.75440522	 	0.00000121	 	1
28	 	0.75440617	 	0.00000126	 	1
29	 	0.75440714	 	0.00000129	 	1
30	 	0.75440809	 	0.00000126	 	1
31	 	0.75440902	 	0.00000122	 	1
32	 	0.75440991	 	0.00000119	 	1
33	 	0.75441081	 	0.00000119	 	1
34	 	0.75441168	 	0.00000115	 	1
35	 	0.75441242	 	0.00000098	 	1
mini3x3-pin-cart  refinement = 16 S-12 keff= 0.75441242
time for calculation: 9.04294780 s
--- End of calculation ---


%********************************************************
%*                 .-~*~~~*~-.                          *
%*                .-~~~~~~~~~-.                         *
%*               /  X       X  \                        *
%*              |    .-----.    |                       *
%*               \  '_______'  /                        *
%*                `-.........-'                         *
%* *          ____   ___  ____ ____                     *
%*           |  _ \ / _ \_   _| __ )                    *
%*           | | | | | | || | |  _ \                    *
%*           | |_| | |_| || | | |_) |                   *
%*           |____/ \___/ |_| |____/                    *
%********************************************************
%*      Discrete Ordinate with Two Braincells           *
%********************************************************
    
mini3x3-pin-cart	2 group
XS file: mini3x3-largepins-2g.xs
Calculation Start Time Tue Nov  4 11:21:13 2025
S-16	 quad set, 	 mesh refinement: 32

outer 	 	 keff 	 	 	error 	 	 	inner 
1	 	0.56403187	 	-0.77294945	 	20
2	 	0.64265991	 	0.12234781	 	20
3	 	0.70451323	 	0.08779583	 	20
4	 	0.73399443	 	0.04016543	 	20
5	 	0.74628704	 	0.01647168	 	20
6	 	0.75114561	 	0.00646821	 	20
7	 	0.75301961	 	0.00248865	 	20
8	 	0.75373410	 	0.00094794	 	20
9	 	0.75400471	 	0.00035889	 	20
10	 	0.75410691	 	0.00013553	 	20
11	 	0.75414552	 	0.00005120	 	20
12	 	0.75415923	 	0.00001818	 	18
13	 	0.75416267	 	0.00000456	 	9
14	 	0.75416292	 	0.00000033	 	1
mini3x3-pin-cart  refinement = 32 S-16 keff= 0.75416292
time for calculation: 65.90264580 s
--- End of calculation ---


%********************************************************
%*                 .-~*~~~*~-.                          *
%*                .-~~~~~~~~~-.                         *
%*               /  X       X  \                        *
%*              |    .-----.    |                       *
%*               \  '_______'  /                        *
%*                `-.........-'                         *
%* *          ____   ___  ____ ____                     *
%*           |  _ \ / _ \_   _| __ )                    *
%*           | | | | | | || | |  _ \                    *
%*           | |_| | |_| || | | |_) |                   *
%*           |____/ \___/ |_| |____/                    *
%********************************************************
%*      Discrete Ordinate with Two Braincells           *
%********************************************************
    
mini3x3-pin-cart	2 group
XS file: mini3x3-largepins-2g.xs
Calculation Start Time Tue Nov  4 11:29:20 2025
S-16	 quad set, 	 mesh refinement: 2

outer 	 	 keff 	 	 	error 	 	 	inner 
1	 	0.57135283	 	-0.75023200	 	20
2	 	0.76976233	 	0.25775424	 	20
3	 	0.84099350	 	0.08469884	 	20
4	 	0.86527333	 	0.02806030	 	20
5	 	0.87353266	 	0.00945510	 	20
6	 	0.87634163	 	0.00320533	 	20
7	 	0.87729756	 	0.00108963	 	20
8	 	0.87762258	 	0.00037034	 	20
9	 	0.87773275	 	0.00012552	 	20
10	 	0.87776724	 	0.00003929	 	17
11	 	0.87776850	 	0.00000143	 	1
12	 	0.87776973	 	0.00000141	 	1
13	 	0.87777084	 	0.00000126	 	1
14	 	0.87777178	 	0.00000107	 	1
15	 	0.87777267	 	0.00000102	 	1
16	 	0.87777365	 	0.00000111	 	1
17	 	0.87777461	 	0.00000110	 	1
18	 	0.87777540	 	0.00000089	 	1
mini3x3-pin-cart  refinement = 2 S-16 keff= 0.87777540
time for calculation: 5.67380970 s
--- End of calculation ---


%********************************************************
%*                 .-~*~~~*~-.                          *
%*                .-~~~~~~~~~-.                         *
%*               /  X       X  \                        *
%*              |    .-----.    |                       *
%*               \  '_______'  /                        *
%*                `-.........-'                         *
%* *          ____   ___  ____ ____                     *
%*           |  _ \ / _ \_   _| __ )                    *
%*           | | | | | | || | |  _ \                    *
%*           | |_| | |_| || | | |_) |                   *
%*           |____/ \___/ |_| |____/                    *
%********************************************************
%*      Discrete Ordinate with Two Braincells           *
%********************************************************
    
mini3x3-pin-cart	2 group
XS file: mini3x3-largepins-2g.xs
Calculation Start Time Tue Nov  4 11:29:42 2025
S-16	 quad set, 	 mesh refinement: 4

outer 	 	 keff 	 	 	error 	 	 	inner 
1	 	0.57134841	 	-0.75024554	 	20
2	 	0.76976544	 	0.25776298	 	20
3	 	0.84099978	 	0.08470197	 	20
4	 	0.86528195	 	0.02806272	 	20
5	 	0.87354179	 	0.00945558	 	20
6	 	0.87635111	 	0.00320570	 	20
7	 	0.87730656	 	0.00108908	 	20
8	 	0.87763171	 	0.00037048	 	20
9	 	0.87774213	 	0.00012580	 	20
10	 	0.87777990	 	0.00004303	 	20
11	 	0.87779244	 	0.00001429	 	19
12	 	0.87779275	 	0.00000036	 	1
mini3x3-pin-cart  refinement = 4 S-16 keff= 0.87779275
time for calculation: 23.69922360 s
--- End of calculation ---


%********************************************************
%*                 .-~*~~~*~-.                          *
%*                .-~~~~~~~~~-.                         *
%*               /  X       X  \                        *
%*              |    .-----.    |                       *
%*               \  '_______'  /                        *
%*                `-.........-'                         *
%* *          ____   ___  ____ ____                     *
%*           |  _ \ / _ \_   _| __ )                    *
%*           | | | | | | || | |  _ \                    *
%*           | |_| | |_| || | | |_) |                   *
%*           |____/ \___/ |_| |____/                    *
%********************************************************
%*      Discrete Ordinate with Two Braincells           *
%********************************************************
    
mini3x3-pin-cart	2 group
XS file: mini3x3-largepins-2g.xs
Calculation Start Time Tue Nov  4 11:32:16 2025
S-16	 quad set, 	 mesh refinement: 4

outer 	 	 keff 	 	 	error 	 	 	inner 
1	 	0.57135046	 	-0.75023926	 	20
2	 	0.76976839	 	0.25776316	 	20
3	 	0.84100292	 	0.08470188	 	20
4	 	0.86528491	 	0.02806242	 	20
5	 	0.87354494	 	0.00945576	 	20
6	 	0.87635435	 	0.00320580	 	20
7	 	0.87731003	 	0.00108932	 	20
8	 	0.87763508	 	0.00037038	 	20
9	 	0.87774559	 	0.00012589	 	20
10	 	0.87778307	 	0.00004270	 	20
11	 	0.87779588	 	0.00001460	 	20
12	 	0.87779915	 	0.00000372	 	12
13	 	0.87779943	 	0.00000032	 	2
mini3x3-pin-cart  refinement = 4 S-16 keff= 0.87779943
time for calculation: 44.69494410 s
--- End of calculation ---


%********************************************************
%*                 .-~*~~~*~-.                          *
%*                .-~~~~~~~~~-.                         *
%*               /  X       X  \                        *
%*              |    .-----.    |                       *
%*               \  '_______'  /                        *
%*                `-.........-'                         *
%* *          ____   ___  ____ ____                     *
%*           |  _ \ / _ \_   _| __ )                    *
%*           | | | | | | || | |  _ \                    *
%*           | |_| | |_| || | | |_) |                   *
%*           |____/ \___/ |_| |____/                    *
%********************************************************
%*      Discrete Ordinate with Two Braincells           *
%********************************************************
    
mini3x3-pin-cart	2 group
XS file: mini3x3-largepins-2g.xs
Calculation Start Time Tue Nov  4 11:33:26 2025
S-16	 quad set, 	 mesh refinement: 2

outer 	 	 keff 	 	 	error 	 	 	inner 
1	 	0.57135960	 	-0.75021125	 	20
2	 	0.76977380	 	0.25775650	 	20
3	 	0.84100659	 	0.08469943	 	20
4	 	0.86528854	 	0.02806226	 	20
5	 	0.87354751	 	0.00945451	 	20
6	 	0.87635640	 	0.00320519	 	20
7	 	0.87731230	 	0.00108958	 	20
8	 	0.87763771	 	0.00037078	 	20
9	 	0.87774799	 	0.00012563	 	20
10	 	0.87778543	 	0.00004265	 	20
11	 	0.87779002	 	0.00000523	 	5
12	 	0.87779060	 	0.00000066	 	1
mini3x3-pin-cart  refinement = 2 S-16 keff= 0.87779060
time for calculation: 10.01876600 s
--- End of calculation ---


%********************************************************
%*                 .-~*~~~*~-.                          *
%*                .-~~~~~~~~~-.                         *
%*               /  X       X  \                        *
%*              |    .-----.    |                       *
%*               \  '_______'  /                        *
%*                `-.........-'                         *
%* *          ____   ___  ____ ____                     *
%*           |  _ \ / _ \_   _| __ )                    *
%*           | | | | | | || | |  _ \                    *
%*           | |_| | |_| || | | |_) |                   *
%*           |____/ \___/ |_| |____/                    *
%********************************************************
%*      Discrete Ordinate with Two Braincells           *
%********************************************************
    
mini3x3-pin-cart	2 group
XS file: mini3x3-largepins-2g.xs
Calculation Start Time Tue Nov  4 12:09:32 2025
S-2	 quad set, 	 mesh refinement: 4

outer 	 	 keff 	 	 	error 	 	 	inner 
1	 	0.55625158	 	-0.79774769	 	20
2	 	0.75710696	 	0.26529326	 	20
3	 	0.83230677	 	0.09035108	 	20
4	 	0.85910635	 	0.03119472	 	20
5	 	0.86863972	 	0.01097505	 	20
6	 	0.87203084	 	0.00388876	 	20
7	 	0.87323728	 	0.00138158	 	20
8	 	0.87366656	 	0.00049135	 	20
9	 	0.87381933	 	0.00017484	 	20
10	 	0.87387379	 	0.00006231	 	20
11	 	0.87389322	 	0.00002224	 	20
12	 	0.87389975	 	0.00000748	 	18
13	 	0.87390037	 	0.00000070	 	3
mini3x3-pin-cart  refinement = 4 S-2 keff= 0.87390037
time for calculation: 1.94419690 s
--- End of calculation ---


%********************************************************
%*                 .-~*~~~*~-.                          *
%*                .-~~~~~~~~~-.                         *
%*               /  X       X  \                        *
%*              |    .-----.    |                       *
%*               \  '_______'  /                        *
%*                `-.........-'                         *
%* *          ____   ___  ____ ____                     *
%*           |  _ \ / _ \_   _| __ )                    *
%*           | | | | | | || | |  _ \                    *
%*           | |_| | |_| || | | |_) |                   *
%*           |____/ \___/ |_| |____/                    *
%********************************************************
%*      Discrete Ordinate with Two Braincells           *
%********************************************************
    
mini3x3-pin-cart	2 group
XS file: mini3x3-largepins-2g.xs
Calculation Start Time Tue Nov  4 12:10:52 2025
S-4	 quad set, 	 mesh refinement: 4

outer 	 	 keff 	 	 	error 	 	 	inner 
1	 	0.57190005	 	-0.74855728	 	20
2	 	0.77027049	 	0.25753347	 	20
3	 	0.84142635	 	0.08456576	 	20
4	 	0.86570739	 	0.02804763	 	20
5	 	0.87397842	 	0.00946366	 	20
6	 	0.87679504	 	0.00321241	 	20
7	 	0.87775421	 	0.00109275	 	20
8	 	0.87808135	 	0.00037257	 	20
9	 	0.87819272	 	0.00012682	 	20
10	 	0.87823063	 	0.00004316	 	20
11	 	0.87824332	 	0.00001446	 	20
12	 	0.87824733	 	0.00000456	 	20
13	 	0.87824877	 	0.00000164	 	20
14	 	0.87824929	 	0.00000059	 	20
mini3x3-pin-cart  refinement = 4 S-4 keff= 0.87824929
time for calculation: 5.21737910 s
--- End of calculation ---


%********************************************************
%*                 .-~*~~~*~-.                          *
%*                .-~~~~~~~~~-.                         *
%*               /  X       X  \                        *
%*              |    .-----.    |                       *
%*               \  '_______'  /                        *
%*                `-.........-'                         *
%* *          ____   ___  ____ ____                     *
%*           |  _ \ / _ \_   _| __ )                    *
%*           | | | | | | || | |  _ \                    *
%*           | |_| | |_| || | | |_) |                   *
%*           |____/ \___/ |_| |____/                    *
%********************************************************
%*      Discrete Ordinate with Two Braincells           *
%********************************************************
    
mini3x3-pin-cart	2 group
XS file: mini3x3-largepins-2g.xs
Calculation Start Time Tue Nov  4 12:11:41 2025
S-6	 quad set, 	 mesh refinement: 4

outer 	 	 keff 	 	 	error 	 	 	inner 
1	 	0.57202060	 	-0.74818880	 	20
2	 	0.77051326	 	0.25761096	 	20
3	 	0.84175145	 	0.08463091	 	20
4	 	0.86605191	 	0.02805890	 	20
5	 	0.87432396	 	0.00946107	 	20
6	 	0.87714048	 	0.00321103	 	20
7	 	0.87809852	 	0.00109104	 	20
8	 	0.87842510	 	0.00037177	 	20
9	 	0.87853632	 	0.00012660	 	20
10	 	0.87857430	 	0.00004323	 	20
11	 	0.87858682	 	0.00001425	 	20
12	 	0.87859149	 	0.00000531	 	20
13	 	0.87859299	 	0.00000171	 	20
14	 	0.87859374	 	0.00000085	 	20
mini3x3-pin-cart  refinement = 4 S-6 keff= 0.87859374
time for calculation: 9.58147240 s
--- End of calculation ---


%********************************************************
%*                 .-~*~~~*~-.                          *
%*                .-~~~~~~~~~-.                         *
%*               /  X       X  \                        *
%*              |    .-----.    |                       *
%*               \  '_______'  /                        *
%*                `-.........-'                         *
%* *          ____   ___  ____ ____                     *
%*           |  _ \ / _ \_   _| __ )                    *
%*           | | | | | | || | |  _ \                    *
%*           | |_| | |_| || | | |_) |                   *
%*           |____/ \___/ |_| |____/                    *
%********************************************************
%*      Discrete Ordinate with Two Braincells           *
%********************************************************
    
mini3x3-pin-cart	2 group
XS file: mini3x3-largepins-2g.xs
Calculation Start Time Tue Nov  4 12:12:09 2025
S-8	 quad set, 	 mesh refinement: 4

outer 	 	 keff 	 	 	error 	 	 	inner 
1	 	0.57188330	 	-0.74860851	 	20
2	 	0.77037412	 	0.25765510	 	20
3	 	0.84161086	 	0.08464332	 	20
4	 	0.86590101	 	0.02805188	 	20
5	 	0.87416714	 	0.00945601	 	20
6	 	0.87697940	 	0.00320676	 	20
7	 	0.87793638	 	0.00109003	 	20
8	 	0.87826201	 	0.00037077	 	20
9	 	0.87837269	 	0.00012601	 	20
10	 	0.87841042	 	0.00004296	 	20
11	 	0.87842321	 	0.00001455	 	20
12	 	0.87842766	 	0.00000507	 	20
13	 	0.87842920	 	0.00000175	 	20
14	 	0.87842981	 	0.00000070	 	20
mini3x3-pin-cart  refinement = 4 S-8 keff= 0.87842981
time for calculation: 15.40310120 s
--- End of calculation ---


%********************************************************
%*                 .-~*~~~*~-.                          *
%*                .-~~~~~~~~~-.                         *
%*               /  X       X  \                        *
%*              |    .-----.    |                       *
%*               \  '_______'  /                        *
%*                `-.........-'                         *
%* *          ____   ___  ____ ____                     *
%*           |  _ \ / _ \_   _| __ )                    *
%*           | | | | | | || | |  _ \                    *
%*           | |_| | |_| || | | |_) |                   *
%*           |____/ \___/ |_| |____/                    *
%********************************************************
%*      Discrete Ordinate with Two Braincells           *
%********************************************************
    
mini3x3-pin-cart	2 group
XS file: mini3x3-largepins-2g.xs
Calculation Start Time Tue Nov  4 12:13:02 2025
S-16	 quad set, 	 mesh refinement: 4

outer 	 	 keff 	 	 	error 	 	 	inner 
1	 	0.57135046	 	-0.75023926	 	20
2	 	0.76976839	 	0.25776316	 	20
3	 	0.84100292	 	0.08470188	 	20
4	 	0.86528491	 	0.02806242	 	20
5	 	0.87354494	 	0.00945576	 	20
6	 	0.87635435	 	0.00320580	 	20
7	 	0.87731003	 	0.00108932	 	20
8	 	0.87763508	 	0.00037038	 	20
9	 	0.87774559	 	0.00012589	 	20
10	 	0.87778307	 	0.00004270	 	20
11	 	0.87779588	 	0.00001460	 	20
12	 	0.87779915	 	0.00000372	 	12
13	 	0.87779943	 	0.00000032	 	2
mini3x3-pin-cart  refinement = 4 S-16 keff= 0.87779943
time for calculation: 45.00511660 s
--- End of calculation ---


%********************************************************
%*                 .-~*~~~*~-.                          *
%*                .-~~~~~~~~~-.                         *
%*               /  X       X  \                        *
%*              |    .-----.    |                       *
%*               \  '_______'  /                        *
%*                `-.........-'                         *
%* *          ____   ___  ____ ____                     *
%*           |  _ \ / _ \_   _| __ )                    *
%*           | | | | | | || | |  _ \                    *
%*           | |_| | |_| || | | |_) |                   *
%*           |____/ \___/ |_| |____/                    *
%********************************************************
%*      Discrete Ordinate with Two Braincells           *
%********************************************************
    
mini3x3-pin-cart	2 group
XS file: mini3x3-largepins-2g.xs
Calculation Start Time Tue Nov  4 12:14:09 2025
S-12	 quad set, 	 mesh refinement: 4

outer 	 	 keff 	 	 	error 	 	 	inner 
1	 	0.57158565	 	-0.74951908	 	20
2	 	0.77005410	 	0.25773313	 	20
3	 	0.84130050	 	0.08468603	 	20
4	 	0.86558876	 	0.02805982	 	20
5	 	0.87385187	 	0.00945597	 	20
6	 	0.87666257	 	0.00320613	 	20
7	 	0.87761867	 	0.00108943	 	20
8	 	0.87794372	 	0.00037023	 	20
9	 	0.87805430	 	0.00012594	 	20
10	 	0.87809195	 	0.00004288	 	20
11	 	0.87810493	 	0.00001478	 	20
12	 	0.87810940	 	0.00000509	 	20
13	 	0.87811090	 	0.00000171	 	20
14	 	0.87811107	 	0.00000019	 	8
mini3x3-pin-cart  refinement = 4 S-12 keff= 0.87811107
time for calculation: 30.22705890 s
--- End of calculation ---


%********************************************************
%*                 .-~*~~~*~-.                          *
%*                .-~~~~~~~~~-.                         *
%*               /  X       X  \                        *
%*              |    .-----.    |                       *
%*               \  '_______'  /                        *
%*                `-.........-'                         *
%* *          ____   ___  ____ ____                     *
%*           |  _ \ / _ \_   _| __ )                    *
%*           | | | | | | || | |  _ \                    *
%*           | |_| | |_| || | | |_) |                   *
%*           |____/ \___/ |_| |____/                    *
%********************************************************
%*      Discrete Ordinate with Two Braincells           *
%********************************************************
    
mini3x3-pin-cart	2 group
XS file: mini3x3-largepins-2g.xs
Calculation Start Time Tue Nov  4 12:15:16 2025
S-16	 quad set, 	 mesh refinement: 4

outer 	 	 keff 	 	 	error 	 	 	inner 
1	 	0.57135046	 	-0.75023926	 	20
2	 	0.76976839	 	0.25776316	 	20
3	 	0.84100292	 	0.08470188	 	20
4	 	0.86528491	 	0.02806242	 	20
5	 	0.87354494	 	0.00945576	 	20
6	 	0.87635435	 	0.00320580	 	20
7	 	0.87731003	 	0.00108932	 	20
8	 	0.87763508	 	0.00037038	 	20
9	 	0.87774559	 	0.00012589	 	20
10	 	0.87778307	 	0.00004270	 	20
11	 	0.87779588	 	0.00001460	 	20
12	 	0.87779915	 	0.00000372	 	12
13	 	0.87779943	 	0.00000032	 	2
mini3x3-pin-cart  refinement = 4 S-16 keff= 0.87779943
time for calculation: 45.04938290 s
--- End of calculation ---


%********************************************************
%*                 .-~*~~~*~-.                          *
%*                .-~~~~~~~~~-.                         *
%*               /  X       X  \                        *
%*              |    .-----.    |                       *
%*               \  '_______'  /                        *
%*                `-.........-'                         *
%* *          ____   ___  ____ ____                     *
%*           |  _ \ / _ \_   _| __ )                    *
%*           | | | | | | || | |  _ \                    *
%*           | |_| | |_| || | | |_) |                   *
%*           |____/ \___/ |_| |____/                    *
%********************************************************
%*      Discrete Ordinate with Two Braincells           *
%********************************************************
    
mini3x3-pin-cart	2 group
XS file: mini3x3-largepins-2g.xs
Calculation Start Time Tue Nov  4 12:19:05 2025
S-16	 quad set, 	 mesh refinement: 4

outer 	 	 keff 	 	 	error 	 	 	inner 
1	 	0.57135046	 	-0.75023926	 	20
2	 	0.76976839	 	0.25776316	 	20
3	 	0.84100292	 	0.08470188	 	20
4	 	0.86528491	 	0.02806242	 	20
5	 	0.87354494	 	0.00945576	 	20
6	 	0.87635435	 	0.00320580	 	20
7	 	0.87731003	 	0.00108932	 	20
8	 	0.87763508	 	0.00037038	 	20
9	 	0.87774559	 	0.00012589	 	20
10	 	0.87778307	 	0.00004270	 	20
11	 	0.87779588	 	0.00001460	 	20
12	 	0.87779915	 	0.00000372	 	12
13	 	0.87779943	 	0.00000032	 	2
mini3x3-pin-cart  refinement = 4 S-16 keff= 0.87779943
time for calculation: 45.49488540 s
--- End of calculation ---


%********************************************************
%*                 .-~*~~~*~-.                          *
%*                .-~~~~~~~~~-.                         *
%*               /  X       X  \                        *
%*              |    .-----.    |                       *
%*               \  '_______'  /                        *
%*                `-.........-'                         *
%* *          ____   ___  ____ ____                     *
%*           |  _ \ / _ \_   _| __ )                    *
%*           | | | | | | || | |  _ \                    *
%*           | |_| | |_| || | | |_) |                   *
%*           |____/ \___/ |_| |____/                    *
%********************************************************
%*      Discrete Ordinate with Two Braincells           *
%********************************************************
    
mini3x3-pin-cart	2 group
XS file: mini3x3-largepins-2g.xs
Calculation Start Time Tue Nov  4 14:05:18 2025
S-16	 quad set, 	 mesh refinement: 4

outer 	 	 keff 	 	 	error 	 	 	inner 

%********************************************************
%*                 .-~*~~~*~-.                          *
%*                .-~~~~~~~~~-.                         *
%*               /  X       X  \                        *
%*              |    .-----.    |                       *
%*               \  '_______'  /                        *
%*                `-.........-'                         *
%* *          ____   ___  ____ ____                     *
%*           |  _ \ / _ \_   _| __ )                    *
%*           | | | | | | || | |  _ \                    *
%*           | |_| | |_| || | | |_) |                   *
%*           |____/ \___/ |_| |____/                    *
%********************************************************
%*      Discrete Ordinate with Two Braincells           *
%********************************************************
    
mini3x3-pin-cart	2 group
XS file: mini3x3-largepins-2g.xs
Calculation Start Time Tue Nov  4 14:15:03 2025
S-16	 quad set, 	 mesh refinement: 16

outer 	 	 keff 	 	 	error 	 	 	inner 

%********************************************************
%*                 .-~*~~~*~-.                          *
%*                .-~~~~~~~~~-.                         *
%*               /  X       X  \                        *
%*              |    .-----.    |                       *
%*               \  '_______'  /                        *
%*                `-.........-'                         *
%* *          ____   ___  ____ ____                     *
%*           |  _ \ / _ \_   _| __ )                    *
%*           | | | | | | || | |  _ \                    *
%*           | |_| | |_| || | | |_) |                   *
%*           |____/ \___/ |_| |____/                    *
%********************************************************
%*      Discrete Ordinate with Two Braincells           *
%********************************************************
    
mini3x3-pin-cart	2 group
XS file: mini3x3-largepins-2g.xs
Calculation Start Time Tue Nov  4 14:16:00 2025
S-16	 quad set, 	 mesh refinement: 8

outer 	 	 keff 	 	 	error 	 	 	inner 
1	 	0.87779525	 	-0.13921784	 	342
2	 	0.87779219	 	-0.00000348	 	44
3	 	0.87779297	 	0.00000089	 	7
mini3x3-pin-cart  refinement = 8 S-16 keff= 0.87779297
time for calculation: 77.03664440 s
--- End of calculation ---


%********************************************************
%*                 .-~*~~~*~-.                          *
%*                .-~~~~~~~~~-.                         *
%*               /  X       X  \                        *
%*              |    .-----.    |                       *
%*               \  '_______'  /                        *
%*                `-.........-'                         *
%* *          ____   ___  ____ ____                     *
%*           |  _ \ / _ \_   _| __ )                    *
%*           | | | | | | || | |  _ \                    *
%*           | |_| | |_| || | | |_) |                   *
%*           |____/ \___/ |_| |____/                    *
%********************************************************
%*      Discrete Ordinate with Two Braincells           *
%********************************************************
    
mini3x3-pin-cart	2 group
XS file: mini3x3-largepins-2g.xs
Calculation Start Time Fri Nov  7 11:46:51 2025
S-16	 quad set, 	 mesh refinement: 8

outer 	 	 keff 	 	 	error 	 	 	inner 

%********************************************************
%*                 .-~*~~~*~-.                          *
%*                .-~~~~~~~~~-.                         *
%*               /  X       X  \                        *
%*              |    .-----.    |                       *
%*               \  '_______'  /                        *
%*                `-.........-'                         *
%* *          ____   ___  ____ ____                     *
%*           |  _ \ / _ \_   _| __ )                    *
%*           | | | | | | || | |  _ \                    *
%*           | |_| | |_| || | | |_) |                   *
%*           |____/ \___/ |_| |____/                    *
%********************************************************
%*      Discrete Ordinate with Two Braincells           *
%********************************************************
    
mini3x3-pin-cart	2 group
XS file: mini3x3-largepins-2g.xs
Calculation Start Time Fri Nov  7 11:48:06 2025
S-16	 quad set, 	 mesh refinement: 8

outer 	 	 keff 	 	 	error 	 	 	inner 
